{"total": {"lines":{"total":2048,"covered":1911,"skipped":0,"pct":93.31},"statements":{"total":2298,"covered":2123,"skipped":0,"pct":92.38},"functions":{"total":436,"covered":425,"skipped":0,"pct":97.47},"branches":{"total":1594,"covered":1283,"skipped":0,"pct":80.48},"branchesTrue":{"total":0,"covered":0,"skipped":0,"pct":100}}
,"/home/runner/work/European-Parliament-MCP-Server/European-Parliament-MCP-Server/src/index.ts": {"lines":{"total":87,"covered":38,"skipped":0,"pct":43.67},"functions":{"total":16,"covered":5,"skipped":0,"pct":31.25},"statements":{"total":87,"covered":38,"skipped":0,"pct":43.67},"branches":{"total":32,"covered":5,"skipped":0,"pct":15.62}}
,"/home/runner/work/European-Parliament-MCP-Server/European-Parliament-MCP-Server/src/clients/europeanParliamentClient.ts": {"lines":{"total":657,"covered":604,"skipped":0,"pct":91.93},"functions":{"total":130,"covered":130,"skipped":0,"pct":100},"statements":{"total":732,"covered":668,"skipped":0,"pct":91.25},"branches":{"total":718,"covered":568,"skipped":0,"pct":79.1}}
,"/home/runner/work/European-Parliament-MCP-Server/European-Parliament-MCP-Server/src/di/container.ts": {"lines":{"total":13,"covered":13,"skipped":0,"pct":100},"functions":{"total":4,"covered":4,"skipped":0,"pct":100},"statements":{"total":13,"covered":13,"skipped":0,"pct":100},"branches":{"total":9,"covered":9,"skipped":0,"pct":100}}
,"/home/runner/work/European-Parliament-MCP-Server/European-Parliament-MCP-Server/src/prompts/index.ts": {"lines":{"total":46,"covered":46,"skipped":0,"pct":100},"functions":{"total":12,"covered":12,"skipped":0,"pct":100},"statements":{"total":47,"covered":47,"skipped":0,"pct":100},"branches":{"total":35,"covered":31,"skipped":0,"pct":88.57}}
,"/home/runner/work/European-Parliament-MCP-Server/European-Parliament-MCP-Server/src/resources/index.ts": {"lines":{"total":82,"covered":78,"skipped":0,"pct":95.12},"functions":{"total":15,"covered":15,"skipped":0,"pct":100},"statements":{"total":86,"covered":82,"skipped":0,"pct":95.34},"branches":{"total":61,"covered":52,"skipped":0,"pct":85.24}}
,"/home/runner/work/European-Parliament-MCP-Server/European-Parliament-MCP-Server/src/schemas/europeanParliament.ts": {"lines":{"total":49,"covered":49,"skipped":0,"pct":100},"functions":{"total":2,"covered":2,"skipped":0,"pct":100},"statements":{"total":49,"covered":49,"skipped":0,"pct":100},"branches":{"total":2,"covered":2,"skipped":0,"pct":100}}
,"/home/runner/work/European-Parliament-MCP-Server/European-Parliament-MCP-Server/src/services/MetricsService.ts": {"lines":{"total":69,"covered":67,"skipped":0,"pct":97.1},"functions":{"total":13,"covered":13,"skipped":0,"pct":100},"statements":{"total":70,"covered":68,"skipped":0,"pct":97.14},"branches":{"total":48,"covered":36,"skipped":0,"pct":75}}
,"/home/runner/work/European-Parliament-MCP-Server/European-Parliament-MCP-Server/src/tools/analyzeCoalitionDynamics.ts": {"lines":{"total":75,"covered":74,"skipped":0,"pct":98.66},"functions":{"total":21,"covered":21,"skipped":0,"pct":100},"statements":{"total":89,"covered":86,"skipped":0,"pct":96.62},"branches":{"total":44,"covered":33,"skipped":0,"pct":75}}
,"/home/runner/work/European-Parliament-MCP-Server/European-Parliament-MCP-Server/src/tools/analyzeCommitteeActivity.ts": {"lines":{"total":34,"covered":33,"skipped":0,"pct":97.05},"functions":{"total":5,"covered":5,"skipped":0,"pct":100},"statements":{"total":41,"covered":40,"skipped":0,"pct":97.56},"branches":{"total":22,"covered":18,"skipped":0,"pct":81.81}}
,"/home/runner/work/European-Parliament-MCP-Server/European-Parliament-MCP-Server/src/tools/analyzeCountryDelegation.ts": {"lines":{"total":73,"covered":73,"skipped":0,"pct":100},"functions":{"total":17,"covered":17,"skipped":0,"pct":100},"statements":{"total":86,"covered":83,"skipped":0,"pct":96.51},"branches":{"total":42,"covered":36,"skipped":0,"pct":85.71}}
,"/home/runner/work/European-Parliament-MCP-Server/European-Parliament-MCP-Server/src/tools/analyzeLegislativeEffectiveness.ts": {"lines":{"total":41,"covered":41,"skipped":0,"pct":100},"functions":{"total":9,"covered":9,"skipped":0,"pct":100},"statements":{"total":48,"covered":47,"skipped":0,"pct":97.91},"branches":{"total":28,"covered":23,"skipped":0,"pct":82.14}}
,"/home/runner/work/European-Parliament-MCP-Server/European-Parliament-MCP-Server/src/tools/analyzeVotingPatterns.ts": {"lines":{"total":19,"covered":19,"skipped":0,"pct":100},"functions":{"total":4,"covered":4,"skipped":0,"pct":100},"statements":{"total":21,"covered":20,"skipped":0,"pct":95.23},"branches":{"total":18,"covered":16,"skipped":0,"pct":88.88}}
,"/home/runner/work/European-Parliament-MCP-Server/European-Parliament-MCP-Server/src/tools/assessMepInfluence.ts": {"lines":{"total":57,"covered":57,"skipped":0,"pct":100},"functions":{"total":14,"covered":14,"skipped":0,"pct":100},"statements":{"total":65,"covered":63,"skipped":0,"pct":96.92},"branches":{"total":37,"covered":32,"skipped":0,"pct":86.48}}
,"/home/runner/work/European-Parliament-MCP-Server/European-Parliament-MCP-Server/src/tools/comparePoliticalGroups.ts": {"lines":{"total":55,"covered":55,"skipped":0,"pct":100},"functions":{"total":22,"covered":22,"skipped":0,"pct":100},"statements":{"total":65,"covered":65,"skipped":0,"pct":100},"branches":{"total":22,"covered":19,"skipped":0,"pct":86.36}}
,"/home/runner/work/European-Parliament-MCP-Server/European-Parliament-MCP-Server/src/tools/detectVotingAnomalies.ts": {"lines":{"total":64,"covered":64,"skipped":0,"pct":100},"functions":{"total":16,"covered":16,"skipped":0,"pct":100},"statements":{"total":80,"covered":75,"skipped":0,"pct":93.75},"branches":{"total":54,"covered":45,"skipped":0,"pct":83.33}}
,"/home/runner/work/European-Parliament-MCP-Server/European-Parliament-MCP-Server/src/tools/generatePoliticalLandscape.ts": {"lines":{"total":58,"covered":57,"skipped":0,"pct":98.27},"functions":{"total":11,"covered":11,"skipped":0,"pct":100},"statements":{"total":68,"covered":65,"skipped":0,"pct":95.58},"branches":{"total":50,"covered":43,"skipped":0,"pct":86}}
,"/home/runner/work/European-Parliament-MCP-Server/European-Parliament-MCP-Server/src/tools/generateReport.ts": {"lines":{"total":0,"covered":0,"skipped":0,"pct":100},"functions":{"total":0,"covered":0,"skipped":0,"pct":100},"statements":{"total":0,"covered":0,"skipped":0,"pct":100},"branches":{"total":0,"covered":0,"skipped":0,"pct":100}}
,"/home/runner/work/European-Parliament-MCP-Server/European-Parliament-MCP-Server/src/tools/getAdoptedTexts.ts": {"lines":{"total":9,"covered":7,"skipped":0,"pct":77.77},"functions":{"total":1,"covered":1,"skipped":0,"pct":100},"statements":{"total":10,"covered":8,"skipped":0,"pct":80},"branches":{"total":4,"covered":3,"skipped":0,"pct":75}}
,"/home/runner/work/European-Parliament-MCP-Server/European-Parliament-MCP-Server/src/tools/getCommitteeDocuments.ts": {"lines":{"total":9,"covered":9,"skipped":0,"pct":100},"functions":{"total":1,"covered":1,"skipped":0,"pct":100},"statements":{"total":10,"covered":10,"skipped":0,"pct":100},"branches":{"total":4,"covered":4,"skipped":0,"pct":100}}
,"/home/runner/work/European-Parliament-MCP-Server/European-Parliament-MCP-Server/src/tools/getCommitteeInfo.ts": {"lines":{"total":14,"covered":12,"skipped":0,"pct":85.71},"functions":{"total":1,"covered":1,"skipped":0,"pct":100},"statements":{"total":16,"covered":14,"skipped":0,"pct":87.5},"branches":{"total":8,"covered":6,"skipped":0,"pct":75}}
,"/home/runner/work/European-Parliament-MCP-Server/European-Parliament-MCP-Server/src/tools/getControlledVocabularies.ts": {"lines":{"total":7,"covered":7,"skipped":0,"pct":100},"functions":{"total":1,"covered":1,"skipped":0,"pct":100},"statements":{"total":7,"covered":7,"skipped":0,"pct":100},"branches":{"total":2,"covered":2,"skipped":0,"pct":100}}
,"/home/runner/work/European-Parliament-MCP-Server/European-Parliament-MCP-Server/src/tools/getCurrentMEPs.ts": {"lines":{"total":4,"covered":4,"skipped":0,"pct":100},"functions":{"total":1,"covered":1,"skipped":0,"pct":100},"statements":{"total":4,"covered":4,"skipped":0,"pct":100},"branches":{"total":0,"covered":0,"skipped":0,"pct":100}}
,"/home/runner/work/European-Parliament-MCP-Server/European-Parliament-MCP-Server/src/tools/getEvents.ts": {"lines":{"total":10,"covered":8,"skipped":0,"pct":80},"functions":{"total":1,"covered":1,"skipped":0,"pct":100},"statements":{"total":12,"covered":10,"skipped":0,"pct":83.33},"branches":{"total":6,"covered":5,"skipped":0,"pct":83.33}}
,"/home/runner/work/European-Parliament-MCP-Server/European-Parliament-MCP-Server/src/tools/getExternalDocuments.ts": {"lines":{"total":9,"covered":9,"skipped":0,"pct":100},"functions":{"total":1,"covered":1,"skipped":0,"pct":100},"statements":{"total":10,"covered":10,"skipped":0,"pct":100},"branches":{"total":4,"covered":4,"skipped":0,"pct":100}}
,"/home/runner/work/European-Parliament-MCP-Server/European-Parliament-MCP-Server/src/tools/getHomonymMEPs.ts": {"lines":{"total":4,"covered":4,"skipped":0,"pct":100},"functions":{"total":1,"covered":1,"skipped":0,"pct":100},"statements":{"total":4,"covered":4,"skipped":0,"pct":100},"branches":{"total":0,"covered":0,"skipped":0,"pct":100}}
,"/home/runner/work/European-Parliament-MCP-Server/European-Parliament-MCP-Server/src/tools/getIncomingMEPs.ts": {"lines":{"total":4,"covered":4,"skipped":0,"pct":100},"functions":{"total":1,"covered":1,"skipped":0,"pct":100},"statements":{"total":4,"covered":4,"skipped":0,"pct":100},"branches":{"total":0,"covered":0,"skipped":0,"pct":100}}
,"/home/runner/work/European-Parliament-MCP-Server/European-Parliament-MCP-Server/src/tools/getMEPDeclarations.ts": {"lines":{"total":9,"covered":7,"skipped":0,"pct":77.77},"functions":{"total":1,"covered":1,"skipped":0,"pct":100},"statements":{"total":10,"covered":8,"skipped":0,"pct":80},"branches":{"total":4,"covered":3,"skipped":0,"pct":75}}
,"/home/runner/work/European-Parliament-MCP-Server/European-Parliament-MCP-Server/src/tools/getMEPDetails.ts": {"lines":{"total":8,"covered":8,"skipped":0,"pct":100},"functions":{"total":1,"covered":1,"skipped":0,"pct":100},"statements":{"total":8,"covered":8,"skipped":0,"pct":100},"branches":{"total":2,"covered":1,"skipped":0,"pct":50}}
,"/home/runner/work/European-Parliament-MCP-Server/European-Parliament-MCP-Server/src/tools/getMEPs.ts": {"lines":{"total":13,"covered":13,"skipped":0,"pct":100},"functions":{"total":1,"covered":1,"skipped":0,"pct":100},"statements":{"total":16,"covered":16,"skipped":0,"pct":100},"branches":{"total":8,"covered":7,"skipped":0,"pct":87.5}}
,"/home/runner/work/European-Parliament-MCP-Server/European-Parliament-MCP-Server/src/tools/getMeetingActivities.ts": {"lines":{"total":4,"covered":4,"skipped":0,"pct":100},"functions":{"total":1,"covered":1,"skipped":0,"pct":100},"statements":{"total":4,"covered":4,"skipped":0,"pct":100},"branches":{"total":0,"covered":0,"skipped":0,"pct":100}}
,"/home/runner/work/European-Parliament-MCP-Server/European-Parliament-MCP-Server/src/tools/getMeetingDecisions.ts": {"lines":{"total":4,"covered":4,"skipped":0,"pct":100},"functions":{"total":1,"covered":1,"skipped":0,"pct":100},"statements":{"total":4,"covered":4,"skipped":0,"pct":100},"branches":{"total":0,"covered":0,"skipped":0,"pct":100}}
,"/home/runner/work/European-Parliament-MCP-Server/European-Parliament-MCP-Server/src/tools/getMeetingForeseenActivities.ts": {"lines":{"total":4,"covered":4,"skipped":0,"pct":100},"functions":{"total":1,"covered":1,"skipped":0,"pct":100},"statements":{"total":4,"covered":4,"skipped":0,"pct":100},"branches":{"total":0,"covered":0,"skipped":0,"pct":100}}
,"/home/runner/work/European-Parliament-MCP-Server/European-Parliament-MCP-Server/src/tools/getOutgoingMEPs.ts": {"lines":{"total":4,"covered":4,"skipped":0,"pct":100},"functions":{"total":1,"covered":1,"skipped":0,"pct":100},"statements":{"total":4,"covered":4,"skipped":0,"pct":100},"branches":{"total":0,"covered":0,"skipped":0,"pct":100}}
,"/home/runner/work/European-Parliament-MCP-Server/European-Parliament-MCP-Server/src/tools/getParliamentaryQuestions.ts": {"lines":{"total":19,"covered":17,"skipped":0,"pct":89.47},"functions":{"total":1,"covered":1,"skipped":0,"pct":100},"statements":{"total":25,"covered":22,"skipped":0,"pct":88},"branches":{"total":16,"covered":12,"skipped":0,"pct":75}}
,"/home/runner/work/European-Parliament-MCP-Server/European-Parliament-MCP-Server/src/tools/getPlenaryDocuments.ts": {"lines":{"total":9,"covered":9,"skipped":0,"pct":100},"functions":{"total":1,"covered":1,"skipped":0,"pct":100},"statements":{"total":10,"covered":10,"skipped":0,"pct":100},"branches":{"total":4,"covered":4,"skipped":0,"pct":100}}
,"/home/runner/work/European-Parliament-MCP-Server/European-Parliament-MCP-Server/src/tools/getPlenarySessionDocumentItems.ts": {"lines":{"total":4,"covered":4,"skipped":0,"pct":100},"functions":{"total":1,"covered":1,"skipped":0,"pct":100},"statements":{"total":4,"covered":4,"skipped":0,"pct":100},"branches":{"total":0,"covered":0,"skipped":0,"pct":100}}
,"/home/runner/work/European-Parliament-MCP-Server/European-Parliament-MCP-Server/src/tools/getPlenarySessionDocuments.ts": {"lines":{"total":7,"covered":7,"skipped":0,"pct":100},"functions":{"total":1,"covered":1,"skipped":0,"pct":100},"statements":{"total":7,"covered":7,"skipped":0,"pct":100},"branches":{"total":2,"covered":2,"skipped":0,"pct":100}}
,"/home/runner/work/European-Parliament-MCP-Server/European-Parliament-MCP-Server/src/tools/getPlenarySessions.ts": {"lines":{"total":16,"covered":14,"skipped":0,"pct":87.5},"functions":{"total":1,"covered":1,"skipped":0,"pct":100},"statements":{"total":19,"covered":17,"skipped":0,"pct":89.47},"branches":{"total":10,"covered":8,"skipped":0,"pct":80}}
,"/home/runner/work/European-Parliament-MCP-Server/European-Parliament-MCP-Server/src/tools/getProcedureEvents.ts": {"lines":{"total":4,"covered":4,"skipped":0,"pct":100},"functions":{"total":1,"covered":1,"skipped":0,"pct":100},"statements":{"total":4,"covered":4,"skipped":0,"pct":100},"branches":{"total":0,"covered":0,"skipped":0,"pct":100}}
,"/home/runner/work/European-Parliament-MCP-Server/European-Parliament-MCP-Server/src/tools/getProcedures.ts": {"lines":{"total":9,"covered":7,"skipped":0,"pct":77.77},"functions":{"total":1,"covered":1,"skipped":0,"pct":100},"statements":{"total":10,"covered":8,"skipped":0,"pct":80},"branches":{"total":4,"covered":3,"skipped":0,"pct":75}}
,"/home/runner/work/European-Parliament-MCP-Server/European-Parliament-MCP-Server/src/tools/getSpeeches.ts": {"lines":{"total":10,"covered":8,"skipped":0,"pct":80},"functions":{"total":1,"covered":1,"skipped":0,"pct":100},"statements":{"total":12,"covered":10,"skipped":0,"pct":83.33},"branches":{"total":6,"covered":5,"skipped":0,"pct":83.33}}
,"/home/runner/work/European-Parliament-MCP-Server/European-Parliament-MCP-Server/src/tools/getVotingRecords.ts": {"lines":{"total":15,"covered":15,"skipped":0,"pct":100},"functions":{"total":1,"covered":1,"skipped":0,"pct":100},"statements":{"total":20,"covered":20,"skipped":0,"pct":100},"branches":{"total":12,"covered":11,"skipped":0,"pct":91.66}}
,"/home/runner/work/European-Parliament-MCP-Server/European-Parliament-MCP-Server/src/tools/monitorLegislativePipeline.ts": {"lines":{"total":82,"covered":79,"skipped":0,"pct":96.34},"functions":{"total":21,"covered":21,"skipped":0,"pct":100},"statements":{"total":104,"covered":94,"skipped":0,"pct":90.38},"branches":{"total":76,"covered":60,"skipped":0,"pct":78.94}}
,"/home/runner/work/European-Parliament-MCP-Server/European-Parliament-MCP-Server/src/tools/searchDocuments.ts": {"lines":{"total":17,"covered":16,"skipped":0,"pct":94.11},"functions":{"total":1,"covered":1,"skipped":0,"pct":100},"statements":{"total":21,"covered":20,"skipped":0,"pct":95.23},"branches":{"total":14,"covered":12,"skipped":0,"pct":85.71}}
,"/home/runner/work/European-Parliament-MCP-Server/European-Parliament-MCP-Server/src/tools/trackLegislation.ts": {"lines":{"total":0,"covered":0,"skipped":0,"pct":100},"functions":{"total":0,"covered":0,"skipped":0,"pct":100},"statements":{"total":0,"covered":0,"skipped":0,"pct":100},"branches":{"total":0,"covered":0,"skipped":0,"pct":100}}
,"/home/runner/work/European-Parliament-MCP-Server/European-Parliament-MCP-Server/src/tools/trackMepAttendance.ts": {"lines":{"total":73,"covered":73,"skipped":0,"pct":100},"functions":{"total":18,"covered":18,"skipped":0,"pct":100},"statements":{"total":94,"covered":92,"skipped":0,"pct":97.87},"branches":{"total":72,"covered":67,"skipped":0,"pct":93.05}}
,"/home/runner/work/European-Parliament-MCP-Server/European-Parliament-MCP-Server/src/tools/generateReport/index.ts": {"lines":{"total":9,"covered":9,"skipped":0,"pct":100},"functions":{"total":1,"covered":1,"skipped":0,"pct":100},"statements":{"total":9,"covered":9,"skipped":0,"pct":100},"branches":{"total":2,"covered":1,"skipped":0,"pct":50}}
,"/home/runner/work/European-Parliament-MCP-Server/European-Parliament-MCP-Server/src/tools/generateReport/reportBuilders.ts": {"lines":{"total":15,"covered":15,"skipped":0,"pct":100},"functions":{"total":12,"covered":12,"skipped":0,"pct":100},"statements":{"total":15,"covered":15,"skipped":0,"pct":100},"branches":{"total":2,"covered":2,"skipped":0,"pct":100}}
,"/home/runner/work/European-Parliament-MCP-Server/European-Parliament-MCP-Server/src/tools/generateReport/reportGenerators.ts": {"lines":{"total":16,"covered":16,"skipped":0,"pct":100},"functions":{"total":5,"covered":5,"skipped":0,"pct":100},"statements":{"total":16,"covered":16,"skipped":0,"pct":100},"branches":{"total":34,"covered":28,"skipped":0,"pct":82.35}}
,"/home/runner/work/European-Parliament-MCP-Server/European-Parliament-MCP-Server/src/tools/trackLegislation/index.ts": {"lines":{"total":7,"covered":5,"skipped":0,"pct":71.42},"functions":{"total":1,"covered":1,"skipped":0,"pct":100},"statements":{"total":7,"covered":5,"skipped":0,"pct":71.42},"branches":{"total":2,"covered":0,"skipped":0,"pct":0}}
,"/home/runner/work/European-Parliament-MCP-Server/European-Parliament-MCP-Server/src/tools/trackLegislation/procedureTracker.ts": {"lines":{"total":5,"covered":5,"skipped":0,"pct":100},"functions":{"total":5,"covered":5,"skipped":0,"pct":100},"statements":{"total":5,"covered":5,"skipped":0,"pct":100},"branches":{"total":0,"covered":0,"skipped":0,"pct":100}}
,"/home/runner/work/European-Parliament-MCP-Server/European-Parliament-MCP-Server/src/tools/trackLegislation/timelineBuilder.ts": {"lines":{"total":2,"covered":2,"skipped":0,"pct":100},"functions":{"total":2,"covered":2,"skipped":0,"pct":100},"statements":{"total":2,"covered":2,"skipped":0,"pct":100},"branches":{"total":0,"covered":0,"skipped":0,"pct":100}}
,"/home/runner/work/European-Parliament-MCP-Server/European-Parliament-MCP-Server/src/utils/auditLogger.ts": {"lines":{"total":9,"covered":9,"skipped":0,"pct":100},"functions":{"total":5,"covered":5,"skipped":0,"pct":100},"statements":{"total":9,"covered":9,"skipped":0,"pct":100},"branches":{"total":4,"covered":2,"skipped":0,"pct":50}}
,"/home/runner/work/European-Parliament-MCP-Server/European-Parliament-MCP-Server/src/utils/performance.ts": {"lines":{"total":46,"covered":44,"skipped":0,"pct":95.65},"functions":{"total":10,"covered":10,"skipped":0,"pct":100},"statements":{"total":50,"covered":47,"skipped":0,"pct":94},"branches":{"total":32,"covered":28,"skipped":0,"pct":87.5}}
,"/home/runner/work/European-Parliament-MCP-Server/European-Parliament-MCP-Server/src/utils/rateLimiter.ts": {"lines":{"total":35,"covered":33,"skipped":0,"pct":94.28},"functions":{"total":7,"covered":7,"skipped":0,"pct":100},"statements":{"total":35,"covered":33,"skipped":0,"pct":94.28},"branches":{"total":12,"covered":11,"skipped":0,"pct":91.66}}
,"/home/runner/work/European-Parliament-MCP-Server/European-Parliament-MCP-Server/src/utils/timeout.ts": {"lines":{"total":44,"covered":44,"skipped":0,"pct":100},"functions":{"total":12,"covered":12,"skipped":0,"pct":100},"statements":{"total":46,"covered":46,"skipped":0,"pct":100},"branches":{"total":26,"covered":24,"skipped":0,"pct":92.3}}
}
