{"/home/runner/work/European-Parliament-MCP-Server/European-Parliament-MCP-Server/src/index.ts": {"path":"/home/runner/work/European-Parliament-MCP-Server/European-Parliament-MCP-Server/src/index.ts","statementMap":{"0":{"start":{"line":92,"column":27},"end":{"line":92,"column":null}},"1":{"start":{"line":94,"column":20},"end":{"line":94,"column":null}},"2":{"start":{"line":95,"column":38},"end":{"line":95,"column":null}},"3":{"start":{"line":101,"column":24},"end":{"line":101,"column":null}},"4":{"start":{"line":109,"column":2},"end":{"line":154,"column":null}},"5":{"start":{"line":163,"column":2},"end":{"line":163,"column":null}},"6":{"start":{"line":171,"column":2},"end":{"line":218,"column":null}},"7":{"start":{"line":225,"column":16},"end":{"line":225,"column":null}},"8":{"start":{"line":226,"column":28},"end":{"line":226,"column":null}},"9":{"start":{"line":227,"column":8},"end":{"line":227,"column":null}},"10":{"start":{"line":228,"column":8},"end":{"line":228,"column":null}},"11":{"start":{"line":230,"column":17},"end":{"line":256,"column":null}},"12":{"start":{"line":260,"column":2},"end":{"line":260,"column":null}},"13":{"start":{"line":270,"column":2},"end":{"line":284,"column":null}},"14":{"start":{"line":271,"column":16},"end":{"line":271,"column":null}},"15":{"start":{"line":273,"column":4},"end":{"line":273,"column":null}},"16":{"start":{"line":274,"column":4},"end":{"line":274,"column":null}},"17":{"start":{"line":276,"column":4},"end":{"line":276,"column":null}},"18":{"start":{"line":277,"column":4},"end":{"line":277,"column":null}},"19":{"start":{"line":278,"column":4},"end":{"line":278,"column":null}},"20":{"start":{"line":281,"column":25},"end":{"line":281,"column":null}},"21":{"start":{"line":282,"column":28},"end":{"line":282,"column":null}},"22":{"start":{"line":283,"column":4},"end":{"line":283,"column":null}},"23":{"start":{"line":324,"column":4},"end":{"line":336,"column":null}},"24":{"start":{"line":338,"column":4},"end":{"line":338,"column":null}},"25":{"start":{"line":360,"column":4},"end":{"line":364,"column":null}},"26":{"start":{"line":361,"column":6},"end":{"line":363,"column":null}},"27":{"start":{"line":367,"column":4},"end":{"line":382,"column":null}},"28":{"start":{"line":368,"column":40},"end":{"line":368,"column":null}},"29":{"start":{"line":370,"column":6},"end":{"line":381,"column":null}},"30":{"start":{"line":371,"column":8},"end":{"line":371,"column":null}},"31":{"start":{"line":374,"column":8},"end":{"line":374,"column":null}},"32":{"start":{"line":377,"column":8},"end":{"line":379,"column":null}},"33":{"start":{"line":378,"column":10},"end":{"line":378,"column":null}},"34":{"start":{"line":380,"column":8},"end":{"line":380,"column":null}},"35":{"start":{"line":385,"column":4},"end":{"line":389,"column":null}},"36":{"start":{"line":386,"column":6},"end":{"line":388,"column":null}},"37":{"start":{"line":392,"column":4},"end":{"line":404,"column":null}},"38":{"start":{"line":393,"column":40},"end":{"line":393,"column":null}},"39":{"start":{"line":395,"column":6},"end":{"line":403,"column":null}},"40":{"start":{"line":396,"column":8},"end":{"line":396,"column":null}},"41":{"start":{"line":398,"column":8},"end":{"line":398,"column":null}},"42":{"start":{"line":399,"column":8},"end":{"line":401,"column":null}},"43":{"start":{"line":400,"column":10},"end":{"line":400,"column":null}},"44":{"start":{"line":402,"column":8},"end":{"line":402,"column":null}},"45":{"start":{"line":407,"column":4},"end":{"line":411,"column":null}},"46":{"start":{"line":408,"column":6},"end":{"line":410,"column":null}},"47":{"start":{"line":414,"column":4},"end":{"line":426,"column":null}},"48":{"start":{"line":415,"column":22},"end":{"line":415,"column":null}},"49":{"start":{"line":417,"column":6},"end":{"line":425,"column":null}},"50":{"start":{"line":418,"column":8},"end":{"line":418,"column":null}},"51":{"start":{"line":420,"column":8},"end":{"line":420,"column":null}},"52":{"start":{"line":421,"column":8},"end":{"line":423,"column":null}},"53":{"start":{"line":422,"column":10},"end":{"line":422,"column":null}},"54":{"start":{"line":424,"column":8},"end":{"line":424,"column":null}},"55":{"start":{"line":441,"column":116},"end":{"line":488,"column":null}},"56":{"start":{"line":490,"column":20},"end":{"line":490,"column":null}},"57":{"start":{"line":491,"column":4},"end":{"line":493,"column":null}},"58":{"start":{"line":492,"column":6},"end":{"line":492,"column":null}},"59":{"start":{"line":495,"column":4},"end":{"line":495,"column":null}},"60":{"start":{"line":525,"column":22},"end":{"line":525,"column":null}},"61":{"start":{"line":526,"column":4},"end":{"line":526,"column":null}},"62":{"start":{"line":528,"column":18},"end":{"line":528,"column":null}},"63":{"start":{"line":529,"column":30},"end":{"line":529,"column":null}},"64":{"start":{"line":530,"column":10},"end":{"line":530,"column":null}},"65":{"start":{"line":531,"column":10},"end":{"line":531,"column":null}},"66":{"start":{"line":534,"column":4},"end":{"line":534,"column":null}},"67":{"start":{"line":535,"column":4},"end":{"line":535,"column":null}},"68":{"start":{"line":536,"column":4},"end":{"line":536,"column":null}},"69":{"start":{"line":537,"column":4},"end":{"line":537,"column":null}},"70":{"start":{"line":538,"column":4},"end":{"line":538,"column":null}},"71":{"start":{"line":546,"column":2},"end":{"line":547,"column":null}},"72":{"start":{"line":549,"column":0},"end":{"line":568,"column":null}},"73":{"start":{"line":551,"column":15},"end":{"line":551,"column":null}},"74":{"start":{"line":554,"column":2},"end":{"line":557,"column":null}},"75":{"start":{"line":555,"column":4},"end":{"line":555,"column":null}},"76":{"start":{"line":556,"column":4},"end":{"line":556,"column":null}},"77":{"start":{"line":559,"column":2},"end":{"line":562,"column":null}},"78":{"start":{"line":560,"column":4},"end":{"line":560,"column":null}},"79":{"start":{"line":561,"column":4},"end":{"line":561,"column":null}},"80":{"start":{"line":564,"column":2},"end":{"line":567,"column":null}},"81":{"start":{"line":565,"column":4},"end":{"line":565,"column":null}},"82":{"start":{"line":566,"column":4},"end":{"line":566,"column":null}},"83":{"start":{"line":571,"column":15},"end":{"line":571,"column":null}},"84":{"start":{"line":572,"column":0},"end":{"line":575,"column":null}},"85":{"start":{"line":573,"column":2},"end":{"line":573,"column":null}},"86":{"start":{"line":574,"column":2},"end":{"line":574,"column":null}}},"fnMap":{"0":{"name":"showHelp","decl":{"start":{"line":106,"column":9},"end":{"line":106,"column":26}},"loc":{"start":{"line":106,"column":26},"end":{"line":155,"column":null}},"line":106},"1":{"name":"showVersion","decl":{"start":{"line":160,"column":9},"end":{"line":160,"column":29}},"loc":{"start":{"line":160,"column":29},"end":{"line":164,"column":null}},"line":160},"2":{"name":"getToolMetadataArray","decl":{"start":{"line":170,"column":16},"end":{"line":170,"column":102}},"loc":{"start":{"line":170,"column":102},"end":{"line":219,"column":null}},"line":170},"3":{"name":"showHealth","decl":{"start":{"line":224,"column":9},"end":{"line":224,"column":28}},"loc":{"start":{"line":224,"column":28},"end":{"line":261,"column":null}},"line":224},"4":{"name":"sanitizeUrl","decl":{"start":{"line":269,"column":16},"end":{"line":269,"column":28}},"loc":{"start":{"line":269,"column":55},"end":{"line":285,"column":null}},"line":269},"5":{"name":"(anonymous_5)","decl":{"start":{"line":321,"column":2},"end":{"line":321,"column":16}},"loc":{"start":{"line":321,"column":16},"end":{"line":339,"column":null}},"line":321},"6":{"name":"(anonymous_6)","decl":{"start":{"line":358,"column":10},"end":{"line":358,"column":32}},"loc":{"start":{"line":358,"column":32},"end":{"line":427,"column":null}},"line":358},"7":{"name":"(anonymous_7)","decl":{"start":{"line":360,"column":58},"end":{"line":360,"column":64}},"loc":{"start":{"line":360,"column":64},"end":{"line":364,"column":5}},"line":360},"8":{"name":"(anonymous_8)","decl":{"start":{"line":367,"column":57},"end":{"line":367,"column":64}},"loc":{"start":{"line":367,"column":76},"end":{"line":382,"column":5}},"line":367},"9":{"name":"(anonymous_9)","decl":{"start":{"line":385,"column":60},"end":{"line":385,"column":66}},"loc":{"start":{"line":385,"column":66},"end":{"line":389,"column":5}},"line":385},"10":{"name":"(anonymous_10)","decl":{"start":{"line":392,"column":58},"end":{"line":392,"column":59}},"loc":{"start":{"line":392,"column":71},"end":{"line":404,"column":5}},"line":392},"11":{"name":"(anonymous_11)","decl":{"start":{"line":407,"column":70},"end":{"line":407,"column":76}},"loc":{"start":{"line":407,"column":76},"end":{"line":411,"column":5}},"line":407},"12":{"name":"(anonymous_12)","decl":{"start":{"line":414,"column":61},"end":{"line":414,"column":68}},"loc":{"start":{"line":414,"column":80},"end":{"line":426,"column":5}},"line":414},"13":{"name":"(anonymous_13)","decl":{"start":{"line":437,"column":16},"end":{"line":437,"column":null}},"loc":{"start":{"line":440,"column":60},"end":{"line":496,"column":null}},"line":440},"14":{"name":"(anonymous_14)","decl":{"start":{"line":524,"column":8},"end":{"line":524,"column":31}},"loc":{"start":{"line":524,"column":31},"end":{"line":539,"column":null}},"line":524},"15":{"name":"(anonymous_15)","decl":{"start":{"line":572,"column":21},"end":{"line":572,"column":22}},"loc":{"start":{"line":572,"column":41},"end":{"line":575,"column":1}},"line":572}},"branchMap":{"0":{"loc":{"start":{"line":252,"column":26},"end":{"line":252,"column":96}},"type":"binary-expr","locations":[{"start":{"line":252,"column":26},"end":{"line":252,"column":55}},{"start":{"line":252,"column":55},"end":{"line":252,"column":96}}],"line":252},"1":{"loc":{"start":{"line":253,"column":16},"end":{"line":253,"column":null}},"type":"binary-expr","locations":[{"start":{"line":253,"column":16},"end":{"line":253,"column":47}},{"start":{"line":253,"column":47},"end":{"line":253,"column":null}}],"line":253},"2":{"loc":{"start":{"line":254,"column":17},"end":{"line":254,"column":null}},"type":"binary-expr","locations":[{"start":{"line":254,"column":17},"end":{"line":254,"column":49}},{"start":{"line":254,"column":49},"end":{"line":254,"column":null}}],"line":254},"3":{"loc":{"start":{"line":281,"column":25},"end":{"line":281,"column":null}},"type":"binary-expr","locations":[{"start":{"line":281,"column":25},"end":{"line":281,"column":52}},{"start":{"line":281,"column":52},"end":{"line":281,"column":null}}],"line":281},"4":{"loc":{"start":{"line":282,"column":28},"end":{"line":282,"column":null}},"type":"binary-expr","locations":[{"start":{"line":282,"column":28},"end":{"line":282,"column":58}},{"start":{"line":282,"column":58},"end":{"line":282,"column":null}}],"line":282},"5":{"loc":{"start":{"line":377,"column":8},"end":{"line":379,"column":null}},"type":"if","locations":[{"start":{"line":377,"column":8},"end":{"line":379,"column":null}},{"start":{},"end":{}}],"line":377},"6":{"loc":{"start":{"line":399,"column":8},"end":{"line":401,"column":null}},"type":"if","locations":[{"start":{"line":399,"column":8},"end":{"line":401,"column":null}},{"start":{},"end":{}}],"line":399},"7":{"loc":{"start":{"line":421,"column":8},"end":{"line":423,"column":null}},"type":"if","locations":[{"start":{"line":421,"column":8},"end":{"line":423,"column":null}},{"start":{},"end":{}}],"line":421},"8":{"loc":{"start":{"line":491,"column":4},"end":{"line":493,"column":null}},"type":"if","locations":[{"start":{"line":491,"column":4},"end":{"line":493,"column":null}},{"start":{},"end":{}}],"line":491},"9":{"loc":{"start":{"line":546,"column":2},"end":{"line":547,"column":null}},"type":"binary-expr","locations":[{"start":{"line":546,"column":2},"end":{"line":546,"column":null}},{"start":{"line":546,"column":22},"end":{"line":547,"column":null}}],"line":546},"10":{"loc":{"start":{"line":549,"column":0},"end":{"line":568,"column":null}},"type":"if","locations":[{"start":{"line":549,"column":0},"end":{"line":568,"column":null}},{"start":{},"end":{}}],"line":549},"11":{"loc":{"start":{"line":554,"column":2},"end":{"line":557,"column":null}},"type":"if","locations":[{"start":{"line":554,"column":2},"end":{"line":557,"column":null}},{"start":{},"end":{}}],"line":554},"12":{"loc":{"start":{"line":554,"column":6},"end":{"line":554,"column":54}},"type":"binary-expr","locations":[{"start":{"line":554,"column":6},"end":{"line":554,"column":33}},{"start":{"line":554,"column":33},"end":{"line":554,"column":54}}],"line":554},"13":{"loc":{"start":{"line":559,"column":2},"end":{"line":562,"column":null}},"type":"if","locations":[{"start":{"line":559,"column":2},"end":{"line":562,"column":null}},{"start":{},"end":{}}],"line":559},"14":{"loc":{"start":{"line":559,"column":6},"end":{"line":559,"column":57}},"type":"binary-expr","locations":[{"start":{"line":559,"column":6},"end":{"line":559,"column":36}},{"start":{"line":559,"column":36},"end":{"line":559,"column":57}}],"line":559},"15":{"loc":{"start":{"line":564,"column":2},"end":{"line":567,"column":null}},"type":"if","locations":[{"start":{"line":564,"column":2},"end":{"line":567,"column":null}},{"start":{},"end":{}}],"line":564}},"s":{"0":1,"1":1,"2":1,"3":1,"4":0,"5":0,"6":17,"7":0,"8":0,"9":0,"10":0,"11":0,"12":0,"13":9,"14":9,"15":9,"16":9,"17":9,"18":9,"19":9,"20":3,"21":3,"22":3,"23":1,"24":1,"25":1,"26":0,"27":1,"28":0,"29":0,"30":0,"31":0,"32":0,"33":0,"34":0,"35":1,"36":0,"37":1,"38":0,"39":0,"40":0,"41":0,"42":0,"43":0,"44":0,"45":1,"46":0,"47":1,"48":0,"49":0,"50":0,"51":0,"52":0,"53":0,"54":0,"55":0,"56":0,"57":0,"58":0,"59":0,"60":1,"61":1,"62":1,"63":1,"64":1,"65":1,"66":1,"67":1,"68":1,"69":1,"70":1,"71":1,"72":1,"73":0,"74":0,"75":0,"76":0,"77":0,"78":0,"79":0,"80":0,"81":0,"82":0,"83":1,"84":1,"85":0,"86":0},"f":{"0":0,"1":0,"2":17,"3":0,"4":9,"5":1,"6":1,"7":0,"8":0,"9":0,"10":0,"11":0,"12":0,"13":0,"14":1,"15":0},"b":{"0":[0,0],"1":[0,0],"2":[0,0],"3":[3,0],"4":[3,0],"5":[0,0],"6":[0,0],"7":[0,0],"8":[0,0],"9":[1,1],"10":[0,1],"11":[0,0],"12":[0,0],"13":[0,0],"14":[0,0],"15":[0,0]},"meta":{"lastBranch":16,"lastFunction":16,"lastStatement":87,"seen":{"s:92:27:92:Infinity":0,"s:94:20:94:Infinity":1,"s:95:38:95:Infinity":2,"s:101:24:101:Infinity":3,"f:106:9:106:26":0,"s:109:2:154:Infinity":4,"f:160:9:160:29":1,"s:163:2:163:Infinity":5,"f:170:16:170:102":2,"s:171:2:218:Infinity":6,"f:224:9:224:28":3,"s:225:16:225:Infinity":7,"s:226:28:226:Infinity":8,"s:227:8:227:Infinity":9,"s:228:8:228:Infinity":10,"s:230:17:256:Infinity":11,"b:252:26:252:55:252:55:252:96":0,"b:253:16:253:47:253:47:253:Infinity":1,"b:254:17:254:49:254:49:254:Infinity":2,"s:260:2:260:Infinity":12,"f:269:16:269:28":4,"s:270:2:284:Infinity":13,"s:271:16:271:Infinity":14,"s:273:4:273:Infinity":15,"s:274:4:274:Infinity":16,"s:276:4:276:Infinity":17,"s:277:4:277:Infinity":18,"s:278:4:278:Infinity":19,"s:281:25:281:Infinity":20,"b:281:25:281:52:281:52:281:Infinity":3,"s:282:28:282:Infinity":21,"b:282:28:282:58:282:58:282:Infinity":4,"s:283:4:283:Infinity":22,"f:321:2:321:16":5,"s:324:4:336:Infinity":23,"s:338:4:338:Infinity":24,"f:358:10:358:32":6,"s:360:4:364:Infinity":25,"f:360:58:360:64":7,"s:361:6:363:Infinity":26,"s:367:4:382:Infinity":27,"f:367:57:367:64":8,"s:368:40:368:Infinity":28,"s:370:6:381:Infinity":29,"s:371:8:371:Infinity":30,"s:374:8:374:Infinity":31,"b:377:8:379:Infinity:undefined:undefined:undefined:undefined":5,"s:377:8:379:Infinity":32,"s:378:10:378:Infinity":33,"s:380:8:380:Infinity":34,"s:385:4:389:Infinity":35,"f:385:60:385:66":9,"s:386:6:388:Infinity":36,"s:392:4:404:Infinity":37,"f:392:58:392:59":10,"s:393:40:393:Infinity":38,"s:395:6:403:Infinity":39,"s:396:8:396:Infinity":40,"s:398:8:398:Infinity":41,"b:399:8:401:Infinity:undefined:undefined:undefined:undefined":6,"s:399:8:401:Infinity":42,"s:400:10:400:Infinity":43,"s:402:8:402:Infinity":44,"s:407:4:411:Infinity":45,"f:407:70:407:76":11,"s:408:6:410:Infinity":46,"s:414:4:426:Infinity":47,"f:414:61:414:68":12,"s:415:22:415:Infinity":48,"s:417:6:425:Infinity":49,"s:418:8:418:Infinity":50,"s:420:8:420:Infinity":51,"b:421:8:423:Infinity:undefined:undefined:undefined:undefined":7,"s:421:8:423:Infinity":52,"s:422:10:422:Infinity":53,"s:424:8:424:Infinity":54,"f:437:16:437:Infinity":13,"s:441:116:488:Infinity":55,"s:490:20:490:Infinity":56,"b:491:4:493:Infinity:undefined:undefined:undefined:undefined":8,"s:491:4:493:Infinity":57,"s:492:6:492:Infinity":58,"s:495:4:495:Infinity":59,"f:524:8:524:31":14,"s:525:22:525:Infinity":60,"s:526:4:526:Infinity":61,"s:528:18:528:Infinity":62,"s:529:30:529:Infinity":63,"s:530:10:530:Infinity":64,"s:531:10:531:Infinity":65,"s:534:4:534:Infinity":66,"s:535:4:535:Infinity":67,"s:536:4:536:Infinity":68,"s:537:4:537:Infinity":69,"s:538:4:538:Infinity":70,"s:546:2:547:Infinity":71,"b:546:2:546:Infinity:546:22:547:Infinity":9,"b:549:0:568:Infinity:undefined:undefined:undefined:undefined":10,"s:549:0:568:Infinity":72,"s:551:15:551:Infinity":73,"b:554:2:557:Infinity:undefined:undefined:undefined:undefined":11,"s:554:2:557:Infinity":74,"b:554:6:554:33:554:33:554:54":12,"s:555:4:555:Infinity":75,"s:556:4:556:Infinity":76,"b:559:2:562:Infinity:undefined:undefined:undefined:undefined":13,"s:559:2:562:Infinity":77,"b:559:6:559:36:559:36:559:57":14,"s:560:4:560:Infinity":78,"s:561:4:561:Infinity":79,"b:564:2:567:Infinity:undefined:undefined:undefined:undefined":15,"s:564:2:567:Infinity":80,"s:565:4:565:Infinity":81,"s:566:4:566:Infinity":82,"s:571:15:571:Infinity":83,"s:572:0:575:Infinity":84,"f:572:21:572:22":15,"s:573:2:573:Infinity":85,"s:574:2:574:Infinity":86}}}
,"/home/runner/work/European-Parliament-MCP-Server/European-Parliament-MCP-Server/src/clients/europeanParliamentClient.ts": {"path":"/home/runner/work/European-Parliament-MCP-Server/European-Parliament-MCP-Server/src/clients/europeanParliamentClient.ts","statementMap":{"0":{"start":{"line":58,"column":39},"end":{"line":58,"column":null}},"1":{"start":{"line":60,"column":42},"end":{"line":60,"column":null}},"2":{"start":{"line":62,"column":37},"end":{"line":62,"column":null}},"3":{"start":{"line":64,"column":35},"end":{"line":64,"column":null}},"4":{"start":{"line":66,"column":36},"end":{"line":66,"column":null}},"5":{"start":{"line":68,"column":38},"end":{"line":68,"column":null}},"6":{"start":{"line":70,"column":41},"end":{"line":70,"column":null}},"7":{"start":{"line":72,"column":43},"end":{"line":72,"column":null}},"8":{"start":{"line":119,"column":4},"end":{"line":119,"column":null}},"9":{"start":{"line":116,"column":11},"end":{"line":116,"column":null}},"10":{"start":{"line":117,"column":11},"end":{"line":117,"column":null}},"11":{"start":{"line":120,"column":4},"end":{"line":120,"column":null}},"12":{"start":{"line":365,"column":4},"end":{"line":365,"column":null}},"13":{"start":{"line":368,"column":4},"end":{"line":373,"column":null}},"14":{"start":{"line":376,"column":4},"end":{"line":379,"column":null}},"15":{"start":{"line":382,"column":4},"end":{"line":382,"column":null}},"16":{"start":{"line":383,"column":4},"end":{"line":383,"column":null}},"17":{"start":{"line":384,"column":4},"end":{"line":384,"column":null}},"18":{"start":{"line":444,"column":4},"end":{"line":444,"column":null}},"19":{"start":{"line":447,"column":21},"end":{"line":447,"column":null}},"20":{"start":{"line":450,"column":23},"end":{"line":450,"column":null}},"21":{"start":{"line":451,"column":19},"end":{"line":451,"column":null}},"22":{"start":{"line":452,"column":4},"end":{"line":456,"column":null}},"23":{"start":{"line":453,"column":28},"end":{"line":453,"column":null}},"24":{"start":{"line":454,"column":6},"end":{"line":454,"column":null}},"25":{"start":{"line":455,"column":6},"end":{"line":455,"column":null}},"26":{"start":{"line":459,"column":16},"end":{"line":459,"column":null}},"27":{"start":{"line":460,"column":4},"end":{"line":480,"column":null}},"28":{"start":{"line":461,"column":6},"end":{"line":479,"column":null}},"29":{"start":{"line":462,"column":8},"end":{"line":478,"column":null}},"30":{"start":{"line":465,"column":10},"end":{"line":476,"column":null}},"31":{"start":{"line":466,"column":12},"end":{"line":466,"column":null}},"32":{"start":{"line":467,"column":10},"end":{"line":476,"column":null}},"33":{"start":{"line":468,"column":12},"end":{"line":468,"column":null}},"34":{"start":{"line":469,"column":10},"end":{"line":476,"column":null}},"35":{"start":{"line":470,"column":12},"end":{"line":470,"column":null}},"36":{"start":{"line":471,"column":10},"end":{"line":476,"column":null}},"37":{"start":{"line":472,"column":12},"end":{"line":472,"column":null}},"38":{"start":{"line":475,"column":12},"end":{"line":475,"column":null}},"39":{"start":{"line":477,"column":10},"end":{"line":477,"column":null}},"40":{"start":{"line":483,"column":25},"end":{"line":483,"column":null}},"41":{"start":{"line":485,"column":4},"end":{"line":554,"column":null}},"42":{"start":{"line":487,"column":22},"end":{"line":508,"column":null}},"43":{"start":{"line":489,"column":8},"end":{"line":507,"column":null}},"44":{"start":{"line":491,"column":27},"end":{"line":497,"column":null}},"45":{"start":{"line":499,"column":10},"end":{"line":504,"column":null}},"46":{"start":{"line":500,"column":12},"end":{"line":503,"column":null}},"47":{"start":{"line":506,"column":10},"end":{"line":506,"column":null}},"48":{"start":{"line":511,"column":19},"end":{"line":523,"column":null}},"49":{"start":{"line":517,"column":10},"end":{"line":517,"column":null}},"50":{"start":{"line":517,"column":45},"end":{"line":517,"column":null}},"51":{"start":{"line":518,"column":10},"end":{"line":520,"column":null}},"52":{"start":{"line":519,"column":12},"end":{"line":519,"column":null}},"53":{"start":{"line":521,"column":10},"end":{"line":521,"column":null}},"54":{"start":{"line":526,"column":23},"end":{"line":526,"column":null}},"55":{"start":{"line":527,"column":6},"end":{"line":527,"column":null}},"56":{"start":{"line":530,"column":6},"end":{"line":530,"column":null}},"57":{"start":{"line":532,"column":6},"end":{"line":532,"column":null}},"58":{"start":{"line":535,"column":23},"end":{"line":535,"column":null}},"59":{"start":{"line":536,"column":6},"end":{"line":536,"column":null}},"60":{"start":{"line":539,"column":6},"end":{"line":544,"column":null}},"61":{"start":{"line":540,"column":8},"end":{"line":543,"column":null}},"62":{"start":{"line":546,"column":6},"end":{"line":548,"column":null}},"63":{"start":{"line":547,"column":8},"end":{"line":547,"column":null}},"64":{"start":{"line":549,"column":6},"end":{"line":553,"column":null}},"65":{"start":{"line":577,"column":4},"end":{"line":577,"column":null}},"66":{"start":{"line":601,"column":4},"end":{"line":603,"column":null}},"67":{"start":{"line":602,"column":6},"end":{"line":602,"column":null}},"68":{"start":{"line":604,"column":4},"end":{"line":606,"column":null}},"69":{"start":{"line":605,"column":6},"end":{"line":605,"column":null}},"70":{"start":{"line":607,"column":4},"end":{"line":609,"column":null}},"71":{"start":{"line":608,"column":6},"end":{"line":608,"column":null}},"72":{"start":{"line":610,"column":4},"end":{"line":610,"column":null}},"73":{"start":{"line":646,"column":23},"end":{"line":646,"column":null}},"74":{"start":{"line":647,"column":20},"end":{"line":647,"column":null}},"75":{"start":{"line":648,"column":23},"end":{"line":648,"column":null}},"76":{"start":{"line":649,"column":28},"end":{"line":649,"column":null}},"77":{"start":{"line":650,"column":27},"end":{"line":650,"column":null}},"78":{"start":{"line":652,"column":15},"end":{"line":652,"column":null}},"79":{"start":{"line":653,"column":17},"end":{"line":653,"column":null}},"80":{"start":{"line":654,"column":23},"end":{"line":654,"column":null}},"81":{"start":{"line":655,"column":22},"end":{"line":655,"column":null}},"82":{"start":{"line":658,"column":21},"end":{"line":658,"column":null}},"83":{"start":{"line":661,"column":23},"end":{"line":661,"column":null}},"84":{"start":{"line":663,"column":4},"end":{"line":673,"column":null}},"85":{"start":{"line":703,"column":4},"end":{"line":705,"column":null}},"86":{"start":{"line":704,"column":6},"end":{"line":704,"column":null}},"87":{"start":{"line":707,"column":4},"end":{"line":713,"column":null}},"88":{"start":{"line":708,"column":25},"end":{"line":708,"column":null}},"89":{"start":{"line":709,"column":6},"end":{"line":712,"column":null}},"90":{"start":{"line":710,"column":22},"end":{"line":710,"column":null}},"91":{"start":{"line":711,"column":8},"end":{"line":711,"column":null}},"92":{"start":{"line":715,"column":4},"end":{"line":715,"column":null}},"93":{"start":{"line":738,"column":4},"end":{"line":740,"column":null}},"94":{"start":{"line":739,"column":6},"end":{"line":739,"column":null}},"95":{"start":{"line":741,"column":4},"end":{"line":743,"column":null}},"96":{"start":{"line":742,"column":6},"end":{"line":742,"column":null}},"97":{"start":{"line":744,"column":4},"end":{"line":744,"column":null}},"98":{"start":{"line":773,"column":23},"end":{"line":773,"column":null}},"99":{"start":{"line":774,"column":20},"end":{"line":774,"column":null}},"100":{"start":{"line":775,"column":15},"end":{"line":775,"column":null}},"101":{"start":{"line":777,"column":25},"end":{"line":777,"column":null}},"102":{"start":{"line":778,"column":17},"end":{"line":778,"column":null}},"103":{"start":{"line":781,"column":26},"end":{"line":781,"column":null}},"104":{"start":{"line":782,"column":24},"end":{"line":782,"column":null}},"105":{"start":{"line":783,"column":21},"end":{"line":783,"column":null}},"106":{"start":{"line":785,"column":4},"end":{"line":792,"column":null}},"107":{"start":{"line":827,"column":21},"end":{"line":827,"column":null}},"108":{"start":{"line":830,"column":22},"end":{"line":830,"column":null}},"109":{"start":{"line":831,"column":17},"end":{"line":831,"column":null}},"110":{"start":{"line":833,"column":24},"end":{"line":833,"column":null}},"111":{"start":{"line":834,"column":33},"end":{"line":834,"column":null}},"112":{"start":{"line":837,"column":4},"end":{"line":847,"column":null}},"113":{"start":{"line":838,"column":6},"end":{"line":846,"column":null}},"114":{"start":{"line":839,"column":8},"end":{"line":845,"column":null}},"115":{"start":{"line":840,"column":28},"end":{"line":840,"column":null}},"116":{"start":{"line":841,"column":22},"end":{"line":841,"column":null}},"117":{"start":{"line":842,"column":10},"end":{"line":844,"column":null}},"118":{"start":{"line":843,"column":12},"end":{"line":843,"column":null}},"119":{"start":{"line":849,"column":4},"end":{"line":862,"column":null}},"120":{"start":{"line":958,"column":19},"end":{"line":958,"column":null}},"121":{"start":{"line":960,"column":4},"end":{"line":1001,"column":null}},"122":{"start":{"line":962,"column":49},"end":{"line":962,"column":null}},"123":{"start":{"line":965,"column":6},"end":{"line":967,"column":null}},"124":{"start":{"line":966,"column":8},"end":{"line":966,"column":null}},"125":{"start":{"line":968,"column":6},"end":{"line":970,"column":null}},"126":{"start":{"line":969,"column":8},"end":{"line":969,"column":null}},"127":{"start":{"line":971,"column":6},"end":{"line":974,"column":null}},"128":{"start":{"line":973,"column":8},"end":{"line":973,"column":null}},"129":{"start":{"line":977,"column":23},"end":{"line":977,"column":null}},"130":{"start":{"line":980,"column":19},"end":{"line":980,"column":null}},"131":{"start":{"line":980,"column":47},"end":{"line":980,"column":70}},"132":{"start":{"line":982,"column":45},"end":{"line":989,"column":null}},"133":{"start":{"line":991,"column":6},"end":{"line":991,"column":null}},"134":{"start":{"line":993,"column":6},"end":{"line":993,"column":null}},"135":{"start":{"line":995,"column":6},"end":{"line":999,"column":null}},"136":{"start":{"line":1000,"column":6},"end":{"line":1000,"column":null}},"137":{"start":{"line":1072,"column":19},"end":{"line":1072,"column":null}},"138":{"start":{"line":1073,"column":19},"end":{"line":1073,"column":null}},"139":{"start":{"line":1076,"column":23},"end":{"line":1076,"column":null}},"140":{"start":{"line":1077,"column":4},"end":{"line":1081,"column":null}},"141":{"start":{"line":1078,"column":6},"end":{"line":1078,"column":null}},"142":{"start":{"line":1079,"column":4},"end":{"line":1081,"column":null}},"143":{"start":{"line":1080,"column":6},"end":{"line":1080,"column":null}},"144":{"start":{"line":1083,"column":4},"end":{"line":1105,"column":null}},"145":{"start":{"line":1085,"column":23},"end":{"line":1085,"column":null}},"146":{"start":{"line":1088,"column":6},"end":{"line":1094,"column":null}},"147":{"start":{"line":1089,"column":27},"end":{"line":1089,"column":null}},"148":{"start":{"line":1091,"column":8},"end":{"line":1091,"column":null}},"149":{"start":{"line":1093,"column":8},"end":{"line":1093,"column":null}},"150":{"start":{"line":1097,"column":6},"end":{"line":1097,"column":null}},"151":{"start":{"line":1099,"column":6},"end":{"line":1103,"column":null}},"152":{"start":{"line":1104,"column":6},"end":{"line":1104,"column":null}},"153":{"start":{"line":1140,"column":47},"end":{"line":1140,"column":null}},"154":{"start":{"line":1142,"column":4},"end":{"line":1144,"column":null}},"155":{"start":{"line":1143,"column":6},"end":{"line":1143,"column":null}},"156":{"start":{"line":1145,"column":4},"end":{"line":1147,"column":null}},"157":{"start":{"line":1146,"column":6},"end":{"line":1146,"column":null}},"158":{"start":{"line":1148,"column":4},"end":{"line":1150,"column":null}},"159":{"start":{"line":1149,"column":6},"end":{"line":1149,"column":null}},"160":{"start":{"line":1151,"column":4},"end":{"line":1153,"column":null}},"161":{"start":{"line":1152,"column":6},"end":{"line":1152,"column":null}},"162":{"start":{"line":1155,"column":4},"end":{"line":1155,"column":null}},"163":{"start":{"line":1236,"column":19},"end":{"line":1236,"column":null}},"164":{"start":{"line":1238,"column":4},"end":{"line":1267,"column":null}},"165":{"start":{"line":1240,"column":24},"end":{"line":1240,"column":null}},"166":{"start":{"line":1243,"column":23},"end":{"line":1243,"column":null}},"167":{"start":{"line":1246,"column":23},"end":{"line":1246,"column":null}},"168":{"start":{"line":1246,"column":51},"end":{"line":1246,"column":85}},"169":{"start":{"line":1248,"column":56},"end":{"line":1255,"column":null}},"170":{"start":{"line":1257,"column":6},"end":{"line":1257,"column":null}},"171":{"start":{"line":1259,"column":6},"end":{"line":1259,"column":null}},"172":{"start":{"line":1261,"column":6},"end":{"line":1265,"column":null}},"173":{"start":{"line":1266,"column":6},"end":{"line":1266,"column":null}},"174":{"start":{"line":1292,"column":15},"end":{"line":1292,"column":null}},"175":{"start":{"line":1293,"column":17},"end":{"line":1293,"column":null}},"176":{"start":{"line":1294,"column":18},"end":{"line":1294,"column":null}},"177":{"start":{"line":1296,"column":21},"end":{"line":1296,"column":null}},"178":{"start":{"line":1297,"column":25},"end":{"line":1297,"column":null}},"179":{"start":{"line":1298,"column":24},"end":{"line":1298,"column":null}},"180":{"start":{"line":1300,"column":24},"end":{"line":1300,"column":null}},"181":{"start":{"line":1301,"column":19},"end":{"line":1301,"column":null}},"182":{"start":{"line":1303,"column":4},"end":{"line":1303,"column":null}},"183":{"start":{"line":1315,"column":4},"end":{"line":1315,"column":null}},"184":{"start":{"line":1315,"column":77},"end":{"line":1315,"column":null}},"185":{"start":{"line":1316,"column":4},"end":{"line":1316,"column":null}},"186":{"start":{"line":1316,"column":42},"end":{"line":1316,"column":null}},"187":{"start":{"line":1317,"column":4},"end":{"line":1317,"column":null}},"188":{"start":{"line":1333,"column":4},"end":{"line":1333,"column":null}},"189":{"start":{"line":1333,"column":47},"end":{"line":1333,"column":null}},"190":{"start":{"line":1334,"column":4},"end":{"line":1334,"column":null}},"191":{"start":{"line":1334,"column":35},"end":{"line":1334,"column":null}},"192":{"start":{"line":1335,"column":4},"end":{"line":1338,"column":null}},"193":{"start":{"line":1336,"column":21},"end":{"line":1336,"column":null}},"194":{"start":{"line":1337,"column":6},"end":{"line":1337,"column":null}},"195":{"start":{"line":1339,"column":4},"end":{"line":1339,"column":null}},"196":{"start":{"line":1339,"column":30},"end":{"line":1339,"column":null}},"197":{"start":{"line":1340,"column":22},"end":{"line":1340,"column":null}},"198":{"start":{"line":1341,"column":4},"end":{"line":1343,"column":null}},"199":{"start":{"line":1342,"column":6},"end":{"line":1342,"column":null}},"200":{"start":{"line":1344,"column":4},"end":{"line":1344,"column":null}},"201":{"start":{"line":1413,"column":19},"end":{"line":1413,"column":null}},"202":{"start":{"line":1415,"column":4},"end":{"line":1455,"column":null}},"203":{"start":{"line":1416,"column":49},"end":{"line":1416,"column":null}},"204":{"start":{"line":1417,"column":6},"end":{"line":1417,"column":null}},"205":{"start":{"line":1417,"column":38},"end":{"line":1417,"column":null}},"206":{"start":{"line":1418,"column":6},"end":{"line":1418,"column":null}},"207":{"start":{"line":1418,"column":39},"end":{"line":1418,"column":null}},"208":{"start":{"line":1420,"column":33},"end":{"line":1420,"column":null}},"209":{"start":{"line":1423,"column":6},"end":{"line":1427,"column":null}},"210":{"start":{"line":1424,"column":8},"end":{"line":1424,"column":null}},"211":{"start":{"line":1426,"column":8},"end":{"line":1426,"column":null}},"212":{"start":{"line":1430,"column":6},"end":{"line":1430,"column":null}},"213":{"start":{"line":1433,"column":21},"end":{"line":1433,"column":null}},"214":{"start":{"line":1434,"column":20},"end":{"line":1434,"column":null}},"215":{"start":{"line":1435,"column":31},"end":{"line":1435,"column":null}},"216":{"start":{"line":1437,"column":54},"end":{"line":1443,"column":null}},"217":{"start":{"line":1445,"column":6},"end":{"line":1445,"column":null}},"218":{"start":{"line":1447,"column":6},"end":{"line":1447,"column":null}},"219":{"start":{"line":1449,"column":6},"end":{"line":1453,"column":null}},"220":{"start":{"line":1454,"column":6},"end":{"line":1454,"column":null}},"221":{"start":{"line":1469,"column":21},"end":{"line":1472,"column":null}},"222":{"start":{"line":1473,"column":4},"end":{"line":1473,"column":null}},"223":{"start":{"line":1473,"column":39},"end":{"line":1473,"column":80}},"224":{"start":{"line":1486,"column":52},"end":{"line":1486,"column":null}},"225":{"start":{"line":1487,"column":4},"end":{"line":1489,"column":null}},"226":{"start":{"line":1488,"column":6},"end":{"line":1488,"column":null}},"227":{"start":{"line":1490,"column":29},"end":{"line":1490,"column":null}},"228":{"start":{"line":1491,"column":36},"end":{"line":1491,"column":null}},"229":{"start":{"line":1492,"column":24},"end":{"line":1492,"column":null}},"230":{"start":{"line":1494,"column":4},"end":{"line":1508,"column":null}},"231":{"start":{"line":1495,"column":24},"end":{"line":1495,"column":null}},"232":{"start":{"line":1496,"column":6},"end":{"line":1496,"column":null}},"233":{"start":{"line":1496,"column":28},"end":{"line":1496,"column":null}},"234":{"start":{"line":1497,"column":6},"end":{"line":1506,"column":null}},"235":{"start":{"line":1498,"column":29},"end":{"line":1501,"column":null}},"236":{"start":{"line":1502,"column":28},"end":{"line":1502,"column":null}},"237":{"start":{"line":1502,"column":60},"end":{"line":1502,"column":101}},"238":{"start":{"line":1503,"column":8},"end":{"line":1503,"column":null}},"239":{"start":{"line":1507,"column":6},"end":{"line":1507,"column":null}},"240":{"start":{"line":1507,"column":41},"end":{"line":1507,"column":null}},"241":{"start":{"line":1509,"column":4},"end":{"line":1509,"column":null}},"242":{"start":{"line":1523,"column":19},"end":{"line":1523,"column":null}},"243":{"start":{"line":1524,"column":4},"end":{"line":1527,"column":null}},"244":{"start":{"line":1525,"column":25},"end":{"line":1525,"column":null}},"245":{"start":{"line":1526,"column":6},"end":{"line":1526,"column":null}},"246":{"start":{"line":1526,"column":38},"end":{"line":1526,"column":80}},"247":{"start":{"line":1528,"column":4},"end":{"line":1531,"column":null}},"248":{"start":{"line":1529,"column":23},"end":{"line":1529,"column":null}},"249":{"start":{"line":1530,"column":6},"end":{"line":1530,"column":null}},"250":{"start":{"line":1530,"column":38},"end":{"line":1530,"column":56}},"251":{"start":{"line":1532,"column":4},"end":{"line":1535,"column":null}},"252":{"start":{"line":1533,"column":21},"end":{"line":1533,"column":null}},"253":{"start":{"line":1534,"column":6},"end":{"line":1534,"column":null}},"254":{"start":{"line":1534,"column":38},"end":{"line":1534,"column":54}},"255":{"start":{"line":1536,"column":4},"end":{"line":1536,"column":null}},"256":{"start":{"line":1554,"column":15},"end":{"line":1554,"column":null}},"257":{"start":{"line":1555,"column":18},"end":{"line":1555,"column":null}},"258":{"start":{"line":1556,"column":23},"end":{"line":1556,"column":null}},"259":{"start":{"line":1557,"column":17},"end":{"line":1557,"column":null}},"260":{"start":{"line":1558,"column":27},"end":{"line":1558,"column":null}},"261":{"start":{"line":1559,"column":25},"end":{"line":1559,"column":null}},"262":{"start":{"line":1561,"column":37},"end":{"line":1569,"column":null}},"263":{"start":{"line":1570,"column":4},"end":{"line":1572,"column":null}},"264":{"start":{"line":1571,"column":6},"end":{"line":1571,"column":null}},"265":{"start":{"line":1573,"column":4},"end":{"line":1573,"column":null}},"266":{"start":{"line":1584,"column":4},"end":{"line":1589,"column":null}},"267":{"start":{"line":1585,"column":20},"end":{"line":1585,"column":null}},"268":{"start":{"line":1586,"column":6},"end":{"line":1588,"column":null}},"269":{"start":{"line":1587,"column":8},"end":{"line":1587,"column":null}},"270":{"start":{"line":1590,"column":4},"end":{"line":1590,"column":null}},"271":{"start":{"line":1600,"column":10},"end":{"line":1600,"column":null}},"272":{"start":{"line":1601,"column":39},"end":{"line":1601,"column":null}},"273":{"start":{"line":1602,"column":4},"end":{"line":1602,"column":null}},"274":{"start":{"line":1602,"column":32},"end":{"line":1602,"column":54}},"275":{"start":{"line":1612,"column":44},"end":{"line":1612,"column":null}},"276":{"start":{"line":1613,"column":4},"end":{"line":1613,"column":null}},"277":{"start":{"line":1613,"column":35},"end":{"line":1613,"column":70}},"278":{"start":{"line":1628,"column":47},"end":{"line":1628,"column":null}},"279":{"start":{"line":1629,"column":4},"end":{"line":1629,"column":null}},"280":{"start":{"line":1629,"column":36},"end":{"line":1629,"column":null}},"281":{"start":{"line":1630,"column":4},"end":{"line":1630,"column":null}},"282":{"start":{"line":1630,"column":37},"end":{"line":1630,"column":null}},"283":{"start":{"line":1631,"column":4},"end":{"line":1639,"column":null}},"284":{"start":{"line":1632,"column":46},"end":{"line":1637,"column":null}},"285":{"start":{"line":1638,"column":6},"end":{"line":1638,"column":null}},"286":{"start":{"line":1640,"column":4},"end":{"line":1642,"column":null}},"287":{"start":{"line":1641,"column":6},"end":{"line":1641,"column":null}},"288":{"start":{"line":1643,"column":4},"end":{"line":1643,"column":null}},"289":{"start":{"line":1657,"column":19},"end":{"line":1657,"column":null}},"290":{"start":{"line":1658,"column":4},"end":{"line":1665,"column":null}},"291":{"start":{"line":1659,"column":27},"end":{"line":1659,"column":null}},"292":{"start":{"line":1660,"column":6},"end":{"line":1664,"column":null}},"293":{"start":{"line":1661,"column":8},"end":{"line":1663,"column":null}},"294":{"start":{"line":1666,"column":4},"end":{"line":1671,"column":null}},"295":{"start":{"line":1667,"column":29},"end":{"line":1667,"column":null}},"296":{"start":{"line":1668,"column":6},"end":{"line":1670,"column":null}},"297":{"start":{"line":1669,"column":8},"end":{"line":1669,"column":null}},"298":{"start":{"line":1672,"column":4},"end":{"line":1672,"column":null}},"299":{"start":{"line":1685,"column":4},"end":{"line":1685,"column":null}},"300":{"start":{"line":1685,"column":55},"end":{"line":1685,"column":null}},"301":{"start":{"line":1686,"column":4},"end":{"line":1689,"column":null}},"302":{"start":{"line":1687,"column":20},"end":{"line":1687,"column":null}},"303":{"start":{"line":1688,"column":6},"end":{"line":1688,"column":null}},"304":{"start":{"line":1690,"column":4},"end":{"line":1696,"column":null}},"305":{"start":{"line":1691,"column":19},"end":{"line":1691,"column":null}},"306":{"start":{"line":1692,"column":6},"end":{"line":1695,"column":null}},"307":{"start":{"line":1693,"column":22},"end":{"line":1693,"column":null}},"308":{"start":{"line":1694,"column":8},"end":{"line":1694,"column":null}},"309":{"start":{"line":1697,"column":4},"end":{"line":1697,"column":null}},"310":{"start":{"line":1713,"column":4},"end":{"line":1713,"column":null}},"311":{"start":{"line":1713,"column":47},"end":{"line":1713,"column":null}},"312":{"start":{"line":1714,"column":4},"end":{"line":1714,"column":null}},"313":{"start":{"line":1714,"column":35},"end":{"line":1714,"column":null}},"314":{"start":{"line":1715,"column":4},"end":{"line":1715,"column":null}},"315":{"start":{"line":1715,"column":65},"end":{"line":1715,"column":null}},"316":{"start":{"line":1717,"column":4},"end":{"line":1719,"column":null}},"317":{"start":{"line":1718,"column":6},"end":{"line":1718,"column":null}},"318":{"start":{"line":1721,"column":4},"end":{"line":1725,"column":null}},"319":{"start":{"line":1722,"column":18},"end":{"line":1722,"column":null}},"320":{"start":{"line":1723,"column":22},"end":{"line":1723,"column":null}},"321":{"start":{"line":1724,"column":6},"end":{"line":1724,"column":null}},"322":{"start":{"line":1727,"column":4},"end":{"line":1727,"column":null}},"323":{"start":{"line":1740,"column":19},"end":{"line":1740,"column":null}},"324":{"start":{"line":1741,"column":4},"end":{"line":1748,"column":null}},"325":{"start":{"line":1742,"column":6},"end":{"line":1742,"column":null}},"326":{"start":{"line":1742,"column":53},"end":{"line":1742,"column":null}},"327":{"start":{"line":1743,"column":18},"end":{"line":1743,"column":null}},"328":{"start":{"line":1744,"column":19},"end":{"line":1744,"column":null}},"329":{"start":{"line":1745,"column":20},"end":{"line":1745,"column":null}},"330":{"start":{"line":1746,"column":6},"end":{"line":1746,"column":null}},"331":{"start":{"line":1746,"column":43},"end":{"line":1746,"column":null}},"332":{"start":{"line":1747,"column":6},"end":{"line":1747,"column":null}},"333":{"start":{"line":1747,"column":27},"end":{"line":1747,"column":null}},"334":{"start":{"line":1749,"column":4},"end":{"line":1749,"column":null}},"335":{"start":{"line":1762,"column":30},"end":{"line":1762,"column":null}},"336":{"start":{"line":1763,"column":4},"end":{"line":1763,"column":null}},"337":{"start":{"line":1763,"column":37},"end":{"line":1763,"column":null}},"338":{"start":{"line":1765,"column":4},"end":{"line":1773,"column":null}},"339":{"start":{"line":1766,"column":6},"end":{"line":1772,"column":null}},"340":{"start":{"line":1767,"column":8},"end":{"line":1767,"column":null}},"341":{"start":{"line":1768,"column":6},"end":{"line":1772,"column":null}},"342":{"start":{"line":1769,"column":21},"end":{"line":1769,"column":null}},"343":{"start":{"line":1770,"column":25},"end":{"line":1770,"column":null}},"344":{"start":{"line":1771,"column":8},"end":{"line":1771,"column":null}},"345":{"start":{"line":1771,"column":29},"end":{"line":1771,"column":null}},"346":{"start":{"line":1774,"column":4},"end":{"line":1774,"column":null}},"347":{"start":{"line":1840,"column":19},"end":{"line":1840,"column":null}},"348":{"start":{"line":1842,"column":4},"end":{"line":1872,"column":null}},"349":{"start":{"line":1843,"column":24},"end":{"line":1843,"column":null}},"350":{"start":{"line":1846,"column":23},"end":{"line":1846,"column":null}},"351":{"start":{"line":1849,"column":22},"end":{"line":1849,"column":null}},"352":{"start":{"line":1849,"column":50},"end":{"line":1849,"column":78}},"353":{"start":{"line":1852,"column":6},"end":{"line":1852,"column":null}},"354":{"start":{"line":1854,"column":61},"end":{"line":1860,"column":null}},"355":{"start":{"line":1862,"column":6},"end":{"line":1862,"column":null}},"356":{"start":{"line":1864,"column":6},"end":{"line":1864,"column":null}},"357":{"start":{"line":1866,"column":6},"end":{"line":1870,"column":null}},"358":{"start":{"line":1871,"column":6},"end":{"line":1871,"column":null}},"359":{"start":{"line":1895,"column":15},"end":{"line":1895,"column":null}},"360":{"start":{"line":1896,"column":17},"end":{"line":1896,"column":null}},"361":{"start":{"line":1897,"column":25},"end":{"line":1897,"column":null}},"362":{"start":{"line":1898,"column":24},"end":{"line":1898,"column":null}},"363":{"start":{"line":1900,"column":4},"end":{"line":1902,"column":null}},"364":{"start":{"line":1901,"column":6},"end":{"line":1901,"column":null}},"365":{"start":{"line":1904,"column":20},"end":{"line":1904,"column":null}},"366":{"start":{"line":1905,"column":27},"end":{"line":1905,"column":null}},"367":{"start":{"line":1906,"column":29},"end":{"line":1906,"column":null}},"368":{"start":{"line":1908,"column":4},"end":{"line":1916,"column":null}},"369":{"start":{"line":1977,"column":19},"end":{"line":1977,"column":null}},"370":{"start":{"line":1979,"column":4},"end":{"line":1991,"column":null}},"371":{"start":{"line":1980,"column":25},"end":{"line":1980,"column":null}},"372":{"start":{"line":1981,"column":24},"end":{"line":1981,"column":null}},"373":{"start":{"line":1982,"column":6},"end":{"line":1982,"column":null}},"374":{"start":{"line":1983,"column":6},"end":{"line":1983,"column":null}},"375":{"start":{"line":1985,"column":6},"end":{"line":1989,"column":null}},"376":{"start":{"line":1990,"column":6},"end":{"line":1990,"column":null}},"377":{"start":{"line":2002,"column":4},"end":{"line":2005,"column":null}},"378":{"start":{"line":2003,"column":27},"end":{"line":2003,"column":null}},"379":{"start":{"line":2004,"column":6},"end":{"line":2004,"column":null}},"380":{"start":{"line":2004,"column":33},"end":{"line":2004,"column":null}},"381":{"start":{"line":2007,"column":18},"end":{"line":2007,"column":null}},"382":{"start":{"line":2008,"column":4},"end":{"line":2008,"column":null}},"383":{"start":{"line":2008,"column":24},"end":{"line":2008,"column":null}},"384":{"start":{"line":2010,"column":4},"end":{"line":2010,"column":null}},"385":{"start":{"line":2020,"column":4},"end":{"line":2027,"column":null}},"386":{"start":{"line":2021,"column":23},"end":{"line":2021,"column":null}},"387":{"start":{"line":2022,"column":6},"end":{"line":2024,"column":null}},"388":{"start":{"line":2023,"column":8},"end":{"line":2023,"column":null}},"389":{"start":{"line":2028,"column":4},"end":{"line":2028,"column":null}},"390":{"start":{"line":2038,"column":48},"end":{"line":2041,"column":null}},"391":{"start":{"line":2042,"column":21},"end":{"line":2042,"column":null}},"392":{"start":{"line":2044,"column":4},"end":{"line":2049,"column":null}},"393":{"start":{"line":2045,"column":24},"end":{"line":2045,"column":null}},"394":{"start":{"line":2046,"column":6},"end":{"line":2048,"column":null}},"395":{"start":{"line":2047,"column":8},"end":{"line":2047,"column":null}},"396":{"start":{"line":2050,"column":4},"end":{"line":2050,"column":null}},"397":{"start":{"line":2076,"column":15},"end":{"line":2076,"column":null}},"398":{"start":{"line":2077,"column":25},"end":{"line":2077,"column":null}},"399":{"start":{"line":2078,"column":19},"end":{"line":2078,"column":null}},"400":{"start":{"line":2079,"column":17},"end":{"line":2079,"column":null}},"401":{"start":{"line":2080,"column":18},"end":{"line":2080,"column":null}},"402":{"start":{"line":2081,"column":22},"end":{"line":2081,"column":null}},"403":{"start":{"line":2082,"column":22},"end":{"line":2082,"column":null}},"404":{"start":{"line":2084,"column":4},"end":{"line":2087,"column":null}},"405":{"start":{"line":2098,"column":42},"end":{"line":2106,"column":null}},"406":{"start":{"line":2107,"column":4},"end":{"line":2110,"column":null}},"407":{"start":{"line":2108,"column":6},"end":{"line":2108,"column":null}},"408":{"start":{"line":2109,"column":6},"end":{"line":2109,"column":null}},"409":{"start":{"line":2111,"column":4},"end":{"line":2111,"column":null}},"410":{"start":{"line":2121,"column":4},"end":{"line":2123,"column":null}},"411":{"start":{"line":2122,"column":6},"end":{"line":2122,"column":null}},"412":{"start":{"line":2124,"column":4},"end":{"line":2124,"column":null}},"413":{"start":{"line":2134,"column":4},"end":{"line":2134,"column":null}},"414":{"start":{"line":2134,"column":41},"end":{"line":2134,"column":null}},"415":{"start":{"line":2135,"column":4},"end":{"line":2137,"column":null}},"416":{"start":{"line":2136,"column":6},"end":{"line":2136,"column":null}},"417":{"start":{"line":2138,"column":4},"end":{"line":2141,"column":null}},"418":{"start":{"line":2139,"column":18},"end":{"line":2139,"column":null}},"419":{"start":{"line":2140,"column":6},"end":{"line":2140,"column":null}},"420":{"start":{"line":2142,"column":4},"end":{"line":2142,"column":null}},"421":{"start":{"line":2157,"column":47},"end":{"line":2157,"column":null}},"422":{"start":{"line":2158,"column":4},"end":{"line":2158,"column":null}},"423":{"start":{"line":2158,"column":36},"end":{"line":2158,"column":null}},"424":{"start":{"line":2159,"column":4},"end":{"line":2159,"column":null}},"425":{"start":{"line":2159,"column":37},"end":{"line":2159,"column":null}},"426":{"start":{"line":2160,"column":4},"end":{"line":2161,"column":null}},"427":{"start":{"line":2160,"column":35},"end":{"line":2160,"column":null}},"428":{"start":{"line":2160,"column":60},"end":{"line":2161,"column":null}},"429":{"start":{"line":2161,"column":37},"end":{"line":2161,"column":null}},"430":{"start":{"line":2162,"column":4},"end":{"line":2164,"column":null}},"431":{"start":{"line":2163,"column":6},"end":{"line":2163,"column":null}},"432":{"start":{"line":2165,"column":4},"end":{"line":2165,"column":null}},"433":{"start":{"line":2179,"column":19},"end":{"line":2179,"column":null}},"434":{"start":{"line":2180,"column":4},"end":{"line":2183,"column":null}},"435":{"start":{"line":2181,"column":26},"end":{"line":2181,"column":null}},"436":{"start":{"line":2182,"column":6},"end":{"line":2182,"column":null}},"437":{"start":{"line":2182,"column":38},"end":{"line":2182,"column":82}},"438":{"start":{"line":2184,"column":4},"end":{"line":2187,"column":null}},"439":{"start":{"line":2185,"column":25},"end":{"line":2185,"column":null}},"440":{"start":{"line":2186,"column":6},"end":{"line":2186,"column":null}},"441":{"start":{"line":2186,"column":38},"end":{"line":2186,"column":80}},"442":{"start":{"line":2188,"column":4},"end":{"line":2190,"column":null}},"443":{"start":{"line":2189,"column":6},"end":{"line":2189,"column":null}},"444":{"start":{"line":2189,"column":38},"end":{"line":2189,"column":64}},"445":{"start":{"line":2191,"column":4},"end":{"line":2191,"column":null}},"446":{"start":{"line":2267,"column":19},"end":{"line":2267,"column":null}},"447":{"start":{"line":2269,"column":4},"end":{"line":2299,"column":null}},"448":{"start":{"line":2270,"column":24},"end":{"line":2270,"column":null}},"449":{"start":{"line":2273,"column":23},"end":{"line":2273,"column":null}},"450":{"start":{"line":2276,"column":22},"end":{"line":2276,"column":null}},"451":{"start":{"line":2276,"column":50},"end":{"line":2276,"column":91}},"452":{"start":{"line":2279,"column":6},"end":{"line":2279,"column":null}},"453":{"start":{"line":2281,"column":63},"end":{"line":2287,"column":null}},"454":{"start":{"line":2289,"column":6},"end":{"line":2289,"column":null}},"455":{"start":{"line":2291,"column":6},"end":{"line":2291,"column":null}},"456":{"start":{"line":2293,"column":6},"end":{"line":2297,"column":null}},"457":{"start":{"line":2298,"column":6},"end":{"line":2298,"column":null}},"458":{"start":{"line":2332,"column":4},"end":{"line":2332,"column":null}},"459":{"start":{"line":2372,"column":4},"end":{"line":2376,"column":null}},"460":{"start":{"line":2395,"column":18},"end":{"line":2395,"column":null}},"461":{"start":{"line":2396,"column":19},"end":{"line":2396,"column":null}},"462":{"start":{"line":2398,"column":21},"end":{"line":2402,"column":null}},"463":{"start":{"line":2404,"column":18},"end":{"line":2404,"column":null}},"464":{"start":{"line":2405,"column":17},"end":{"line":2405,"column":null}},"465":{"start":{"line":2405,"column":35},"end":{"line":2405,"column":58}},"466":{"start":{"line":2407,"column":4},"end":{"line":2407,"column":null}},"467":{"start":{"line":2422,"column":18},"end":{"line":2422,"column":null}},"468":{"start":{"line":2423,"column":19},"end":{"line":2423,"column":null}},"469":{"start":{"line":2425,"column":21},"end":{"line":2429,"column":null}},"470":{"start":{"line":2431,"column":18},"end":{"line":2431,"column":null}},"471":{"start":{"line":2432,"column":17},"end":{"line":2432,"column":null}},"472":{"start":{"line":2432,"column":35},"end":{"line":2432,"column":58}},"473":{"start":{"line":2434,"column":4},"end":{"line":2434,"column":null}},"474":{"start":{"line":2449,"column":18},"end":{"line":2449,"column":null}},"475":{"start":{"line":2450,"column":19},"end":{"line":2450,"column":null}},"476":{"start":{"line":2452,"column":21},"end":{"line":2456,"column":null}},"477":{"start":{"line":2458,"column":18},"end":{"line":2458,"column":null}},"478":{"start":{"line":2459,"column":17},"end":{"line":2459,"column":null}},"479":{"start":{"line":2459,"column":35},"end":{"line":2459,"column":58}},"480":{"start":{"line":2461,"column":4},"end":{"line":2461,"column":null}},"481":{"start":{"line":2478,"column":18},"end":{"line":2478,"column":null}},"482":{"start":{"line":2479,"column":19},"end":{"line":2479,"column":null}},"483":{"start":{"line":2481,"column":47},"end":{"line":2485,"column":null}},"484":{"start":{"line":2486,"column":4},"end":{"line":2486,"column":null}},"485":{"start":{"line":2486,"column":39},"end":{"line":2486,"column":null}},"486":{"start":{"line":2487,"column":4},"end":{"line":2487,"column":null}},"487":{"start":{"line":2487,"column":37},"end":{"line":2487,"column":null}},"488":{"start":{"line":2489,"column":21},"end":{"line":2489,"column":null}},"489":{"start":{"line":2491,"column":18},"end":{"line":2491,"column":null}},"490":{"start":{"line":2492,"column":21},"end":{"line":2492,"column":null}},"491":{"start":{"line":2492,"column":39},"end":{"line":2492,"column":65}},"492":{"start":{"line":2494,"column":4},"end":{"line":2494,"column":null}},"493":{"start":{"line":2510,"column":18},"end":{"line":2510,"column":null}},"494":{"start":{"line":2511,"column":19},"end":{"line":2511,"column":null}},"495":{"start":{"line":2513,"column":47},"end":{"line":2517,"column":null}},"496":{"start":{"line":2518,"column":4},"end":{"line":2518,"column":null}},"497":{"start":{"line":2518,"column":35},"end":{"line":2518,"column":null}},"498":{"start":{"line":2520,"column":21},"end":{"line":2520,"column":null}},"499":{"start":{"line":2522,"column":18},"end":{"line":2522,"column":null}},"500":{"start":{"line":2523,"column":23},"end":{"line":2523,"column":null}},"501":{"start":{"line":2523,"column":41},"end":{"line":2523,"column":70}},"502":{"start":{"line":2525,"column":4},"end":{"line":2525,"column":null}},"503":{"start":{"line":2537,"column":4},"end":{"line":2539,"column":null}},"504":{"start":{"line":2538,"column":6},"end":{"line":2538,"column":null}},"505":{"start":{"line":2540,"column":21},"end":{"line":2542,"column":null}},"506":{"start":{"line":2543,"column":4},"end":{"line":2543,"column":null}},"507":{"start":{"line":2559,"column":18},"end":{"line":2559,"column":null}},"508":{"start":{"line":2560,"column":19},"end":{"line":2560,"column":null}},"509":{"start":{"line":2562,"column":47},"end":{"line":2566,"column":null}},"510":{"start":{"line":2567,"column":4},"end":{"line":2567,"column":null}},"511":{"start":{"line":2567,"column":35},"end":{"line":2567,"column":null}},"512":{"start":{"line":2569,"column":21},"end":{"line":2569,"column":null}},"513":{"start":{"line":2571,"column":18},"end":{"line":2571,"column":null}},"514":{"start":{"line":2572,"column":18},"end":{"line":2572,"column":null}},"515":{"start":{"line":2572,"column":36},"end":{"line":2572,"column":67}},"516":{"start":{"line":2574,"column":4},"end":{"line":2574,"column":null}},"517":{"start":{"line":2591,"column":18},"end":{"line":2591,"column":null}},"518":{"start":{"line":2592,"column":19},"end":{"line":2592,"column":null}},"519":{"start":{"line":2594,"column":47},"end":{"line":2598,"column":null}},"520":{"start":{"line":2599,"column":4},"end":{"line":2599,"column":null}},"521":{"start":{"line":2599,"column":39},"end":{"line":2599,"column":null}},"522":{"start":{"line":2600,"column":4},"end":{"line":2600,"column":null}},"523":{"start":{"line":2600,"column":37},"end":{"line":2600,"column":null}},"524":{"start":{"line":2602,"column":21},"end":{"line":2602,"column":null}},"525":{"start":{"line":2604,"column":18},"end":{"line":2604,"column":null}},"526":{"start":{"line":2605,"column":19},"end":{"line":2605,"column":null}},"527":{"start":{"line":2605,"column":37},"end":{"line":2605,"column":62}},"528":{"start":{"line":2607,"column":4},"end":{"line":2607,"column":null}},"529":{"start":{"line":2623,"column":4},"end":{"line":2625,"column":null}},"530":{"start":{"line":2624,"column":6},"end":{"line":2624,"column":null}},"531":{"start":{"line":2626,"column":18},"end":{"line":2626,"column":null}},"532":{"start":{"line":2627,"column":19},"end":{"line":2627,"column":null}},"533":{"start":{"line":2629,"column":21},"end":{"line":2633,"column":null}},"534":{"start":{"line":2635,"column":18},"end":{"line":2635,"column":null}},"535":{"start":{"line":2636,"column":23},"end":{"line":2636,"column":null}},"536":{"start":{"line":2636,"column":41},"end":{"line":2636,"column":76}},"537":{"start":{"line":2638,"column":4},"end":{"line":2638,"column":null}},"538":{"start":{"line":2654,"column":4},"end":{"line":2656,"column":null}},"539":{"start":{"line":2655,"column":6},"end":{"line":2655,"column":null}},"540":{"start":{"line":2657,"column":18},"end":{"line":2657,"column":null}},"541":{"start":{"line":2658,"column":19},"end":{"line":2658,"column":null}},"542":{"start":{"line":2660,"column":21},"end":{"line":2664,"column":null}},"543":{"start":{"line":2666,"column":18},"end":{"line":2666,"column":null}},"544":{"start":{"line":2667,"column":22},"end":{"line":2667,"column":null}},"545":{"start":{"line":2667,"column":40},"end":{"line":2667,"column":68}},"546":{"start":{"line":2669,"column":4},"end":{"line":2669,"column":null}},"547":{"start":{"line":2686,"column":18},"end":{"line":2686,"column":null}},"548":{"start":{"line":2687,"column":19},"end":{"line":2687,"column":null}},"549":{"start":{"line":2689,"column":47},"end":{"line":2693,"column":null}},"550":{"start":{"line":2694,"column":4},"end":{"line":2694,"column":null}},"551":{"start":{"line":2694,"column":35},"end":{"line":2694,"column":null}},"552":{"start":{"line":2696,"column":21},"end":{"line":2696,"column":null}},"553":{"start":{"line":2698,"column":18},"end":{"line":2698,"column":null}},"554":{"start":{"line":2699,"column":25},"end":{"line":2699,"column":null}},"555":{"start":{"line":2699,"column":43},"end":{"line":2699,"column":77}},"556":{"start":{"line":2701,"column":4},"end":{"line":2701,"column":null}},"557":{"start":{"line":2703,"column":4},"end":{"line":2703,"column":null}},"558":{"start":{"line":2719,"column":18},"end":{"line":2719,"column":null}},"559":{"start":{"line":2720,"column":19},"end":{"line":2720,"column":null}},"560":{"start":{"line":2722,"column":47},"end":{"line":2726,"column":null}},"561":{"start":{"line":2727,"column":4},"end":{"line":2727,"column":null}},"562":{"start":{"line":2727,"column":35},"end":{"line":2727,"column":null}},"563":{"start":{"line":2729,"column":21},"end":{"line":2729,"column":null}},"564":{"start":{"line":2731,"column":18},"end":{"line":2731,"column":null}},"565":{"start":{"line":2732,"column":17},"end":{"line":2732,"column":null}},"566":{"start":{"line":2732,"column":35},"end":{"line":2732,"column":63}},"567":{"start":{"line":2734,"column":4},"end":{"line":2734,"column":null}},"568":{"start":{"line":2750,"column":18},"end":{"line":2750,"column":null}},"569":{"start":{"line":2751,"column":19},"end":{"line":2751,"column":null}},"570":{"start":{"line":2753,"column":47},"end":{"line":2757,"column":null}},"571":{"start":{"line":2758,"column":4},"end":{"line":2758,"column":null}},"572":{"start":{"line":2758,"column":35},"end":{"line":2758,"column":null}},"573":{"start":{"line":2760,"column":21},"end":{"line":2760,"column":null}},"574":{"start":{"line":2762,"column":18},"end":{"line":2762,"column":null}},"575":{"start":{"line":2763,"column":17},"end":{"line":2763,"column":null}},"576":{"start":{"line":2763,"column":35},"end":{"line":2763,"column":63}},"577":{"start":{"line":2765,"column":4},"end":{"line":2765,"column":null}},"578":{"start":{"line":2780,"column":18},"end":{"line":2780,"column":null}},"579":{"start":{"line":2781,"column":19},"end":{"line":2781,"column":null}},"580":{"start":{"line":2783,"column":21},"end":{"line":2787,"column":null}},"581":{"start":{"line":2789,"column":18},"end":{"line":2789,"column":null}},"582":{"start":{"line":2790,"column":17},"end":{"line":2790,"column":null}},"583":{"start":{"line":2790,"column":35},"end":{"line":2790,"column":63}},"584":{"start":{"line":2792,"column":4},"end":{"line":2792,"column":null}},"585":{"start":{"line":2807,"column":18},"end":{"line":2807,"column":null}},"586":{"start":{"line":2808,"column":19},"end":{"line":2808,"column":null}},"587":{"start":{"line":2810,"column":21},"end":{"line":2814,"column":null}},"588":{"start":{"line":2816,"column":18},"end":{"line":2816,"column":null}},"589":{"start":{"line":2818,"column":4},"end":{"line":2824,"column":null}},"590":{"start":{"line":2839,"column":18},"end":{"line":2839,"column":null}},"591":{"start":{"line":2840,"column":19},"end":{"line":2840,"column":null}},"592":{"start":{"line":2842,"column":21},"end":{"line":2846,"column":null}},"593":{"start":{"line":2848,"column":18},"end":{"line":2848,"column":null}},"594":{"start":{"line":2849,"column":17},"end":{"line":2849,"column":null}},"595":{"start":{"line":2849,"column":35},"end":{"line":2849,"column":58}},"596":{"start":{"line":2851,"column":4},"end":{"line":2851,"column":null}},"597":{"start":{"line":2866,"column":18},"end":{"line":2866,"column":null}},"598":{"start":{"line":2867,"column":19},"end":{"line":2867,"column":null}},"599":{"start":{"line":2869,"column":21},"end":{"line":2873,"column":null}},"600":{"start":{"line":2875,"column":18},"end":{"line":2875,"column":null}},"601":{"start":{"line":2876,"column":19},"end":{"line":2876,"column":null}},"602":{"start":{"line":2876,"column":37},"end":{"line":2876,"column":70}},"603":{"start":{"line":2878,"column":4},"end":{"line":2878,"column":null}},"604":{"start":{"line":2890,"column":4},"end":{"line":2892,"column":null}},"605":{"start":{"line":2891,"column":6},"end":{"line":2891,"column":null}},"606":{"start":{"line":2893,"column":21},"end":{"line":2895,"column":null}},"607":{"start":{"line":2896,"column":4},"end":{"line":2896,"column":null}},"608":{"start":{"line":2908,"column":4},"end":{"line":2910,"column":null}},"609":{"start":{"line":2909,"column":6},"end":{"line":2909,"column":null}},"610":{"start":{"line":2911,"column":21},"end":{"line":2913,"column":null}},"611":{"start":{"line":2914,"column":4},"end":{"line":2914,"column":null}},"612":{"start":{"line":2930,"column":4},"end":{"line":2932,"column":null}},"613":{"start":{"line":2931,"column":6},"end":{"line":2931,"column":null}},"614":{"start":{"line":2933,"column":18},"end":{"line":2933,"column":null}},"615":{"start":{"line":2934,"column":19},"end":{"line":2934,"column":null}},"616":{"start":{"line":2936,"column":21},"end":{"line":2940,"column":null}},"617":{"start":{"line":2942,"column":18},"end":{"line":2942,"column":null}},"618":{"start":{"line":2943,"column":23},"end":{"line":2943,"column":null}},"619":{"start":{"line":2943,"column":41},"end":{"line":2943,"column":76}},"620":{"start":{"line":2945,"column":4},"end":{"line":2945,"column":null}},"621":{"start":{"line":2957,"column":4},"end":{"line":2959,"column":null}},"622":{"start":{"line":2958,"column":6},"end":{"line":2958,"column":null}},"623":{"start":{"line":2960,"column":21},"end":{"line":2962,"column":null}},"624":{"start":{"line":2963,"column":4},"end":{"line":2963,"column":null}},"625":{"start":{"line":2979,"column":4},"end":{"line":2981,"column":null}},"626":{"start":{"line":2980,"column":6},"end":{"line":2980,"column":null}},"627":{"start":{"line":2982,"column":18},"end":{"line":2982,"column":null}},"628":{"start":{"line":2983,"column":19},"end":{"line":2983,"column":null}},"629":{"start":{"line":2985,"column":21},"end":{"line":2989,"column":null}},"630":{"start":{"line":2991,"column":18},"end":{"line":2991,"column":null}},"631":{"start":{"line":2992,"column":19},"end":{"line":2992,"column":null}},"632":{"start":{"line":2992,"column":37},"end":{"line":2992,"column":62}},"633":{"start":{"line":2994,"column":4},"end":{"line":2994,"column":null}},"634":{"start":{"line":3006,"column":4},"end":{"line":3008,"column":null}},"635":{"start":{"line":3007,"column":6},"end":{"line":3007,"column":null}},"636":{"start":{"line":3009,"column":21},"end":{"line":3011,"column":null}},"637":{"start":{"line":3012,"column":4},"end":{"line":3012,"column":null}},"638":{"start":{"line":3024,"column":4},"end":{"line":3026,"column":null}},"639":{"start":{"line":3025,"column":6},"end":{"line":3025,"column":null}},"640":{"start":{"line":3027,"column":21},"end":{"line":3029,"column":null}},"641":{"start":{"line":3030,"column":4},"end":{"line":3030,"column":null}},"642":{"start":{"line":3042,"column":4},"end":{"line":3044,"column":null}},"643":{"start":{"line":3043,"column":6},"end":{"line":3043,"column":null}},"644":{"start":{"line":3045,"column":21},"end":{"line":3047,"column":null}},"645":{"start":{"line":3048,"column":4},"end":{"line":3048,"column":null}},"646":{"start":{"line":3060,"column":4},"end":{"line":3062,"column":null}},"647":{"start":{"line":3061,"column":6},"end":{"line":3061,"column":null}},"648":{"start":{"line":3063,"column":21},"end":{"line":3065,"column":null}},"649":{"start":{"line":3066,"column":4},"end":{"line":3066,"column":null}},"650":{"start":{"line":3078,"column":4},"end":{"line":3080,"column":null}},"651":{"start":{"line":3079,"column":6},"end":{"line":3079,"column":null}},"652":{"start":{"line":3081,"column":21},"end":{"line":3083,"column":null}},"653":{"start":{"line":3084,"column":4},"end":{"line":3084,"column":null}},"654":{"start":{"line":3096,"column":4},"end":{"line":3098,"column":null}},"655":{"start":{"line":3097,"column":6},"end":{"line":3097,"column":null}},"656":{"start":{"line":3099,"column":21},"end":{"line":3101,"column":null}},"657":{"start":{"line":3102,"column":4},"end":{"line":3102,"column":null}},"658":{"start":{"line":3117,"column":18},"end":{"line":3117,"column":null}},"659":{"start":{"line":3118,"column":19},"end":{"line":3118,"column":null}},"660":{"start":{"line":3120,"column":21},"end":{"line":3124,"column":null}},"661":{"start":{"line":3126,"column":18},"end":{"line":3126,"column":null}},"662":{"start":{"line":3127,"column":17},"end":{"line":3127,"column":null}},"663":{"start":{"line":3127,"column":35},"end":{"line":3127,"column":63}},"664":{"start":{"line":3129,"column":4},"end":{"line":3129,"column":null}},"665":{"start":{"line":3145,"column":18},"end":{"line":3145,"column":null}},"666":{"start":{"line":3146,"column":19},"end":{"line":3146,"column":null}},"667":{"start":{"line":3148,"column":47},"end":{"line":3152,"column":null}},"668":{"start":{"line":3153,"column":4},"end":{"line":3153,"column":null}},"669":{"start":{"line":3153,"column":35},"end":{"line":3153,"column":null}},"670":{"start":{"line":3155,"column":21},"end":{"line":3155,"column":null}},"671":{"start":{"line":3157,"column":18},"end":{"line":3157,"column":null}},"672":{"start":{"line":3158,"column":17},"end":{"line":3158,"column":null}},"673":{"start":{"line":3158,"column":35},"end":{"line":3158,"column":63}},"674":{"start":{"line":3160,"column":4},"end":{"line":3160,"column":null}},"675":{"start":{"line":3172,"column":4},"end":{"line":3174,"column":null}},"676":{"start":{"line":3173,"column":6},"end":{"line":3173,"column":null}},"677":{"start":{"line":3175,"column":21},"end":{"line":3177,"column":null}},"678":{"start":{"line":3178,"column":4},"end":{"line":3178,"column":null}},"679":{"start":{"line":3190,"column":4},"end":{"line":3192,"column":null}},"680":{"start":{"line":3191,"column":6},"end":{"line":3191,"column":null}},"681":{"start":{"line":3193,"column":21},"end":{"line":3195,"column":null}},"682":{"start":{"line":3196,"column":4},"end":{"line":3196,"column":null}},"683":{"start":{"line":3209,"column":4},"end":{"line":3211,"column":null}},"684":{"start":{"line":3210,"column":6},"end":{"line":3210,"column":null}},"685":{"start":{"line":3212,"column":21},"end":{"line":3214,"column":null}},"686":{"start":{"line":3216,"column":24},"end":{"line":3216,"column":null}},"687":{"start":{"line":3217,"column":4},"end":{"line":3217,"column":null}},"688":{"start":{"line":3218,"column":4},"end":{"line":3218,"column":null}},"689":{"start":{"line":3230,"column":4},"end":{"line":3240,"column":null}},"690":{"start":{"line":3250,"column":23},"end":{"line":3250,"column":null}},"691":{"start":{"line":3251,"column":27},"end":{"line":3251,"column":null}},"692":{"start":{"line":3252,"column":28},"end":{"line":3252,"column":null}},"693":{"start":{"line":3253,"column":25},"end":{"line":3253,"column":null}},"694":{"start":{"line":3254,"column":4},"end":{"line":3267,"column":null}},"695":{"start":{"line":3278,"column":4},"end":{"line":3280,"column":null}},"696":{"start":{"line":3279,"column":6},"end":{"line":3279,"column":null}},"697":{"start":{"line":3279,"column":33},"end":{"line":3279,"column":null}},"698":{"start":{"line":3281,"column":4},"end":{"line":3281,"column":null}},"699":{"start":{"line":3291,"column":4},"end":{"line":3299,"column":null}},"700":{"start":{"line":3309,"column":4},"end":{"line":3318,"column":null}},"701":{"start":{"line":3328,"column":21},"end":{"line":3328,"column":null}},"702":{"start":{"line":3329,"column":18},"end":{"line":3329,"column":null}},"703":{"start":{"line":3330,"column":4},"end":{"line":3338,"column":null}},"704":{"start":{"line":3348,"column":4},"end":{"line":3356,"column":null}},"705":{"start":{"line":3366,"column":4},"end":{"line":3366,"column":null}},"706":{"start":{"line":3366,"column":45},"end":{"line":3366,"column":null}},"707":{"start":{"line":3367,"column":4},"end":{"line":3367,"column":null}},"708":{"start":{"line":3367,"column":34},"end":{"line":3367,"column":null}},"709":{"start":{"line":3368,"column":4},"end":{"line":3377,"column":null}},"710":{"start":{"line":3369,"column":6},"end":{"line":3376,"column":null}},"711":{"start":{"line":3370,"column":8},"end":{"line":3370,"column":null}},"712":{"start":{"line":3370,"column":35},"end":{"line":3370,"column":null}},"713":{"start":{"line":3371,"column":8},"end":{"line":3374,"column":null}},"714":{"start":{"line":3372,"column":22},"end":{"line":3372,"column":null}},"715":{"start":{"line":3373,"column":10},"end":{"line":3373,"column":null}},"716":{"start":{"line":3375,"column":8},"end":{"line":3375,"column":null}},"717":{"start":{"line":3376,"column":21},"end":{"line":3376,"column":29}},"718":{"start":{"line":3378,"column":4},"end":{"line":3378,"column":null}},"719":{"start":{"line":3417,"column":24},"end":{"line":3439,"column":null}},"720":{"start":{"line":3419,"column":23},"end":{"line":3419,"column":null}},"721":{"start":{"line":3420,"column":4},"end":{"line":3426,"column":null}},"722":{"start":{"line":3421,"column":22},"end":{"line":3421,"column":null}},"723":{"start":{"line":3422,"column":6},"end":{"line":3425,"column":null}},"724":{"start":{"line":3424,"column":8},"end":{"line":3424,"column":null}},"725":{"start":{"line":3427,"column":4},"end":{"line":3427,"column":null}},"726":{"start":{"line":3430,"column":23},"end":{"line":3430,"column":null}},"727":{"start":{"line":3431,"column":4},"end":{"line":3436,"column":null}},"728":{"start":{"line":3432,"column":21},"end":{"line":3432,"column":null}},"729":{"start":{"line":3433,"column":6},"end":{"line":3435,"column":null}},"730":{"start":{"line":3434,"column":8},"end":{"line":3434,"column":null}},"731":{"start":{"line":3437,"column":4},"end":{"line":3437,"column":null}}},"fnMap":{"0":{"name":"(anonymous_0)","decl":{"start":{"line":114,"column":2},"end":{"line":114,"column":null}},"loc":{"start":{"line":118,"column":4},"end":{"line":121,"column":null}},"line":118},"1":{"name":"(anonymous_1)","decl":{"start":{"line":364,"column":2},"end":{"line":364,"column":14}},"loc":{"start":{"line":364,"column":43},"end":{"line":385,"column":null}},"line":364},"2":{"name":"(anonymous_2)","decl":{"start":{"line":439,"column":16},"end":{"line":439,"column":null}},"loc":{"start":{"line":442,"column":16},"end":{"line":555,"column":null}},"line":442},"3":{"name":"(anonymous_3)","decl":{"start":{"line":461,"column":37},"end":{"line":461,"column":38}},"loc":{"start":{"line":461,"column":55},"end":{"line":479,"column":7}},"line":461},"4":{"name":"(anonymous_4)","decl":{"start":{"line":487,"column":22},"end":{"line":487,"column":46}},"loc":{"start":{"line":487,"column":46},"end":{"line":508,"column":null}},"line":487},"5":{"name":"(anonymous_5)","decl":{"start":{"line":489,"column":41},"end":{"line":489,"column":48}},"loc":{"start":{"line":489,"column":59},"end":{"line":507,"column":11}},"line":489},"6":{"name":"(anonymous_6)","decl":{"start":{"line":515,"column":21},"end":{"line":515,"column":22}},"loc":{"start":{"line":515,"column":32},"end":{"line":522,"column":null}},"line":515},"7":{"name":"(anonymous_7)","decl":{"start":{"line":576,"column":10},"end":{"line":576,"column":22}},"loc":{"start":{"line":576,"column":82},"end":{"line":578,"column":null}},"line":576},"8":{"name":"(anonymous_8)","decl":{"start":{"line":600,"column":10},"end":{"line":600,"column":23}},"loc":{"start":{"line":600,"column":47},"end":{"line":611,"column":null}},"line":600},"9":{"name":"(anonymous_9)","decl":{"start":{"line":643,"column":10},"end":{"line":643,"column":23}},"loc":{"start":{"line":643,"column":62},"end":{"line":674,"column":null}},"line":643},"10":{"name":"(anonymous_10)","decl":{"start":{"line":702,"column":10},"end":{"line":702,"column":30}},"loc":{"start":{"line":702,"column":61},"end":{"line":716,"column":null}},"line":702},"11":{"name":"(anonymous_11)","decl":{"start":{"line":737,"column":10},"end":{"line":737,"column":26}},"loc":{"start":{"line":737,"column":55},"end":{"line":745,"column":null}},"line":737},"12":{"name":"(anonymous_12)","decl":{"start":{"line":772,"column":10},"end":{"line":772,"column":34}},"loc":{"start":{"line":772,"column":84},"end":{"line":793,"column":null}},"line":772},"13":{"name":"(anonymous_13)","decl":{"start":{"line":825,"column":10},"end":{"line":825,"column":30}},"loc":{"start":{"line":825,"column":76},"end":{"line":863,"column":null}},"line":825},"14":{"name":"(anonymous_14)","decl":{"start":{"line":950,"column":8},"end":{"line":950,"column":16}},"loc":{"start":{"line":957,"column":38},"end":{"line":1002,"column":null}},"line":957},"15":{"name":"(anonymous_15)","decl":{"start":{"line":980,"column":37},"end":{"line":980,"column":38}},"loc":{"start":{"line":980,"column":47},"end":{"line":980,"column":70}},"line":980},"16":{"name":"(anonymous_16)","decl":{"start":{"line":1071,"column":8},"end":{"line":1071,"column":22}},"loc":{"start":{"line":1071,"column":55},"end":{"line":1106,"column":null}},"line":1071},"17":{"name":"(anonymous_17)","decl":{"start":{"line":1134,"column":10},"end":{"line":1134,"column":33}},"loc":{"start":{"line":1139,"column":30},"end":{"line":1156,"column":null}},"line":1139},"18":{"name":"(anonymous_18)","decl":{"start":{"line":1229,"column":8},"end":{"line":1229,"column":27}},"loc":{"start":{"line":1235,"column":49},"end":{"line":1268,"column":null}},"line":1235},"19":{"name":"(anonymous_19)","decl":{"start":{"line":1246,"column":41},"end":{"line":1246,"column":42}},"loc":{"start":{"line":1246,"column":51},"end":{"line":1246,"column":85}},"line":1246},"20":{"name":"(anonymous_20)","decl":{"start":{"line":1291,"column":10},"end":{"line":1291,"column":30}},"loc":{"start":{"line":1291,"column":97},"end":{"line":1304,"column":null}},"line":1291},"21":{"name":"(anonymous_21)","decl":{"start":{"line":1314,"column":10},"end":{"line":1314,"column":31}},"loc":{"start":{"line":1314,"column":116},"end":{"line":1318,"column":null}},"line":1314},"22":{"name":"(anonymous_22)","decl":{"start":{"line":1332,"column":10},"end":{"line":1332,"column":27}},"loc":{"start":{"line":1332,"column":51},"end":{"line":1345,"column":null}},"line":1332},"23":{"name":"(anonymous_23)","decl":{"start":{"line":1404,"column":8},"end":{"line":1404,"column":25}},"loc":{"start":{"line":1412,"column":47},"end":{"line":1456,"column":null}},"line":1412},"24":{"name":"(anonymous_24)","decl":{"start":{"line":1465,"column":16},"end":{"line":1465,"column":null}},"loc":{"start":{"line":1468,"column":29},"end":{"line":1474,"column":null}},"line":1468},"25":{"name":"(anonymous_25)","decl":{"start":{"line":1473,"column":29},"end":{"line":1473,"column":30}},"loc":{"start":{"line":1473,"column":39},"end":{"line":1473,"column":80}},"line":1473},"26":{"name":"(anonymous_26)","decl":{"start":{"line":1482,"column":16},"end":{"line":1482,"column":51}},"loc":{"start":{"line":1485,"column":30},"end":{"line":1510,"column":null}},"line":1485},"27":{"name":"(anonymous_27)","decl":{"start":{"line":1502,"column":50},"end":{"line":1502,"column":51}},"loc":{"start":{"line":1502,"column":60},"end":{"line":1502,"column":101}},"line":1502},"28":{"name":"(anonymous_28)","decl":{"start":{"line":1519,"column":10},"end":{"line":1519,"column":null}},"loc":{"start":{"line":1522,"column":20},"end":{"line":1537,"column":null}},"line":1522},"29":{"name":"(anonymous_29)","decl":{"start":{"line":1526,"column":33},"end":{"line":1526,"column":38}},"loc":{"start":{"line":1526,"column":38},"end":{"line":1526,"column":80}},"line":1526},"30":{"name":"(anonymous_30)","decl":{"start":{"line":1530,"column":33},"end":{"line":1530,"column":38}},"loc":{"start":{"line":1530,"column":38},"end":{"line":1530,"column":56}},"line":1530},"31":{"name":"(anonymous_31)","decl":{"start":{"line":1534,"column":33},"end":{"line":1534,"column":38}},"loc":{"start":{"line":1534,"column":38},"end":{"line":1534,"column":54}},"line":1534},"32":{"name":"(anonymous_32)","decl":{"start":{"line":1553,"column":10},"end":{"line":1553,"column":28}},"loc":{"start":{"line":1553,"column":83},"end":{"line":1574,"column":null}},"line":1553},"33":{"name":"(anonymous_33)","decl":{"start":{"line":1583,"column":10},"end":{"line":1583,"column":23}},"loc":{"start":{"line":1583,"column":80},"end":{"line":1591,"column":null}},"line":1583},"34":{"name":"(anonymous_34)","decl":{"start":{"line":1599,"column":10},"end":{"line":1599,"column":26}},"loc":{"start":{"line":1599,"column":57},"end":{"line":1603,"column":null}},"line":1599},"35":{"name":"(anonymous_35)","decl":{"start":{"line":1602,"column":27},"end":{"line":1602,"column":32}},"loc":{"start":{"line":1602,"column":32},"end":{"line":1602,"column":54}},"line":1602},"36":{"name":"(anonymous_36)","decl":{"start":{"line":1611,"column":10},"end":{"line":1611,"column":28}},"loc":{"start":{"line":1611,"column":63},"end":{"line":1614,"column":null}},"line":1611},"37":{"name":"(anonymous_37)","decl":{"start":{"line":1613,"column":30},"end":{"line":1613,"column":35}},"loc":{"start":{"line":1613,"column":35},"end":{"line":1613,"column":70}},"line":1613},"38":{"name":"(anonymous_38)","decl":{"start":{"
[...]
,"/home/runner/work/European-Parliament-MCP-Server/European-Parliament-MCP-Server/src/utils/rateLimiter.ts": {"path":"/home/runner/work/European-Parliament-MCP-Server/European-Parliament-MCP-Server/src/utils/rateLimiter.ts","statementMap":{"0":{"start":{"line":50,"column":4},"end":{"line":50,"column":null}},"1":{"start":{"line":51,"column":4},"end":{"line":51,"column":null}},"2":{"start":{"line":52,"column":4},"end":{"line":52,"column":null}},"3":{"start":{"line":55,"column":4},"end":{"line":68,"column":null}},"4":{"start":{"line":57,"column":8},"end":{"line":57,"column":null}},"5":{"start":{"line":58,"column":8},"end":{"line":58,"column":null}},"6":{"start":{"line":60,"column":8},"end":{"line":60,"column":null}},"7":{"start":{"line":61,"column":8},"end":{"line":61,"column":null}},"8":{"start":{"line":63,"column":8},"end":{"line":63,"column":null}},"9":{"start":{"line":64,"column":8},"end":{"line":64,"column":null}},"10":{"start":{"line":66,"column":34},"end":{"line":66,"column":null}},"11":{"start":{"line":67,"column":8},"end":{"line":67,"column":null}},"12":{"start":{"line":75,"column":16},"end":{"line":75,"column":null}},"13":{"start":{"line":76,"column":22},"end":{"line":76,"column":null}},"14":{"start":{"line":77,"column":25},"end":{"line":77,"column":null}},"15":{"start":{"line":79,"column":4},"end":{"line":85,"column":null}},"16":{"start":{"line":80,"column":6},"end":{"line":83,"column":null}},"17":{"start":{"line":84,"column":6},"end":{"line":84,"column":null}},"18":{"start":{"line":96,"column":4},"end":{"line":96,"column":null}},"19":{"start":{"line":98,"column":4},"end":{"line":101,"column":null}},"20":{"start":{"line":99,"column":6},"end":{"line":99,"column":null}},"21":{"start":{"line":100,"column":6},"end":{"line":100,"column":null}},"22":{"start":{"line":104,"column":25},"end":{"line":104,"column":null}},"23":{"start":{"line":105,"column":20},"end":{"line":105,"column":null}},"24":{"start":{"line":109,"column":4},"end":{"line":112,"column":null}},"25":{"start":{"line":122,"column":4},"end":{"line":122,"column":null}},"26":{"start":{"line":124,"column":4},"end":{"line":127,"column":null}},"27":{"start":{"line":125,"column":6},"end":{"line":125,"column":null}},"28":{"start":{"line":126,"column":6},"end":{"line":126,"column":null}},"29":{"start":{"line":129,"column":4},"end":{"line":129,"column":null}},"30":{"start":{"line":136,"column":4},"end":{"line":136,"column":null}},"31":{"start":{"line":137,"column":4},"end":{"line":137,"column":null}},"32":{"start":{"line":144,"column":4},"end":{"line":144,"column":null}},"33":{"start":{"line":145,"column":4},"end":{"line":145,"column":null}},"34":{"start":{"line":153,"column":2},"end":{"line":156,"column":null}}},"fnMap":{"0":{"name":"(anonymous_0)","decl":{"start":{"line":49,"column":2},"end":{"line":49,"column":14}},"loc":{"start":{"line":49,"column":43},"end":{"line":69,"column":null}},"line":49},"1":{"name":"(anonymous_1)","decl":{"start":{"line":74,"column":10},"end":{"line":74,"column":25}},"loc":{"start":{"line":74,"column":25},"end":{"line":86,"column":null}},"line":74},"2":{"name":"(anonymous_2)","decl":{"start":{"line":95,"column":8},"end":{"line":95,"column":21}},"loc":{"start":{"line":95,"column":51},"end":{"line":113,"column":null}},"line":95},"3":{"name":"(anonymous_3)","decl":{"start":{"line":121,"column":2},"end":{"line":121,"column":18}},"loc":{"start":{"line":121,"column":42},"end":{"line":130,"column":null}},"line":121},"4":{"name":"(anonymous_4)","decl":{"start":{"line":135,"column":2},"end":{"line":135,"column":31}},"loc":{"start":{"line":135,"column":31},"end":{"line":138,"column":null}},"line":135},"5":{"name":"(anonymous_5)","decl":{"start":{"line":143,"column":2},"end":{"line":143,"column":16}},"loc":{"start":{"line":143,"column":16},"end":{"line":146,"column":null}},"line":143},"6":{"name":"createStandardRateLimiter","decl":{"start":{"line":152,"column":16},"end":{"line":152,"column":57}},"loc":{"start":{"line":152,"column":57},"end":{"line":157,"column":null}},"line":152}},"branchMap":{"0":{"loc":{"start":{"line":51,"column":18},"end":{"line":51,"column":null}},"type":"binary-expr","locations":[{"start":{"line":51,"column":18},"end":{"line":51,"column":43}},{"start":{"line":51,"column":43},"end":{"line":51,"column":null}}],"line":51},"1":{"loc":{"start":{"line":55,"column":4},"end":{"line":68,"column":null}},"type":"switch","locations":[{"start":{"line":56,"column":6},"end":{"line":58,"column":null}},{"start":{"line":59,"column":6},"end":{"line":61,"column":null}},{"start":{"line":62,"column":6},"end":{"line":64,"column":null}},{"start":{"line":65,"column":6},"end":{"line":67,"column":null}}],"line":55},"2":{"loc":{"start":{"line":79,"column":4},"end":{"line":85,"column":null}},"type":"if","locations":[{"start":{"line":79,"column":4},"end":{"line":85,"column":null}},{"start":{},"end":{}}],"line":79},"3":{"loc":{"start":{"line":98,"column":4},"end":{"line":101,"column":null}},"type":"if","locations":[{"start":{"line":98,"column":4},"end":{"line":101,"column":null}},{"start":{},"end":{}}],"line":98},"4":{"loc":{"start":{"line":124,"column":4},"end":{"line":127,"column":null}},"type":"if","locations":[{"start":{"line":124,"column":4},"end":{"line":127,"column":null}},{"start":{},"end":{}}],"line":124}},"s":{"0":258,"1":258,"2":258,"3":258,"4":8,"5":8,"6":249,"7":249,"8":1,"9":1,"10":0,"11":0,"12":244,"13":244,"14":244,"15":244,"16":32,"17":32,"18":232,"19":232,"20":231,"21":231,"22":1,"23":1,"24":1,"25":4,"26":4,"27":3,"28":3,"29":1,"30":8,"31":8,"32":1,"33":1,"34":1},"f":{"0":258,"1":244,"2":232,"3":4,"4":8,"5":1,"6":1},"b":{"0":[258,257],"1":[8,249,1,0],"2":[32,212],"3":[231,1],"4":[3,1]},"meta":{"lastBranch":5,"lastFunction":7,"lastStatement":35,"seen":{"f:49:2:49:14":0,"s:50:4:50:Infinity":0,"s:51:4:51:Infinity":1,"b:51:18:51:43:51:43:51:Infinity":0,"s:52:4:52:Infinity":2,"b:56:6:58:Infinity:59:6:61:Infinity:62:6:64:Infinity:65:6:67:Infinity":1,"s:55:4:68:Infinity":3,"s:57:8:57:Infinity":4,"s:58:8:58:Infinity":5,"s:60:8:60:Infinity":6,"s:61:8:61:Infinity":7,"s:63:8:63:Infinity":8,"s:64:8:64:Infinity":9,"s:66:34:66:Infinity":10,"s:67:8:67:Infinity":11,"f:74:10:74:25":1,"s:75:16:75:Infinity":12,"s:76:22:76:Infinity":13,"s:77:25:77:Infinity":14,"b:79:4:85:Infinity:undefined:undefined:undefined:undefined":2,"s:79:4:85:Infinity":15,"s:80:6:83:Infinity":16,"s:84:6:84:Infinity":17,"f:95:8:95:21":2,"s:96:4:96:Infinity":18,"b:98:4:101:Infinity:undefined:undefined:undefined:undefined":3,"s:98:4:101:Infinity":19,"s:99:6:99:Infinity":20,"s:100:6:100:Infinity":21,"s:104:25:104:Infinity":22,"s:105:20:105:Infinity":23,"s:109:4:112:Infinity":24,"f:121:2:121:18":3,"s:122:4:122:Infinity":25,"b:124:4:127:Infinity:undefined:undefined:undefined:undefined":4,"s:124:4:127:Infinity":26,"s:125:6:125:Infinity":27,"s:126:6:126:Infinity":28,"s:129:4:129:Infinity":29,"f:135:2:135:31":4,"s:136:4:136:Infinity":30,"s:137:4:137:Infinity":31,"f:143:2:143:16":5,"s:144:4:144:Infinity":32,"s:145:4:145:Infinity":33,"f:152:16:152:57":6,"s:153:2:156:Infinity":34}}}
,"/home/runner/work/European-Parliament-MCP-Server/European-Parliament-MCP-Server/src/utils/timeout.ts": {"path":"/home/runner/work/European-Parliament-MCP-Server/European-Parliament-MCP-Server/src/utils/timeout.ts","statementMap":{"0":{"start":{"line":33,"column":4},"end":{"line":33,"column":null}},"1":{"start":{"line":31,"column":20},"end":{"line":31,"column":null}},"2":{"start":{"line":34,"column":4},"end":{"line":34,"column":null}},"3":{"start":{"line":35,"column":4},"end":{"line":35,"column":null}},"4":{"start":{"line":75,"column":25},"end":{"line":84,"column":null}},"5":{"start":{"line":76,"column":4},"end":{"line":83,"column":null}},"6":{"start":{"line":77,"column":6},"end":{"line":82,"column":null}},"7":{"start":{"line":87,"column":2},"end":{"line":94,"column":null}},"8":{"start":{"line":88,"column":4},"end":{"line":88,"column":null}},"9":{"start":{"line":91,"column":4},"end":{"line":93,"column":null}},"10":{"start":{"line":92,"column":6},"end":{"line":92,"column":null}},"11":{"start":{"line":125,"column":21},"end":{"line":125,"column":null}},"12":{"start":{"line":129,"column":25},"end":{"line":139,"column":null}},"13":{"start":{"line":130,"column":4},"end":{"line":138,"column":null}},"14":{"start":{"line":131,"column":6},"end":{"line":131,"column":null}},"15":{"start":{"line":132,"column":6},"end":{"line":137,"column":null}},"16":{"start":{"line":142,"column":2},"end":{"line":150,"column":null}},"17":{"start":{"line":143,"column":19},"end":{"line":143,"column":null}},"18":{"start":{"line":144,"column":4},"end":{"line":144,"column":null}},"19":{"start":{"line":147,"column":4},"end":{"line":149,"column":null}},"20":{"start":{"line":148,"column":6},"end":{"line":148,"column":null}},"21":{"start":{"line":166,"column":2},"end":{"line":168,"column":null}},"22":{"start":{"line":167,"column":4},"end":{"line":167,"column":null}},"23":{"start":{"line":169,"column":2},"end":{"line":171,"column":null}},"24":{"start":{"line":170,"column":4},"end":{"line":170,"column":null}},"25":{"start":{"line":172,"column":2},"end":{"line":174,"column":null}},"26":{"start":{"line":173,"column":4},"end":{"line":173,"column":null}},"27":{"start":{"line":247,"column":6},"end":{"line":247,"column":null}},"28":{"start":{"line":246,"column":33},"end":{"line":246,"column":null}},"29":{"start":{"line":250,"column":2},"end":{"line":250,"column":null}},"30":{"start":{"line":254,"column":2},"end":{"line":282,"column":null}},"31":{"start":{"line":254,"column":21},"end":{"line":254,"column":24}},"32":{"start":{"line":255,"column":4},"end":{"line":281,"column":null}},"33":{"start":{"line":258,"column":21},"end":{"line":260,"column":null}},"34":{"start":{"line":261,"column":6},"end":{"line":261,"column":null}},"35":{"start":{"line":263,"column":6},"end":{"line":263,"column":null}},"36":{"start":{"line":266,"column":6},"end":{"line":268,"column":null}},"37":{"start":{"line":267,"column":8},"end":{"line":267,"column":null}},"38":{"start":{"line":271,"column":6},"end":{"line":273,"column":null}},"39":{"start":{"line":272,"column":8},"end":{"line":272,"column":null}},"40":{"start":{"line":276,"column":6},"end":{"line":280,"column":null}},"41":{"start":{"line":278,"column":22},"end":{"line":278,"column":null}},"42":{"start":{"line":279,"column":8},"end":{"line":279,"column":null}},"43":{"start":{"line":279,"column":37},"end":{"line":279,"column":63}},"44":{"start":{"line":285,"column":2},"end":{"line":285,"column":null}},"45":{"start":{"line":306,"column":2},"end":{"line":306,"column":null}}},"fnMap":{"0":{"name":"(anonymous_0)","decl":{"start":{"line":29,"column":2},"end":{"line":29,"column":null}},"loc":{"start":{"line":32,"column":4},"end":{"line":36,"column":null}},"line":32},"1":{"name":"withTimeout","decl":{"start":{"line":67,"column":22},"end":{"line":67,"column":null}},"loc":{"start":{"line":71,"column":14},"end":{"line":95,"column":null}},"line":71},"2":{"name":"(anonymous_2)","decl":{"start":{"line":75,"column":44},"end":{"line":75,"column":45}},"loc":{"start":{"line":75,"column":59},"end":{"line":84,"column":3}},"line":75},"3":{"name":"(anonymous_3)","decl":{"start":{"line":76,"column":31},"end":{"line":76,"column":37}},"loc":{"start":{"line":76,"column":37},"end":{"line":83,"column":7}},"line":76},"4":{"name":"withTimeoutAndAbort","decl":{"start":{"line":120,"column":22},"end":{"line":120,"column":null}},"loc":{"start":{"line":124,"column":14},"end":{"line":151,"column":null}},"line":124},"5":{"name":"(anonymous_5)","decl":{"start":{"line":129,"column":44},"end":{"line":129,"column":45}},"loc":{"start":{"line":129,"column":59},"end":{"line":139,"column":3}},"line":129},"6":{"name":"(anonymous_6)","decl":{"start":{"line":130,"column":31},"end":{"line":130,"column":37}},"loc":{"start":{"line":130,"column":37},"end":{"line":138,"column":7}},"line":130},"7":{"name":"validateRetryOptions","decl":{"start":{"line":161,"column":9},"end":{"line":161,"column":null}},"loc":{"start":{"line":165,"column":8},"end":{"line":175,"column":null}},"line":165},"8":{"name":"withRetry","decl":{"start":{"line":231,"column":22},"end":{"line":231,"column":null}},"loc":{"start":{"line":240,"column":14},"end":{"line":286,"column":null}},"line":240},"9":{"name":"(anonymous_9)","decl":{"start":{"line":246,"column":18},"end":{"line":246,"column":33}},"loc":{"start":{"line":246,"column":33},"end":{"line":246,"column":null}},"line":246},"10":{"name":"(anonymous_10)","decl":{"start":{"line":279,"column":26},"end":{"line":279,"column":37}},"loc":{"start":{"line":279,"column":37},"end":{"line":279,"column":63}},"line":279},"11":{"name":"isTimeoutError","decl":{"start":{"line":305,"column":16},"end":{"line":305,"column":31}},"loc":{"start":{"line":305,"column":70},"end":{"line":307,"column":null}},"line":305}},"branchMap":{"0":{"loc":{"start":{"line":79,"column":10},"end":{"line":79,"column":null}},"type":"binary-expr","locations":[{"start":{"line":79,"column":10},"end":{"line":79,"column":26}},{"start":{"line":79,"column":26},"end":{"line":79,"column":null}}],"line":79},"1":{"loc":{"start":{"line":91,"column":4},"end":{"line":93,"column":null}},"type":"if","locations":[{"start":{"line":91,"column":4},"end":{"line":93,"column":null}},{"start":{},"end":{}}],"line":91},"2":{"loc":{"start":{"line":134,"column":10},"end":{"line":134,"column":null}},"type":"binary-expr","locations":[{"start":{"line":134,"column":10},"end":{"line":134,"column":26}},{"start":{"line":134,"column":26},"end":{"line":134,"column":null}}],"line":134},"3":{"loc":{"start":{"line":147,"column":4},"end":{"line":149,"column":null}},"type":"if","locations":[{"start":{"line":147,"column":4},"end":{"line":149,"column":null}},{"start":{},"end":{}}],"line":147},"4":{"loc":{"start":{"line":166,"column":2},"end":{"line":168,"column":null}},"type":"if","locations":[{"start":{"line":166,"column":2},"end":{"line":168,"column":null}},{"start":{},"end":{}}],"line":166},"5":{"loc":{"start":{"line":169,"column":2},"end":{"line":171,"column":null}},"type":"if","locations":[{"start":{"line":169,"column":2},"end":{"line":171,"column":null}},{"start":{},"end":{}}],"line":169},"6":{"loc":{"start":{"line":169,"column":6},"end":{"line":169,"column":49}},"type":"binary-expr","locations":[{"start":{"line":169,"column":6},"end":{"line":169,"column":33}},{"start":{"line":169,"column":33},"end":{"line":169,"column":49}}],"line":169},"7":{"loc":{"start":{"line":172,"column":2},"end":{"line":174,"column":null}},"type":"if","locations":[{"start":{"line":172,"column":2},"end":{"line":174,"column":null}},{"start":{},"end":{}}],"line":172},"8":{"loc":{"start":{"line":244,"column":4},"end":{"line":244,"column":null}},"type":"default-arg","locations":[{"start":{"line":244,"column":19},"end":{"line":244,"column":null}}],"line":244},"9":{"loc":{"start":{"line":246,"column":4},"end":{"line":246,"column":null}},"type":"default-arg","locations":[{"start":{"line":246,"column":18},"end":{"line":246,"column":null}}],"line":246},"10":{"loc":{"start":{"line":258,"column":21},"end":{"line":260,"column":null}},"type":"cond-expr","locations":[{"start":{"line":259,"column":10},"end":{"line":259,"column":null}},{"start":{"line":260,"column":10},"end":{"line":260,"column":null}}],"line":258},"11":{"loc":{"start":{"line":266,"column":6},"end":{"line":268,"column":null}},"type":"if","locations":[{"start":{"line":266,"column":6},"end":{"line":268,"column":null}},{"start":{},"end":{}}],"line":266},"12":{"loc":{"start":{"line":271,"column":6},"end":{"line":273,"column":null}},"type":"if","locations":[{"start":{"line":271,"column":6},"end":{"line":273,"column":null}},{"start":{},"end":{}}],"line":271},"13":{"loc":{"start":{"line":276,"column":6},"end":{"line":280,"column":null}},"type":"if","locations":[{"start":{"line":276,"column":6},"end":{"line":280,"column":null}},{"start":{},"end":{}}],"line":276}},"s":{"0":11,"1":11,"2":11,"3":11,"4":17,"5":17,"6":4,"7":17,"8":17,"9":17,"10":17,"11":229,"12":229,"13":229,"14":2,"15":2,"16":229,"17":229,"18":189,"19":229,"20":229,"21":225,"22":1,"23":224,"24":2,"25":222,"26":2,"27":225,"28":7,"29":225,"30":225,"31":225,"32":236,"33":236,"34":187,"35":46,"36":46,"37":2,"38":44,"39":22,"40":22,"41":16,"42":16,"43":16,"44":22,"45":6},"f":{"0":11,"1":17,"2":17,"3":4,"4":229,"5":229,"6":2,"7":225,"8":225,"9":7,"10":16,"11":6},"b":{"0":[4,3],"1":[17,0],"2":[2,1],"3":[229,0],"4":[1,224],"5":[2,222],"6":[224,10],"7":[2,220],"8":[225],"9":[7],"10":[12,224],"11":[2,44],"12":[22,22],"13":[16,6]},"meta":{"lastBranch":14,"lastFunction":12,"lastStatement":46,"seen":{"f:29:2:29:Infinity":0,"s:33:4:33:Infinity":0,"s:31:20:31:Infinity":1,"s:34:4:34:Infinity":2,"s:35:4:35:Infinity":3,"f:67:22:67:Infinity":1,"s:75:25:84:Infinity":4,"f:75:44:75:45":2,"s:76:4:83:Infinity":5,"f:76:31:76:37":3,"s:77:6:82:Infinity":6,"b:79:10:79:26:79:26:79:Infinity":0,"s:87:2:94:Infinity":7,"s:88:4:88:Infinity":8,"b:91:4:93:Infinity:undefined:undefined:undefined:undefined":1,"s:91:4:93:Infinity":9,"s:92:6:92:Infinity":10,"f:120:22:120:Infinity":4,"s:125:21:125:Infinity":11,"s:129:25:139:Infinity":12,"f:129:44:129:45":5,"s:130:4:138:Infinity":13,"f:130:31:130:37":6,"s:131:6:131:Infinity":14,"s:132:6:137:Infinity":15,"b:134:10:134:26:134:26:134:Infinity":2,"s:142:2:150:Infinity":16,"s:143:19:143:Infinity":17,"s:144:4:144:Infinity":18,"b:147:4:149:Infinity:undefined:undefined:undefined:undefined":3,"s:147:4:149:Infinity":19,"s:148:6:148:Infinity":20,"f:161:9:161:Infinity":7,"b:166:2:168:Infinity:undefined:undefined:undefined:undefined":4,"s:166:2:168:Infinity":21,"s:167:4:167:Infinity":22,"b:169:2:171:Infinity:undefined:undefined:undefined:undefined":5,"s:169:2:171:Infinity":23,"b:169:6:169:33:169:33:169:49":6,"s:170:4:170:Infinity":24,"b:172:2:174:Infinity:undefined:undefined:undefined:undefined":7,"s:172:2:174:Infinity":25,"s:173:4:173:Infinity":26,"f:231:22:231:Infinity":8,"s:247:6:247:Infinity":27,"b:244:19:244:Infinity":8,"b:246:18:246:Infinity":9,"f:246:18:246:33":9,"s:246:33:246:Infinity":28,"s:250:2:250:Infinity":29,"s:254:2:282:Infinity":30,"s:254:21:254:24":31,"s:255:4:281:Infinity":32,"s:258:21:260:Infinity":33,"b:259:10:259:Infinity:260:10:260:Infinity":10,"s:261:6:261:Infinity":34,"s:263:6:263:Infinity":35,"b:266:6:268:Infinity:undefined:undefined:undefined:undefined":11,"s:266:6:268:Infinity":36,"s:267:8:267:Infinity":37,"b:271:6:273:Infinity:undefined:undefined:undefined:undefined":12,"s:271:6:273:Infinity":38,"s:272:8:272:Infinity":39,"b:276:6:280:Infinity:undefined:undefined:undefined:undefined":13,"s:276:6:280:Infinity":40,"s:278:22:278:Infinity":41,"s:279:8:279:Infinity":42,"f:279:26:279:37":10,"s:279:37:279:63":43,"s:285:2:285:Infinity":44,"f:305:16:305:31":11,"s:306:2:306:Infinity":45}}}
}
