{"total": {"lines":{"total":5007,"covered":4739,"skipped":0,"pct":94.64},"statements":{"total":5665,"covered":5281,"skipped":0,"pct":93.22},"functions":{"total":1161,"covered":1099,"skipped":0,"pct":94.65},"branches":{"total":3772,"covered":3149,"skipped":0,"pct":83.48},"branchesTrue":{"total":0,"covered":0,"skipped":0,"pct":100}}
,"/home/runner/work/European-Parliament-MCP-Server/European-Parliament-MCP-Server/src/config.ts": {"lines":{"total":12,"covered":12,"skipped":0,"pct":100},"functions":{"total":0,"covered":0,"skipped":0,"pct":100},"statements":{"total":12,"covered":12,"skipped":0,"pct":100},"branches":{"total":8,"covered":6,"skipped":0,"pct":75}}
,"/home/runner/work/European-Parliament-MCP-Server/European-Parliament-MCP-Server/src/index.ts": {"lines":{"total":67,"covered":46,"skipped":0,"pct":68.65},"functions":{"total":15,"covered":11,"skipped":0,"pct":73.33},"statements":{"total":70,"covered":47,"skipped":0,"pct":67.14},"branches":{"total":16,"covered":6,"skipped":0,"pct":37.5}}
,"/home/runner/work/European-Parliament-MCP-Server/European-Parliament-MCP-Server/src/clients/europeanParliamentClient.ts": {"lines":{"total":86,"covered":66,"skipped":0,"pct":76.74},"functions":{"total":62,"covered":48,"skipped":0,"pct":77.41},"statements":{"total":87,"covered":66,"skipped":0,"pct":75.86},"branches":{"total":61,"covered":43,"skipped":0,"pct":70.49}}
,"/home/runner/work/European-Parliament-MCP-Server/European-Parliament-MCP-Server/src/clients/ep/baseClient.ts": {"lines":{"total":168,"covered":165,"skipped":0,"pct":98.21},"functions":{"total":26,"covered":25,"skipped":0,"pct":96.15},"statements":{"total":178,"covered":173,"skipped":0,"pct":97.19},"branches":{"total":120,"covered":112,"skipped":0,"pct":93.33}}
,"/home/runner/work/European-Parliament-MCP-Server/European-Parliament-MCP-Server/src/clients/ep/committeeClient.ts": {"lines":{"total":38,"covered":36,"skipped":0,"pct":94.73},"functions":{"total":9,"covered":8,"skipped":0,"pct":88.88},"statements":{"total":41,"covered":39,"skipped":0,"pct":95.12},"branches":{"total":35,"covered":27,"skipped":0,"pct":77.14}}
,"/home/runner/work/European-Parliament-MCP-Server/European-Parliament-MCP-Server/src/clients/ep/doceoClient.ts": {"lines":{"total":101,"covered":95,"skipped":0,"pct":94.05},"functions":{"total":18,"covered":15,"skipped":0,"pct":83.33},"statements":{"total":110,"covered":102,"skipped":0,"pct":92.72},"branches":{"total":54,"covered":52,"skipped":0,"pct":96.29}}
,"/home/runner/work/European-Parliament-MCP-Server/European-Parliament-MCP-Server/src/clients/ep/doceoXmlParser.ts": {"lines":{"total":140,"covered":139,"skipped":0,"pct":99.28},"functions":{"total":33,"covered":33,"skipped":0,"pct":100},"statements":{"total":156,"covered":154,"skipped":0,"pct":98.71},"branches":{"total":121,"covered":103,"skipped":0,"pct":85.12}}
,"/home/runner/work/European-Parliament-MCP-Server/European-Parliament-MCP-Server/src/clients/ep/documentClient.ts": {"lines":{"total":104,"covered":93,"skipped":0,"pct":89.42},"functions":{"total":29,"covered":23,"skipped":0,"pct":79.31},"statements":{"total":119,"covered":107,"skipped":0,"pct":89.91},"branches":{"total":106,"covered":78,"skipped":0,"pct":73.58}}
,"/home/runner/work/European-Parliament-MCP-Server/European-Parliament-MCP-Server/src/clients/ep/index.ts": {"lines":{"total":0,"covered":0,"skipped":0,"pct":100},"functions":{"total":0,"covered":0,"skipped":0,"pct":100},"statements":{"total":0,"covered":0,"skipped":0,"pct":100},"branches":{"total":0,"covered":0,"skipped":0,"pct":100}}
,"/home/runner/work/European-Parliament-MCP-Server/European-Parliament-MCP-Server/src/clients/ep/jsonLdHelpers.ts": {"lines":{"total":105,"covered":102,"skipped":0,"pct":97.14},"functions":{"total":20,"covered":20,"skipped":0,"pct":100},"statements":{"total":134,"covered":131,"skipped":0,"pct":97.76},"branches":{"total":154,"covered":147,"skipped":0,"pct":95.45}}
,"/home/runner/work/European-Parliament-MCP-Server/European-Parliament-MCP-Server/src/clients/ep/legislativeClient.ts": {"lines":{"total":60,"covered":46,"skipped":0,"pct":76.66},"functions":{"total":17,"covered":14,"skipped":0,"pct":82.35},"statements":{"total":66,"covered":52,"skipped":0,"pct":78.78},"branches":{"total":70,"covered":38,"skipped":0,"pct":54.28}}
,"/home/runner/work/European-Parliament-MCP-Server/European-Parliament-MCP-Server/src/clients/ep/mepClient.ts": {"lines":{"total":123,"covered":116,"skipped":0,"pct":94.3},"functions":{"total":27,"covered":25,"skipped":0,"pct":92.59},"statements":{"total":138,"covered":128,"skipped":0,"pct":92.75},"branches":{"total":110,"covered":78,"skipped":0,"pct":70.9}}
,"/home/runner/work/European-Parliament-MCP-Server/European-Parliament-MCP-Server/src/clients/ep/plenaryClient.ts": {"lines":{"total":103,"covered":97,"skipped":0,"pct":94.17},"functions":{"total":24,"covered":23,"skipped":0,"pct":95.83},"statements":{"total":116,"covered":108,"skipped":0,"pct":93.1},"branches":{"total":108,"covered":82,"skipped":0,"pct":75.92}}
,"/home/runner/work/European-Parliament-MCP-Server/European-Parliament-MCP-Server/src/clients/ep/questionClient.ts": {"lines":{"total":47,"covered":42,"skipped":0,"pct":89.36},"functions":{"total":12,"covered":10,"skipped":0,"pct":83.33},"statements":{"total":54,"covered":48,"skipped":0,"pct":88.88},"branches":{"total":37,"covered":31,"skipped":0,"pct":83.78}}
,"/home/runner/work/European-Parliament-MCP-Server/European-Parliament-MCP-Server/src/clients/ep/transformers.ts": {"lines":{"total":143,"covered":143,"skipped":0,"pct":100},"functions":{"total":27,"covered":27,"skipped":0,"pct":100},"statements":{"total":157,"covered":155,"skipped":0,"pct":98.72},"branches":{"total":205,"covered":195,"skipped":0,"pct":95.12}}
,"/home/runner/work/European-Parliament-MCP-Server/European-Parliament-MCP-Server/src/clients/ep/vocabularyClient.ts": {"lines":{"total":12,"covered":11,"skipped":0,"pct":91.66},"functions":{"total":4,"covered":3,"skipped":0,"pct":75},"statements":{"total":12,"covered":11,"skipped":0,"pct":91.66},"branches":{"total":12,"covered":11,"skipped":0,"pct":91.66}}
,"/home/runner/work/European-Parliament-MCP-Server/European-Parliament-MCP-Server/src/clients/ep/votingClient.ts": {"lines":{"total":66,"covered":64,"skipped":0,"pct":96.96},"functions":{"total":15,"covered":15,"skipped":0,"pct":100},"statements":{"total":76,"covered":72,"skipped":0,"pct":94.73},"branches":{"total":55,"covered":47,"skipped":0,"pct":85.45}}
,"/home/runner/work/European-Parliament-MCP-Server/European-Parliament-MCP-Server/src/data/generatedStats.ts": {"lines":{"total":204,"covered":199,"skipped":0,"pct":97.54},"functions":{"total":75,"covered":74,"skipped":0,"pct":98.66},"statements":{"total":257,"covered":247,"skipped":0,"pct":96.1},"branches":{"total":110,"covered":76,"skipped":0,"pct":69.09}}
,"/home/runner/work/European-Parliament-MCP-Server/European-Parliament-MCP-Server/src/di/container.ts": {"lines":{"total":20,"covered":20,"skipped":0,"pct":100},"functions":{"total":9,"covered":9,"skipped":0,"pct":100},"statements":{"total":23,"covered":23,"skipped":0,"pct":100},"branches":{"total":9,"covered":9,"skipped":0,"pct":100}}
,"/home/runner/work/European-Parliament-MCP-Server/European-Parliament-MCP-Server/src/di/tokens.ts": {"lines":{"total":1,"covered":1,"skipped":0,"pct":100},"functions":{"total":0,"covered":0,"skipped":0,"pct":100},"statements":{"total":1,"covered":1,"skipped":0,"pct":100},"branches":{"total":0,"covered":0,"skipped":0,"pct":100}}
,"/home/runner/work/European-Parliament-MCP-Server/European-Parliament-MCP-Server/src/prompts/index.ts": {"lines":{"total":57,"covered":57,"skipped":0,"pct":100},"functions":{"total":13,"covered":13,"skipped":0,"pct":100},"statements":{"total":58,"covered":58,"skipped":0,"pct":100},"branches":{"total":39,"covered":34,"skipped":0,"pct":87.17}}
,"/home/runner/work/European-Parliament-MCP-Server/European-Parliament-MCP-Server/src/resources/index.ts": {"lines":{"total":117,"covered":111,"skipped":0,"pct":94.87},"functions":{"total":21,"covered":21,"skipped":0,"pct":100},"statements":{"total":121,"covered":115,"skipped":0,"pct":95.04},"branches":{"total":88,"covered":74,"skipped":0,"pct":84.09}}
,"/home/runner/work/European-Parliament-MCP-Server/European-Parliament-MCP-Server/src/schemas/europeanParliament.ts": {"lines":{"total":0,"covered":0,"skipped":0,"pct":100},"functions":{"total":0,"covered":0,"skipped":0,"pct":100},"statements":{"total":0,"covered":0,"skipped":0,"pct":100},"branches":{"total":0,"covered":0,"skipped":0,"pct":100}}
,"/home/runner/work/European-Parliament-MCP-Server/European-Parliament-MCP-Server/src/schemas/ep/activities.ts": {"lines":{"total":12,"covered":12,"skipped":0,"pct":100},"functions":{"total":0,"covered":0,"skipped":0,"pct":100},"statements":{"total":12,"covered":12,"skipped":0,"pct":100},"branches":{"total":0,"covered":0,"skipped":0,"pct":100}}
,"/home/runner/work/European-Parliament-MCP-Server/European-Parliament-MCP-Server/src/schemas/ep/analysis.ts": {"lines":{"total":12,"covered":12,"skipped":0,"pct":100},"functions":{"total":1,"covered":1,"skipped":0,"pct":100},"statements":{"total":12,"covered":12,"skipped":0,"pct":100},"branches":{"total":2,"covered":2,"skipped":0,"pct":100}}
,"/home/runner/work/European-Parliament-MCP-Server/European-Parliament-MCP-Server/src/schemas/ep/committee.ts": {"lines":{"total":3,"covered":3,"skipped":0,"pct":100},"functions":{"total":1,"covered":1,"skipped":0,"pct":100},"statements":{"total":3,"covered":3,"skipped":0,"pct":100},"branches":{"total":3,"covered":3,"skipped":0,"pct":100}}
,"/home/runner/work/European-Parliament-MCP-Server/European-Parliament-MCP-Server/src/schemas/ep/common.ts": {"lines":{"total":10,"covered":10,"skipped":0,"pct":100},"functions":{"total":2,"covered":2,"skipped":0,"pct":100},"statements":{"total":10,"covered":10,"skipped":0,"pct":100},"branches":{"total":4,"covered":4,"skipped":0,"pct":100}}
,"/home/runner/work/European-Parliament-MCP-Server/European-Parliament-MCP-Server/src/schemas/ep/document.ts": {"lines":{"total":9,"covered":9,"skipped":0,"pct":100},"functions":{"total":1,"covered":1,"skipped":0,"pct":100},"statements":{"total":9,"covered":9,"skipped":0,"pct":100},"branches":{"total":2,"covered":2,"skipped":0,"pct":100}}
,"/home/runner/work/European-Parliament-MCP-Server/European-Parliament-MCP-Server/src/schemas/ep/feed.ts": {"lines":{"total":19,"covered":19,"skipped":0,"pct":100},"functions":{"total":1,"covered":1,"skipped":0,"pct":100},"statements":{"total":19,"covered":19,"skipped":0,"pct":100},"branches":{"total":5,"covered":5,"skipped":0,"pct":100}}
,"/home/runner/work/European-Parliament-MCP-Server/European-Parliament-MCP-Server/src/schemas/ep/index.ts": {"lines":{"total":0,"covered":0,"skipped":0,"pct":100},"functions":{"total":0,"covered":0,"skipped":0,"pct":100},"statements":{"total":0,"covered":0,"skipped":0,"pct":100},"branches":{"total":0,"covered":0,"skipped":0,"pct":100}}
,"/home/runner/work/European-Parliament-MCP-Server/European-Parliament-MCP-Server/src/schemas/ep/mep.ts": {"lines":{"total":9,"covered":9,"skipped":0,"pct":100},"functions":{"total":0,"covered":0,"skipped":0,"pct":100},"statements":{"total":9,"covered":9,"skipped":0,"pct":100},"branches":{"total":0,"covered":0,"skipped":0,"pct":100}}
,"/home/runner/work/European-Parliament-MCP-Server/European-Parliament-MCP-Server/src/schemas/ep/plenary.ts": {"lines":{"total":4,"covered":4,"skipped":0,"pct":100},"functions":{"total":0,"covered":0,"skipped":0,"pct":100},"statements":{"total":4,"covered":4,"skipped":0,"pct":100},"branches":{"total":0,"covered":0,"skipped":0,"pct":100}}
,"/home/runner/work/European-Parliament-MCP-Server/European-Parliament-MCP-Server/src/schemas/ep/question.ts": {"lines":{"total":2,"covered":2,"skipped":0,"pct":100},"functions":{"total":0,"covered":0,"skipped":0,"pct":100},"statements":{"total":2,"covered":2,"skipped":0,"pct":100},"branches":{"total":0,"covered":0,"skipped":0,"pct":100}}
,"/home/runner/work/European-Parliament-MCP-Server/European-Parliament-MCP-Server/src/server/cli.ts": {"lines":{"total":32,"covered":32,"skipped":0,"pct":100},"functions":{"total":7,"covered":7,"skipped":0,"pct":100},"statements":{"total":34,"covered":34,"skipped":0,"pct":100},"branches":{"total":22,"covered":20,"skipped":0,"pct":90.9}}
,"/home/runner/work/European-Parliament-MCP-Server/European-Parliament-MCP-Server/src/server/cliUtils.ts": {"lines":{"total":11,"covered":11,"skipped":0,"pct":100},"functions":{"total":2,"covered":2,"skipped":0,"pct":100},"statements":{"total":11,"covered":11,"skipped":0,"pct":100},"branches":{"total":12,"covered":12,"skipped":0,"pct":100}}
,"/home/runner/work/European-Parliament-MCP-Server/European-Parliament-MCP-Server/src/server/toolRegistry.ts": {"lines":{"total":20,"covered":19,"skipped":0,"pct":95},"functions":{"total":3,"covered":3,"skipped":0,"pct":100},"statements":{"total":20,"covered":19,"skipped":0,"pct":95},"branches":{"total":12,"covered":10,"skipped":0,"pct":83.33}}
,"/home/runner/work/European-Parliament-MCP-Server/European-Parliament-MCP-Server/src/services/FeedHealthTracker.ts": {"lines":{"total":40,"covered":40,"skipped":0,"pct":100},"functions":{"total":10,"covered":10,"skipped":0,"pct":100},"statements":{"total":48,"covered":48,"skipped":0,"pct":100},"branches":{"total":20,"covered":20,"skipped":0,"pct":100}}
,"/home/runner/work/European-Parliament-MCP-Server/European-Parliament-MCP-Server/src/services/HealthService.ts": {"lines":{"total":24,"covered":24,"skipped":0,"pct":100},"functions":{"total":6,"covered":6,"skipped":0,"pct":100},"statements":{"total":24,"covered":24,"skipped":0,"pct":100},"branches":{"total":18,"covered":18,"skipped":0,"pct":100}}
,"/home/runner/work/European-Parliament-MCP-Server/European-Parliament-MCP-Server/src/services/MetricsService.ts": {"lines":{"total":74,"covered":72,"skipped":0,"pct":97.29},"functions":{"total":14,"covered":14,"skipped":0,"pct":100},"statements":{"total":75,"covered":73,"skipped":0,"pct":97.33},"branches":{"total":48,"covered":36,"skipped":0,"pct":75}}
,"/home/runner/work/European-Parliament-MCP-Server/European-Parliament-MCP-Server/src/tools/analyzeCoalitionDynamics.ts": {"lines":{"total":189,"covered":186,"skipped":0,"pct":98.41},"functions":{"total":36,"covered":35,"skipped":0,"pct":97.22},"statements":{"total":220,"covered":208,"skipped":0,"pct":94.54},"branches":{"total":146,"covered":125,"skipped":0,"pct":85.61}}
,"/home/runner/work/European-Parliament-MCP-Server/European-Parliament-MCP-Server/src/tools/analyzeCommitteeActivity.ts": {"lines":{"total":38,"covered":38,"skipped":0,"pct":100},"functions":{"total":10,"covered":10,"skipped":0,"pct":100},"statements":{"total":45,"covered":42,"skipped":0,"pct":93.33},"branches":{"total":35,"covered":29,"skipped":0,"pct":82.85}}
,"/home/runner/work/European-Parliament-MCP-Server/European-Parliament-MCP-Server/src/tools/analyzeCountryDelegation.ts": {"lines":{"total":73,"covered":73,"skipped":0,"pct":100},"functions":{"total":17,"covered":17,"skipped":0,"pct":100},"statements":{"total":86,"covered":83,"skipped":0,"pct":96.51},"branches":{"total":46,"covered":40,"skipped":0,"pct":86.95}}
,"/home/runner/work/European-Parliament-MCP-Server/European-Parliament-MCP-Server/src/tools/analyzeLegislativeEffectiveness.ts": {"lines":{"total":41,"covered":41,"skipped":0,"pct":100},"functions":{"total":9,"covered":9,"skipped":0,"pct":100},"statements":{"total":48,"covered":47,"skipped":0,"pct":97.91},"branches":{"total":30,"covered":26,"skipped":0,"pct":86.66}}
,"/home/runner/work/European-Parliament-MCP-Server/European-Parliament-MCP-Server/src/tools/analyzeVotingPatterns.ts": {"lines":{"total":20,"covered":20,"skipped":0,"pct":100},"functions":{"total":4,"covered":4,"skipped":0,"pct":100},"statements":{"total":22,"covered":22,"skipped":0,"pct":100},"branches":{"total":18,"covered":16,"skipped":0,"pct":88.88}}
,"/home/runner/work/European-Parliament-MCP-Server/European-Parliament-MCP-Server/src/tools/assessMepInfluence.ts": {"lines":{"total":71,"covered":70,"skipped":0,"pct":98.59},"functions":{"total":16,"covered":16,"skipped":0,"pct":100},"statements":{"total":79,"covered":75,"skipped":0,"pct":94.93},"branches":{"total":45,"covered":39,"skipped":0,"pct":86.66}}
,"/home/runner/work/European-Parliament-MCP-Server/European-Parliament-MCP-Server/src/tools/comparativeIntelligence.ts": {"lines":{"total":187,"covered":181,"skipped":0,"pct":96.79},"functions":{"total":51,"covered":48,"skipped":0,"pct":94.11},"statements":{"total":226,"covered":212,"skipped":0,"pct":93.8},"branches":{"total":126,"covered":86,"skipped":0,"pct":68.25}}
,"/home/runner/work/European-Parliament-MCP-Server/European-Parliament-MCP-Server/src/tools/comparePoliticalGroups.ts": {"lines":{"total":37,"covered":37,"skipped":0,"pct":100},"functions":{"total":20,"covered":20,"skipped":0,"pct":100},"statements":{"total":47,"covered":47,"skipped":0,"pct":100},"branches":{"total":16,"covered":13,"skipped":0,"pct":81.25}}
,"/home/runner/work/European-Parliament-MCP-Server/European-Parliament-MCP-Server/src/tools/correlateIntelligence.ts": {"lines":{"total":161,"covered":148,"skipped":0,"pct":91.92},"functions":{"total":38,"covered":37,"skipped":0,"pct":97.36},"statements":{"total":188,"covered":172,"skipped":0,"pct":91.48},"branches":{"total":122,"covered":100,"skipped":0,"pct":81.96}}
,"/home/runner/work/European-Parliament-MCP-Server/European-Parliament-MCP-Server/src/tools/detectVotingAnomalies.ts": {"lines":{"total":73,"covered":66,"skipped":0,"pct":90.41},"functions":{"total":18,"covered":17,"skipped":0,"pct":94.44},"statements":{"total":90,"covered":75,"skipped":0,"pct":83.33},"branches":{"total":69,"covered":50,"skipped":0,"pct":72.46}}
,"/home/runner/work/European-Parliament-MCP-Server/European-Parliament-MCP-Server/src/tools/earlyWarningSystem.ts": {"lines":{"total":103,"covered":99,"skipped":0,"pct":96.11},"functions":{"total":39,"covered":38,"skipped":0,"pct":97.43},"statements":{"total":136,"covered":123,"skipped":0,"pct":90.44},"branches":{"total":78,"covered":58,"skipped":0,"pct":74.35}}
,"/home/runner/work/European-Parliament-MCP-Server/European-Parliament-MCP-Server/src/tools/generatePoliticalLandscape.ts": {"lines":{"total":81,"covered":77,"skipped":0,"pct":95.06},"functions":{"total":11,"covered":11,"skipped":0,"pct":100},"statements":{"total":91,"covered":84,"skipped":0,"pct":92.3},"branches":{"total":58,"covered":50,"skipped":0,"pct":86.2}}
,"/home/runner/work/European-Parliament-MCP-Server/European-Parliament-MCP-Server/src/tools/generateReport.ts": {"lines":{"total":0,"covered":0,"skipped":0,"pct":100},"functions":{"total":0,"covered":0,"skipped":0,"pct":100},"statements":{"total":0,"covered":0,"skipped":0,"pct":100},"branches":{"total":0,"covered":0,"skipped":0,"pct":100}}
,"/home/runner/work/European-Parliament-MCP-Server/European-Parliament-MCP-Server/src/tools/getAdoptedTexts.ts": {"lines":{"total":20,"covered":19,"skipped":0,"pct":95},"functions":{"total":2,"covered":2,"skipped":0,"pct":100},"statements":{"total":22,"covered":21,"skipped":0,"pct":95.45},"branches":{"total":14,"covered":13,"skipped":0,"pct":92.85}}
,"/home/runner/work/European-Parliament-MCP-Server/European-Parliament-MCP-Server/src/tools/getAdoptedTextsFeed.ts": {"lines":{"total":46,"covered":45,"skipped":0,"pct":97.82},"functions":{"total":5,"covered":5,"skipped":0,"pct":100},"statements":{"total":55,"covered":51,"skipped":0,"pct":92.72},"branches":{"total":34,"covered":27,"skipped":0,"pct":79.41}}
,"/home/runner/work/European-Parliament-MCP-Server/European-Parliament-MCP-Server/src/tools/getAllGeneratedStats.ts": {"lines":{"total":86,"covered":85,"skipped":0,"pct":98.83},"functions":{"total":29,"covered":29,"skipped":0,"pct":100},"statements":{"total":103,"covered":101,"skipped":0,"pct":98.05},"branches":{"total":68,"covered":60,"skipped":0,"pct":88.23}}
,"/home/runner/work/European-Parliament-MCP-Server/European-Parliament-MCP-Server/src/tools/getCommitteeDocuments.ts": {"lines":{"total":15,"covered":14,"skipped":0,"pct":93.33},"functions":{"total":2,"covered":2,"skipped":0,"pct":100},"statements":{"total":16,"covered":15,"skipped":0,"pct":93.75},"branches":{"total":4,"covered":3,"skipped":0,"pct":75}}
,"/home/runner/work/European-Parliament-MCP-Server/European-Parliament-MCP-Server/src/tools/getCommitteeDocumentsFeed.ts": {"lines":{"total":14,"covered":10,"skipped":0,"pct":71.42},"functions":{"total":2,"covered":1,"skipped":0,"pct":50},"statements":{"total":16,"covered":11,"skipped":0,"pct":68.75},"branches":{"total":6,"covered":4,"skipped":0,"pct":66.66}}
,"/home/runner/work/European-Parliament-MCP-Server/European-Parliament-MCP-Server/src/tools/getCommitteeInfo.ts": {"lines":{"total":21,"covered":18,"skipped":0,"pct":85.71},"functions":{"total":3,"covered":2,"skipped":0,"pct":66.66},"statements":{"total":23,"covered":19,"skipped":0,"pct":82.6},"branches":{"total":6,"covered":4,"skipped":0,"pct":66.66}}
,"/home/runner/work/European-Parliament-MCP-Server/European-Parliament-MCP-Server/src/tools/getControlledVocabularies.ts": {"lines":{"total":14,"covered":13,"skipped":0,"pct":92.85},"functions":{"total":2,"covered":2,"skipped":0,"pct":100},"statements":{"total":15,"covered":14,"skipped":0,"pct":93.33},"branches":{"total":4,"covered":3,"skipped":0,"pct":75}}
,"/home/runner/work/European-Parliament-MCP-Server/European-Parliament-MCP-Server/src/tools/getControlledVocabulariesFeed.ts": {"lines":{"total":14,"covered":10,"skipped":0,"pct":71.42},"functions":{"total":2,"covered":1,"skipped":0,"pct":50},"statements":{"total":16,"covered":11,"skipped":0,"pct":68.75},"branches":{"total":6,"covered":4,"skipped":0,"pct":66.66}}
,"/home/runner/work/European-Parliament-MCP-Server/European-Parliament-MCP-Server/src/tools/getCorporateBodiesFeed.ts": {"lines":{"total":14,"covered":10,"skipped":0,"pct":71.42},"functions":{"total":2,"covered":1,"skipped":0,"pct":50},"statements":{"total":16,"covered":11,"skipped":0,"pct":68.75},"branches":{"total":6,"covered":4,"skipped":0,"pct":66.66}}
,"/home/runner/work/European-Parliament-MCP-Server/European-Parliament-MCP-Server/src/tools/getCurrentMEPs.ts": {"lines":{"total":11,"covered":10,"skipped":0,"pct":90.9},"functions":{"total":2,"covered":2,"skipped":0,"pct":100},"statements":{"total":12,"covered":11,"skipped":0,"pct":91.66},"branches":{"total":2,"covered":1,"skipped":0,"pct":50}}
,"/home/runner/work/European-Parliament-MCP-Server/European-Parliament-MCP-Server/src/tools/getDocumentsFeed.ts": {"lines":{"total":14,"covered":10,"skipped":0,"pct":71.42},"functions":{"total":2,"covered":1,"skipped":0,"pct":50},"statements":{"total":16,"covered":11,"skipped":0,"pct":68.75},"branches":{"total":6,"covered":4,"skipped":0,"pct":66.66}}
,"/home/runner/work/European-Parliament-MCP-Server/European-Parliament-MCP-Server/src/tools/getEvents.ts": {"lines":{"total":15,"covered":14,"skipped":0,"pct":93.33},"functions":{"total":2,"covered":2,"skipped":0,"pct":100},"statements":{"total":16,"covered":15,"skipped":0,"pct":93.75},"branches":{"total":4,"covered":3,"skipped":0,"pct":75}}
,"/home/runner/work/European-Parliament-MCP-Server/European-Parliament-MCP-Server/src/tools/getEventsFeed.ts": {"lines":{"total":18,"covered":17,"skipped":0,"pct":94.44},"functions":{"total":2,"covered":2,"skipped":0,"pct":100},"statements":{"total":22,"covered":21,"skipped":0,"pct":95.45},"branches":{"total":10,"covered":9,"skipped":0,"pct":90}}
,"/home/runner/work/European-Parliament-MCP-Server/European-Parliament-MCP-Server/src/tools/getExternalDocuments.ts": {"lines":{"total":15,"covered":14,"skipped":0,"pct":93.33},"functions":{"total":2,"covered":2,"skipped":0,"pct":100},"statements":{"total":16,"covered":15,"skipped":0,"pct":93.75},"branches":{"total":4,"covered":3,"skipped":0,"pct":75}}
,"/home/runner/work/European-Parliament-MCP-Server/European-Parliament-MCP-Server/src/tools/getExternalDocumentsFeed.ts": {"lines":{"total":16,"covered":15,"skipped":0,"pct":93.75},"functions":{"total":2,"covered":2,"skipped":0,"pct":100},"statements":{"total":20,"covered":19,"skipped":0,"pct":95},"branches":{"total":8,"covered":7,"skipped":0,"pct":87.5}}
,"/home/runner/work/European-Parliament-MCP-Server/European-Parliament-MCP-Server/src/tools/getHomonymMEPs.ts": {"lines":{"total":11,"covered":10,"skipped":0,"pct":90.9},"functions":{"total":2,"covered":2,"skipped":0,"pct":100},"statements":{"total":12,"covered":11,"skipped":0,"pct":91.66},"branches":{"total":2,"covered":1,"skipped":0,"pct":50}}
,"/home/runner/work/European-Parliament-MCP-Server/European-Parliament-MCP-Server/src/tools/getIncomingMEPs.ts": {"lines":{"total":11,"covered":10,"skipped":0,"pct":90.9},"functions":{"total":2,"covered":2,"skipped":0,"pct":100},"statements":{"total":12,"covered":11,"skipped":0,"pct":91.66},"branches":{"total":2,"covered":1,"skipped":0,"pct":50}}
,"/home/runner/work/European-Parliament-MCP-Server/European-Parliament-MCP-Server/src/tools/getLatestVotes.ts": {"lines":{"total":18,"covered":18,"skipped":0,"pct":100},"functions":{"total":5,"covered":5,"skipped":0,"pct":100},"statements":{"total":18,"covered":18,"skipped":0,"pct":100},"branches":{"total":10,"covered":9,"skipped":0,"pct":90}}
,"/home/runner/work/European-Parliament-MCP-Server/European-Parliament-MCP-Server/src/tools/getMEPDeclarations.ts": {"lines":{"total":16,"covered":15,"skipped":0,"pct":93.75},"functions":{"total":2,"covered":2,"skipped":0,"pct":100},"statements":{"total":18,"covered":17,"skipped":0,"pct":94.44},"branches":{"total":6,"covered":5,"skipped":0,"pct":83.33}}
,"/home/runner/work/European-Parliament-MCP-Server/European-Parliament-MCP-Server/src/tools/getMEPDeclarationsFeed.ts": {"lines":{"total":16,"covered":15,"skipped":0,"pct":93.75},"functions":{"total":2,"covered":2,"skipped":0,"pct":100},"statements":{"total":20,"covered":19,"skipped":0,"pct":95},"branches":{"total":8,"covered":7,"skipped":0,"pct":87.5}}
,"/home/runner/work/European-Parliament-MCP-Server/European-Parliament-MCP-Server/src/tools/getMEPDetails.ts": {"lines":{"total":15,"covered":12,"skipped":0,"pct":80},"functions":{"total":3,"covered":2,"skipped":0,"pct":66.66},"statements":{"total":17,"covered":13,"skipped":0,"pct":76.47},"branches":{"total":4,"covered":2,"skipped":0,"pct":50}}
,"/home/runner/work/European-Parliament-MCP-Server/European-Parliament-MCP-Server/src/tools/getMEPs.ts": {"lines":{"total":17,"covered":14,"skipped":0,"pct":82.35},"functions":{"total":3,"covered":2,"skipped":0,"pct":66.66},"statements":{"total":19,"covered":15,"skipped":0,"pct":78.94},"branches":{"total":4,"covered":2,"skipped":0,"pct":50}}
,"/home/runner/work/European-Parliament-MCP-Server/European-Parliament-MCP-Server/src/tools/getMEPsFeed.ts": {"lines":{"total":21,"covered":20,"skipped":0,"pct":95.23},"functions":{"total":3,"covered":3,"skipped":0,"pct":100},"statements":{"total":25,"covered":24,"skipped":0,"pct":96},"branches":{"total":12,"covered":9,"skipped":0,"pct":75}}
,"/home/runner/work/European-Parliament-MCP-Server/European-Parliament-MCP-Server/src/tools/getMeetingActivities.ts": {"lines":{"total":11,"covered":10,"skipped":0,"pct":90.9},"functions":{"total":2,"covered":2,"skipped":0,"pct":100},"statements":{"total":12,"covered":11,"skipped":0,"pct":91.66},"branches":{"total":2,"covered":1,"skipped":0,"pct":50}}
,"/home/runner/work/European-Parliament-MCP-Server/European-Parliament-MCP-Server/src/tools/getMeetingDecisions.ts": {"lines":{"total":11,"covered":10,"skipped":0,"pct":90.9},"functions":{"total":2,"covered":2,"skipped":0,"pct":100},"statements":{"total":12,"covered":11,"skipped":0,"pct":91.66},"branches":{"total":2,"covered":1,"skipped":0,"pct":50}}
,"/home/runner/work/European-Parliament-MCP-Server/European-Parliament-MCP-Server/src/tools/getMeetingForeseenActivities.ts": {"lines":{"total":11,"covered":10,"skipped":0,"pct":90.9},"functions":{"total":2,"covered":2,"skipped":0,"pct":100},"statements":{"total":12,"covered":11,"skipped":0,"pct":91.66},"branches":{"total":2,"covered":1,"skipped":0,"pct":50}}
,"/home/runner/work/European-Parliament-MCP-Server/European-Parliament-MCP-Server/src/tools/getMeetingPlenarySessionDocumentItems.ts": {"lines":{"total":11,"covered":10,"skipped":0,"pct":90.9},"functions":{"total":2,"covered":2,"skipped":0,"pct":100},"statements":{"total":12,"covered":11,"skipped":0,"pct":91.66},"branches":{"total":2,"covered":1,"skipped":0,"pct":50}}
,"/home/runner/work/European-Parliament-MCP-Server/European-Parliament-MCP-Server/src/tools/getMeetingPlenarySessionDocuments.ts": {"lines":{"total":11,"covered":10,"skipped":0,"pct":90.9},"functions":{"total":2,"covered":2,"skipped":0,"pct":100},"statements":{"total":12,"covered":11,"skipped":0,"pct":91.66},"branches":{"total":2,"covered":1,"skipped":0,"pct":50}}
,"/home/runner/work/European-Parliament-MCP-Server/European-Parliament-MCP-Server/src/tools/getOutgoingMEPs.ts": {"lines":{"total":11,"covered":10,"skipped":0,"pct":90.9},"functions":{"total":2,"covered":2,"skipped":0,"pct":100},"statements":{"total":12,"covered":11,"skipped":0,"pct":91.66},"branches":{"total":2,"covered":1,"skipped":0,"pct":50}}
,"/home/runner/work/European-Parliament-MCP-Server/European-Parliament-MCP-Server/src/tools/getParliamentaryQuestions.ts": {"lines":{"total":21,"covered":18,"skipped":0,"pct":85.71},"functions":{"total":3,"covered":2,"skipped":0,"pct":66.66},"statements":{"total":23,"covered":19,"skipped":0,"pct":82.6},"branches":{"total":6,"covered":4,"skipped":0,"pct":66.66}}
,"/home/runner/work/European-Parliament-MCP-Server/European-Parliament-MCP-Server/src/tools/getParliamentaryQuestionsFeed.ts": {"lines":{"total":14,"covered":10,"skipped":0,"pct":71.42},"functions":{"total":2,"covered":1,"skipped":0,"pct":50},"statements":{"total":16,"covered":11,"skipped":0,"pct":68.75},"branches":{"total":6,"covered":4,"skipped":0,"pct":66.66}}
,"/home/runner/work/European-Parliament-MCP-Server/European-Parliament-MCP-Server/src/tools/getPlenaryDocuments.ts": {"lines":{"total":16,"covered":15,"skipped":0,"pct":93.75},"functions":{"total":2,"covered":2,"skipped":0,"pct":100},"statements":{"total":18,"covered":17,"skipped":0,"pct":94.44},"branches":{"total":6,"covered":5,"skipped":0,"pct":83.33}}
,"/home/runner/work/European-Parliament-MCP-Server/European-Parliament-MCP-Server/src/tools/getPlenaryDocumentsFeed.ts": {"lines":{"total":14,"covered":10,"skipped":0,"pct":71.42},"functions":{"total":2,"covered":1,"skipped":0,"pct":50},"statements":{"total":16,"covered":11,"skipped":0,"pct":68.75},"branches":{"total":6,"covered":4,"skipped":0,"pct":66.66}}
,"/home/runner/work/European-Parliament-MCP-Server/European-Parliament-MCP-Server/src/tools/getPlenarySessionDocumentItems.ts": {"lines":{"total":13,"covered":12,"skipped":0,"pct":92.3},"functions":{"total":2,"covered":2,"skipped":0,"pct":100},"statements":{"total":14,"covered":13,"skipped":0,"pct":92.85},"branches":{"total":4,"covered":3,"skipped":0,"pct":75}}
,"/home/runner/work/European-Parliament-MCP-Server/European-Parliament-MCP-Server/src/tools/getPlenarySessionDocuments.ts": {"lines":{"total":14,"covered":13,"skipped":0,"pct":92.85},"functions":{"total":2,"covered":2,"skipped":0,"pct":100},"statements":{"total":15,"covered":14,"skipped":0,"pct":93.33},"branches":{"total":4,"covered":3,"skipped":0,"pct":75}}
,"/home/runner/work/European-Parliament-MCP-Server/European-Parliament-MCP-Server/src/tools/getPlenarySessionDocumentsFeed.ts": {"lines":{"total":14,"covered":10,"skipped":0,"pct":71.42},"functions":{"total":2,"covered":1,"skipped":0,"pct":50},"statements":{"total":16,"covered":11,"skipped":0,"pct":68.75},"branches":{"total":6,"covered":4,"skipped":0,"pct":66.66}}
,"/home/runner/work/European-Parliament-MCP-Server/European-Parliament-MCP-Server/src/tools/getPlenarySessions.ts": {"lines":{"total":31,"covered":28,"skipped":0,"pct":90.32},"functions":{"total":4,"covered":3,"skipped":0,"pct":75},"statements":{"total":36,"covered":30,"skipped":0,"pct":83.33},"branches":{"total":24,"covered":19,"skipped":0,"pct":79.16}}
,"/home/runner/work/European-Parliament-MCP-Server/European-Parliament-MCP-Server/src/tools/getProcedureEventById.ts": {"lines":{"total":11,"covered":10,"skipped":0,"pct":90.9},"functions":{"total":2,"covered":2,"skipped":0,"pct":100},"statements":{"total":12,"covered":11,"skipped":0,"pct":91.66},"branches":{"total":2,"covered":1,"skipped":0,"pct":50}}
,"/home/runner/work/European-Parliament-MCP-Server/European-Parliament-MCP-Server/src/tools/getProcedureEvents.ts": {"lines":{"total":11,"covered":10,"skipped":0,"pct":90.9},"functions":{"total":2,"covered":2,"skipped":0,"pct":100},"statements":{"total":12,"covered":11,"skipped":0,"pct":91.66},"branches":{"total":2,"covered":1,"skipped":0,"pct":50}}
,"/home/runner/work/European-Parliament-MCP-Server/European-Parliament-MCP-Server/src/tools/getProcedures.ts": {"lines":{"total":17,"covered":16,"skipped":0,"pct":94.11},"functions":{"total":2,"covered":2,"skipped":0,"pct":100},"statements":{"total":18,"covered":17,"skipped":0,"pct":94.44},"branches":{"total":9,"covered":8,"skipped":0,"pct":88.88}}
,"/home/runner/work/European-Parliament-MCP-Server/European-Parliament-MCP-Server/src/tools/getProceduresFeed.ts": {"lines":{"total":76,"covered":73,"skipped":0,"pct":96.05},"functions":{"total":8,"covered":8,"skipped":0,"pct":100},"statements":{"total":89,"covered":84,"skipped":0,"pct":94.38},"branches":{"total":80,"covered":65,"skipped":0,"pct":81.25}}
,"/home/runner/work/European-Parliament-MCP-Server/European-Parliament-MCP-Server/src/tools/getServerHealth.ts": {"lines":{"total":32,"covered":29,"skipped":0,"pct":90.62},"functions":{"total":4,"covered":4,"skipped":0,"pct":100},"statements":{"total":34,"covered":31,"skipped":0,"pct":91.17},"branches":{"total":18,"covered":15,"skipped":0,"pct":83.33}}
,"/home/runner/work/European-Parliament-MCP-Server/European-Parliament-MCP-Server/src/tools/getSpeeches.ts": {"lines":{"total":15,"covered":14,"skipped":0,"pct":93.33},"functions":{"total":2,"covered":2,"skipped":0,"pct":100},"statements":{"total":16,"covered":15,"skipped":0,"pct":93.75},"branches":{"total":4,"covered":3,"skipped":0,"pct":75}}
,"/home/runner/work/European-Parliament-MCP-Server/European-Parliament-MCP-Server/src/tools/getVotingRecords.ts": {"lines":{"total":20,"covered":17,"skipped":0,"pct":85},"functions":{"total":3,"covered":3,"skipped":0,"pct":100},"statements":{"total":20,"covered":17,"skipped":0,"pct":85},"branches":{"total":6,"covered":4,"skipped":0,"pct":66.66}}
,"/home/runner/work/European-Parliament-MCP-Server/European-Parliament-MCP-Server/src/tools/monitorLegislativePipeline.ts": {"lines":{"total":114,"covered":110,"skipped":0,"pct":96.49},"functions":{"total":30,"covered":30,"skipped":0,"pct":100},"statements":{"total":139,"covered":128,"skipped":0,"pct":92.08},"branches":{"total":125,"covered":110,"skipped":0,"pct":88}}
,"/home/runner/work/European-Parliament-MCP-Server/European-Parliament-MCP-Server/src/tools/networkAnalysis.ts": {"lines":{"total":80,"covered":73,"skipped":0,"pct":91.25},"functions":{"total":26,"covered":23,"skipped":0,"pct":88.46},"statements":{"total":102,"covered":87,"skipped":0,"pct":85.29},"branches":{"total":60,"covered":43,"skipped":0,"pct":71.66}}
,"/home/runner/work/European-Parliament-MCP-Server/European-Parliament-MCP-Server/src/tools/searchDocuments.ts": {"lines":{"total":21,"covered":16,"skipped":0,"pct":76.19},"functions":{"total":3,"covered":2,"skipped":0,"pct":66.66},"statements":{"total":23,"covered":17,"skipped":0,"pct":73.91},"branches":{"total":8,"covered":5,"skipped":0,"pct":62.5}}
,"/home/runner/work/European-Parliament-MCP-Server/European-Parliament-MCP-Server/src/tools/sentimentTracker.ts": {"lines":{"total":65,"covered":61,"skipped":0,"pct":93.84},"functions":{"total":22,"covered":22,"skipped":0,"pct":100},"statements":{"total":83,"covered":78,"skipped":0,"pct":93.97},"branches":{"total":54,"covered":37,"skipped":0,"pct":68.51}}
,"/home/runner/work/European-Parliament-MCP-Server/European-Parliament-MCP-Server/src/tools/trackLegislation.ts": {"lines":{"total":0,"covered":0,"skipped":0,"pct":100},"functions":{"total":0,"covered":0,"skipped":0,"pct":100},"statements":{"total":0,"covered":0,"skipped":0,"pct":100},"branches":{"total":0,"covered":0,"skipped":0,"pct":100}}
,"/home/runner/work/European-Parliament-MCP-Server/European-Parliament-MCP-Server/src/tools/trackMepAttendance.ts": {"lines":{"total":86,"covered":85,"skipped":0,"pct":98.83},"functions":{"total":20,"covered":20,"skipped":0,"pct":100},"statements":{"total":107,"covered":104,"skipped":0,"pct":97.19},"branches":{"total":84,"covered":78,"skipped":0,"pct":92.85}}
,"/home/runner/work/European-Parliament-MCP-Server/European-Parliament-MCP-Server/src/tools/generateReport/index.ts": {"lines":{"total":10,"covered":9,"skipped":0,"pct":90},"functions":{"total":1,"covered":1,"skipped":0,"pct":100},"statements":{"total":10,"covered":9,"skipped":0,"pct":90},"branches":{"total":2,"covered":1,"skipped":0,"pct":50}}
,"/home/runner/work/European-Parliament-MCP-Server/European-Parliament-MCP-Server/src/tools/generateReport/reportBuilders.ts": {"lines":{"total":20,"covered":20,"skipped":0,"pct":100},"functions":{"total":12,"covered":12,"skipped":0,"pct":100},"statements":{"total":22,"covered":22,"skipped":0,"pct":100},"branches":{"total":24,"covered":24,"skipped":0,"pct":100}}
,"/home/runner/work/European-Parliament-MCP-Server/European-Parliament-MCP-Server/src/tools/generateReport/reportGenerators.ts": {"lines":{"total":120,"covered":114,"skipped":0,"pct":95},"functions":{"total":20,"covered":20,"skipped":0,"pct":100},"statements":{"total":124,"covered":116,"skipped":0,"pct":93.54},"branches":{"total":99,"covered":83,"skipped":0,"pct":83.83}}
,"/home/runner/work/European-Parliament-MCP-Server/European-Parliament-MCP-Server/src/tools/shared/errorClassifier.ts": {"lines":{"total":53,"covered":52,"skipped":0,"pct":98.11},"functions":{"total":8,"covered":8,"skipped":0,"pct":100},"statements":{"total":54,"covered":53,"skipped":0,"pct":98.14},"branches":{"total":51,"covered":49,"skipped":0,"pct":96.07}}
,"/home/runner/work/European-Parliament-MCP-Server/European-Parliament-MCP-Server/src/tools/shared/errorHandler.ts": {"lines":{"total":32,"covered":32,"skipped":0,"pct":100},"functions":{"total":7,"covered":7,"skipped":0,"pct":100},"statements":{"total":38,"covered":38,"skipped":0,"pct":100},"branches":{"total":45,"covered":44,"skipped":0,"pct":97.77}}
,"/home/runner/work/European-Parliament-MCP-Server/European-Parliament-MCP-Server/src/tools/shared/errors.ts": {"lines":{"total":13,"covered":13,"skipped":0,"pct":100},"functions":{"total":1,"covered":1,"skipped":0,"pct":100},"statements":{"total":13,"covered":13,"skipped":0,"pct":100},"branches":{"total":10,"covered":10,"skipped":0,"pct":100}}
,"/home/runner/work/European-Parliament-MCP-Server/European-Parliament-MCP-Server/src/tools/shared/feedUtils.ts": {"lines":{"total":25,"covered":25,"skipped":0,"pct":100},"functions":{"total":6,"covered":6,"skipped":0,"pct":100},"statements":{"total":25,"covered":25,"skipped":0,"pct":100},"branches":{"total":31,"covered":30,"skipped":0,"pct":96.77}}
,"/home/runner/work/European-Parliament-MCP-Server/European-Parliament-MCP-Server/src/tools/shared/paramBuilder.ts": {"lines":{"total":6,"covered":6,"skipped":0,"pct":100},"functions":{"total":1,"covered":1,"skipped":0,"pct":100},"statements":{"total":6,"covered":6,"skipped":0,"pct":100},"branches":{"total":5,"covered":5,"skipped":0,"pct":100}}
,"/home/runner/work/European-Parliament-MCP-Server/European-Parliament-MCP-Server/src/tools/shared/responseBuilder.ts": {"lines":{"total":11,"covered":11,"skipped":0,"pct":100},"functions":{"total":2,"covered":2,"skipped":0,"pct":100},"statements":{"total":11,"covered":11,"skipped":0,"pct":100},"branches":{"total":8,"covered":8,"skipped":0,"pct":100}}
,"/home/runner/work/European-Parliament-MCP-Server/European-Parliament-MCP-Server/src/tools/trackLegislation/index.ts": {"lines":{"total":25,"covered":24,"skipped":0,"pct":96},"functions":{"total":3,"covered":3,"skipped":0,"pct":100},"statements":{"total":25,"covered":24,"skipped":0,"pct":96},"branches":{"total":8,"covered":7,"skipped":0,"pct":87.5}}
,"/home/runner/work/European-Parliament-MCP-Server/European-Parliament-MCP-Server/src/tools/trackLegislation/procedureTracker.ts": {"lines":{"total":52,"covered":52,"skipped":0,"pct":100},"functions":{"total":13,"covered":13,"skipped":0,"pct":100},"statements":{"total":57,"covered":57,"skipped":0,"pct":100},"branches":{"total":62,"covered":60,"skipped":0,"pct":96.77}}
,"/home/runner/work/European-Parliament-MCP-Server/European-Parliament-MCP-Server/src/utils/auditLogger.ts": {"lines":{"total":54,"covered":54,"skipped":0,"pct":100},"functions":{"total":16,"covered":16,"skipped":0,"pct":100},"statements":{"total":54,"covered":54,"skipped":0,"pct":100},"branches":{"total":41,"covered":41,"skipped":0,"pct":100}}
,"/home/runner/work/European-Parliament-MCP-Server/European-Parliament-MCP-Server/src/utils/auditSink.ts": {"lines":{"total":44,"covered":44,"skipped":0,"pct":100},"functions":{"total":23,"covered":23,"skipped":0,"pct":100},"statements":{"total":47,"covered":47,"skipped":0,"pct":100},"branches":{"total":29,"covered":29,"skipped":0,"pct":100}}
,"/home/runner/work/European-Parliament-MCP-Server/European-Parliament-MCP-Server/src/utils/credibilityCheck.ts": {"lines":{"total":7,"covered":7,"skipped":0,"pct":100},"functions":{"total":1,"covered":1,"skipped":0,"pct":100},"statements":{"total":8,"covered":8,"skipped":0,"pct":100},"branches":{"total":9,"covered":9,"skipped":0,"pct":100}}
,"/home/runner/work/European-Parliament-MCP-Server/European-Parliament-MCP-Server/src/utils/mepFetcher.ts": {"lines":{"total":13,"covered":13,"skipped":0,"pct":100},"functions":{"total":1,"covered":1,"skipped":0,"pct":100},"statements":{"total":13,"covered":13,"skipped":0,"pct":100},"branches":{"total":0,"covered":0,"skipped":0,"pct":100}}
,"/home/runner/work/European-Parliament-MCP-Server/European-Parliament-MCP-Server/src/utils/performance.ts": {"lines":{"total":47,"covered":45,"skipped":0,"pct":95.74},"functions":{"total":10,"covered":10,"skipped":0,"pct":100},"statements":{"total":51,"covered":48,"skipped":0,"pct":94.11},"branches":{"total":32,"covered":28,"skipped":0,"pct":87.5}}
,"/home/runner/work/European-Parliament-MCP-Server/European-Parliament-MCP-Server/src/utils/politicalGroupNormalization.ts": {"lines":{"total":12,"covered":12,"skipped":0,"pct":100},"functions":{"total":1,"covered":1,"skipped":0,"pct":100},"statements":{"total":15,"covered":15,"skipped":0,"pct":100},"branches":{"total":10,"covered":10,"skipped":0,"pct":100}}
,"/home/runner/work/European-Parliament-MCP-Server/European-Parliament-MCP-Server/src/utils/rateLimiter.ts": {"lines":{"total":73,"covered":71,"skipped":0,"pct":97.26},"functions":{"total":11,"covered":11,"skipped":0,"pct":100},"statements":{"total":76,"covered":74,"skipped":0,"pct":97.36},"branches":{"total":56,"covered":54,"skipped":0,"pct":96.42}}
,"/home/runner/work/European-Parliament-MCP-Server/European-Parliament-MCP-Server/src/utils/timeout.ts": {"lines":{"total":52,"covered":52,"skipped":0,"pct":100},"functions":{"total":13,"covered":13,"skipped":0,"pct":100},"statements":{"total":54,"covered":54,"skipped":0,"pct":100},"branches":{"total":39,"covered":37,"skipped":0,"pct":94.87}}
}
