TN:
SF:src/config.ts
FNF:0
FNH:0
DA:13,7
DA:18,7
DA:21,7
DA:27,7
DA:35,7
DA:38,7
LF:6
LH:6
BRF:0
BRH:0
end_of_record
TN:
SF:src/index.ts
FN:136,(anonymous_0)
FN:173,(anonymous_1)
FN:175,(anonymous_2)
FN:182,(anonymous_3)
FN:207,(anonymous_4)
FN:214,(anonymous_5)
FN:229,(anonymous_6)
FN:236,(anonymous_7)
FN:259,(anonymous_8)
FN:292,(anonymous_9)
FN:303,(anonymous_10)
FN:350,(anonymous_11)
FN:356,(anonymous_12)
FN:357,(anonymous_13)
FN:359,(anonymous_14)
FNF:15
FNH:11
FNDA:3,(anonymous_0)
FNDA:3,(anonymous_1)
FNDA:1,(anonymous_2)
FNDA:2,(anonymous_3)
FNDA:1,(anonymous_4)
FNDA:3,(anonymous_5)
FNDA:1,(anonymous_6)
FNDA:1,(anonymous_7)
FNDA:2,(anonymous_8)
FNDA:2,(anonymous_9)
FNDA:61,(anonymous_10)
FNDA:0,(anonymous_11)
FNDA:0,(anonymous_12)
FNDA:0,(anonymous_13)
FNDA:0,(anonymous_14)
DA:139,3
DA:153,3
DA:175,3
DA:176,1
DA:182,3
DA:183,2
DA:185,2
DA:186,2
DA:190,2
DA:192,0
DA:193,0
DA:196,2
DA:199,2
DA:200,2
DA:202,0
DA:207,3
DA:208,1
DA:214,3
DA:215,3
DA:217,3
DA:218,3
DA:220,2
DA:221,2
DA:222,2
DA:224,0
DA:229,3
DA:230,1
DA:236,3
DA:237,1
DA:239,1
DA:240,1
DA:242,1
DA:243,1
DA:244,1
DA:246,0
DA:263,2
DA:293,2
DA:295,2
DA:296,2
DA:298,1
DA:299,1
DA:302,1
DA:303,61
DA:304,1
DA:305,1
DA:306,1
DA:309,1
DA:310,1
DA:311,1
DA:312,1
DA:313,1
DA:321,2
DA:324,2
DA:326,0
DA:327,0
DA:330,0
DA:331,0
DA:332,0
DA:335,0
DA:336,0
DA:337,0
DA:340,0
DA:341,0
DA:342,0
DA:346,0
DA:350,0
DA:351,0
DA:353,0
DA:356,0
DA:357,0
DA:359,0
DA:360,0
DA:361,0
LF:73
LH:48
BRDA:190,0,0,0
BRDA:190,0,1,2
BRDA:199,1,0,2
BRDA:199,1,1,0
BRDA:221,2,0,2
BRDA:221,2,1,0
BRDA:243,3,0,1
BRDA:243,3,1,0
BRDA:321,4,0,2
BRDA:321,4,1,2
BRDA:324,5,0,0
BRDA:324,5,1,2
BRDA:330,6,0,0
BRDA:330,6,1,0
BRDA:335,7,0,0
BRDA:335,7,1,0
BRDA:340,8,0,0
BRDA:340,8,1,0
BRF:18
BRH:7
end_of_record
TN:
SF:src/clients/europeanParliamentClient.ts
FN:166,(anonymous_0)
FN:186,(anonymous_1)
FN:228,(anonymous_2)
FN:239,(anonymous_3)
FN:254,(anonymous_4)
FN:277,(anonymous_5)
FN:285,(anonymous_6)
FN:296,(anonymous_7)
FN:307,(anonymous_8)
FN:318,(anonymous_9)
FN:330,(anonymous_10)
FN:343,(anonymous_11)
FN:351,(anonymous_12)
FN:362,(anonymous_13)
FN:380,(anonymous_14)
FN:395,(anonymous_15)
FN:406,(anonymous_16)
FN:417,(anonymous_17)
FN:428,(anonymous_18)
FN:439,(anonymous_19)
FN:450,(anonymous_20)
FN:458,(anonymous_21)
FN:472,(anonymous_22)
FN:480,(anonymous_23)
FN:501,(anonymous_24)
FN:518,(anonymous_25)
FN:532,(anonymous_26)
FN:547,(anonymous_27)
FN:558,(anonymous_28)
FN:569,(anonymous_29)
FN:587,(anonymous_30)
FN:603,(anonymous_31)
FN:615,(anonymous_32)
FN:627,(anonymous_33)
FN:638,(anonymous_34)
FN:649,(anonymous_35)
FN:661,(anonymous_36)
FN:669,(anonymous_37)
FN:677,(anonymous_38)
FN:685,(anonymous_39)
FN:693,(anonymous_40)
FN:701,(anonymous_41)
FN:712,(anonymous_42)
FN:723,(anonymous_43)
FN:734,(anonymous_44)
FN:745,(anonymous_45)
FN:759,(anonymous_46)
FN:772,(anonymous_47)
FN:780,(anonymous_48)
FN:791,(anonymous_49)
FN:803,(anonymous_50)
FN:811,(anonymous_51)
FN:823,(anonymous_52)
FN:838,(anonymous_53)
FN:853,(anonymous_54)
FN:870,(anonymous_55)
FN:880,(anonymous_56)
FN:893,(anonymous_57)
FN:904,(anonymous_58)
FN:914,(anonymous_59)
FN:945,(anonymous_60)
FN:956,(anonymous_61)
FNF:62
FNH:48
FNDA:298,(anonymous_0)
FNDA:4,(anonymous_1)
FNDA:292,(anonymous_2)
FNDA:5,(anonymous_3)
FNDA:19,(anonymous_4)
FNDA:6,(anonymous_5)
FNDA:4,(anonymous_6)
FNDA:3,(anonymous_7)
FNDA:3,(anonymous_8)
FNDA:4,(anonymous_9)
FNDA:7,(anonymous_10)
FNDA:4,(anonymous_11)
FNDA:0,(anonymous_12)
FNDA:0,(anonymous_13)
FNDA:7,(anonymous_14)
FNDA:8,(anonymous_15)
FNDA:5,(anonymous_16)
FNDA:5,(anonymous_17)
FNDA:16,(anonymous_18)
FNDA:10,(anonymous_19)
FNDA:4,(anonymous_20)
FNDA:7,(anonymous_21)
FNDA:4,(anonymous_22)
FNDA:0,(anonymous_23)
FNDA:10,(anonymous_24)
FNDA:9,(anonymous_25)
FNDA:4,(anonymous_26)
FNDA:14,(anonymous_27)
FNDA:4,(anonymous_28)
FNDA:0,(anonymous_29)
FNDA:13,(anonymous_30)
FNDA:4,(anonymous_31)
FNDA:4,(anonymous_32)
FNDA:3,(anonymous_33)
FNDA:4,(anonymous_34)
FNDA:5,(anonymous_35)
FNDA:4,(anonymous_36)
FNDA:4,(anonymous_37)
FNDA:4,(anonymous_38)
FNDA:4,(anonymous_39)
FNDA:4,(anonymous_40)
FNDA:0,(anonymous_41)
FNDA:0,(anonymous_42)
FNDA:0,(anonymous_43)
FNDA:0,(anonymous_44)
FNDA:0,(anonymous_45)
FNDA:12,(anonymous_46)
FNDA:4,(anonymous_47)
FNDA:5,(anonymous_48)
FNDA:5,(anonymous_49)
FNDA:4,(anonymous_50)
FNDA:0,(anonymous_51)
FNDA:0,(anonymous_52)
FNDA:0,(anonymous_53)
FNDA:21,(anonymous_54)
FNDA:4,(anonymous_55)
FNDA:0,(anonymous_56)
FNDA:4,(anonymous_57)
FNDA:4,(anonymous_58)
FNDA:0,(anonymous_59)
FNDA:4,(anonymous_60)
FNDA:4,(anonymous_61)
DA:167,298
DA:168,298
DA:169,298
DA:170,298
DA:171,298
DA:172,298
DA:173,298
DA:174,298
DA:175,298
DA:187,298
DA:194,298
DA:199,298
DA:201,298
DA:203,298
DA:204,298
DA:230,292
DA:240,5
DA:262,19
DA:278,6
DA:289,4
DA:300,3
DA:311,3
DA:322,4
DA:335,7
DA:344,4
DA:355,0
DA:367,0
DA:388,7
DA:399,8
DA:410,5
DA:421,5
DA:432,16
DA:443,10
DA:451,4
DA:465,7
DA:473,4
DA:485,0
DA:511,10
DA:525,9
DA:533,4
DA:551,14
DA:562,4
DA:573,0
DA:596,13
DA:608,4
DA:620,4
DA:631,3
DA:642,4
DA:654,5
DA:662,4
DA:670,4
DA:678,4
DA:686,4
DA:694,4
DA:705,0
DA:716,0
DA:727,0
DA:738,0
DA:750,0
DA:764,12
DA:773,4
DA:784,5
DA:796,5
DA:804,4
DA:816,0
DA:828,0
DA:839,0
DA:863,21
DA:873,4
DA:884,0
DA:897,4
DA:907,4
DA:918,0
DA:944,4
DA:946,4
DA:947,4
DA:948,0
DA:949,0
DA:950,0
DA:951,0
DA:954,4
DA:957,4
DA:958,4
DA:959,0
DA:960,0
DA:962,4
LF:86
LH:66
BRDA:166,0,0,298
BRDA:188,1,0,298
BRDA:188,1,1,297
BRDA:189,2,0,298
BRDA:189,2,1,297
BRDA:194,3,0,298
BRDA:194,3,1,298
BRDA:199,4,0,298
BRDA:199,4,1,293
BRDA:203,5,0,298
BRDA:203,5,1,0
BRDA:208,6,0,298
BRDA:208,6,1,294
BRDA:209,7,0,298
BRDA:209,7,1,294
BRDA:210,8,0,298
BRDA:210,8,1,295
BRDA:211,9,0,298
BRDA:211,9,1,298
BRDA:285,10,0,4
BRDA:296,11,0,3
BRDA:307,12,0,3
BRDA:318,13,0,4
BRDA:330,14,0,7
BRDA:351,15,0,0
BRDA:362,16,0,0
BRDA:397,17,0,8
BRDA:408,18,0,5
BRDA:419,19,0,5
BRDA:430,20,0,16
BRDA:441,21,0,10
BRDA:458,22,0,7
BRDA:480,23,0,0
BRDA:518,24,0,9
BRDA:558,25,0,4
BRDA:569,26,0,0
BRDA:603,27,0,4
BRDA:615,28,0,4
BRDA:627,29,0,3
BRDA:638,30,0,4
BRDA:649,31,0,5
BRDA:701,32,0,0
BRDA:712,33,0,0
BRDA:723,34,0,0
BRDA:734,35,0,0
BRDA:745,36,0,0
BRDA:759,37,0,12
BRDA:782,38,0,5
BRDA:791,39,0,5
BRDA:811,40,0,0
BRDA:823,41,0,0
BRDA:880,42,0,0
BRDA:893,43,0,4
BRDA:914,44,0,0
BRDA:947,45,0,0
BRDA:947,45,1,4
BRDA:949,46,0,0
BRDA:949,46,1,0
BRDA:950,47,0,0
BRDA:950,47,1,0
BRDA:958,48,0,0
BRDA:958,48,1,4
BRDA:958,49,0,4
BRDA:958,49,1,0
BRDA:960,50,0,0
BRDA:960,50,1,0
BRDA:960,51,0,0
BRDA:960,51,1,0
BRF:68
BRH:43
end_of_record
TN:
SF:src/clients/ep/baseClient.ts
FN:57,isBlockedHost
FN:58,(anonymous_1)
FN:77,validateApiUrl
FN:140,(anonymous_3)
FN:236,(anonymous_4)
FN:279,(anonymous_5)
FN:313,(anonymous_6)
FN:347,(anonymous_7)
FN:371,(anonymous_8)
FN:384,(anonymous_9)
FN:430,(anonymous_10)
FN:451,(anonymous_11)
FN:453,(anonymous_12)
FN:512,(anonymous_13)
FN:514,(anonymous_14)
FN:519,(anonymous_15)
FN:528,(anonymous_16)
FN:553,(anonymous_17)
FN:600,(anonymous_18)
FN:613,(anonymous_19)
FN:622,(anonymous_20)
FNF:21
FNH:21
FNDA:359,isBlockedHost
FNDA:4185,(anonymous_1)
FNDA:361,validateApiUrl
FNDA:104,(anonymous_3)
FNDA:6,(anonymous_4)
FNDA:2426,(anonymous_5)
FNDA:265,(anonymous_6)
FNDA:60,(anonymous_7)
FNDA:6,(anonymous_8)
FNDA:225,(anonymous_9)
FNDA:6,(anonymous_10)
FNDA:283,(anonymous_11)
FNDA:283,(anonymous_12)
FNDA:265,(anonymous_13)
FNDA:283,(anonymous_14)
FNDA:60,(anonymous_15)
FNDA:43,(anonymous_16)
FNDA:269,(anonymous_17)
FNDA:269,(anonymous_18)
FNDA:322,(anonymous_19)
FNDA:19,(anonymous_20)
DA:28,6
DA:37,6
DA:58,4185
DA:79,361
DA:80,361
DA:82,1
DA:84,360
DA:85,1
DA:93,359
DA:94,359
DA:97,361
DA:98,19
DA:100,340
DA:106,6
DA:108,6
DA:110,6
DA:112,6
DA:114,6
DA:116,6
DA:118,6
DA:120,6
DA:122,6
DA:124,6
DA:126,6
DA:142,104
DA:143,104
DA:145,104
DA:146,104
DA:246,41
DA:248,41
DA:251,41
DA:252,41
DA:280,2426
DA:281,2385
DA:282,2385
DA:283,2385
DA:284,2385
DA:285,2385
DA:286,2385
DA:287,2385
DA:288,2385
DA:290,41
DA:291,41
DA:292,41
DA:298,41
DA:299,41
DA:300,41
DA:301,41
DA:302,41
DA:303,41
DA:317,265
DA:318,265
DA:320,241
DA:321,494
DA:323,492
DA:324,168
DA:325,324
DA:326,322
DA:328,2
DA:330,492
DA:333,241
DA:348,60
DA:349,60
DA:350,41
DA:351,41
DA:357,19
DA:358,6
DA:360,13
DA:372,4
DA:373,1
DA:375,3
DA:385,225
DA:386,225
DA:387,220
DA:390,5
DA:391,5
DA:392,5
DA:393,5
DA:394,5
DA:395,9
DA:396,9
DA:397,5
DA:398,5
DA:399,5
DA:400,1
DA:401,1
DA:402,1
DA:403,1
DA:408,4
DA:411,5
DA:412,4
DA:416,4
DA:417,4
DA:418,4
DA:419,3
DA:420,3
DA:422,4
DA:433,4
DA:438,4
DA:439,2
DA:444,2
DA:452,283
DA:454,283
DA:462,280
DA:463,38
DA:470,231
DA:471,231
DA:472,7
DA:476,7
DA:481,6
DA:482,0
DA:483,0
DA:485,6
DA:488,2
DA:489,2
DA:494,4
DA:501,225
DA:513,265
DA:514,283
DA:519,60
DA:529,43
DA:530,1
DA:535,42
DA:536,10
DA:558,269
DA:559,269
DA:560,0
DA:567,269
DA:570,269
DA:571,269
DA:572,269
DA:573,4
DA:574,4
DA:575,4
DA:577,265
DA:579,265
DA:580,265
DA:582,265
DA:583,265
DA:584,222
DA:585,222
DA:586,222
DA:588,43
DA:589,43
DA:604,269
DA:614,322
DA:623,19
DA:624,19
DA:625,19
LF:149
LH:146
BRDA:58,0,0,359
BRDA:58,0,1,355
BRDA:77,1,0,361
BRDA:84,2,0,1
BRDA:84,2,1,359
BRDA:94,3,0,8
BRDA:94,3,1,351
BRDA:94,4,0,359
BRDA:94,4,1,8
BRDA:97,5,0,19
BRDA:97,5,1,342
BRDA:246,6,0,41
BRDA:246,6,1,40
BRDA:251,7,0,41
BRDA:251,7,1,0
BRDA:254,8,0,41
BRDA:254,8,1,40
BRDA:255,9,0,41
BRDA:255,9,1,40
BRDA:257,10,0,41
BRDA:257,10,1,40
BRDA:262,11,0,41
BRDA:262,11,1,40
BRDA:263,12,0,41
BRDA:263,12,1,10
BRDA:264,13,0,41
BRDA:264,13,1,36
BRDA:265,14,0,41
BRDA:265,14,1,41
BRDA:279,15,0,2426
BRDA:280,16,0,2385
BRDA:280,16,1,41
BRDA:318,17,0,24
BRDA:318,17,1,241
BRDA:321,18,0,2
BRDA:321,18,1,492
BRDA:321,19,0,494
BRDA:321,19,1,493
BRDA:323,20,0,168
BRDA:323,20,1,324
BRDA:325,21,0,322
BRDA:325,21,1,2
BRDA:325,22,0,324
BRDA:325,22,1,3
BRDA:348,23,0,0
BRDA:348,23,1,60
BRDA:349,24,0,41
BRDA:349,24,1,19
BRDA:350,25,0,41
BRDA:350,25,1,0
BRDA:351,26,0,41
BRDA:351,26,1,39
BRDA:357,27,0,6
BRDA:357,27,1,13
BRDA:372,28,0,1
BRDA:372,28,1,3
BRDA:386,29,0,220
BRDA:386,29,1,5
BRDA:396,30,0,4
BRDA:396,30,1,5
BRDA:399,31,0,1
BRDA:399,31,1,4
BRDA:411,32,0,4
BRDA:411,32,1,1
BRDA:438,33,0,2
BRDA:438,33,1,2
BRDA:438,34,0,4
BRDA:438,34,1,3
BRDA:462,35,0,38
BRDA:462,35,1,242
BRDA:471,36,0,7
BRDA:471,36,1,224
BRDA:476,37,0,6
BRDA:476,37,1,1
BRDA:476,38,0,7
BRDA:476,38,1,6
BRDA:481,39,0,0
BRDA:481,39,1,6
BRDA:485,40,0,2
BRDA:485,40,1,4
BRDA:516,41,0,235
BRDA:516,41,1,30
BRDA:529,42,0,1
BRDA:529,42,1,42
BRDA:535,43,0,32
BRDA:535,43,1,10
BRDA:537,44,0,10
BRDA:537,44,1,0
BRDA:559,45,0,0
BRDA:559,45,1,269
BRDA:572,46,0,4
BRDA:572,46,1,265
BRDA:628,47,0,5
BRDA:628,47,1,14
BRF:94
BRH:88
end_of_record
TN:
SF:src/clients/ep/committeeClient.ts
FN:35,(anonymous_0)
FN:41,(anonymous_1)
FN:52,(anonymous_2)
FN:68,(anonymous_3)
FN:88,(anonymous_4)
FN:115,(anonymous_5)
FN:139,(anonymous_6)
FN:154,(anonymous_7)
FN:167,(anonymous_8)
FNF:9
FNH:8
FNDA:298,(anonymous_0)
FNDA:17,(anonymous_1)
FNDA:14,(anonymous_2)
FNDA:14,(anonymous_3)
FNDA:4,(anonymous_4)
FNDA:14,(anonymous_5)
FNDA:0,(anonymous_6)
FNDA:4,(anonymous_7)
FNDA:3,(anonymous_8)
DA:36,298
DA:42,17
DA:53,14
DA:54,14
DA:55,14
DA:58,4
DA:59,4
DA:61,1
DA:69,14
DA:70,14
DA:71,10
DA:72,10
DA:76,4
DA:77,0
DA:81,4
DA:89,4
DA:93,4
DA:95,4
DA:96,4
DA:97,4
DA:98,3
DA:101,1
DA:119,14
DA:120,14
DA:121,14
DA:122,14
DA:123,13
DA:124,13
DA:126,1
DA:131,1
DA:143,0
DA:158,4
DA:159,4
DA:161,4
DA:166,3
DA:167,4
DA:168,4
LF:37
LH:35
BRDA:35,0,0,298
BRDA:53,1,0,14
BRDA:53,1,1,0
BRDA:55,2,0,10
BRDA:55,2,1,4
BRDA:59,3,0,3
BRDA:59,3,1,1
BRDA:61,4,0,1
BRDA:61,4,1,0
BRDA:71,5,0,10
BRDA:71,5,1,0
BRDA:72,6,0,10
BRDA:72,6,1,0
BRDA:76,7,0,0
BRDA:76,7,1,4
BRDA:76,8,0,4
BRDA:76,8,1,4
BRDA:97,9,0,3
BRDA:97,9,1,1
BRDA:97,10,0,4
BRDA:97,10,1,1
BRDA:121,11,0,14
BRDA:121,11,1,2
BRDA:121,11,2,0
BRDA:129,12,0,1
BRDA:129,12,1,0
BRDA:139,13,0,0
BRDA:145,14,0,0
BRDA:145,14,1,0
BRDA:146,15,0,0
BRDA:146,15,1,0
BRDA:154,16,0,4
BRDA:158,17,0,4
BRDA:158,17,1,3
BRDA:159,18,0,4
BRDA:159,18,1,4
BRDA:166,19,0,3
BRDA:166,19,1,0
BRF:38
BRH:25
end_of_record
TN:
SF:src/clients/ep/documentClient.ts
FN:36,(anonymous_0)
FN:42,(anonymous_1)
FN:52,(anonymous_2)
FN:81,(anonymous_3)
FN:89,(anonymous_4)
FN:98,(anonymous_5)
FN:103,(anonymous_6)
FN:119,(anonymous_7)
FN:146,(anonymous_8)
FN:177,(anonymous_9)
FN:193,(anonymous_10)
FN:201,(anonymous_11)
FN:217,(anonymous_12)
FN:225,(anonymous_13)
FN:239,(anonymous_14)
FN:247,(anonymous_15)
FN:260,(anonymous_16)
FN:268,(anonymous_17)
FN:284,(anonymous_18)
FN:292,(anonymous_19)
FN:307,(anonymous_20)
FN:322,(anonymous_21)
FN:337,(anonymous_22)
FN:352,(anonymous_23)
FN:369,(anonymous_24)
FN:382,(anonymous_25)
FN:395,(anonymous_26)
FN:408,(anonymous_27)
FN:421,(anonymous_28)
FNF:29
FNH:23
FNDA:298,(anonymous_0)
FNDA:83,(anonymous_1)
FNDA:13,(anonymous_2)
FNDA:13,(anonymous_3)
FNDA:49,(anonymous_4)
FNDA:2,(anonymous_5)
FNDA:0,(anonymous_6)
FNDA:13,(anonymous_7)
FNDA:49,(anonymous_8)
FNDA:4,(anonymous_9)
FNDA:5,(anonymous_10)
FNDA:4,(anonymous_11)
FNDA:5,(anonymous_12)
FNDA:3,(anonymous_13)
FNDA:4,(anonymous_14)
FNDA:4,(anonymous_15)
FNDA:5,(anonymous_16)
FNDA:5,(anonymous_17)
FNDA:5,(anonymous_18)
FNDA:0,(anonymous_19)
FNDA:0,(anonymous_20)
FNDA:0,(anonymous_21)
FNDA:0,(anonymous_22)
FNDA:0,(anonymous_23)
FNDA:4,(anonymous_24)
FNDA:4,(anonymous_25)
FNDA:4,(anonymous_26)
FNDA:4,(anonymous_27)
FNDA:4,(anonymous_28)
DA:37,298
DA:43,83
DA:58,13
DA:59,13
DA:60,13
DA:61,13
DA:62,4
DA:68,4
DA:71,13
DA:72,1
DA:74,13
DA:85,13
DA:86,13
DA:87,13
DA:88,13
DA:90,49
DA:95,13
DA:96,1
DA:97,1
DA:98,2
DA:101,13
DA:102,0
DA:103,0
DA:105,13
DA:128,13
DA:129,13
DA:130,13
DA:131,0
DA:133,13
DA:134,13
DA:136,13
DA:141,13
DA:142,13
DA:143,13
DA:144,13
DA:146,49
DA:147,13
DA:149,13
DA:161,13
DA:162,13
DA:164,0
DA:169,0
DA:182,4
DA:183,4
DA:184,4
DA:189,4
DA:191,4
DA:192,3
DA:193,5
DA:194,4
DA:206,4
DA:207,4
DA:208,4
DA:213,4
DA:215,4
DA:216,3
DA:217,5
DA:218,4
DA:229,3
DA:230,3
DA:232,3
DA:238,2
DA:239,4
DA:240,3
DA:251,4
DA:252,4
DA:254,4
DA:259,3
DA:260,5
DA:261,4
DA:273,5
DA:274,5
DA:275,5
DA:280,5
DA:282,5
DA:283,4
DA:284,5
DA:285,5
DA:296,0
DA:311,0
DA:326,0
DA:341,0
DA:357,0
DA:370,4
DA:371,2
DA:375,2
DA:383,4
DA:384,2
DA:388,2
DA:396,4
DA:397,2
DA:401,2
DA:409,4
DA:410,2
DA:414,2
DA:422,4
DA:423,2
DA:427,2
LF:98
LH:88
BRDA:36,0,0,298
BRDA:59,1,0,13
BRDA:59,1,1,0
BRDA:60,2,0,1
BRDA:60,2,1,12
BRDA:61,3,0,4
BRDA:61,3,1,9
BRDA:61,4,0,13
BRDA:61,4,1,4
BRDA:69,5,0,4
BRDA:69,5,1,0
BRDA:71,6,0,1
BRDA:71,6,1,12
BRDA:71,7,0,13
BRDA:71,7,1,1
BRDA:86,8,0,13
BRDA:86,8,1,0
BRDA:86,9,0,13
BRDA:86,9,1,13
BRDA:90,10,0,49
BRDA:90,10,1,7
BRDA:90,10,2,7
BRDA:95,11,0,1
BRDA:95,11,1,12
BRDA:95,12,0,13
BRDA:95,12,1,1
BRDA:101,13,0,0
BRDA:101,13,1,13
BRDA:101,14,0,13
BRDA:101,14,1,0
BRDA:130,15,0,0
BRDA:130,15,1,13
BRDA:133,16,0,13
BRDA:133,16,1,0
BRDA:134,17,0,13
BRDA:134,17,1,12
BRDA:167,18,0,0
BRDA:167,18,1,0
BRDA:177,19,0,4
BRDA:182,20,0,4
BRDA:182,20,1,3
BRDA:183,21,0,4
BRDA:183,21,1,4
BRDA:189,22,0,1
BRDA:189,22,1,3
BRDA:192,23,0,3
BRDA:192,23,1,0
BRDA:201,24,0,4
BRDA:206,25,0,4
BRDA:206,25,1,3
BRDA:207,26,0,4
BRDA:207,26,1,4
BRDA:213,27,0,1
BRDA:213,27,1,3
BRDA:216,28,0,3
BRDA:216,28,1,0
BRDA:225,29,0,3
BRDA:229,30,0,3
BRDA:229,30,1,2
BRDA:230,31,0,3
BRDA:230,31,1,3
BRDA:238,32,0,2
BRDA:238,32,1,0
BRDA:247,33,0,4
BRDA:251,34,0,4
BRDA:251,34,1,3
BRDA:252,35,0,4
BRDA:252,35,1,4
BRDA:259,36,0,3
BRDA:259,36,1,0
BRDA:268,37,0,5
BRDA:273,38,0,5
BRDA:273,38,1,4
BRDA:274,39,0,5
BRDA:274,39,1,5
BRDA:280,40,0,1
BRDA:280,40,1,4
BRDA:283,41,0,4
BRDA:283,41,1,0
BRDA:292,42,0,0
BRDA:298,43,0,0
BRDA:298,43,1,0
BRDA:299,44,0,0
BRDA:299,44,1,0
BRDA:307,45,0,0
BRDA:313,46,0,0
BRDA:313,46,1,0
BRDA:314,47,0,0
BRDA:314,47,1,0
BRDA:322,48,0,0
BRDA:328,49,0,0
BRDA:328,49,1,0
BRDA:329,50,0,0
BRDA:329,50,1,0
BRDA:337,51,0,0
BRDA:343,52,0,0
BRDA:343,52,1,0
BRDA:344,53,0,0
BRDA:344,53,1,0
BRDA:352,54,0,0
BRDA:359,55,0,0
BRDA:359,55,1,0
BRDA:360,56,0,0
BRDA:360,56,1,0
BRDA:361,57,0,0
BRDA:361,57,1,0
BRDA:370,58,0,2
BRDA:370,58,1,2
BRDA:383,59,0,2
BRDA:383,59,1,2
BRDA:396,60,0,2
BRDA:396,60,1,2
BRDA:409,61,0,2
BRDA:409,61,1,2
BRDA:422,62,0,2
BRDA:422,62,1,2
BRF:116
BRH:75
end_of_record
TN:
SF:src/clients/ep/index.ts
FNF:0
FNH:0
LF:0
LH:0
BRF:0
BRH:0
end_of_record
TN:
SF:src/clients/ep/jsonLdHelpers.ts
FN:21,toSafeString
FN:35,firstDefined
FN:51,extractField
FN:69,extractDateValue
FN:91,extractActivityDate
FN:112,extractTextFromLangArray
FN:133,extractMultilingualText
FN:153,extractMemberIds
FN:174,extractAuthorId
FN:192,extractDocumentRefs
FN:196,(anonymous_10)
FN:203,(anonymous_11)
FN:216,mapDocumentType
FN:219,(anonymous_13)
FN:228,mapDocumentStatus
FN:230,(anonymous_15)
FN:241,extractLocation
FN:255,extractVoteCount
FN:278,determineVoteOutcome
FN:294,mapQuestionType
FNF:20
FNH:20
FNDA:2759,toSafeString
FNDA:1196,firstDefined
FNDA:1093,extractField
FNDA:337,extractDateValue
FNDA:73,extractActivityDate
FNDA:300,extractTextFromLangArray
FNDA:429,extractMultilingualText
FNDA:33,extractMemberIds
FNDA:142,extractAuthorId
FNDA:25,extractDocumentRefs
FNDA:24,(anonymous_10)
FNDA:24,(anonymous_11)
FNDA:116,mapDocumentType
FNDA:156,(anonymous_13)
FNDA:114,mapDocumentStatus
FNDA:574,(anonymous_15)
FNDA:30,extractLocation
FNDA:142,extractVoteCount
FNDA:50,determineVoteOutcome
FNDA:104,mapQuestionType
DA:22,2759
DA:23,649
DA:24,645
DA:25,643
DA:36,1196
DA:37,1946
DA:39,610
DA:52,1093
DA:53,1350
DA:54,1350
DA:55,946
DA:58,147
DA:70,337
DA:71,285
DA:72,229
DA:73,229
DA:75,56
DA:76,53
DA:77,53
DA:78,52
DA:79,52
DA:82,4
DA:92,73
DA:93,58
DA:94,54
DA:95,54
DA:96,53
DA:97,53
DA:100,5
DA:113,300
DA:114,300
DA:115,307
DA:116,303
DA:117,303
DA:118,303
DA:119,303
DA:120,7
DA:122,4
DA:134,429
DA:135,375
DA:136,299
DA:137,297
DA:138,4
DA:139,4
DA:140,4
DA:142,0
DA:154,33
DA:155,33
DA:156,25
DA:157,40
DA:158,6
DA:159,34
DA:160,34
DA:161,34
DA:162,34
DA:165,25
DA:175,142
DA:176,22
DA:177,1
DA:179,21
DA:180,4
DA:181,4
DA:183,17
DA:193,25
DA:194,18
DA:195,16
DA:196,16
DA:197,24
DA:198,9
DA:199,9
DA:200,9
DA:202,0
DA:203,24
DA:205,0
DA:217,116
DA:218,116
DA:219,156
DA:229,114
DA:230,574
DA:242,30
DA:243,13
DA:244,9
DA:256,142
DA:257,129
DA:258,13
DA:259,5
DA:260,5
DA:262,8
DA:263,6
DA:264,6
DA:265,4
DA:267,2
DA:283,50
DA:284,46
DA:285,43
DA:295,104
DA:296,7
DA:298,97
LF:98
LH:95
BRDA:22,0,0,2110
BRDA:22,0,1,649
BRDA:23,1,0,4
BRDA:23,1,1,645
BRDA:24,2,0,2
BRDA:24,2,1,643
BRDA:37,3,0,586
BRDA:37,3,1,1360
BRDA:54,4,0,946
BRDA:54,4,1,404
BRDA:54,5,0,1350
BRDA:54,5,1,947
BRDA:70,6,0,52
BRDA:70,6,1,285
BRDA:70,7,0,337
BRDA:70,7,1,336
BRDA:71,8,0,229
BRDA:71,8,1,56
BRDA:73,9,0,229
BRDA:73,9,1,0
BRDA:75,10,0,53
BRDA:75,10,1,3
BRDA:75,11,0,56
BRDA:75,11,1,54
BRDA:77,12,0,52
BRDA:77,12,1,1
BRDA:79,13,0,52
BRDA:79,13,1,0
BRDA:92,14,0,15
BRDA:92,14,1,58
BRDA:92,15,0,73
BRDA:92,15,1,71
BRDA:93,16,0,54
BRDA:93,16,1,4
BRDA:93,17,0,58
BRDA:93,17,1,55
BRDA:95,18,0,53
BRDA:95,18,1,1
BRDA:97,19,0,53
BRDA:97,19,1,0
BRDA:115,20,0,4
BRDA:115,20,1,303
BRDA:115,21,0,307
BRDA:115,21,1,304
BRDA:119,22,0,296
BRDA:119,22,1,7
BRDA:119,23,0,303
BRDA:119,23,1,8
BRDA:120,24,0,6
BRDA:120,24,1,1
BRDA:134,25,0,54
BRDA:134,25,1,375
BRDA:134,26,0,429
BRDA:134,26,1,428
BRDA:135,27,0,76
BRDA:135,27,1,299
BRDA:136,28,0,2
BRDA:136,28,1,297
BRDA:136,29,0,299
BRDA:136,29,1,298
BRDA:137,30,0,293
BRDA:137,30,1,4
BRDA:138,31,0,4
BRDA:138,31,1,0
BRDA:140,32,0,4
BRDA:140,32,1,3
BRDA:140,32,2,2
BRDA:155,33,0,8
BRDA:155,33,1,25
BRDA:157,34,0,6
BRDA:157,34,1,34
BRDA:159,35,0,34
BRDA:159,35,1,0
BRDA:159,36,0,34
BRDA:159,36,1,34
BRDA:161,37,0,34
BRDA:161,37,1,4
BRDA:161,37,2,2
BRDA:162,38,0,33
BRDA:162,38,1,1
BRDA:175,39,0,120
BRDA:175,39,1,22
BRDA:176,40,0,1
BRDA:176,40,1,21
BRDA:176,41,0,22
BRDA:176,41,1,2
BRDA:179,42,0,4
BRDA:179,42,1,17
BRDA:179,43,0,21
BRDA:179,43,1,5
BRDA:181,44,0,4
BRDA:181,44,1,3
BRDA:193,45,0,7
BRDA:193,45,1,18
BRDA:193,46,0,25
BRDA:193,46,1,24
BRDA:194,47,0,2
BRDA:194,47,1,16
BRDA:195,48,0,16
BRDA:195,48,1,0
BRDA:197,49,0,15
BRDA:197,49,1,9
BRDA:198,50,0,9
BRDA:198,50,1,0
BRDA:198,51,0,9
BRDA:198,51,1,9
BRDA:200,52,0,9
BRDA:200,52,1,4
BRDA:200,52,2,1
BRDA:217,53,0,106
BRDA:217,53,1,10
BRDA:219,54,0,116
BRDA:219,54,1,3
BRDA:230,55,0,114
BRDA:230,55,1,17
BRDA:242,56,0,17
BRDA:242,56,1,13
BRDA:243,57,0,4
BRDA:243,57,1,9
BRDA:256,58,0,13
BRDA:256,58,1,129
BRDA:256,59,0,142
BRDA:256,59,1,141
BRDA:257,60,0,116
BRDA:257,60,1,13
BRDA:258,61,0,5
BRDA:258,61,1,8
BRDA:260,62,0,2
BRDA:260,62,1,3
BRDA:262,63,0,2
BRDA:262,63,1,6
BRDA:264,64,0,4
BRDA:264,64,1,2
BRDA:283,65,0,4
BRDA:283,65,1,46
BRDA:283,66,0,50
BRDA:283,66,1,47
BRDA:284,67,0,3
BRDA:284,67,1,43
BRDA:285,68,0,42
BRDA:285,68,1,1
BRDA:295,69,0,7
BRDA:295,69,1,97
BRDA:295,70,0,104
BRDA:295,70,1,101
BRDA:295,70,2,99
BRF:146
BRH:139
end_of_record
TN:
SF:src/clients/ep/legislativeClient.ts
FN:37,(anonymous_0)
FN:43,(anonymous_1)
FN:47,(anonymous_2)
FN:51,(anonymous_3)
FN:64,(anonymous_4)
FN:80,(anonymous_5)
FN:97,(anonymous_6)
FN:119,(anonymous_7)
FN:135,(anonymous_8)
FN:145,(anonymous_9)
FN:161,(anonymous_10)
FN:169,(anonymous_11)
FN:186,(anonymous_12)
FN:206,(anonymous_13)
FN:223,(anonymous_14)
FNF:15
FNH:12
FNDA:298,(anonymous_0)
FNDA:14,(anonymous_1)
FNDA:8,(anonymous_2)
FNDA:4,(anonymous_3)
FNDA:12,(anonymous_4)
FNDA:12,(anonymous_5)
FNDA:4,(anonymous_6)
FNDA:5,(anonymous_7)
FNDA:4,(anonymous_8)
FNDA:5,(anonymous_9)
FNDA:6,(anonymous_10)
FNDA:0,(anonymous_11)
FNDA:0,(anonymous_12)
FNDA:0,(anonymous_13)
FNDA:4,(anonymous_14)
DA:38,298
DA:44,14
DA:48,8
DA:52,4
DA:69,12
DA:70,12
DA:71,12
DA:76,12
DA:78,12
DA:79,11
DA:80,12
DA:81,12
DA:98,4
DA:99,2
DA:101,2
DA:105,2
DA:106,2
DA:107,0
DA:109,2
DA:123,5
DA:124,2
DA:126,3
DA:127,5
DA:129,5
DA:134,3
DA:135,5
DA:136,5
DA:150,5
DA:151,5
DA:152,5
DA:157,5
DA:159,5
DA:160,4
DA:161,6
DA:162,5
DA:174,0
DA:191,0
DA:207,0
DA:208,0
DA:210,0
DA:211,0
DA:213,0
DA:224,4
DA:225,2
DA:229,2
LF:45
LH:37
BRDA:37,0,0,298
BRDA:64,1,0,12
BRDA:69,2,0,12
BRDA:69,2,1,3
BRDA:70,3,0,12
BRDA:70,3,1,12
BRDA:76,4,0,1
BRDA:76,4,1,11
BRDA:79,5,0,11
BRDA:79,5,1,0
BRDA:98,6,0,2
BRDA:98,6,1,2
BRDA:106,7,0,0
BRDA:106,7,1,2
BRDA:106,8,0,2
BRDA:106,8,1,0
BRDA:121,9,0,5
BRDA:123,10,0,2
BRDA:123,10,1,3
BRDA:126,11,0,3
BRDA:126,11,1,2
BRDA:127,12,0,5
BRDA:127,12,1,3
BRDA:134,13,0,3
BRDA:134,13,1,0
BRDA:145,14,0,5
BRDA:150,15,0,5
BRDA:150,15,1,2
BRDA:151,16,0,5
BRDA:151,16,1,5
BRDA:157,17,0,1
BRDA:157,17,1,4
BRDA:160,18,0,4
BRDA:160,18,1,0
BRDA:169,19,0,0
BRDA:176,20,0,0
BRDA:176,20,1,0
BRDA:177,21,0,0
BRDA:177,21,1,0
BRDA:178,22,0,0
BRDA:178,22,1,0
BRDA:186,23,0,0
BRDA:193,24,0,0
BRDA:193,24,1,0
BRDA:194,25,0,0
BRDA:194,25,1,0
BRDA:195,26,0,0
BRDA:195,26,1,0
BRDA:207,27,0,0
BRDA:207,27,1,0
BRDA:210,28,0,0
BRDA:210,28,1,0
BRDA:224,29,0,2
BRDA:224,29,1,2
BRF:54
BRH:31
end_of_record
TN:
SF:src/clients/ep/mepClient.ts
FN:45,(anonymous_0)
FN:51,(anonymous_1)
FN:55,(anonymous_2)
FN:59,(anonymous_3)
FN:69,(anonymous_4)
FN:96,(anonymous_5)
FN:109,(anonymous_6)
FN:141,(anonymous_7)
FN:174,(anonymous_8)
FN:188,(anonymous_9)
FN:196,(anonymous_10)
FN:210,(anonymous_11)
FN:218,(anonymous_12)
FN:232,(anonymous_13)
FN:240,(anonymous_14)
FN:254,(anonymous_15)
FN:263,(anonymous_16)
FN:280,(anonymous_17)
FN:290,(anonymous_18)
FN:305,(anonymous_19)
FN:323,(anonymous_20)
FNF:21
FNH:19
FNDA:298,(anonymous_0)
FNDA:79,(anonymous_1)
FNDA:6,(anonymous_2)
FNDA:9,(anonymous_3)
FNDA:19,(anonymous_4)
FNDA:19,(anonymous_5)
FNDA:56,(anonymous_6)
FNDA:6,(anonymous_7)
FNDA:4,(anonymous_8)
FNDA:8,(anonymous_9)
FNDA:3,(anonymous_10)
FNDA:4,(anonymous_11)
FNDA:3,(anonymous_12)
FNDA:5,(anonymous_13)
FNDA:4,(anonymous_14)
FNDA:6,(anonymous_15)
FNDA:7,(anonymous_16)
FNDA:7,(anonymous_17)
FNDA:0,(anonymous_18)
FNDA:0,(anonymous_19)
FNDA:4,(anonymous_20)
DA:46,298
DA:52,79
DA:56,6
DA:60,9
DA:77,19
DA:78,19
DA:79,19
DA:80,19
DA:81,19
DA:82,19
DA:83,19
DA:84,19
DA:104,19
DA:105,19
DA:106,19
DA:108,19
DA:109,56
DA:111,15
DA:119,19
DA:120,19
DA:122,4
DA:127,4
DA:142,6
DA:143,6
DA:145,6
DA:146,6
DA:147,3
DA:148,3
DA:149,1
DA:152,6
DA:153,6
DA:154,6
DA:155,6
DA:156,6
DA:157,6
DA:159,0
DA:161,0
DA:166,0
DA:178,4
DA:179,4
DA:181,4
DA:187,3
DA:188,8
DA:189,4
DA:200,3
DA:201,3
DA:203,3
DA:209,2
DA:210,4
DA:211,3
DA:222,3
DA:223,3
DA:225,3
DA:231,2
DA:232,5
DA:233,3
DA:244,4
DA:245,4
DA:247,4
DA:253,3
DA:254,6
DA:255,4
DA:268,7
DA:269,7
DA:271,7
DA:276,7
DA:278,7
DA:279,6
DA:280,7
DA:282,7
DA:283,7
DA:294,0
DA:310,0
DA:324,4
DA:325,2
DA:327,2
DA:331,2
DA:332,2
DA:333,2
LF:79
LH:74
BRDA:45,0,0,298
BRDA:78,1,0,18
BRDA:78,1,1,1
BRDA:79,2,0,0
BRDA:79,2,1,19
BRDA:80,3,0,3
BRDA:80,3,1,16
BRDA:81,4,0,0
BRDA:81,4,1,19
BRDA:82,5,0,0
BRDA:82,5,1,19
BRDA:83,6,0,0
BRDA:83,6,1,19
BRDA:83,7,0,0
BRDA:83,7,1,0
BRDA:113,8,0,15
BRDA:113,8,1,15
BRDA:114,9,0,19
BRDA:114,9,1,1
BRDA:115,10,0,19
BRDA:115,10,1,15
BRDA:116,11,0,19
BRDA:116,11,1,1
BRDA:125,12,0,4
BRDA:125,12,1,0
BRDA:146,13,0,3
BRDA:146,13,1,3
BRDA:148,14,0,1
BRDA:148,14,1,2
BRDA:154,15,0,6
BRDA:154,15,1,0
BRDA:155,16,0,6
BRDA:155,16,1,0
BRDA:164,17,0,0
BRDA:164,17,1,0
BRDA:174,18,0,4
BRDA:178,19,0,4
BRDA:178,19,1,2
BRDA:179,20,0,4
BRDA:179,20,1,4
BRDA:187,21,0,3
BRDA:187,21,1,0
BRDA:196,22,0,3
BRDA:200,23,0,3
BRDA:200,23,1,2
BRDA:201,24,0,3
BRDA:201,24,1,3
BRDA:209,25,0,2
BRDA:209,25,1,0
BRDA:218,26,0,3
BRDA:222,27,0,3
BRDA:222,27,1,2
BRDA:223,28,0,3
BRDA:223,28,1,3
BRDA:231,29,0,2
BRDA:231,29,1,0
BRDA:240,30,0,4
BRDA:244,31,0,4
BRDA:244,31,1,2
BRDA:245,32,0,4
BRDA:245,32,1,4
BRDA:253,33,0,3
BRDA:253,33,1,0
BRDA:263,34,0,7
BRDA:268,35,0,7
BRDA:268,35,1,3
BRDA:269,36,0,7
BRDA:269,36,1,7
BRDA:276,37,0,1
BRDA:276,37,1,6
BRDA:279,38,0,6
BRDA:279,38,1,0
BRDA:290,39,0,0
BRDA:296,40,0,0
BRDA:296,40,1,0
BRDA:297,41,0,0
BRDA:297,41,1,0
BRDA:305,42,0,0
BRDA:312,43,0,0
BRDA:312,43,1,0
BRDA:313,44,0,0
BRDA:313,44,1,0
BRDA:314,45,0,0
BRDA:314,45,1,0
BRDA:324,46,0,2
BRDA:324,46,1,2
BRF:86
BRH:58
end_of_record
TN:
SF:src/clients/ep/plenaryClient.ts
FN:41,(anonymous_0)
FN:47,(anonymous_1)
FN:51,(anonymous_2)
FN:55,(anonymous_3)
FN:59,(anonymous_4)
FN:73,(anonymous_5)
FN:105,(anonymous_6)
FN:117,(anonymous_7)
FN:121,(anonymous_8)
FN:148,(anonymous_9)
FN:167,(anonymous_10)
FN:175,(anonymous_11)
FN:194,(anonymous_12)
FN:202,(anonymous_13)
FN:221,(anonymous_14)
FN:229,(anonymous_15)
FN:248,(anonymous_16)
FN:256,(anonymous_17)
FN:275,(anonymous_18)
FN:283,(anonymous_19)
FN:300,(anonymous_20)
FN:321,(anonymous_21)
FN:329,(anonymous_22)
FN:346,(anonymous_23)
FNF:24
FNH:22
FNDA:298,(anonymous_0)
FNDA:18,(anonymous_1)
FNDA:9,(anonymous_2)
FNDA:11,(anonymous_3)
FNDA:16,(anonymous_4)
FNDA:7,(anonymous_5)
FNDA:7,(anonymous_6)
FNDA:16,(anonymous_7)
FNDA:0,(anonymous_8)
FNDA:8,(anonymous_9)
FNDA:7,(anonymous_10)
FNDA:5,(anonymous_11)
FNDA:4,(anonymous_12)
FNDA:5,(anonymous_13)
FNDA:4,(anonymous_14)
FNDA:16,(anonymous_15)
FNDA:8,(anonymous_16)
FNDA:10,(anonymous_17)
FNDA:4,(anonymous_18)
FNDA:4,(anonymous_19)
FNDA:7,(anonymous_20)
FNDA:7,(anonymous_21)
FNDA:0,(anonymous_22)
FNDA:4,(anonymous_23)
DA:42,298
DA:48,18
DA:52,9
DA:56,11
DA:60,16
DA:80,7
DA:83,7
DA:84,7
DA:85,7
DA:86,7
DA:87,7
DA:88,7
DA:113,7
DA:114,7
DA:115,7
DA:116,7
DA:117,16
DA:119,7
DA:120,0
DA:121,0
DA:124,7
DA:132,7
DA:133,7
DA:135,0
DA:140,0
DA:152,8
DA:153,2
DA:155,6
DA:156,0
DA:158,6
DA:159,8
DA:161,8
DA:166,5
DA:167,8
DA:168,8
DA:179,5
DA:180,2
DA:182,3
DA:183,0
DA:185,3
DA:186,5
DA:188,5
DA:193,2
DA:194,5
DA:195,5
DA:206,5
DA:207,2
DA:209,3
DA:210,0
DA:212,3
DA:213,5
DA:215,5
DA:220,3
DA:221,5
DA:222,5
DA:233,16
DA:234,2
DA:236,14
DA:237,4
DA:239,10
DA:240,16
DA:242,16
DA:247,6
DA:248,16
DA:249,16
DA:260,10
DA:261,2
DA:263,8
DA:264,4
DA:266,4
DA:267,10
DA:269,10
DA:274,3
DA:275,10
DA:276,10
DA:284,4
DA:285,2
DA:287,2
DA:291,2
DA:307,7
DA:308,7
DA:310,7
DA:315,7
DA:316,7
DA:317,7
DA:319,7
DA:320,6
DA:321,7
DA:322,7
DA:334,0
DA:347,4
DA:348,2
DA:350,2
DA:354,2
LF:94
LH:86
BRDA:41,0,0,298
BRDA:83,1,0,7
BRDA:83,1,1,0
BRDA:84,2,0,0
BRDA:84,2,1,7
BRDA:85,3,0,1
BRDA:85,3,1,6
BRDA:86,4,0,0
BRDA:86,4,1,7
BRDA:87,5,0,0
BRDA:87,5,1,7
BRDA:119,6,0,0
BRDA:119,6,1,7
BRDA:119,7,0,7
BRDA:119,7,1,0
BRDA:126,8,0,7
BRDA:126,8,1,7
BRDA:127,9,0,7
BRDA:127,9,1,0
BRDA:128,10,0,7
BRDA:128,10,1,7
BRDA:129,11,0,7
BRDA:129,11,1,0
BRDA:138,12,0,0
BRDA:138,12,1,0
BRDA:150,13,0,8
BRDA:152,14,0,2
BRDA:152,14,1,6
BRDA:155,15,0,0
BRDA:155,15,1,6
BRDA:158,16,0,6
BRDA:158,16,1,2
BRDA:159,17,0,8
BRDA:159,17,1,6
BRDA:166,18,0,5
BRDA:166,18,1,0
BRDA:177,19,0,5
BRDA:179,20,0,2
BRDA:179,20,1,3
BRDA:182,21,0,0
BRDA:182,21,1,3
BRDA:185,22,0,3
BRDA:185,22,1,2
BRDA:186,23,0,5
BRDA:186,23,1,3
BRDA:193,24,0,2
BRDA:193,24,1,0
BRDA:204,25,0,5
BRDA:206,26,0,2
BRDA:206,26,1,3
BRDA:209,27,0,0
BRDA:209,27,1,3
BRDA:212,28,0,3
BRDA:212,28,1,2
BRDA:213,29,0,5
BRDA:213,29,1,3
BRDA:220,30,0,3
BRDA:220,30,1,0
BRDA:231,31,0,16
BRDA:233,32,0,2
BRDA:233,32,1,14
BRDA:236,33,0,4
BRDA:236,33,1,10
BRDA:239,34,0,10
BRDA:239,34,1,9
BRDA:240,35,0,16
BRDA:240,35,1,10
BRDA:247,36,0,6
BRDA:247,36,1,0
BRDA:258,37,0,10
BRDA:260,38,0,2
BRDA:260,38,1,8
BRDA:263,39,0,4
BRDA:263,39,1,4
BRDA:266,40,0,4
BRDA:266,40,1,3
BRDA:267,41,0,10
BRDA:267,41,1,4
BRDA:274,42,0,3
BRDA:274,42,1,0
BRDA:284,43,0,2
BRDA:284,43,1,2
BRDA:300,44,0,7
BRDA:307,45,0,7
BRDA:307,45,1,4
BRDA:308,46,0,7
BRDA:308,46,1,7
BRDA:315,47,0,1
BRDA:315,47,1,6
BRDA:316,48,0,1
BRDA:316,48,1,6
BRDA:317,49,0,1
BRDA:317,49,1,6
BRDA:320,50,0,6
BRDA:320,50,1,0
BRDA:329,51,0,0
BRDA:336,52,0,0
BRDA:336,52,1,0
BRDA:337,53,0,0
BRDA:337,53,1,0
BRDA:338,54,0,0
BRDA:338,54,1,0
BRDA:347,55,0,2
BRDA:347,55,1,2
BRF:104
BRH:78
end_of_record
TN:
SF:src/clients/ep/questionClient.ts
FN:35,(anonymous_0)
FN:41,(anonymous_1)
FN:53,(anonymous_2)
FN:74,(anonymous_3)
FN:81,(anonymous_4)
FN:87,(anonymous_5)
FN:92,(anonymous_6)
FN:96,(anonymous_7)
FN:112,(anonymous_8)
FN:130,(anonymous_9)
FN:159,(anonymous_10)
FN:174,(anonymous_11)
FNF:12
FNH:10
FNDA:298,(anonymous_0)
FNDA:91,(anonymous_1)
FNDA:21,(anonymous_2)
FNDA:21,(anonymous_3)
FNDA:2,(anonymous_4)
FNDA:2,(anonymous_5)
FNDA:4,(anonymous_6)
FNDA:0,(anonymous_7)
FNDA:21,(anonymous_8)
FNDA:89,(anonymous_9)
FNDA:0,(anonymous_10)
FNDA:4,(anonymous_11)
DA:36,298
DA:44,91
DA:59,21
DA:60,21
DA:61,21
DA:62,21
DA:63,1
DA:64,21
DA:65,1
DA:67,21
DA:78,21
DA:79,21
DA:80,1
DA:81,1
DA:82,2
DA:85,21
DA:86,1
DA:87,1
DA:88,2
DA:91,21
DA:92,4
DA:94,21
DA:95,0
DA:96,0
DA:98,21
DA:122,21
DA:123,21
DA:124,21
DA:125,21
DA:130,21
DA:131,89
DA:133,21
DA:135,21
DA:143,21
DA:144,21
DA:146,0
DA:151,0
DA:163,0
DA:175,4
DA:176,2
DA:180,2
LF:41
LH:36
BRDA:35,0,0,298
BRDA:60,1,0,21
BRDA:60,1,1,0
BRDA:61,2,0,1
BRDA:61,2,1,20
BRDA:62,3,0,2
BRDA:62,3,1,19
BRDA:62,4,0,1
BRDA:62,4,1,18
BRDA:64,5,0,1
BRDA:64,5,1,20
BRDA:64,6,0,21
BRDA:64,6,1,1
BRDA:79,7,0,1
BRDA:79,7,1,20
BRDA:79,8,0,21
BRDA:79,8,1,1
BRDA:85,9,0,1
BRDA:85,9,1,20
BRDA:85,10,0,21
BRDA:85,10,1,1
BRDA:91,11,0,2
BRDA:91,11,1,19
BRDA:94,12,0,0
BRDA:94,12,1,21
BRDA:94,13,0,21
BRDA:94,13,1,0
BRDA:137,14,0,21
BRDA:137,14,1,20
BRDA:138,15,0,21
BRDA:138,15,1,0
BRDA:139,16,0,21
BRDA:139,16,1,20
BRDA:140,17,0,21
BRDA:140,17,1,0
BRDA:149,18,0,0
BRDA:149,18,1,0
BRDA:159,19,0,0
BRDA:165,20,0,0
BRDA:165,20,1,0
BRDA:166,21,0,0
BRDA:166,21,1,0
BRDA:175,22,0,2
BRDA:175,22,1,2
BRF:44
BRH:32
end_of_record
TN:
SF:src/clients/ep/transformers.ts
FN:48,resolveMEPId
FN:56,resolveMEPName
FN:64,extractMEPCommittees
FN:67,(anonymous_3)
FN:73,transformMEP
FN:101,transformMEPDetails
FN:138,transformPlenarySession
FN:157,transformVoteResult
FN:177,transformCorporateBody
FN:203,transformDocument
FN:231,transformParliamentaryQuestion
FN:261,transformSpeech
FN:278,transformProcedure
FN:302,transformAdoptedText
FN:317,transformEvent
FN:333,transformMeetingActivity
FN:351,transformMEPDeclaration
FNF:17
FNH:17
FNDA:104,resolveMEPId
FNDA:104,resolveMEPName
FNDA:104,extractMEPCommittees
FNDA:4,(anonymous_3)
FNDA:104,transformMEP
FNDA:12,transformMEPDetails
FNDA:24,transformPlenarySession
FNDA:41,transformVoteResult
FNDA:22,transformCorporateBody
FNDA:105,transformDocument
FNDA:97,transformParliamentaryQuestion
FNDA:23,transformSpeech
FNDA:16,transformProcedure
FNDA:10,transformAdoptedText
FNDA:16,transformEvent
FNDA:15,transformMeetingActivity
FNDA:13,transformMEPDeclaration
DA:49,104
DA:50,104
DA:51,104
DA:52,104
DA:57,104
DA:58,104
DA:59,104
DA:60,104
DA:65,104
DA:66,104
DA:67,4
DA:74,104
DA:75,104
DA:78,104
DA:79,104
DA:81,104
DA:82,104
DA:84,104
DA:93,104
DA:94,104
DA:95,104
DA:102,12
DA:104,12
DA:105,12
DA:106,12
DA:108,12
DA:109,6
DA:110,7
DA:111,7
DA:112,7
DA:117,12
DA:139,24
DA:140,24
DA:141,24
DA:142,24
DA:144,24
DA:158,41
DA:159,41
DA:160,41
DA:162,41
DA:163,41
DA:164,41
DA:166,41
DA:167,41
DA:169,41
DA:178,22
DA:179,22
DA:180,22
DA:181,22
DA:183,22
DA:184,22
DA:185,22
DA:187,22
DA:204,105
DA:205,105
DA:206,105
DA:207,105
DA:208,105
DA:209,105
DA:211,105
DA:220,105
DA:221,89
DA:223,105
DA:232,97
DA:233,97
DA:234,97
DA:235,97
DA:236,97
DA:237,97
DA:238,97
DA:240,97
DA:249,97
DA:250,14
DA:251,14
DA:253,97
DA:262,23
DA:279,16
DA:280,16
DA:281,16
DA:282,16
DA:283,16
DA:303,10
DA:318,16
DA:334,15
DA:335,15
DA:337,15
DA:352,13
LF:87
LH:87
BRDA:50,0,0,104
BRDA:50,0,1,2
BRDA:50,0,2,2
BRDA:51,1,0,104
BRDA:51,1,1,2
BRDA:52,2,0,2
BRDA:52,2,1,102
BRDA:57,3,0,104
BRDA:57,3,1,6
BRDA:58,4,0,104
BRDA:58,4,1,21
BRDA:59,5,0,104
BRDA:59,5,1,21
BRDA:60,6,0,104
BRDA:60,6,1,6
BRDA:60,6,2,4
BRDA:66,7,0,101
BRDA:66,7,1,3
BRDA:78,8,0,104
BRDA:78,8,1,103
BRDA:79,9,0,104
BRDA:79,9,1,103
BRDA:90,10,0,104
BRDA:90,10,1,103
BRDA:91,11,0,104
BRDA:91,11,1,103
BRDA:93,12,0,1
BRDA:93,12,1,103
BRDA:94,13,0,1
BRDA:94,13,1,103
BRDA:108,14,0,6
BRDA:108,14,1,6
BRDA:110,15,0,7
BRDA:110,15,1,0
BRDA:110,16,0,7
BRDA:110,16,1,7
BRDA:112,17,0,4
BRDA:112,17,1,3
BRDA:119,18,0,3
BRDA:119,18,1,9
BRDA:120,19,0,3
BRDA:120,19,1,9
BRDA:139,20,0,24
BRDA:139,20,1,2
BRDA:139,20,2,1
BRDA:158,21,0,41
BRDA:158,21,1,1
BRDA:158,21,2,1
BRDA:160,22,0,41
BRDA:160,22,1,3
BRDA:160,22,2,2
BRDA:162,23,0,41
BRDA:162,23,1,40
BRDA:163,24,0,41
BRDA:163,24,1,40
BRDA:164,25,0,41
BRDA:164,25,1,40
BRDA:166,26,0,41
BRDA:166,26,1,39
BRDA:179,27,0,22
BRDA:179,27,1,5
BRDA:179,27,2,5
BRDA:180,28,0,22
BRDA:180,28,1,1
BRDA:181,29,0,21
BRDA:181,29,1,1
BRDA:183,30,0,22
BRDA:183,30,1,4
BRDA:185,31,0,18
BRDA:185,31,1,4
BRDA:189,32,0,17
BRDA:189,32,1,5
BRDA:192,33,0,22
BRDA:192,33,1,8
BRDA:205,34,0,105
BRDA:205,34,1,5
BRDA:205,34,2,5
BRDA:207,35,0,105
BRDA:207,35,1,10
BRDA:207,35,2,10
BRDA:214,36,0,100
BRDA:214,36,1,5
BRDA:220,37,0,89
BRDA:220,37,1,16
BRDA:238,38,0,91
BRDA:238,38,1,6
BRDA:243,39,0,90
BRDA:243,39,1,7
BRDA:247,40,0,14
BRDA:247,40,1,83
BRDA:249,41,0,14
BRDA:249,41,1,83
BRDA:264,42,0,23
BRDA:264,42,1,4
BRDA:264,42,2,3
BRDA:265,43,0,23
BRDA:265,43,1,4
BRDA:266,44,0,23
BRDA:266,44,1,4
BRDA:267,45,0,23
BRDA:267,45,1,4
BRDA:270,46,0,23
BRDA:270,46,1,4
BRDA:270,46,2,4
BRDA:295,47,0,16
BRDA:295,47,1,5
BRDA:305,48,0,10
BRDA:305,48,1,1
BRDA:305,48,2,1
BRDA:308,49,0,10
BRDA:308,49,1,2
BRDA:308,49,2,2
BRDA:310,50,0,10
BRDA:310,50,1,2
BRDA:310,50,2,2
BRDA:320,51,0,16
BRDA:320,51,1,2
BRDA:320,51,2,2
BRDA:321,52,0,16
BRDA:321,52,1,3
BRDA:321,52,2,2
BRDA:322,53,0,16
BRDA:322,53,1,4
BRDA:334,54,0,15
BRDA:334,54,1,3
BRDA:335,55,0,11
BRDA:335,55,1,4
BRDA:339,56,0,15
BRDA:339,56,1,4
BRDA:339,56,2,4
BRDA:341,57,0,15
BRDA:341,57,1,4
BRDA:354,58,0,13
BRDA:354,58,1,4
BRDA:354,58,2,4
BRDA:355,59,0,13
BRDA:355,59,1,4
BRDA:356,60,0,13
BRDA:356,60,1,5
BRDA:358,61,0,13
BRDA:358,61,1,5
BRDA:358,61,2,5
BRF:142
BRH:141
end_of_record
TN:
SF:src/clients/ep/vocabularyClient.ts
FN:27,(anonymous_0)
FN:40,(anonymous_1)
FN:61,(anonymous_2)
FN:79,(anonymous_3)
FNF:4
FNH:3
FNDA:298,(anonymous_0)
FNDA:4,(anonymous_1)
FNDA:0,(anonymous_2)
FNDA:4,(anonymous_3)
DA:28,298
DA:44,4
DA:45,4
DA:47,4
DA:53,3
DA:54,4
DA:65,0
DA:82,4
DA:83,2
DA:85,2
DA:89,2
LF:11
LH:10
BRDA:27,0,0,298
BRDA:40,1,0,4
BRDA:44,2,0,4
BRDA:44,2,1,3
BRDA:45,3,0,4
BRDA:45,3,1,4
BRDA:53,4,0,3
BRDA:53,4,1,0
BRDA:61,5,0,0
BRDA:67,6,0,0
BRDA:67,6,1,0
BRDA:68,7,0,0
BRDA:68,7,1,0
BRDA:82,8,0,2
BRDA:82,8,1,2
BRF:15
BRH:9
end_of_record
TN:
SF:src/clients/ep/votingClient.ts
FN:37,(anonymous_0)
FN:43,(anonymous_1)
FN:50,(anonymous_2)
FN:60,(anonymous_3)
FN:68,(anonymous_4)
FN:75,(anonymous_5)
FN:100,(anonymous_6)
FN:119,(anonymous_7)
FN:126,(anonymous_8)
FN:132,(anonymous_9)
FN:136,(anonymous_10)
FN:152,(anonymous_11)
FN:210,(anonymous_12)
FN:231,(anonymous_13)
FN:239,(anonymous_14)
FNF:15
FNH:15
FNDA:298,(anonymous_0)
FNDA:34,(anonymous_1)
FNDA:20,(anonymous_2)
FNDA:7,(anonymous_3)
FNDA:28,(anonymous_4)
FNDA:3,(anonymous_5)
FNDA:6,(anonymous_6)
FNDA:10,(anonymous_7)
FNDA:2,(anonymous_8)
FNDA:4,(anonymous_9)
FNDA:1,(anonymous_10)
FNDA:10,(anonymous_11)
FNDA:9,(anonymous_12)
FNDA:18,(anonymous_13)
FNDA:4,(anonymous_14)
DA:38,298
DA:47,34
DA:51,20
DA:64,7
DA:68,28
DA:79,3
DA:80,3
DA:81,1
DA:84,3
DA:85,3
DA:86,3
DA:88,3
DA:89,4
DA:93,4
DA:95,4
DA:96,4
DA:100,3
DA:101,6
DA:103,3
DA:106,1
DA:109,4
DA:112,3
DA:123,10
DA:124,10
DA:125,1
DA:126,1
DA:127,2
DA:130,10
DA:131,2
DA:132,4
DA:134,10
DA:135,1
DA:136,1
DA:138,10
DA:160,10
DA:162,10
DA:163,10
DA:164,10
DA:165,10
DA:167,10
DA:170,10
DA:171,7
DA:173,3
DA:177,10
DA:180,10
DA:181,10
DA:182,10
DA:184,10
DA:192,10
DA:193,10
DA:195,0
DA:200,0
DA:217,9
DA:218,9
DA:220,9
DA:225,9
DA:226,9
DA:227,9
DA:229,9
DA:230,8
DA:231,18
DA:232,9
DA:240,4
DA:241,2
DA:243,2
DA:247,2
LF:66
LH:64
BRDA:37,0,0,298
BRDA:80,1,0,1
BRDA:80,1,1,2
BRDA:80,2,0,3
BRDA:80,2,1,1
BRDA:86,3,0,3
BRDA:86,3,1,0
BRDA:89,4,0,4
BRDA:89,4,1,0
BRDA:89,4,2,0
BRDA:93,5,0,0
BRDA:93,5,1,4
BRDA:109,6,0,0
BRDA:109,6,1,4
BRDA:124,7,0,1
BRDA:124,7,1,9
BRDA:124,8,0,10
BRDA:124,8,1,1
BRDA:130,9,0,2
BRDA:130,9,1,8
BRDA:130,10,0,10
BRDA:130,10,1,2
BRDA:134,11,0,1
BRDA:134,11,1,9
BRDA:134,12,0,10
BRDA:134,12,1,1
BRDA:164,13,0,7
BRDA:164,13,1,3
BRDA:165,14,0,2
BRDA:165,14,1,8
BRDA:167,15,0,10
BRDA:167,15,1,3
BRDA:170,16,0,7
BRDA:170,16,1,3
BRDA:180,17,0,10
BRDA:180,17,1,8
BRDA:181,18,0,10
BRDA:181,18,1,3
BRDA:198,19,0,0
BRDA:198,19,1,0
BRDA:210,20,0,9
BRDA:217,21,0,9
BRDA:217,21,1,4
BRDA:218,22,0,9
BRDA:218,22,1,9
BRDA:225,23,0,1
BRDA:225,23,1,8
BRDA:226,24,0,1
BRDA:226,24,1,8
BRDA:227,25,0,1
BRDA:227,25,1,8
BRDA:230,26,0,8
BRDA:230,26,1,0
BRDA:240,27,0,2
BRDA:240,27,1,2
BRF:55
BRH:47
end_of_record
TN:
SF:src/data/generatedStats.ts
FN:466,distributeMetric
FN:468,(anonymous_1)
FN:471,(anonymous_2)
FN:472,(anonymous_3)
FN:473,(anonymous_4)
FN:478,(anonymous_5)
FN:479,(anonymous_6)
FN:480,(anonymous_7)
FN:493,distributeMonthly
FN:498,(anonymous_9)
FN:520,(anonymous_10)
FN:522,(anonymous_11)
FN:631,safeDivide
FN:636,roundTo
FN:660,computePoliticalBlocAnalysis
FN:706,classifyGroups
FN:719,computeQuadrantDistribution
FN:745,computePoliticalCompass
FN:748,(anonymous_18)
FN:760,(anonymous_19)
FN:761,(anonymous_20)
FN:762,(anonymous_21)
FN:773,(anonymous_22)
FN:778,(anonymous_23)
FN:781,(anonymous_24)
FN:784,(anonymous_25)
FN:804,computeMinimumWinningCoalition
FN:817,shareAtRank
FN:822,computeConcentrationMetrics
FN:831,(anonymous_29)
FN:832,(anonymous_30)
FN:835,(anonymous_31)
FN:836,(anonymous_32)
FN:854,classifyMemoryRisk
FN:861,computeYoYDynamics
FN:889,computeDerivedIntelligence
FN:934,buildYearlyStats
FN:935,(anonymous_37)
FN:952,computeRankings
FN:969,(anonymous_39)
FN:970,(anonymous_40)
FN:974,(anonymous_41)
FN:977,(anonymous_42)
FN:978,(anonymous_43)
FN:979,(anonymous_44)
FN:981,(anonymous_45)
FN:986,(anonymous_46)
FN:1012,buildPredictions
FN:1015,(anonymous_48)
FN:1019,(anonymous_49)
FN:1020,(anonymous_50)
FN:1022,(anonymous_51)
FN:1023,(anonymous_52)
FN:1024,(anonymous_53)
FN:1025,(anonymous_54)
FN:1026,(anonymous_55)
FN:1027,(anonymous_56)
FN:1028,(anonymous_57)
FN:1029,(anonymous_58)
FN:1030,(anonymous_59)
FN:1031,(anonymous_60)
FN:1032,(anonymous_61)
FN:1033,(anonymous_62)
FN:1034,(anonymous_63)
FN:1045,(anonymous_64)
FN:1071,findLargestEuroscepticSurge
FN:1099,buildDerivedKeyFindings
FN:1110,(anonymous_67)
FN:1152,buildAnalysisSummary
FN:1153,(anonymous_69)
FN:1154,(anonymous_70)
FN:1155,(anonymous_71)
FN:1158,(anonymous_72)
FN:1163,(anonymous_73)
FN:1164,(anonymous_74)
FNF:75
FNH:74
FNDA:1430,distributeMetric
FNDA:0,(anonymous_1)
FNDA:17160,(anonymous_2)
FNDA:17160,(anonymous_3)
FNDA:17160,(anonymous_4)
FNDA:15600,(anonymous_5)
FNDA:37855,(anonymous_6)
FNDA:15600,(anonymous_7)
FNDA:110,distributeMonthly
FNDA:330,(anonymous_9)
FNDA:17160,(anonymous_10)
FNDA:1320,(anonymous_11)
FNDA:2080,safeDivide
FNDA:4935,roundTo
FNDA:110,computePoliticalBlocAnalysis
FNDA:110,classifyGroups
FNDA:110,computeQuadrantDistribution
FNDA:110,computePoliticalCompass
FNDA:800,(anonymous_18)
FNDA:800,(anonymous_19)
FNDA:800,(anonymous_20)
FNDA:800,(anonymous_21)
FNDA:330,(anonymous_22)
FNDA:800,(anonymous_23)
FNDA:800,(anonymous_24)
FNDA:800,(anonymous_25)
FNDA:110,computeMinimumWinningCoalition
FNDA:440,shareAtRank
FNDA:110,computeConcentrationMetrics
FNDA:910,(anonymous_29)
FNDA:750,(anonymous_30)
FNDA:910,(anonymous_31)
FNDA:910,(anonymous_32)
FNDA:110,classifyMemoryRisk
FNDA:110,computeYoYDynamics
FNDA:110,computeDerivedIntelligence
FNDA:5,buildYearlyStats
FNDA:110,(anonymous_37)
FNDA:5,computeRankings
FNDA:65,(anonymous_39)
FNDA:1430,(anonymous_40)
FNDA:4545,(anonymous_41)
FNDA:1430,(anonymous_42)
FNDA:1430,(anonymous_43)
FNDA:1430,(anonymous_44)
FNDA:4375,(anonymous_45)
FNDA:1430,(anonymous_46)
FNDA:5,buildPredictions
FNDA:110,(anonymous_48)
FNDA:65,(anonymous_49)
FNDA:325,(anonymous_50)
FNDA:25,(anonymous_51)
FNDA:25,(anonymous_52)
FNDA:25,(anonymous_53)
FNDA:25,(anonymous_54)
FNDA:25,(anonymous_55)
FNDA:25,(anonymous_56)
FNDA:25,(anonymous_57)
FNDA:25,(anonymous_58)
FNDA:25,(anonymous_59)
FNDA:25,(anonymous_60)
FNDA:25,(anonymous_61)
FNDA:25,(anonymous_62)
FNDA:25,(anonymous_63)
FNDA:25,(anonymous_64)
FNDA:5,findLargestEuroscepticSurge
FNDA:5,buildDerivedKeyFindings
FNDA:80,(anonymous_67)
FNDA:5,buildAnalysisSummary
FNDA:110,(anonymous_69)
FNDA:110,(anonymous_70)
FNDA:105,(anonymous_71)
FNDA:105,(anonymous_72)
FNDA:25,(anonymous_73)
FNDA:25,(anonymous_74)
DA:116,5
DA:447,5
DA:467,1430
DA:468,0
DA:471,17160
DA:472,17160
DA:473,17160
DA:474,1430
DA:476,1430
DA:477,1300
DA:478,15600
DA:479,37855
DA:480,15600
DA:482,1300
DA:483,6840
DA:484,6840
DA:485,6840
DA:490,1430
DA:495,110
DA:498,110
DA:499,330
DA:500,330
DA:501,330
DA:504,110
DA:520,17160
DA:522,1320
DA:543,5
DA:583,5
DA:590,5
DA:615,5
DA:632,2080
DA:637,4935
DA:638,4935
DA:654,5
DA:655,5
DA:658,5
DA:662,110
DA:663,110
DA:664,110
DA:665,110
DA:667,110
DA:668,910
DA:669,800
DA:670,800
DA:672,800
DA:673,330
DA:674,470
DA:675,110
DA:677,360
DA:680,800
DA:681,140
DA:685,110
DA:686,110
DA:690,110
DA:707,110
DA:708,110
DA:709,910
DA:710,800
DA:711,800
DA:712,800
DA:715,110
DA:720,110
DA:721,110
DA:722,110
DA:723,110
DA:724,110
DA:725,800
DA:726,800
DA:727,800
DA:728,360
DA:729,0
DA:730,360
DA:732,110
DA:746,110
DA:748,800
DA:749,110
DA:750,0
DA:760,800
DA:761,800
DA:762,800
DA:764,110
DA:767,110
DA:773,110
DA:774,330
DA:778,110
DA:779,800
DA:781,110
DA:782,800
DA:784,110
DA:785,800
DA:788,110
DA:805,110
DA:806,110
DA:807,110
DA:808,255
DA:809,255
DA:810,255
DA:811,255
DA:813,110
DA:818,440
DA:829,110
DA:831,910
DA:832,750
DA:833,110
DA:835,910
DA:836,910
DA:837,110
DA:855,110
DA:856,85
DA:857,85
DA:867,110
DA:868,5
DA:870,105
DA:895,110
DA:896,110
DA:897,110
DA:899,110
DA:935,5
DA:936,110
DA:937,110
DA:938,110
DA:941,110
DA:953,5
DA:969,5
DA:970,1430
DA:974,4545
DA:975,65
DA:977,1430
DA:978,1430
DA:979,1430
DA:980,65
DA:981,4375
DA:982,65
DA:986,1430
DA:993,65
DA:1015,5
DA:1016,110
DA:1019,5
DA:1020,325
DA:1022,25
DA:1023,25
DA:1024,25
DA:1025,25
DA:1026,25
DA:1027,25
DA:1028,25
DA:1029,25
DA:1030,25
DA:1031,25
DA:1032,25
DA:1033,25
DA:1034,25
DA:1037,5
DA:1045,25
DA:1074,5
DA:1075,5
DA:1076,5
DA:1077,5
DA:1078,105
DA:1079,105
DA:1080,105
DA:1082,105
DA:1084,105
DA:1085,20
DA:1086,20
DA:1087,20
DA:1091,5
DA:1100,5
DA:1102,5
DA:1103,5
DA:1104,5
DA:1105,5
DA:1106,5
DA:1109,5
DA:1110,80
DA:1112,5
DA:1115,5
DA:1120,5
DA:1125,5
DA:1130,5
DA:1135,5
DA:1136,5
DA:1139,5
DA:1144,5
DA:1149,5
DA:1153,110
DA:1154,110
DA:1155,5
DA:1156,105
DA:1158,5
DA:1159,105
DA:1163,25
DA:1164,25
DA:1166,5
DA:1167,0
DA:1168,5
DA:1169,0
DA:1171,5
DA:1174,5
DA:1199,5
DA:1200,5
DA:1201,5
DA:1202,5
DA:1204,5
LF:204
LH:199
BRDA:467,0,0,0
BRDA:467,0,1,1430
BRDA:476,1,0,1300
BRDA:476,1,1,130
BRDA:478,2,0,15600
BRDA:478,2,1,0
BRDA:482,3,0,1300
BRDA:482,3,1,6840
BRDA:484,4,0,6840
BRDA:484,4,1,0
BRDA:484,5,0,6840
BRDA:484,5,1,6840
BRDA:500,6,0,0
BRDA:500,6,1,330
BRDA:520,7,0,17160
BRDA:520,7,1,0
BRDA:632,8,0,0
BRDA:632,8,1,2080
BRDA:668,9,0,110
BRDA:668,9,1,800
BRDA:670,10,0,0
BRDA:670,10,1,800
BRDA:672,11,0,330
BRDA:672,11,1,470
BRDA:674,12,0,110
BRDA:674,12,1,360
BRDA:680,13,0,140
BRDA:680,13,1,660
BRDA:686,14,0,0
BRDA:686,14,1,110
BRDA:709,15,0,110
BRDA:709,15,1,800
BRDA:711,16,0,800
BRDA:711,16,1,0
BRDA:727,17,0,330
BRDA:727,17,1,470
BRDA:727,18,0,800
BRDA:727,18,1,440
BRDA:727,19,0,110
BRDA:727,19,1,360
BRDA:728,20,0,0
BRDA:728,20,1,360
BRDA:749,21,0,0
BRDA:749,21,1,110
BRDA:774,22,0,110
BRDA:774,22,1,220
BRDA:808,23,0,0
BRDA:808,23,1,255
BRDA:811,24,0,110
BRDA:811,24,1,145
BRDA:818,25,0,440
BRDA:818,25,1,0
BRDA:848,26,0,110
BRDA:848,26,1,0
BRDA:855,27,0,25
BRDA:855,27,1,85
BRDA:856,28,0,0
BRDA:856,28,1,85
BRDA:867,29,0,5
BRDA:867,29,1,105
BRDA:867,30,0,110
BRDA:867,30,1,105
BRDA:936,31,0,110
BRDA:936,31,1,0
BRDA:937,32,0,105
BRDA:937,32,1,5
BRDA:937,33,0,105
BRDA:937,33,1,0
BRDA:938,34,0,105
BRDA:938,34,1,5
BRDA:939,35,0,105
BRDA:939,35,1,0
BRDA:982,36,0,65
BRDA:982,36,1,0
BRDA:983,37,0,65
BRDA:983,37,1,0
BRDA:983,38,0,65
BRDA:983,38,1,0
BRDA:984,39,0,0
BRDA:984,39,1,0
BRDA:999,40,0,65
BRDA:999,40,1,0
BRDA:1000,41,0,65
BRDA:1000,41,1,0
BRDA:1080,42,0,105
BRDA:1080,42,1,0
BRDA:1080,43,0,105
BRDA:1080,43,1,105
BRDA:1084,44,0,20
BRDA:1084,44,1,85
BRDA:1091,45,0,5
BRDA:1091,45,1,0
BRDA:1104,46,0,5
BRDA:1104,46,1,0
BRDA:1104,47,0,5
BRDA:1104,47,1,5
BRDA:1112,48,0,5
BRDA:1112,48,1,0
BRDA:1131,49,0,5
BRDA:1131,49,1,0
BRDA:1136,50,0,5
BRDA:1136,50,1,0
BRDA:1156,51,0,35
BRDA:1156,51,1,70
BRDA:1159,52,0,5
BRDA:1159,52,1,100
BRDA:1166,53,0,0
BRDA:1166,53,1,5
BRDA:1168,54,0,0
BRDA:1168,54,1,5
BRF:110
BRH:77
end_of_record
TN:
SF:src/di/container.ts
FN:67,(anonymous_0)
FN:91,(anonymous_1)
FN:123,(anonymous_2)
FN:141,(anonymous_3)
FN:167,createDefaultContainer
FN:170,(anonymous_5)
FN:171,(anonymous_6)
FN:172,(anonymous_7)
FN:173,(anonymous_8)
FNF:9
FNH:9
FNDA:49,(anonymous_0)
FNDA:23,(anonymous_1)
FNDA:13,(anonymous_2)
FNDA:2,(anonymous_3)
FNDA:9,createDefaultContainer
FNDA:3,(anonymous_5)
FNDA:4,(anonymous_6)
FNDA:1,(anonymous_7)
FNDA:2,(anonymous_8)
DA:45,20
DA:72,49
DA:92,23
DA:94,23
DA:95,1
DA:99,22
DA:100,3
DA:104,19
DA:107,19
DA:108,17
DA:111,19
DA:124,13
DA:142,2
DA:168,9
DA:170,9
DA:171,9
DA:172,9
DA:173,9
DA:174,2
DA:180,9
LF:20
LH:20
BRDA:70,0,0,49
BRDA:94,1,0,1
BRDA:94,1,1,22
BRDA:99,2,0,3
BRDA:99,2,1,19
BRDA:99,3,0,22
BRDA:99,3,1,20
BRDA:107,4,0,17
BRDA:107,4,1,2
BRF:9
BRH:9
end_of_record
TN:
SF:src/di/tokens.ts
FNF:0
FNH:0
DA:32,3
LF:1
LH:1
BRF:0
BRH:0
end_of_record
TN:
SF:src/prompts/index.ts
FN:189,generateMepBriefing
FN:231,generateCoalitionAnalysis
FN:272,generateLegislativeTracking
FN:322,generateGroupComparison
FN:362,generateCommitteeActivity
FN:401,generateVotingAnalysis
FN:442,generateCountryDelegationAnalysis
FN:484,getPromptMetadataArray
FN:504,handleGetPrompt
FN:528,(anonymous_9)
FN:531,(anonymous_10)
FN:532,(anonymous_11)
FN:536,(anonymous_12)
FNF:13
FNH:13
FNDA:3,generateMepBriefing
FNDA:3,generateCoalitionAnalysis
FNDA:3,generateLegislativeTracking
FNDA:1,generateGroupComparison
FNDA:1,generateCommitteeActivity
FNDA:2,generateVotingAnalysis
FNDA:3,generateCountryDelegationAnalysis
FNDA:41,getPromptMetadataArray
FNDA:23,handleGetPrompt
FNDA:73,(anonymous_9)
FNDA:35,(anonymous_10)
FNDA:10,(anonymous_11)
FNDA:3,(anonymous_12)
DA:55,3
DA:64,3
DA:73,3
DA:82,3
DA:90,3
DA:98,3
DA:109,3
DA:118,3
DA:126,3
DA:134,3
DA:142,3
DA:149,3
DA:156,3
DA:164,3
DA:172,3
DA:190,3
DA:191,3
DA:193,3
DA:232,3
DA:233,3
DA:235,3
DA:273,3
DA:274,3
DA:275,3
DA:276,3
DA:277,1
DA:279,3
DA:280,1
DA:282,3
DA:286,3
DA:323,1
DA:325,1
DA:363,1
DA:365,1
DA:402,2
DA:403,2
DA:404,2
DA:406,2
DA:443,3
DA:444,3
DA:446,3
DA:485,41
DA:508,23
DA:512,23
DA:522,23
DA:523,23
DA:524,3
DA:528,73
DA:529,19
DA:530,19
DA:531,35
DA:533,10
DA:534,10
DA:536,3
DA:538,19
DA:539,3
DA:545,16
LF:57
LH:57
BRDA:190,0,0,3
BRDA:190,0,1,0
BRDA:191,1,0,3
BRDA:191,1,1,2
BRDA:232,2,0,3
BRDA:232,2,1,2
BRDA:233,3,0,3
BRDA:233,3,1,3
BRDA:276,4,0,1
BRDA:276,4,1,2
BRDA:279,5,0,1
BRDA:279,5,1,2
BRDA:282,6,0,2
BRDA:282,6,1,1
BRDA:323,7,0,1
BRDA:323,7,1,0
BRDA:363,8,0,1
BRDA:363,8,1,0
BRDA:402,9,0,2
BRDA:402,9,1,1
BRDA:404,10,0,1
BRDA:404,10,1,1
BRDA:417,11,0,1
BRDA:417,11,1,1
BRDA:443,12,0,3
BRDA:443,12,1,0
BRDA:444,13,0,3
BRDA:444,13,1,2
BRDA:508,14,0,20
BRDA:508,14,1,3
BRDA:523,15,0,3
BRDA:523,15,1,20
BRDA:529,16,0,19
BRDA:529,16,1,0
BRDA:534,17,0,10
BRDA:534,17,1,7
BRDA:534,17,2,7
BRDA:538,18,0,3
BRDA:538,18,1,16
BRF:39
BRH:34
end_of_record
TN:
SF:src/resources/index.ts
FN:131,matchMepUri
FN:145,matchOtherUri
FN:176,matchCommitteeUri
FN:186,matchVoteUri
FN:196,matchProcedureUri
FN:206,matchPlenaryDetailUri
FN:216,matchDocumentUri
FN:226,parseResourceUri
FN:256,handleMepDetail
FN:276,handleMepList
FN:296,handleCommitteeDetail
FN:316,handlePlenarySessions
FN:336,handleVotingRecord
FN:356,handlePoliticalGroups
FN:368,(anonymous_14)
FN:391,handleProcedureDetail
FN:415,handlePlenaryDetail
FN:437,handleDocumentDetail
FN:457,getResourceTemplateArray
FN:474,requireParam
FN:489,handleReadResource
FNF:21
FNH:21
FNDA:24,matchMepUri
FNDA:20,matchOtherUri
FNDA:2,matchCommitteeUri
FNDA:2,matchVoteUri
FNDA:4,matchProcedureUri
FNDA:2,matchPlenaryDetailUri
FNDA:2,matchDocumentUri
FNDA:27,parseResourceUri
FNDA:1,handleMepDetail
FNDA:1,handleMepList
FNDA:1,handleCommitteeDetail
FNDA:1,handlePlenarySessions
FNDA:1,handleVotingRecord
FNDA:1,handlePoliticalGroups
FNDA:2,(anonymous_14)
FNDA:2,handleProcedureDetail
FNDA:1,handlePlenaryDetail
FNDA:1,handleDocumentDetail
FNDA:21,getResourceTemplateArray
FNDA:7,requireParam
FNDA:15,handleReadResource
DA:50,3
DA:57,3
DA:64,3
DA:71,3
DA:78,3
DA:85,3
DA:92,3
DA:99,3
DA:106,3
DA:115,3
DA:117,3
DA:123,3
DA:132,24
DA:133,5
DA:134,2
DA:136,3
DA:137,2
DA:139,1
DA:146,20
DA:147,20
DA:148,2
DA:150,18
DA:151,2
DA:153,16
DA:154,2
DA:156,14
DA:157,2
DA:161,12
DA:162,4
DA:164,8
DA:165,2
DA:167,6
DA:168,2
DA:170,4
DA:177,2
DA:178,2
DA:180,0
DA:187,2
DA:188,2
DA:190,0
DA:197,4
DA:198,3
DA:200,1
DA:207,2
DA:208,2
DA:210,0
DA:217,2
DA:218,2
DA:220,0
DA:228,27
DA:229,2
DA:232,25
DA:233,25
DA:235,25
DA:236,1
DA:239,24
DA:240,24
DA:242,20
DA:243,20
DA:245,5
DA:257,1
DA:258,1
DA:260,1
DA:277,1
DA:279,1
DA:297,1
DA:298,1
DA:300,1
DA:317,1
DA:319,1
DA:337,1
DA:338,1
DA:340,1
DA:357,1
DA:360,1
DA:361,1
DA:362,1
DA:363,2
DA:364,2
DA:368,2
DA:373,1
DA:392,2
DA:393,2
DA:395,1
DA:416,1
DA:417,1
DA:419,1
DA:438,1
DA:439,1
DA:441,1
DA:458,21
DA:475,7
DA:476,7
DA:477,0
DA:479,7
DA:490,15
DA:494,15
DA:496,1
DA:497,1
DA:499,1
DA:500,1
DA:502,1
DA:503,1
DA:505,1
DA:506,1
DA:508,1
DA:509,1
DA:511,1
DA:512,1
DA:514,2
DA:515,1
DA:517,1
DA:518,1
DA:520,1
DA:521,1
DA:523,0
DA:526,9
LF:117
LH:111
BRDA:132,0,0,19
BRDA:132,0,1,5
BRDA:133,1,0,2
BRDA:133,1,1,3
BRDA:133,2,0,5
BRDA:133,2,1,3
BRDA:134,3,0,2
BRDA:134,3,1,0
BRDA:136,4,0,2
BRDA:136,4,1,1
BRDA:147,5,0,2
BRDA:147,5,1,18
BRDA:150,6,0,2
BRDA:150,6,1,16
BRDA:150,7,0,18
BRDA:150,7,1,2
BRDA:153,8,0,2
BRDA:153,8,1,14
BRDA:156,9,0,2
BRDA:156,9,1,12
BRDA:156,10,0,14
BRDA:156,10,1,2
BRDA:161,11,0,4
BRDA:161,11,1,8
BRDA:164,12,0,2
BRDA:164,12,1,6
BRDA:167,13,0,2
BRDA:167,13,1,4
BRDA:177,14,0,2
BRDA:177,14,1,0
BRDA:177,15,0,2
BRDA:177,15,1,2
BRDA:178,16,0,2
BRDA:178,16,1,0
BRDA:187,17,0,2
BRDA:187,17,1,0
BRDA:187,18,0,2
BRDA:187,18,1,2
BRDA:188,19,0,2
BRDA:188,19,1,0
BRDA:197,20,0,3
BRDA:197,20,1,1
BRDA:197,21,0,4
BRDA:197,21,1,3
BRDA:198,22,0,3
BRDA:198,22,1,0
BRDA:207,23,0,2
BRDA:207,23,1,0
BRDA:207,24,0,2
BRDA:207,24,1,2
BRDA:208,25,0,2
BRDA:208,25,1,0
BRDA:217,26,0,2
BRDA:217,26,1,0
BRDA:217,27,0,2
BRDA:217,27,1,2
BRDA:218,28,0,2
BRDA:218,28,1,0
BRDA:228,29,0,2
BRDA:228,29,1,25
BRDA:235,30,0,1
BRDA:235,30,1,24
BRDA:235,31,0,25
BRDA:235,31,1,25
BRDA:240,32,0,4
BRDA:240,32,1,20
BRDA:243,33,0,15
BRDA:243,33,1,5
BRDA:361,34,0,1
BRDA:361,34,1,0
BRDA:363,35,0,2
BRDA:363,35,1,0
BRDA:364,36,0,2
BRDA:364,36,1,2
BRDA:476,37,0,0
BRDA:476,37,1,7
BRDA:476,38,0,7
BRDA:476,38,1,7
BRDA:494,39,0,1
BRDA:494,39,1,1
BRDA:494,39,2,1
BRDA:494,39,3,1
BRDA:494,39,4,1
BRDA:494,39,5,1
BRDA:494,39,6,2
BRDA:494,39,7,1
BRDA:494,39,8,1
BRDA:494,39,9,0
BRF:88
BRH:74
end_of_record
TN:
SF:src/schemas/europeanParliament.ts
FNF:0
FNH:0
LF:0
LH:0
BRF:0
BRH:0
end_of_record
TN:
SF:src/schemas/ep/activities.ts
FNF:0
FNH:0
DA:16,57
DA:48,57
DA:76,57
DA:104,57
DA:136,57
DA:157,57
DA:178,57
DA:206,57
DA:228,57
DA:249,57
DA:271,57
DA:293,57
LF:12
LH:12
BRF:0
BRH:0
end_of_record
TN:
SF:src/schemas/ep/analysis.ts
FN:105,(anonymous_0)
FNF:1
FNH:1
FNDA:17,(anonymous_0)
DA:13,57
DA:28,57
DA:38,57
DA:53,57
DA:68,57
DA:86,57
DA:105,17
DA:112,57
DA:132,57
DA:146,57
DA:176,57
DA:194,57
LF:12
LH:12
BRDA:105,0,0,17
BRDA:105,0,1,10
BRF:2
BRH:2
end_of_record
TN:
SF:src/schemas/ep/committee.ts
FNF:0
FNH:0
DA:12,57
DA:32,57
LF:2
LH:2
BRF:0
BRH:0
end_of_record
TN:
SF:src/schemas/ep/common.ts
FN:27,(anonymous_0)
FNF:1
FNH:1
FNDA:76,(anonymous_0)
DA:12,57
DA:20,57
DA:27,57
DA:36,76
LF:4
LH:4
BRF:0
BRH:0
end_of_record
TN:
SF:src/schemas/ep/document.ts
FNF:0
FNH:0
DA:14,57
DA:27,57
DA:65,57
DA:83,57
DA:111,57
DA:139,57
DA:161,57
DA:178,57
LF:8
LH:8
BRF:0
BRH:0
end_of_record
TN:
SF:src/schemas/ep/feed.ts
FN:36,(anonymous_0)
FNF:1
FNH:1
FNDA:98,(anonymous_0)
DA:22,57
DA:30,57
DA:37,98
DA:38,0
DA:49,57
DA:52,57
DA:55,57
DA:58,57
DA:61,57
DA:64,57
DA:67,57
DA:70,57
DA:75,57
DA:81,57
DA:87,57
DA:93,57
DA:99,57
DA:107,57
LF:18
LH:17
BRDA:37,0,0,0
BRDA:37,0,1,98
BRDA:37,1,0,98
BRDA:37,1,1,10
BRDA:37,1,2,10
BRF:5
BRH:4
end_of_record
TN:
SF:src/schemas/ep/index.ts
FNF:0
FNH:0
LF:0
LH:0
BRF:0
BRH:0
end_of_record
TN:
SF:src/schemas/ep/mep.ts
FNF:0
FNH:0
DA:13,57
DA:44,57
DA:54,57
DA:71,57
DA:82,57
DA:97,57
DA:114,57
DA:131,57
DA:148,57
LF:9
LH:9
BRF:0
BRH:0
end_of_record
TN:
SF:src/schemas/ep/plenary.ts
FNF:0
FNH:0
DA:13,57
DA:48,57
DA:61,57
DA:95,57
LF:4
LH:4
BRF:0
BRH:0
end_of_record
TN:
SF:src/schemas/ep/question.ts
FNF:0
FNH:0
DA:13,57
DA:53,57
LF:2
LH:2
BRF:0
BRH:0
end_of_record
TN:
SF:src/server/cli.ts
FN:30,sanitizeUrl
FN:48,showHelp
FN:50,(anonymous_2)
FN:84,showVersion
FN:95,showHealth
FN:97,(anonymous_5)
FN:160,parseCLIArgs
FNF:7
FNH:7
FNDA:37,sanitizeUrl
FNDA:12,showHelp
FNDA:732,(anonymous_2)
FNDA:4,showVersion
FNDA:16,showHealth
FNDA:976,(anonymous_5)
FNDA:14,parseCLIArgs
DA:31,37
DA:32,37
DA:33,37
DA:34,37
DA:35,37
DA:36,37
DA:37,37
DA:39,7
DA:40,7
DA:41,7
DA:49,12
DA:50,732
DA:51,12
DA:54,12
DA:86,4
DA:96,16
DA:97,976
DA:98,16
DA:99,16
DA:100,16
DA:102,16
DA:103,16
DA:104,16
DA:105,16
DA:106,16
DA:107,16
DA:109,16
DA:142,16
DA:161,14
LF:29
LH:29
BRDA:39,0,0,7
BRDA:39,0,1,0
BRDA:40,1,0,7
BRDA:40,1,1,0
BRDA:102,2,0,16
BRDA:102,2,1,15
BRDA:103,3,0,16
BRDA:103,3,1,0
BRDA:103,4,0,16
BRDA:103,4,1,16
BRDA:135,5,0,16
BRDA:135,5,1,16
BRDA:136,6,0,16
BRDA:136,6,1,16
BRDA:137,7,0,16
BRDA:137,7,1,15
BRDA:162,8,0,14
BRDA:162,8,1,10
BRDA:163,9,0,14
BRDA:163,9,1,11
BRF:20
BRH:17
end_of_record
TN:
SF:src/server/toolRegistry.ts
FN:104,withCategory
FN:115,getToolMetadataArray
FN:276,dispatchToolCall
FNF:3
FNH:3
FNDA:3233,withCategory
FNDA:53,getToolMetadataArray
FNDA:10,dispatchToolCall
DA:108,3233
DA:116,53
DA:194,3
DA:280,10
DA:281,10
DA:282,5
DA:284,5
LF:7
LH:7
BRDA:281,0,0,5
BRDA:281,0,1,5
BRF:2
BRH:2
end_of_record
TN:
SF:src/services/HealthService.ts
FN:115,(anonymous_0)
FN:148,(anonymous_1)
FN:170,(anonymous_2)
FN:182,(anonymous_3)
FN:199,(anonymous_4)
FN:216,(anonymous_5)
FNF:6
FNH:6
FNDA:30,(anonymous_0)
FNDA:29,(anonymous_1)
FNDA:29,(anonymous_2)
FNDA:29,(anonymous_3)
FNDA:29,(anonymous_4)
FNDA:29,(anonymous_5)
DA:116,30
DA:117,30
DA:119,30
DA:149,29
DA:150,29
DA:151,29
DA:152,29
DA:154,29
DA:171,29
DA:183,29
DA:184,29
DA:186,29
DA:188,25
DA:192,4
DA:200,29
DA:201,29
DA:202,29
DA:204,29
DA:205,29
DA:209,29
DA:221,29
DA:222,2
DA:227,27
DA:230,29
LF:24
LH:24
BRDA:183,0,0,29
BRDA:183,0,1,26
BRDA:184,1,0,29
BRDA:184,1,1,25
BRDA:186,2,0,25
BRDA:186,2,1,4
BRDA:200,3,0,29
BRDA:200,3,1,28
BRDA:201,4,0,29
BRDA:201,4,1,28
BRDA:205,5,0,1
BRDA:205,5,1,28
BRDA:221,6,0,2
BRDA:221,6,1,27
BRDA:227,7,0,27
BRDA:227,7,1,27
BRDA:230,8,0,1
BRDA:230,8,1,26
BRF:18
BRH:18
end_of_record
TN:
SF:src/services/MetricsService.ts
FN:30,(anonymous_0)
FN:73,(anonymous_1)
FN:97,(anonymous_2)
FN:129,(anonymous_3)
FN:160,(anonymous_4)
FN:212,(anonymous_5)
FN:241,(anonymous_6)
FN:281,(anonymous_7)
FN:289,(anonymous_8)
FN:294,(anonymous_9)
FN:295,(anonymous_10)
FN:308,(anonymous_11)
FN:330,(anonymous_12)
FN:366,(anonymous_13)
FNF:14
FNH:14
FNDA:5,(anonymous_0)
FNDA:52,(anonymous_1)
FNDA:22,(anonymous_2)
FNDA:6,(anonymous_3)
FNDA:40,(anonymous_4)
FNDA:137,(anonymous_5)
FNDA:9,(anonymous_6)
FNDA:2,(anonymous_7)
FNDA:214,(anonymous_8)
FNDA:7,(anonymous_9)
FNDA:27,(anonymous_10)
FNDA:18,(anonymous_11)
FNDA:18,(anonymous_12)
FNDA:21,(anonymous_13)
DA:30,5
DA:32,5
DA:34,5
DA:36,5
DA:38,5
DA:70,52
DA:74,52
DA:98,22
DA:99,22
DA:100,22
DA:102,22
DA:130,6
DA:131,6
DA:161,40
DA:162,40
DA:164,40
DA:166,31
DA:167,31
DA:169,31
DA:170,21
DA:173,10
DA:174,10
DA:175,5
DA:178,31
DA:181,9
DA:213,137
DA:214,137
DA:216,137
DA:249,9
DA:250,9
DA:252,9
DA:253,3
DA:256,6
DA:282,2
DA:290,214
DA:291,194
DA:293,20
DA:294,7
DA:295,27
DA:297,20
DA:309,18
DA:310,0
DA:314,18
DA:315,18
DA:318,18
DA:319,18
DA:331,18
DA:332,18
DA:334,18
DA:335,34
DA:336,13
DA:339,21
DA:340,21
DA:342,21
DA:343,5
DA:346,16
DA:347,3
DA:349,13
DA:353,0
DA:367,21
DA:368,21
DA:369,21
DA:370,21
DA:372,21
DA:373,21
DA:374,88
DA:375,88
DA:376,88
DA:377,53
DA:378,53
DA:382,21
DA:383,21
DA:384,21
DA:385,21
LF:74
LH:72
BRDA:30,0,0,5
BRDA:30,0,1,5
BRDA:73,1,0,52
BRDA:97,2,0,22
BRDA:100,3,0,3
BRDA:100,3,1,19
BRDA:164,4,0,31
BRDA:164,4,1,9
BRDA:169,5,0,21
BRDA:169,5,1,10
BRDA:174,6,0,5
BRDA:174,6,1,5
BRDA:216,7,0,1
BRDA:216,7,1,136
BRDA:252,8,0,3
BRDA:252,8,1,6
BRDA:252,9,0,9
BRDA:252,9,1,6
BRDA:290,10,0,194
BRDA:290,10,1,20
BRDA:309,11,0,0
BRDA:309,11,1,18
BRDA:335,12,0,13
BRDA:335,12,1,21
BRDA:336,13,0,13
BRDA:336,13,1,0
BRDA:342,14,0,5
BRDA:342,14,1,16
BRDA:343,15,0,5
BRDA:343,15,1,0
BRDA:346,16,0,3
BRDA:346,16,1,13
BRDA:353,17,0,0
BRDA:353,17,1,0
BRDA:367,18,0,21
BRDA:367,18,1,0
BRDA:368,19,0,21
BRDA:368,19,1,0
BRDA:369,20,0,21
BRDA:369,20,1,0
BRDA:374,21,0,88
BRDA:374,21,1,0
BRDA:375,22,0,88
BRDA:375,22,1,0
BRDA:376,23,0,53
BRDA:376,23,1,35
BRDA:382,24,0,21
BRDA:382,24,1,0
BRDA:383,25,0,21
BRDA:383,25,1,0
BRF:50
BRH:38
end_of_record
TN:
SF:src/tools/analyzeCoalitionDynamics.ts
FN:86,classifyCohesionTrend
FN:114,computePairCohesion
FN:163,buildGroupMetrics
FN:209,buildCoalitionPairs
FN:219,(anonymous_4)
FN:220,(anonymous_5)
FN:237,classifyStressSeverity
FN:261,computeStressIndicators
FN:292,computeFragmentationMetrics
FN:296,(anonymous_9)
FN:297,(anonymous_10)
FN:298,(anonymous_11)
FN:301,(anonymous_12)
FN:302,(anonymous_13)
FN:322,buildDominantCoalition
FN:352,buildCoalitionComputedAttrs
FN:449,handleAnalyzeCoalitionDynamics
FN:458,(anonymous_17)
FNF:18
FNH:17
FNDA:35,classifyCohesionTrend
FNDA:35,computePairCohesion
FNDA:12,buildGroupMetrics
FNDA:10,buildCoalitionPairs
FNDA:91,(anonymous_4)
FNDA:182,(anonymous_5)
FNDA:0,classifyStressSeverity
FNDA:10,computeStressIndicators
FNDA:10,computeFragmentationMetrics
FNDA:24,(anonymous_9)
FNDA:24,(anonymous_10)
FNDA:24,(anonymous_11)
FNDA:11,(anonymous_12)
FNDA:18,(anonymous_13)
FNDA:10,buildDominantCoalition
FNDA:10,buildCoalitionComputedAttrs
FNDA:13,handleAnalyzeCoalitionDynamics
FNDA:27,(anonymous_17)
DA:73,4
DA:87,35
DA:88,1
DA:89,1
DA:122,35
DA:123,35
DA:126,35
DA:127,35
DA:128,35
DA:130,35
DA:164,12
DA:165,12
DA:166,26
DA:171,24
DA:173,24
DA:194,10
DA:214,10
DA:215,10
DA:216,24
DA:217,35
DA:218,35
DA:219,91
DA:220,182
DA:221,35
DA:224,24
DA:238,0
DA:239,0
DA:262,10
DA:263,10
DA:264,24
DA:265,24
DA:266,0
DA:273,10
DA:296,24
DA:297,24
DA:298,24
DA:299,10
DA:301,11
DA:302,18
DA:304,10
DA:308,10
DA:327,10
DA:328,10
DA:329,2
DA:331,8
DA:356,10
DA:357,10
DA:452,13
DA:454,13
DA:455,13
DA:456,13
DA:457,10
DA:458,27
DA:459,10
DA:460,10
DA:462,10
DA:480,13
DA:482,2
DA:483,2
DA:484,2
DA:491,4
LF:61
LH:58
BRDA:87,0,0,34
BRDA:87,0,1,1
BRDA:88,1,0,0
BRDA:88,1,1,1
BRDA:123,2,0,35
BRDA:123,2,1,0
BRDA:217,3,0,35
BRDA:217,3,1,0
BRDA:218,4,0,35
BRDA:218,4,1,0
BRDA:219,5,0,35
BRDA:219,5,1,0
BRDA:220,6,0,35
BRDA:220,6,1,0
BRDA:238,7,0,0
BRDA:238,7,1,0
BRDA:265,8,0,0
BRDA:265,8,1,24
BRDA:265,9,0,24
BRDA:265,9,1,0
BRDA:297,10,0,24
BRDA:297,10,1,0
BRDA:299,11,0,10
BRDA:299,11,1,0
BRDA:301,12,0,10
BRDA:301,12,1,10
BRDA:302,13,0,10
BRDA:302,13,1,10
BRDA:304,14,0,0
BRDA:304,14,1,10
BRDA:304,15,0,10
BRDA:304,15,1,0
BRDA:328,16,0,2
BRDA:328,16,1,8
BRDA:356,17,0,10
BRDA:356,17,1,2
BRDA:455,18,0,13
BRDA:455,18,1,1
BRDA:463,19,0,10
BRDA:463,19,1,9
BRDA:463,20,0,13
BRDA:463,20,1,9
BRDA:482,21,0,2
BRDA:482,21,1,0
BRF:44
BRH:29
end_of_record
TN:
SF:src/tools/analyzeCommitteeActivity.ts
FN:78,computeWorkloadIntensity
FN:89,computeEngagementLevel
FN:98,computePolicyImpactRating
FN:109,safeCount
FN:122,fetchCommitteeData
FN:129,(anonymous_5)
FN:130,(anonymous_6)
FN:131,(anonymous_7)
FN:139,buildAnalysis
FN:232,handleAnalyzeCommitteeActivity
FNF:10
FNH:10
FNDA:17,computeWorkloadIntensity
FNDA:17,computeEngagementLevel
FNDA:17,computePolicyImpactRating
FNDA:51,safeCount
FNDA:17,fetchCommitteeData
FNDA:17,(anonymous_5)
FNDA:17,(anonymous_6)
FNDA:17,(anonymous_7)
FNDA:18,buildAnalysis
FNDA:21,handleAnalyzeCommitteeActivity
DA:25,4
DA:79,17
DA:80,17
DA:81,17
DA:82,15
DA:83,3
DA:90,17
DA:91,17
DA:92,17
DA:99,17
DA:100,17
DA:101,16
DA:102,5
DA:110,51
DA:111,51
DA:112,48
DA:114,3
DA:115,3
DA:127,17
DA:128,17
DA:129,17
DA:130,17
DA:131,17
DA:133,17
DA:144,18
DA:148,17
DA:152,18
DA:154,17
DA:157,18
DA:160,18
DA:162,18
DA:235,21
DA:237,21
DA:238,21
DA:243,21
DA:245,21
DA:251,17
DA:264,4
LF:38
LH:38
BRDA:80,0,0,0
BRDA:80,0,1,17
BRDA:81,1,0,2
BRDA:81,1,1,15
BRDA:82,2,0,12
BRDA:82,2,1,3
BRDA:90,3,0,0
BRDA:90,3,1,17
BRDA:91,4,0,0
BRDA:91,4,1,17
BRDA:100,5,0,1
BRDA:100,5,1,16
BRDA:101,6,0,11
BRDA:101,6,1,5
BRDA:148,7,0,17
BRDA:148,7,1,0
BRDA:154,8,0,14
BRDA:154,8,1,3
BRDA:154,9,0,17
BRDA:154,9,1,14
BRDA:157,10,0,14
BRDA:157,10,1,3
BRDA:160,11,0,18
BRDA:160,11,1,3
BRDA:160,11,2,3
BRDA:189,12,0,14
BRDA:189,12,1,3
BRDA:238,13,0,21
BRDA:238,13,1,17
BRDA:238,13,2,0
BRDA:243,14,0,21
BRDA:243,14,1,17
BRDA:243,14,2,0
BRF:33
BRH:27
end_of_record
TN:
SF:src/tools/analyzeCountryDelegation.ts
FN:85,computeGroupDistribution
FN:96,(anonymous_1)
FN:101,(anonymous_2)
FN:107,computeFragmentation
FN:108,(anonymous_4)
FN:126,computeInfluence
FN:136,computeDataConfidence
FN:145,computeEngagement
FN:154,computeCohesionLevel
FN:163,fetchMepDetails
FN:173,(anonymous_10)
FN:187,computeCommitteePresence
FN:206,buildDelegationAnalysis
FN:227,(anonymous_13)
FN:228,(anonymous_14)
FN:231,(anonymous_15)
FN:305,handleAnalyzeCountryDelegation
FNF:17
FNH:17
FNDA:15,computeGroupDistribution
FNDA:28,(anonymous_1)
FNDA:14,(anonymous_2)
FNDA:15,computeFragmentation
FNDA:28,(anonymous_4)
FNDA:15,computeInfluence
FNDA:15,computeDataConfidence
FNDA:15,computeEngagement
FNDA:15,computeCohesionLevel
FNDA:15,fetchMepDetails
FNDA:90,(anonymous_10)
FNDA:15,computeCommitteePresence
FNDA:16,buildDelegationAnalysis
FNDA:88,(anonymous_13)
FNDA:88,(anonymous_14)
FNDA:85,(anonymous_15)
FNDA:20,handleAnalyzeCountryDelegation
DA:26,4
DA:88,15
DA:89,15
DA:90,136
DA:91,136
DA:94,15
DA:95,15
DA:96,28
DA:101,14
DA:108,28
DA:109,15
DA:111,14
DA:112,14
DA:113,28
DA:114,28
DA:116,14
DA:118,14
DA:119,13
DA:120,3
DA:127,15
DA:128,15
DA:129,14
DA:130,14
DA:137,15
DA:138,4
DA:139,3
DA:146,15
DA:147,2
DA:148,2
DA:155,15
DA:156,2
DA:157,2
DA:166,15
DA:167,15
DA:168,15
DA:170,15
DA:171,23
DA:172,23
DA:173,90
DA:175,23
DA:176,90
DA:177,88
DA:181,23
DA:190,15
DA:191,15
DA:192,15
DA:193,88
DA:194,138
DA:196,88
DA:197,50
DA:200,15
DA:211,16
DA:216,15
DA:217,16
DA:219,16
DA:221,15
DA:226,15
DA:227,88
DA:228,88
DA:230,15
DA:231,85
DA:234,16
DA:237,16
DA:238,16
DA:241,16
DA:243,16
DA:308,20
DA:310,20
DA:311,20
DA:316,20
DA:318,20
DA:324,15
DA:337,4
LF:73
LH:73
BRDA:91,0,0,136
BRDA:91,0,1,28
BRDA:109,1,0,1
BRDA:109,1,1,14
BRDA:118,2,0,1
BRDA:118,2,1,13
BRDA:119,3,0,10
BRDA:119,3,1,3
BRDA:128,4,0,1
BRDA:128,4,1,14
BRDA:129,5,0,0
BRDA:129,5,1,14
BRDA:137,6,0,11
BRDA:137,6,1,4
BRDA:138,7,0,1
BRDA:138,7,1,3
BRDA:146,8,0,13
BRDA:146,8,1,2
BRDA:147,9,0,0
BRDA:147,9,1,2
BRDA:155,10,0,13
BRDA:155,10,1,2
BRDA:156,11,0,0
BRDA:156,11,1,2
BRDA:176,12,0,88
BRDA:176,12,1,2
BRDA:196,13,0,50
BRDA:196,13,1,38
BRDA:216,14,0,15
BRDA:216,14,1,0
BRDA:230,15,0,13
BRDA:230,15,1,2
BRDA:237,16,0,16
BRDA:237,16,1,1
BRDA:241,17,0,14
BRDA:241,17,1,1
BRDA:311,18,0,20
BRDA:311,18,1,15
BRDA:311,18,2,0
BRDA:316,19,0,20
BRDA:316,19,1,15
BRDA:316,19,2,0
BRF:42
BRH:36
end_of_record
TN:
SF:src/tools/analyzeLegislativeEffectiveness.ts
FN:61,classifyEffectivenessRank
FN:71,classifyConfidence
FN:80,computeMetrics
FN:85,(anonymous_3)
FN:113,computeScores
FN:136,fetchMepSubjectData
FN:159,fetchCommitteeSubjectData
FN:221,handleAnalyzeLegislativeEffectiveness
FN:233,(anonymous_8)
FNF:9
FNH:9
FNDA:14,classifyEffectivenessRank
FNDA:14,classifyConfidence
FNDA:14,computeMetrics
FNDA:20,(anonymous_3)
FNDA:14,computeScores
FNDA:14,fetchMepSubjectData
FNDA:2,fetchCommitteeSubjectData
FNDA:18,handleAnalyzeLegislativeEffectiveness
FNDA:20,(anonymous_8)
DA:62,14
DA:63,4
DA:64,4
DA:65,3
DA:72,14
DA:73,4
DA:74,3
DA:85,20
DA:86,14
DA:87,14
DA:88,14
DA:89,14
DA:90,14
DA:91,14
DA:95,14
DA:114,14
DA:115,14
DA:116,14
DA:121,14
DA:125,14
DA:144,14
DA:145,13
DA:146,14
DA:167,2
DA:168,1
DA:224,18
DA:226,18
DA:227,18
DA:229,18
DA:233,20
DA:234,1
DA:235,1
DA:240,1
DA:241,1
DA:242,1
DA:243,18
DA:245,18
DA:268,18
DA:270,2
DA:271,2
DA:278,4
LF:41
LH:41
BRDA:62,0,0,10
BRDA:62,0,1,4
BRDA:63,1,0,0
BRDA:63,1,1,4
BRDA:64,2,0,1
BRDA:64,2,1,3
BRDA:72,3,0,10
BRDA:72,3,1,4
BRDA:73,4,0,1
BRDA:73,4,1,3
BRDA:91,5,0,12
BRDA:91,5,1,2
BRDA:145,6,0,13
BRDA:145,6,1,0
BRDA:149,7,0,14
BRDA:149,7,1,0
BRDA:227,8,0,18
BRDA:227,8,1,15
BRDA:227,9,0,18
BRDA:227,9,1,15
BRDA:229,10,0,14
BRDA:229,10,1,2
BRDA:242,11,0,10
BRDA:242,11,1,4
BRDA:256,12,0,13
BRDA:256,12,1,1
BRDA:270,13,0,2
BRDA:270,13,1,0
BRF:28
BRH:24
end_of_record
TN:
SF:src/tools/analyzeVotingPatterns.ts
FN:65,computeGroupAlignment
FN:86,computeCrossPartyVoting
FN:103,computeConfidence
FN:142,handleAnalyzeVotingPatterns
FNF:4
FNH:4
FNDA:9,computeGroupAlignment
FNDA:9,computeCrossPartyVoting
FNDA:9,computeConfidence
FNDA:14,handleAnalyzeVotingPatterns
DA:69,9
DA:70,9
DA:73,9
DA:74,9
DA:89,9
DA:90,9
DA:93,9
DA:104,9
DA:105,2
DA:106,1
DA:146,14
DA:148,14
DA:150,14
DA:152,10
DA:161,14
DA:162,1
DA:173,9
DA:192,14
DA:194,2
DA:207,4
LF:20
LH:20
BRDA:70,0,0,9
BRDA:70,0,1,0
BRDA:90,1,0,9
BRDA:90,1,1,0
BRDA:104,2,0,7
BRDA:104,2,1,2
BRDA:105,3,0,1
BRDA:105,3,1,1
BRDA:152,4,0,10
BRDA:152,4,1,1
BRDA:161,5,0,1
BRDA:161,5,1,13
BRDA:177,6,0,9
BRDA:177,6,1,8
BRDA:178,7,0,14
BRDA:178,7,1,8
BRDA:181,8,0,14
BRDA:181,8,1,9
BRF:18
BRH:16
end_of_record
TN:
SF:src/tools/assessMepInfluence.ts
FN:72,computeVotingActivityScore
FN:92,computeLegislativeOutputScore
FN:96,(anonymous_2)
FN:97,(anonymous_3)
FN:116,computeCommitteeEngagementScore
FN:120,(anonymous_5)
FN:141,computeOversightScore
FN:161,computeCoalitionScore
FN:186,getRankLabel
FN:208,buildDimensions
FN:217,(anonymous_10)
FN:229,getConfidenceLevel
FN:312,handleAssessMepInfluence
FN:349,(anonymous_13)
FNF:14
FNH:14
FNDA:13,computeVotingActivityScore
FNDA:13,computeLegislativeOutputScore
FNDA:24,(anonymous_2)
FNDA:24,(anonymous_3)
FNDA:13,computeCommitteeEngagementScore
FNDA:24,(anonymous_5)
FNDA:13,computeOversightScore
FNDA:13,computeCoalitionScore
FNDA:13,getRankLabel
FNDA:13,buildDimensions
FNDA:65,(anonymous_10)
FNDA:13,getConfidenceLevel
FNDA:15,handleAssessMepInfluence
FNDA:65,(anonymous_13)
DA:24,4
DA:76,13
DA:77,13
DA:78,13
DA:79,13
DA:96,24
DA:97,13
DA:98,24
DA:100,13
DA:101,13
DA:102,13
DA:103,13
DA:120,13
DA:121,24
DA:125,13
DA:126,13
DA:127,13
DA:128,13
DA:145,13
DA:146,13
DA:147,13
DA:148,13
DA:165,13
DA:166,13
DA:169,13
DA:172,13
DA:173,13
DA:187,13
DA:188,13
DA:189,13
DA:190,1
DA:191,1
DA:209,13
DA:217,65
DA:230,13
DA:231,1
DA:232,1
DA:315,15
DA:317,15
DA:318,15
DA:319,13
DA:325,15
DA:326,15
DA:327,15
DA:331,0
DA:333,13
DA:337,13
DA:338,13
DA:339,15
DA:340,15
DA:341,15
DA:343,15
DA:348,15
DA:349,65
DA:352,15
DA:353,15
DA:357,15
DA:385,15
DA:387,1
DA:388,1
DA:395,4
LF:61
LH:60
BRDA:98,0,0,24
BRDA:98,0,1,12
BRDA:121,1,0,24
BRDA:121,1,1,12
BRDA:121,1,2,12
BRDA:166,2,0,12
BRDA:166,2,1,1
BRDA:169,3,0,12
BRDA:169,3,1,1
BRDA:187,4,0,0
BRDA:187,4,1,13
BRDA:188,5,0,0
BRDA:188,5,1,13
BRDA:189,6,0,12
BRDA:189,6,1,1
BRDA:190,7,0,0
BRDA:190,7,1,1
BRDA:222,8,0,10
BRDA:222,8,1,55
BRDA:230,9,0,12
BRDA:230,9,1,1
BRDA:231,10,0,0
BRDA:231,10,1,1
BRDA:319,11,0,13
BRDA:319,11,1,1
BRDA:338,12,0,13
BRDA:338,12,1,1
BRDA:339,13,0,15
BRDA:339,13,1,1
BRDA:353,14,0,12
BRDA:353,14,1,1
BRDA:363,15,0,15
BRDA:363,15,1,12
BRDA:364,16,0,15
BRDA:364,16,1,12
BRDA:387,17,0,1
BRDA:387,17,1,0
BRF:37
BRH:32
end_of_record
TN:
SF:src/tools/comparativeIntelligence.ts
FN:141,computeVotingScore
FN:160,computeCommitteeScore
FN:163,(anonymous_2)
FN:180,computeLegislativeScore
FN:182,(anonymous_4)
FN:201,computeAttendanceScore
FN:219,computeDimensionScores
FN:239,computeOverallScore
FN:240,(anonymous_8)
FN:242,(anonymous_9)
FN:261,assignClusterLabel
FN:283,computeSimilarity
FN:322,detectOutliers
FN:325,(anonymous_13)
FN:326,(anonymous_14)
FN:327,(anonymous_15)
FN:337,(anonymous_16)
FN:351,findBestDimension
FN:379,buildClusterAnalysis
FN:401,(anonymous_19)
FN:406,(anonymous_20)
FN:409,(anonymous_21)
FN:411,(anonymous_22)
FN:429,buildEmptyResult
FN:463,buildPlaceholderProfile
FN:486,buildRankings
FN:487,(anonymous_26)
FN:490,(anonymous_27)
FN:491,(anonymous_28)
FN:505,buildCorrelationMatrix
FN:529,findHighestVarianceDim
FN:533,(anonymous_31)
FN:534,(anonymous_32)
FN:535,(anonymous_33)
FN:554,buildProfilesFromResults
FN:600,buildComputedAttributes
FN:605,(anonymous_36)
FN:614,(anonymous_37)
FN:624,comparativeIntelligence
FN:629,(anonymous_39)
FN:640,(anonymous_40)
FN:653,(anonymous_41)
FN:708,handleComparativeIntelligence
FNF:43
FNH:41
FNDA:26,computeVotingScore
FNDA:22,computeCommitteeScore
FNDA:22,(anonymous_2)
FNDA:22,computeLegislativeScore
FNDA:22,(anonymous_4)
FNDA:28,computeAttendanceScore
FNDA:28,computeDimensionScores
FNDA:28,computeOverallScore
FNDA:98,(anonymous_8)
FNDA:98,(anonymous_9)
FNDA:28,assignClusterLabel
FNDA:18,computeSimilarity
FNDA:14,detectOutliers
FNDA:106,(anonymous_13)
FNDA:106,(anonymous_14)
FNDA:106,(anonymous_15)
FNDA:0,(anonymous_16)
FNDA:29,findBestDimension
FNDA:14,buildClusterAnalysis
FNDA:29,(anonymous_19)
FNDA:106,(anonymous_20)
FNDA:102,(anonymous_21)
FNDA:102,(anonymous_22)
FNDA:0,buildEmptyResult
FNDA:2,buildPlaceholderProfile
FNDA:14,buildRankings
FNDA:49,(anonymous_26)
FNDA:57,(anonymous_27)
FNDA:106,(anonymous_28)
FNDA:14,buildCorrelationMatrix
FNDA:14,findHighestVarianceDim
FNDA:106,(anonymous_31)
FNDA:106,(anonymous_32)
FNDA:106,(anonymous_33)
FNDA:14,buildProfilesFromResults
FNDA:14,buildComputedAttributes
FNDA:4,(anonymous_36)
FNDA:16,(anonymous_37)
FNDA:15,comparativeIntelligence
FNDA:31,(anonymous_39)
FNDA:30,(anonymous_40)
FNDA:15,(anonymous_41)
FNDA:20,handleComparativeIntelligence
DA:31,4
DA:142,26
DA:143,26
DA:144,24
DA:145,24
DA:146,24
DA:161,22
DA:162,22
DA:163,22
DA:164,22
DA:165,22
DA:181,22
DA:182,22
DA:183,22
DA:203,28
DA:220,28
DA:221,28
DA:222,98
DA:223,50
DA:224,22
DA:225,28
DA:227,28
DA:240,98
DA:241,28
DA:242,98
DA:262,28
DA:263,28
DA:264,22
DA:265,2
DA:284,18
DA:285,18
DA:286,17
DA:287,17
DA:288,17
DA:289,17
DA:290,61
DA:291,61
DA:292,61
DA:293,61
DA:294,61
DA:296,17
DA:297,17
DA:298,17
DA:323,14
DA:324,14
DA:325,106
DA:326,106
DA:327,106
DA:328,49
DA:329,49
DA:330,106
DA:331,106
DA:332,106
DA:333,0
DA:337,14
DA:352,29
DA:353,29
DA:354,29
DA:355,102
DA:356,102
DA:358,29
DA:380,14
DA:382,14
DA:383,30
DA:384,30
DA:385,29
DA:387,30
DA:388,30
DA:389,30
DA:390,30
DA:391,106
DA:392,106
DA:393,106
DA:394,102
DA:396,4
DA:401,14
DA:402,29
DA:403,29
DA:404,102
DA:405,102
DA:406,106
DA:409,102
DA:410,29
DA:411,102
DA:413,29
DA:430,0
DA:464,2
DA:487,49
DA:490,57
DA:491,106
DA:506,14
DA:507,14
DA:508,30
DA:509,18
DA:510,18
DA:511,18
DA:512,18
DA:515,14
DA:530,14
DA:531,14
DA:532,14
DA:533,106
DA:534,106
DA:535,106
DA:536,49
DA:538,14
DA:559,14
DA:560,14
DA:561,30
DA:562,30
DA:563,30
DA:564,30
DA:565,28
DA:566,28
DA:567,28
DA:568,28
DA:578,2
DA:581,14
DA:605,14
DA:606,14
DA:607,14
DA:608,14
DA:611,14
DA:614,16
DA:615,14
DA:625,15
DA:626,15
DA:628,15
DA:629,31
DA:632,14
DA:634,14
DA:635,0
DA:638,14
DA:639,14
DA:640,30
DA:642,14
DA:644,15
DA:653,15
DA:669,15
DA:671,1
DA:680,1
DA:684,4
DA:709,20
DA:710,20
LF:144
LH:141
BRDA:143,0,0,2
BRDA:143,0,1,24
BRDA:143,1,0,26
BRDA:143,1,1,26
BRDA:162,2,0,22
BRDA:162,2,1,0
BRDA:163,3,0,22
BRDA:163,3,1,10
BRDA:181,4,0,22
BRDA:181,4,1,0
BRDA:203,5,0,28
BRDA:203,5,1,0
BRDA:222,6,0,26
BRDA:222,6,1,72
BRDA:222,7,0,22
BRDA:222,7,1,50
BRDA:223,8,0,22
BRDA:223,8,1,28
BRDA:241,9,0,0
BRDA:241,9,1,28
BRDA:263,10,0,6
BRDA:263,10,1,22
BRDA:264,11,0,20
BRDA:264,11,1,2
BRDA:285,12,0,1
BRDA:285,12,1,17
BRDA:290,13,0,61
BRDA:290,13,1,0
BRDA:291,14,0,61
BRDA:291,14,1,0
BRDA:297,15,0,0
BRDA:297,15,1,17
BRDA:325,16,0,106
BRDA:325,16,1,8
BRDA:330,17,0,106
BRDA:330,17,1,8
BRDA:331,18,0,98
BRDA:331,18,1,8
BRDA:332,19,0,0
BRDA:332,19,1,106
BRDA:352,20,0,29
BRDA:352,20,1,0
BRDA:355,21,0,102
BRDA:355,21,1,0
BRDA:356,22,0,55
BRDA:356,22,1,47
BRDA:384,23,0,29
BRDA:384,23,1,1
BRDA:388,24,0,0
BRDA:388,24,1,30
BRDA:391,25,0,106
BRDA:391,25,1,8
BRDA:393,26,0,102
BRDA:393,26,1,4
BRDA:404,27,0,102
BRDA:404,27,1,0
BRDA:405,28,0,102
BRDA:405,28,1,0
BRDA:410,29,0,29
BRDA:410,29,1,0
BRDA:443,30,0,0
BRDA:443,30,1,0
BRDA:490,31,0,57
BRDA:490,31,1,4
BRDA:490,32,0,57
BRDA:490,32,1,4
BRDA:491,33,0,106
BRDA:491,33,1,8
BRDA:511,34,0,0
BRDA:511,34,1,18
BRDA:511,35,0,18
BRDA:511,35,1,18
BRDA:530,36,0,14
BRDA:530,36,1,0
BRDA:533,37,0,106
BRDA:533,37,1,8
BRDA:536,38,0,34
BRDA:536,38,1,15
BRDA:563,39,0,0
BRDA:563,39,1,30
BRDA:563,40,0,30
BRDA:563,40,1,30
BRDA:564,41,0,28
BRDA:564,41,1,2
BRDA:608,42,0,14
BRDA:608,42,1,0
BRDA:611,43,0,14
BRDA:611,43,1,0
BRDA:618,44,0,14
BRDA:618,44,1,0
BRDA:619,45,0,14
BRDA:619,45,1,0
BRDA:634,46,0,0
BRDA:634,46,1,14
BRDA:642,47,0,13
BRDA:642,47,1,1
BRDA:671,48,0,0
BRDA:671,48,1,1
BRF:98
BRH:73
end_of_record
TN:
SF:src/tools/comparePoliticalGroups.ts
FN:75,buildGroupMetrics
FN:77,(anonymous_1)
FN:110,updateRelativeMetrics
FN:111,(anonymous_3)
FN:112,(anonymous_4)
FN:127,buildRankings
FN:131,(anonymous_6)
FN:134,(anonymous_7)
FN:135,(anonymous_8)
FN:142,topByDimension
FN:143,(anonymous_10)
FN:179,handleComparePoliticalGroups
FN:189,(anonymous_12)
FN:189,(anonymous_13)
FN:194,(anonymous_14)
FN:196,(anonymous_15)
FN:197,(anonymous_16)
FN:200,(anonymous_17)
FN:201,(anonymous_18)
FN:202,(anonymous_19)
FNF:20
FNH:20
FNDA:13,buildGroupMetrics
FNDA:28,(anonymous_1)
FNDA:11,updateRelativeMetrics
FNDA:24,(anonymous_3)
FNDA:24,(anonymous_4)
FNDA:11,buildRankings
FNDA:52,(anonymous_6)
FNDA:62,(anonymous_7)
FNDA:114,(anonymous_8)
FNDA:44,topByDimension
FNDA:52,(anonymous_10)
FNDA:15,handleComparePoliticalGroups
FNDA:2,(anonymous_12)
FNDA:2,(anonymous_13)
FNDA:13,(anonymous_14)
FNDA:24,(anonymous_15)
FNDA:24,(anonymous_16)
FNDA:24,(anonymous_17)
FNDA:24,(anonymous_18)
FNDA:24,(anonymous_19)
DA:58,4
DA:61,4
DA:76,13
DA:78,28
DA:82,25
DA:84,25
DA:104,11
DA:111,24
DA:112,24
DA:114,11
DA:115,24
DA:118,24
DA:131,52
DA:134,62
DA:135,114
DA:143,52
DA:182,15
DA:184,15
DA:185,15
DA:186,11
DA:188,11
DA:189,2
DA:192,15
DA:193,15
DA:194,13
DA:196,24
DA:197,24
DA:198,15
DA:200,24
DA:201,24
DA:202,24
DA:203,15
DA:205,15
DA:229,15
DA:231,2
DA:232,2
DA:239,4
LF:37
LH:37
BRDA:115,0,0,22
BRDA:115,0,1,2
BRDA:118,1,0,0
BRDA:118,1,1,24
BRDA:143,2,0,44
BRDA:143,2,1,0
BRDA:188,3,0,1
BRDA:188,3,1,10
BRDA:193,4,0,15
BRDA:193,4,1,0
BRDA:206,5,0,15
BRDA:206,5,1,11
BRDA:206,6,0,15
BRDA:206,6,1,11
BRDA:231,7,0,1
BRDA:231,7,1,1
BRF:16
BRH:13
end_of_record
TN:
SF:src/tools/correlateIntelligence.ts
FN:196,parseToolResult
FN:231,getCorrelationSignificance
FN:251,getAlertSeverityForAnomalies
FN:267,fetchInfluenceData
FN:289,fetchAnomalyData
FN:313,correlateInfluenceAnomaly
FN:377,mapSensitivityToEws
FN:397,getFractureRisk
FN:417,isCoalitionWarning
FN:438,correlateCoalitionFracture
FN:472,(anonymous_10)
FN:473,(anonymous_11)
FN:476,(anonymous_12)
FN:492,(anonymous_13)
FN:535,getProfileSignificance
FN:553,buildProfileAndAlert
FN:612,correlateNetworkProfiles
FN:619,(anonymous_17)
FN:619,(anonymous_18)
FN:644,(anonymous_19)
FN:646,(anonymous_20)
FN:649,(anonymous_21)
FN:651,(anonymous_22)
FN:652,(anonymous_23)
FN:671,aggregateConfidence
FN:673,(anonymous_25)
FN:675,(anonymous_26)
FN:687,computeDataAvailability
FN:710,buildAlertSummary
FN:713,(anonymous_29)
FN:714,(anonymous_30)
FN:715,(anonymous_31)
FN:716,(anonymous_32)
FN:732,buildMethodology
FN:794,handleCorrelateIntelligence
FN:807,(anonymous_35)
FNF:36
FNH:35
FNDA:165,parseToolResult
FNDA:43,getCorrelationSignificance
FNDA:12,getAlertSeverityForAnomalies
FNDA:48,fetchInfluenceData
FNDA:45,fetchAnomalyData
FNDA:48,correlateInfluenceAnomaly
FNDA:37,mapSensitivityToEws
FNDA:1,getFractureRisk
FNDA:1,isCoalitionWarning
FNDA:37,correlateCoalitionFracture
FNDA:68,(anonymous_10)
FNDA:1,(anonymous_11)
FNDA:1,(anonymous_12)
FNDA:1,(anonymous_13)
FNDA:6,getProfileSignificance
FNDA:6,buildProfileAndAlert
FNDA:5,correlateNetworkProfiles
FNDA:9,(anonymous_17)
FNDA:9,(anonymous_18)
FNDA:0,(anonymous_19)
FNDA:3,(anonymous_20)
FNDA:6,(anonymous_21)
FNDA:6,(anonymous_22)
FNDA:6,(anonymous_23)
FNDA:37,aggregateConfidence
FNDA:166,(anonymous_25)
FNDA:27,(anonymous_26)
FNDA:37,computeDataAvailability
FNDA:37,buildAlertSummary
FNDA:16,(anonymous_29)
FNDA:16,(anonymous_30)
FNDA:16,(anonymous_31)
FNDA:16,(anonymous_32)
FNDA:37,buildMethodology
FNDA:41,handleCorrelateIntelligence
FNDA:48,(anonymous_35)
DA:166,4
DA:172,4
DA:197,165
DA:198,165
DA:200,0
DA:203,0
DA:205,165
DA:206,165
DA:208,0
DA:236,43
DA:237,31
DA:238,31
DA:252,12
DA:253,11
DA:254,0
DA:268,48
DA:269,48
DA:270,45
DA:272,3
DA:273,3
DA:290,45
DA:291,45
DA:292,45
DA:294,0
DA:295,0
DA:321,48
DA:322,48
DA:324,45
DA:325,45
DA:327,45
DA:328,45
DA:330,45
DA:332,43
DA:334,43
DA:344,43
DA:345,43
DA:346,12
DA:347,12
DA:361,43
DA:378,37
DA:379,33
DA:380,31
DA:402,1
DA:403,1
DA:404,0
DA:418,1
DA:446,37
DA:451,37
DA:452,37
DA:453,34
DA:455,3
DA:456,3
DA:459,34
DA:460,34
DA:461,34
DA:463,0
DA:464,0
DA:467,34
DA:469,34
DA:471,34
DA:472,68
DA:473,1
DA:475,34
DA:476,1
DA:479,34
DA:480,37
DA:482,37
DA:484,1
DA:490,1
DA:492,1
DA:498,1
DA:499,1
DA:500,1
DA:516,1
DA:540,6
DA:541,3
DA:542,3
DA:560,6
DA:563,6
DA:564,6
DA:565,6
DA:566,6
DA:567,6
DA:569,6
DA:579,6
DA:595,6
DA:619,9
DA:622,5
DA:623,5
DA:624,4
DA:626,1
DA:627,1
DA:630,4
DA:633,3
DA:634,3
DA:635,3
DA:637,0
DA:638,0
DA:641,3
DA:643,3
DA:644,0
DA:646,5
DA:648,5
DA:649,6
DA:651,6
DA:652,6
DA:654,5
DA:673,166
DA:674,37
DA:675,27
DA:676,25
DA:691,37
DA:692,5
DA:693,3
DA:711,37
DA:713,16
DA:714,16
DA:715,16
DA:716,16
DA:733,37
DA:734,37
DA:797,41
DA:798,41
DA:800,41
DA:801,41
DA:802,41
DA:803,41
DA:806,41
DA:807,48
DA:809,37
DA:810,37
DA:811,37
DA:813,37
DA:814,48
DA:815,48
DA:816,48
DA:821,37
DA:825,37
DA:829,41
DA:836,41
DA:840,41
DA:846,41
DA:870,41
DA:871,41
DA:878,0
DA:887,37
DA:897,4
LF:147
LH:134
BRDA:198,0,0,0
BRDA:198,0,1,165
BRDA:200,1,0,0
BRDA:200,1,1,0
BRDA:200,2,0,0
BRDA:200,2,1,0
BRDA:206,3,0,165
BRDA:206,3,1,0
BRDA:236,4,0,12
BRDA:236,4,1,31
BRDA:236,5,0,43
BRDA:236,5,1,41
BRDA:237,6,0,0
BRDA:237,6,1,31
BRDA:237,7,0,31
BRDA:237,7,1,29
BRDA:252,8,0,1
BRDA:252,8,1,11
BRDA:253,9,0,11
BRDA:253,9,1,0
BRDA:322,10,0,3
BRDA:322,10,1,45
BRDA:330,11,0,2
BRDA:330,11,1,43
BRDA:330,12,0,45
BRDA:330,12,1,4
BRDA:345,13,0,12
BRDA:345,13,1,31
BRDA:345,14,0,43
BRDA:345,14,1,41
BRDA:354,15,0,0
BRDA:354,15,1,12
BRDA:378,16,0,4
BRDA:378,16,1,33
BRDA:379,17,0,2
BRDA:379,17,1,31
BRDA:402,18,0,0
BRDA:402,18,1,1
BRDA:402,19,0,1
BRDA:402,19,1,1
BRDA:403,20,0,1
BRDA:403,20,1,0
BRDA:418,21,0,1
BRDA:418,21,1,0
BRDA:418,21,2,0
BRDA:418,21,3,0
BRDA:472,22,0,68
BRDA:472,22,1,67
BRDA:472,22,2,67
BRDA:476,23,0,1
BRDA:476,23,1,1
BRDA:479,24,0,34
BRDA:479,24,1,33
BRDA:482,25,0,33
BRDA:482,25,1,4
[...]
DA:34,4
DA:88,4
DA:100,4
DA:106,4
DA:114,74
DA:115,74
DA:116,36
DA:117,0
DA:118,0
DA:122,74
DA:123,36
DA:124,0
DA:125,0
DA:129,11
DA:130,72
DA:131,72
DA:132,9
DA:136,11
DA:137,72
DA:138,9
DA:142,11
DA:143,11
DA:144,74
DA:145,74
DA:146,74
DA:158,117
DA:162,11
DA:163,0
DA:164,0
DA:168,1
DA:189,1
DA:193,74
DA:197,74
DA:198,74
DA:199,74
DA:200,74
DA:201,74
DA:210,0
DA:211,0
DA:225,11
DA:226,11
DA:227,11
DA:235,117
DA:236,63
DA:237,11
DA:247,14
DA:251,14
DA:252,12
DA:254,12
DA:255,1
DA:258,11
DA:259,14
DA:260,74
DA:262,74
DA:264,74
DA:265,11
DA:266,11
DA:267,74
DA:270,14
DA:272,14
DA:294,14
DA:296,2
DA:303,4
DA:326,16
DA:327,16
LF:65
LH:57
BRDA:114,0,0,74
BRDA:114,0,1,0
BRDA:115,1,0,38
BRDA:115,1,1,36
BRDA:116,2,0,36
BRDA:116,2,1,0
BRDA:117,3,0,0
BRDA:117,3,1,0
BRDA:122,4,0,38
BRDA:122,4,1,36
BRDA:123,5,0,36
BRDA:123,5,1,0
BRDA:124,6,0,0
BRDA:124,6,1,0
BRDA:129,7,0,2
BRDA:129,7,1,9
BRDA:136,8,0,2
BRDA:136,8,1,9
BRDA:137,9,0,72
BRDA:137,9,1,0
BRDA:145,10,0,74
BRDA:145,10,1,0
BRDA:151,11,0,74
BRDA:151,11,1,0
BRDA:152,12,0,74
BRDA:152,12,1,0
BRDA:162,13,0,11
BRDA:162,13,1,0
BRDA:163,14,0,0
BRDA:163,14,1,0
BRDA:199,15,0,74
BRDA:199,15,1,0
BRDA:238,16,0,11
BRDA:238,16,1,0
BRDA:239,17,0,11
BRDA:239,17,1,0
BRDA:240,18,0,11
BRDA:240,18,1,0
BRDA:254,19,0,1
BRDA:254,19,1,11
BRDA:258,20,0,2
BRDA:258,20,1,9
BRDA:266,21,0,11
BRDA:266,21,1,0
BRDA:282,22,0,9
BRDA:282,22,1,2
BRDA:297,23,0,1
BRDA:297,23,1,1
BRF:48
BRH:29
end_of_record
TN:
SF:src/tools/trackLegislation.ts
FNF:0
FNH:0
LF:0
LH:0
BRF:0
BRH:0
end_of_record
TN:
SF:src/tools/trackMepAttendance.ts
FN:99,classifyAttendance
FN:108,determineTrend
FN:118,computeEngagement
FN:127,computeAbsenteeismRisk
FN:138,buildAttendanceRecord
FN:171,buildSingleMepAnalysis
FN:206,computeConfidence
FN:215,fetchMepDetailsBatched
FN:223,(anonymous_8)
FN:237,buildGroupAnalysis
FN:258,(anonymous_10)
FN:259,(anonymous_11)
FN:263,(anonymous_12)
FN:265,(anonymous_13)
FN:266,(anonymous_14)
FN:267,(anonymous_15)
FN:274,(anonymous_16)
FN:334,handleTrackMepAttendance
FNF:18
FNH:18
FNDA:36,classifyAttendance
FNDA:36,determineTrend
FNDA:24,computeEngagement
FNDA:13,computeAbsenteeismRisk
FNDA:37,buildAttendanceRecord
FNDA:12,buildSingleMepAnalysis
FNDA:13,computeConfidence
FNDA:13,fetchMepDetailsBatched
FNDA:27,(anonymous_8)
FNDA:13,buildGroupAnalysis
FNDA:26,(anonymous_10)
FNDA:14,(anonymous_11)
FNDA:26,(anonymous_12)
FNDA:26,(anonymous_13)
FNDA:26,(anonymous_14)
FNDA:26,(anonymous_15)
FNDA:26,(anonymous_16)
FNDA:26,handleTrackMepAttendance
DA:26,4
DA:100,36
DA:101,34
DA:102,9
DA:109,36
DA:110,34
DA:111,10
DA:112,6
DA:119,24
DA:120,22
DA:121,6
DA:128,13
DA:129,12
DA:130,12
DA:131,10
DA:132,10
DA:150,37
DA:151,37
DA:152,37
DA:153,37
DA:155,37
DA:176,12
DA:177,11
DA:179,11
DA:207,13
DA:208,1
DA:209,1
DA:219,13
DA:220,13
DA:221,12
DA:222,12
DA:223,27
DA:225,12
DA:226,27
DA:227,26
DA:231,12
DA:242,13
DA:243,13
DA:244,2
DA:246,13
DA:247,2
DA:250,13
DA:251,13
DA:253,13
DA:258,26
DA:259,14
DA:261,13
DA:262,13
DA:263,26
DA:265,26
DA:266,26
DA:267,26
DA:269,13
DA:270,13
DA:271,13
DA:272,13
DA:274,26
DA:275,13
DA:277,13
DA:337,26
DA:339,26
DA:340,26
DA:345,26
DA:349,26
DA:350,12
DA:352,13
DA:355,13
DA:356,2
DA:358,13
DA:359,2
DA:361,13
DA:364,24
DA:377,4
LF:73
LH:73
BRDA:100,0,0,2
BRDA:100,0,1,34
BRDA:101,1,0,25
BRDA:101,1,1,9
BRDA:109,2,0,2
BRDA:109,2,1,34
BRDA:110,3,0,24
BRDA:110,3,1,10
BRDA:111,4,0,4
BRDA:111,4,1,6
BRDA:119,5,0,2
BRDA:119,5,1,22
BRDA:120,6,0,16
BRDA:120,6,1,6
BRDA:128,7,0,1
BRDA:128,7,1,12
BRDA:130,8,0,2
BRDA:130,8,1,10
BRDA:131,9,0,0
BRDA:131,9,1,10
BRDA:151,10,0,37
BRDA:151,10,1,1
BRDA:152,11,0,37
BRDA:152,11,1,1
BRDA:163,12,0,36
BRDA:163,12,1,1
BRDA:164,13,0,36
BRDA:164,13,1,1
BRDA:186,14,0,1
BRDA:186,14,1,10
BRDA:187,15,0,7
BRDA:187,15,1,4
BRDA:188,16,0,2
BRDA:188,16,1,9
BRDA:193,17,0,2
BRDA:193,17,1,9
BRDA:207,18,0,12
BRDA:207,18,1,1
BRDA:208,19,0,0
BRDA:208,19,1,1
BRDA:226,20,0,26
BRDA:226,20,1,1
BRDA:243,21,0,2
BRDA:243,21,1,11
BRDA:246,22,0,2
BRDA:246,22,1,11
BRDA:251,23,0,13
BRDA:251,23,1,0
BRDA:262,24,0,12
BRDA:262,24,1,1
BRDA:270,25,0,2
BRDA:270,25,1,11
BRDA:271,26,0,2
BRDA:271,26,1,11
BRDA:272,27,0,3
BRDA:272,27,1,10
BRDA:275,28,0,12
BRDA:275,28,1,1
BRDA:290,29,0,10
BRDA:290,29,1,3
BRDA:340,30,0,26
BRDA:340,30,1,23
BRDA:340,30,2,0
BRDA:345,31,0,26
BRDA:345,31,1,23
BRDA:345,31,2,0
BRDA:349,32,0,12
BRDA:349,32,1,13
BRDA:355,33,0,2
BRDA:355,33,1,11
BRDA:358,34,0,2
BRDA:358,34,1,11
BRF:72
BRH:67
end_of_record
TN:
SF:src/tools/generateReport/index.ts
FN:81,handleGenerateReport
FNF:1
FNH:1
FNDA:16,handleGenerateReport
DA:41,4
DA:85,16
DA:87,16
DA:89,16
DA:90,16
DA:93,11
DA:101,2
DA:102,2
DA:109,4
LF:9
LH:9
BRDA:101,0,0,2
BRDA:101,0,1,0
BRF:2
BRH:1
end_of_record
TN:
SF:src/tools/generateReport/reportBuilders.ts
FN:14,createVotingSection
FN:34,createCommitteeSection
FN:49,createParliamentaryQuestionsSection
FN:62,createMeetingActivitySection
FN:75,createLegislativeOutputSection
FN:95,createMemberParticipationSection
FN:106,createOverallVotingSection
FN:119,createAdoptionRatesSection
FN:132,createPoliticalGroupSection
FN:143,createNewProposalsSection
FN:156,createCompletedProceduresSection
FN:169,createOngoingProceduresSection
FNF:12
FNH:12
FNDA:7,createVotingSection
FNDA:6,createCommitteeSection
FNDA:6,createParliamentaryQuestionsSection
FNDA:3,createMeetingActivitySection
FNDA:5,createLegislativeOutputSection
FNDA:2,createMemberParticipationSection
FNDA:8,createOverallVotingSection
FNDA:8,createAdoptionRatesSection
FNDA:7,createPoliticalGroupSection
FNDA:3,createNewProposalsSection
FNDA:3,createCompletedProceduresSection
FNDA:3,createOngoingProceduresSection
DA:18,7
DA:23,7
DA:24,3
DA:27,7
DA:38,6
DA:50,6
DA:63,3
DA:76,5
DA:77,2
DA:82,3
DA:83,3
DA:84,3
DA:85,3
DA:96,2
DA:107,8
DA:120,8
DA:133,7
DA:144,3
DA:157,3
DA:170,3
LF:20
LH:20
BRDA:23,0,0,3
BRDA:23,0,1,4
BRDA:52,1,0,2
BRDA:52,1,1,4
BRDA:65,2,0,1
BRDA:65,2,1,2
BRDA:76,3,0,2
BRDA:76,3,1,3
BRDA:76,4,0,5
BRDA:76,4,1,3
BRDA:83,5,0,2
BRDA:83,5,1,1
BRDA:84,6,0,2
BRDA:84,6,1,1
BRDA:109,7,0,1
BRDA:109,7,1,7
BRDA:122,8,0,1
BRDA:122,8,1,7
BRDA:146,9,0,1
BRDA:146,9,1,2
BRDA:159,10,0,1
BRDA:159,10,1,2
BRDA:172,11,0,1
BRDA:172,11,1,2
BRF:24
BRH:24
end_of_record
TN:
SF:src/tools/generateReport/reportGenerators.ts
FN:32,extractMEPData
FN:52,fetchQuestionCount
FN:64,fetchDocumentCount
FN:75,fetchAdoptedTextCount
FN:86,fetchSessionCount
FN:98,fetchProcedureCount
FN:112,generateMEPActivityReport
FN:153,generateCommitteePerformanceReport
FN:197,generateVotingStatisticsReport
FN:233,generateLegislationProgressReport
FNF:10
FNH:10
FNDA:3,extractMEPData
FNDA:3,fetchQuestionCount
FNDA:1,fetchDocumentCount
FNDA:8,fetchAdoptedTextCount
FNDA:6,fetchSessionCount
FNDA:1,fetchProcedureCount
FNDA:4,generateMEPActivityReport
FNDA:2,generateCommitteePerformanceReport
FNDA:6,generateVotingStatisticsReport
FNDA:1,generateLegislationProgressReport
DA:42,3
DA:53,3
DA:54,3
DA:55,3
DA:56,0
DA:58,3
DA:59,3
DA:65,1
DA:66,1
DA:67,0
DA:69,1
DA:70,1
DA:76,8
DA:77,8
DA:78,0
DA:80,8
DA:81,8
DA:87,6
DA:88,6
DA:89,6
DA:90,0
DA:92,6
DA:93,6
DA:99,1
DA:100,1
DA:101,0
DA:103,1
DA:104,1
DA:115,4
DA:118,4
DA:119,4
DA:121,3
DA:156,2
DA:159,2
DA:160,2
DA:161,2
DA:162,2
DA:163,2
DA:166,2
DA:167,1
DA:169,1
DA:200,6
DA:201,6
DA:202,6
DA:204,6
DA:205,6
DA:207,6
DA:236,1
DA:237,1
DA:238,1
DA:240,1
DA:241,1
DA:242,1
DA:246,1
LF:54
LH:49
BRDA:43,0,0,3
BRDA:43,0,1,0
BRDA:44,1,0,3
BRDA:44,1,1,3
BRDA:45,2,0,3
BRDA:45,2,1,3
BRDA:46,3,0,3
BRDA:46,3,1,1
BRDA:47,4,0,3
BRDA:47,4,1,0
BRDA:53,5,0,0
BRDA:53,5,1,3
BRDA:115,6,0,4
BRDA:115,6,1,0
BRDA:136,7,0,3
BRDA:136,7,1,1
BRDA:137,8,0,4
BRDA:137,8,1,1
BRDA:138,9,0,4
BRDA:138,9,1,3
BRDA:156,10,0,2
BRDA:156,10,1,0
BRDA:159,11,0,2
BRDA:159,11,1,0
BRDA:160,12,0,2
BRDA:160,12,1,1
BRDA:161,13,0,2
BRDA:161,13,1,1
BRDA:162,14,0,2
BRDA:162,14,1,0
BRDA:185,15,0,1
BRDA:185,15,1,1
BRDA:200,16,0,6
BRDA:200,16,1,5
BRDA:201,17,0,6
BRDA:201,17,1,5
BRDA:222,18,0,6
BRDA:222,18,1,6
BRDA:223,19,0,6
BRDA:223,19,1,6
BRDA:236,20,0,1
BRDA:236,20,1,1
BRDA:237,21,0,1
BRDA:237,21,1,1
BRDA:242,22,0,0
BRDA:242,22,1,1
BRDA:242,23,0,1
BRDA:242,23,1,0
BRDA:261,24,0,1
BRDA:261,24,1,1
BRDA:262,25,0,1
BRDA:262,25,1,1
BRDA:263,26,0,1
BRDA:263,26,1,1
BRF:54
BRH:45
end_of_record
TN:
SF:src/tools/shared/errorHandler.ts
FN:23,handleToolError
FN:47,handleDataUnavailable
FNF:2
FNH:2
FNDA:11,handleToolError
FNDA:6,handleDataUnavailable
DA:24,11
DA:25,6
DA:33,5
DA:34,4
DA:36,1
DA:48,6
LF:6
LH:6
BRDA:24,0,0,6
BRDA:24,0,1,5
BRDA:33,1,0,4
BRDA:33,1,1,1
BRF:4
BRH:4
end_of_record
TN:
SF:src/tools/shared/errors.ts
FN:18,(anonymous_0)
FNF:1
FNH:1
FNDA:20,(anonymous_0)
DA:25,20
DA:26,20
DA:27,20
DA:28,20
DA:29,20
DA:30,20
DA:31,7
LF:7
LH:7
BRDA:29,0,0,20
BRDA:29,0,1,11
BRDA:30,1,0,7
BRDA:30,1,1,13
BRF:4
BRH:4
end_of_record
TN:
SF:src/tools/shared/paramBuilder.ts
FN:34,buildApiParams
FNF:1
FNH:1
FNDA:130,buildApiParams
DA:38,130
DA:39,130
DA:40,477
DA:41,477
DA:46,64
DA:49,130
LF:6
LH:6
BRDA:41,0,0,64
BRDA:41,0,1,413
BRDA:42,1,0,477
BRDA:42,1,1,422
BRDA:42,1,2,415
BRF:5
BRH:5
end_of_record
TN:
SF:src/tools/shared/responseBuilder.ts
FN:15,buildToolResponse
FN:29,buildErrorResponse
FNF:2
FNH:2
FNDA:496,buildToolResponse
FNDA:18,buildErrorResponse
DA:16,496
DA:31,18
DA:32,16
DA:33,2
DA:34,1
DA:36,1
DA:38,18
LF:7
LH:7
BRDA:31,0,0,16
BRDA:31,0,1,2
BRDA:33,1,0,1
BRDA:33,1,1,1
BRF:4
BRH:4
end_of_record
TN:
SF:src/tools/trackLegislation/index.ts
FN:39,toProcessId
FN:83,handleTrackLegislation
FNF:2
FNH:2
FNDA:23,toProcessId
FNDA:18,handleTrackLegislation
DA:41,23
DA:42,1
DA:45,22
DA:46,22
DA:47,20
DA:50,2
DA:86,18
DA:87,18
DA:89,18
DA:90,18
DA:91,15
DA:93,15
DA:100,3
DA:113,4
LF:14
LH:14
BRDA:41,0,0,1
BRDA:41,0,1,22
BRDA:46,1,0,20
BRDA:46,1,1,2
BRDA:46,2,0,22
BRDA:46,2,1,20
BRF:6
BRH:6
end_of_record
TN:
SF:src/tools/trackLegislation/procedureTracker.ts
FN:18,buildTimeline
FN:43,buildCommittees
FN:60,buildNextSteps
FN:79,buildLegislativeTracking
FN:90,(anonymous_4)
FNF:5
FNH:5
FNDA:48,buildTimeline
FNDA:48,buildCommittees
FNDA:48,buildNextSteps
FNDA:48,buildLegislativeTracking
FNDA:92,(anonymous_4)
DA:19,48
DA:21,48
DA:22,45
DA:29,48
DA:30,43
DA:37,48
DA:44,48
DA:45,2
DA:47,46
DA:51,46
DA:52,45
DA:54,46
DA:61,48
DA:62,48
DA:63,43
DA:65,48
DA:66,45
DA:68,48
DA:80,48
DA:90,92
LF:20
LH:20
BRDA:21,0,0,45
BRDA:21,0,1,3
BRDA:25,1,0,45
BRDA:25,1,1,1
BRDA:29,2,0,43
BRDA:29,2,1,5
BRDA:29,3,0,48
BRDA:29,3,1,44
BRDA:32,4,0,43
BRDA:32,4,1,5
BRDA:33,5,0,43
BRDA:33,5,1,1
BRDA:44,6,0,2
BRDA:44,6,1,46
BRDA:51,7,0,45
BRDA:51,7,1,1
BRDA:62,8,0,43
BRDA:62,8,1,5
BRDA:65,9,0,45
BRDA:65,9,1,3
BRDA:84,10,0,48
BRDA:84,10,1,3
BRDA:85,11,0,48
BRDA:85,11,1,5
BRDA:93,12,0,92
BRDA:93,12,1,8
BRDA:93,12,2,4
BRF:27
BRH:27
end_of_record
TN:
SF:src/utils/auditLogger.ts
FN:68,(anonymous_0)
FN:163,(anonymous_1)
FN:171,(anonymous_2)
FN:199,(anonymous_3)
FN:233,(anonymous_4)
FN:266,(anonymous_5)
FN:289,(anonymous_6)
FN:317,(anonymous_7)
FN:332,(anonymous_8)
FN:351,(anonymous_9)
FN:365,(anonymous_10)
FN:374,(anonymous_11)
FN:385,(anonymous_12)
FN:405,(anonymous_13)
FN:415,(anonymous_14)
FN:449,toErrorMessage
FNF:16
FNH:16
FNDA:14,(anonymous_0)
FNDA:105,(anonymous_1)
FNDA:14,(anonymous_2)
FNDA:214,(anonymous_3)
FNDA:5,(anonymous_4)
FNDA:96,(anonymous_5)
FNDA:53,(anonymous_6)
FNDA:47,(anonymous_7)
FNDA:5,(anonymous_8)
FNDA:5,(anonymous_9)
FNDA:96,(anonymous_10)
FNDA:153,(anonymous_11)
FNDA:15,(anonymous_12)
FNDA:214,(anonymous_13)
FNDA:1,(anonymous_14)
FNDA:51,toErrorMessage
DA:68,14
DA:69,14
DA:70,14
DA:71,14
DA:72,14
DA:164,105
DA:165,105
DA:166,105
DA:167,105
DA:168,105
DA:172,105
DA:173,93
DA:175,12
DA:180,4
DA:184,8
DA:201,214
DA:204,214
DA:212,214
DA:213,15
DA:215,214
DA:216,214
DA:245,5
DA:246,5
DA:272,96
DA:295,53
DA:318,47
DA:319,47
DA:320,47
DA:333,5
DA:334,5
DA:335,5
DA:352,5
DA:353,5
DA:366,96
DA:367,96
DA:375,153
DA:379,6
DA:386,15
DA:389,15
DA:392,15
DA:393,12
DA:399,3
DA:400,3
DA:401,1
DA:406,214
DA:407,215
DA:408,215
DA:409,215
DA:412,215
DA:415,2
DA:416,1
DA:421,1
DA:438,14
DA:450,51
LF:54
LH:54
BRDA:68,0,0,14
BRDA:68,0,1,14
BRDA:165,1,0,105
BRDA:165,1,1,98
BRDA:166,2,0,105
BRDA:166,2,1,104
BRDA:172,3,0,93
BRDA:172,3,1,12
BRDA:175,4,0,4
BRDA:175,4,1,8
BRDA:176,5,0,12
BRDA:176,5,1,12
BRDA:176,5,2,10
BRDA:201,6,0,213
BRDA:201,6,1,1
BRDA:206,7,0,213
BRDA:206,7,1,1
BRDA:212,8,0,15
BRDA:212,8,1,199
BRDA:251,9,0,5
BRDA:251,9,1,1
BRDA:253,10,0,5
BRDA:253,10,1,1
BRDA:276,11,0,96
BRDA:276,11,1,1
BRDA:299,12,0,53
BRDA:299,12,1,1
BRDA:320,13,0,6
BRDA:320,13,1,39
BRDA:335,14,0,1
BRDA:335,14,1,3
BRDA:375,15,0,6
BRDA:375,15,1,147
BRDA:376,16,0,153
BRDA:376,16,1,12
BRDA:392,17,0,12
BRDA:392,17,1,3
BRDA:412,18,0,2
BRDA:412,18,1,213
BRDA:412,19,0,215
BRDA:412,19,1,2
BRDA:450,20,0,46
BRDA:450,20,1,5
BRF:43
BRH:43
end_of_record
TN:
SF:src/utils/auditSink.ts
FN:175,sanitizeParams
FN:180,(anonymous_1)
FN:204,(anonymous_2)
FN:209,(anonymous_3)
FN:211,(anonymous_4)
FN:217,(anonymous_5)
FN:238,(anonymous_6)
FN:243,(anonymous_7)
FN:244,(anonymous_8)
FN:252,(anonymous_9)
FN:261,(anonymous_10)
FN:262,(anonymous_11)
FN:265,(anonymous_12)
FN:294,(anonymous_13)
FN:332,(anonymous_14)
FN:342,(anonymous_15)
FN:347,(anonymous_16)
FN:354,(anonymous_17)
FN:355,(anonymous_18)
FN:360,(anonymous_19)
FN:403,(anonymous_20)
FN:404,(anonymous_21)
FN:409,(anonymous_22)
FNF:23
FNH:23
FNDA:224,sanitizeParams
FNDA:247,(anonymous_1)
FNDA:14,(anonymous_2)
FNDA:26,(anonymous_3)
FNDA:28,(anonymous_4)
FNDA:2,(anonymous_5)
FNDA:235,(anonymous_6)
FNDA:76,(anonymous_7)
FNDA:91,(anonymous_8)
FNDA:98,(anonymous_9)
FNDA:7,(anonymous_10)
FNDA:11,(anonymous_11)
FNDA:91,(anonymous_12)
FNDA:208,(anonymous_13)
FNDA:15,(anonymous_14)
FNDA:14,(anonymous_15)
FNDA:14,(anonymous_16)
FNDA:11,(anonymous_17)
FNDA:3,(anonymous_18)
FNDA:14,(anonymous_19)
FNDA:2,(anonymous_20)
FNDA:1,(anonymous_21)
FNDA:2,(anonymous_22)
DA:151,14
DA:179,224
DA:180,247
DA:204,14
DA:210,26
DA:211,28
DA:218,2
DA:235,116
DA:239,235
DA:244,91
DA:253,98
DA:262,11
DA:266,91
DA:267,2
DA:269,89
DA:270,1
DA:272,88
DA:273,1
DA:275,87
DA:276,5
DA:278,82
DA:295,208
DA:330,15
DA:333,15
DA:334,2
DA:338,13
DA:339,13
DA:347,14
DA:348,14
DA:349,11
DA:353,14
DA:357,14
DA:361,14
DA:362,14
DA:363,8
DA:364,4
DA:370,6
DA:371,6
DA:373,3
DA:377,3
DA:378,3
DA:404,2
DA:405,1
DA:410,2
LF:44
LH:44
BRDA:177,0,0,224
BRDA:182,1,0,14
BRDA:182,1,1,233
BRDA:266,2,0,2
BRDA:266,2,1,89
BRDA:266,3,0,91
BRDA:266,3,1,5
BRDA:269,4,0,1
BRDA:269,4,1,88
BRDA:269,5,0,89
BRDA:269,5,1,2
BRDA:272,6,0,1
BRDA:272,6,1,87
BRDA:272,7,0,88
BRDA:272,7,1,2
BRDA:275,8,0,5
BRDA:275,8,1,82
BRDA:275,9,0,87
BRDA:275,9,1,7
BRDA:333,10,0,2
BRDA:333,10,1,13
BRDA:339,11,0,13
BRDA:339,11,1,11
BRDA:363,12,0,4
BRDA:363,12,1,4
BRDA:371,13,0,3
BRDA:371,13,1,3
BRDA:404,14,0,2
BRDA:404,14,1,1
BRF:29
BRH:29
end_of_record
TN:
SF:src/utils/performance.ts
FN:107,(anonymous_0)
FN:134,(anonymous_1)
FN:174,(anonymous_2)
FN:182,(anonymous_3)
FN:186,(anonymous_4)
FN:216,(anonymous_5)
FN:257,(anonymous_6)
FN:277,(anonymous_7)
FN:293,(anonymous_8)
FN:326,withPerformanceTracking
FNF:10
FNH:10
FNDA:44,(anonymous_0)
FNDA:560,(anonymous_1)
FNDA:23,(anonymous_2)
FNDA:262,(anonymous_3)
FNDA:277,(anonymous_4)
FNDA:57,(anonymous_5)
FNDA:3,(anonymous_6)
FNDA:1,(anonymous_7)
FNDA:2,(anonymous_8)
FNDA:6,withPerformanceTracking
DA:63,7
DA:89,44
DA:108,44
DA:109,5
DA:111,39
DA:135,560
DA:137,560
DA:138,33
DA:139,33
DA:142,560
DA:147,560
DA:148,5
DA:149,5
DA:175,23
DA:177,23
DA:178,4
DA:182,262
DA:183,19
DA:186,277
DA:187,19
DA:188,19
DA:190,19
DA:191,0
DA:194,19
DA:217,57
DA:219,57
DA:220,57
DA:222,33
DA:223,33
DA:224,33
DA:225,33
DA:227,33
DA:228,5
DA:231,28
DA:232,28
DA:234,28
DA:235,0
DA:238,28
DA:258,3
DA:278,1
DA:294,2
DA:331,6
DA:333,6
DA:334,6
DA:336,6
DA:337,6
DA:358,7
LF:47
LH:45
BRDA:107,0,0,44
BRDA:108,1,0,5
BRDA:108,1,1,39
BRDA:108,2,0,44
BRDA:108,2,1,42
BRDA:108,2,2,41
BRDA:137,3,0,33
BRDA:137,3,1,527
BRDA:147,4,0,5
BRDA:147,4,1,555
BRDA:177,5,0,4
BRDA:177,5,1,19
BRDA:177,6,0,23
BRDA:177,6,1,19
BRDA:190,7,0,0
BRDA:190,7,1,19
BRDA:190,8,0,19
BRDA:190,8,1,19
BRDA:217,9,0,0
BRDA:217,9,1,57
BRDA:220,10,0,24
BRDA:220,10,1,33
BRDA:220,11,0,57
BRDA:220,11,1,24
BRDA:227,12,0,5
BRDA:227,12,1,28
BRDA:228,13,0,5
BRDA:228,13,1,0
BRDA:234,14,0,0
BRDA:234,14,1,28
BRDA:234,15,0,28
BRDA:234,15,1,28
BRF:32
BRH:28
end_of_record
TN:
SF:src/utils/rateLimiter.ts
FN:85,(anonymous_0)
FN:124,(anonymous_1)
FN:133,(anonymous_2)
FN:181,(anonymous_3)
FN:224,(anonymous_4)
FN:265,(anonymous_5)
FN:300,(anonymous_6)
FN:320,(anonymous_7)
FN:342,(anonymous_8)
FN:370,(anonymous_9)
FN:398,createStandardRateLimiter
FNF:11
FNH:11
FNDA:412,(anonymous_0)
FNDA:9,(anonymous_1)
FNDA:358,(anonymous_2)
FNDA:302,(anonymous_3)
FNDA:7,(anonymous_4)
FNDA:13,(anonymous_5)
FNDA:10,(anonymous_6)
FNDA:1,(anonymous_7)
FNDA:33,(anonymous_8)
FNDA:1,(anonymous_9)
FNDA:4,createStandardRateLimiter
DA:86,412
DA:87,4
DA:91,408
DA:92,408
DA:93,412
DA:94,2
DA:98,406
DA:99,1
DA:103,405
DA:104,405
DA:107,405
DA:109,26
DA:110,26
DA:112,378
DA:113,378
DA:115,1
DA:116,1
DA:118,0
DA:119,0
DA:125,298
DA:126,12
DA:127,3
DA:134,358
DA:135,358
DA:136,358
DA:138,358
DA:139,75
DA:143,75
DA:186,302
DA:187,3
DA:190,299
DA:191,1
DA:199,298
DA:200,302
DA:202,302
DA:204,302
DA:205,304
DA:207,304
DA:208,290
DA:209,290
DA:212,14
DA:213,14
DA:214,14
DA:216,14
DA:217,7
DA:224,7
DA:229,7
DA:230,1
DA:231,1
DA:266,13
DA:267,2
DA:269,11
DA:270,1
DA:274,10
DA:276,10
DA:277,9
DA:278,9
DA:281,1
DA:301,10
DA:302,10
DA:321,1
DA:343,33
DA:344,33
DA:345,33
DA:346,33
DA:348,33
DA:371,1
DA:372,1
DA:399,4
LF:69
LH:67
BRDA:86,0,0,4
BRDA:86,0,1,408
BRDA:86,1,0,412
BRDA:86,1,1,410
BRDA:92,2,0,408
BRDA:92,2,1,395
BRDA:93,3,0,2
BRDA:93,3,1,410
BRDA:93,4,0,412
BRDA:93,4,1,407
BRDA:98,5,0,1
BRDA:98,5,1,405
BRDA:107,6,0,26
BRDA:107,6,1,378
BRDA:107,6,2,1
BRDA:107,6,3,0
BRDA:125,7,0,286
BRDA:125,7,1,12
BRDA:126,8,0,9
BRDA:126,8,1,3
BRDA:126,9,0,12
BRDA:126,9,1,10
BRDA:138,10,0,75
BRDA:138,10,1,283
BRDA:186,11,0,3
BRDA:186,11,1,299
BRDA:186,12,0,302
BRDA:186,12,1,302
BRDA:186,12,2,300
BRDA:190,13,0,1
BRDA:190,13,1,298
BRDA:207,14,0,290
BRDA:207,14,1,14
BRDA:216,15,0,7
BRDA:216,15,1,7
BRDA:229,16,0,1
BRDA:229,16,1,6
BRDA:266,17,0,2
BRDA:266,17,1,11
BRDA:266,18,0,13
BRDA:266,18,1,13
BRDA:266,18,2,11
BRDA:269,19,0,1
BRDA:269,19,1,10
BRDA:276,20,0,9
BRDA:276,20,1,1
BRDA:346,21,0,33
BRDA:346,21,1,0
BRF:48
BRH:46
end_of_record
TN:
SF:src/utils/timeout.ts
FN:58,(anonymous_0)
FN:97,withTimeout
FN:105,(anonymous_2)
FN:106,(anonymous_3)
FN:156,withTimeoutAndAbort
FN:165,(anonymous_5)
FN:166,(anonymous_6)
FN:198,validateRetryOptions
FN:274,withRetry
FN:291,(anonymous_9)
FN:325,(anonymous_10)
FN:353,isTimeoutError
FN:379,withTimeoutConfig
FNF:13
FNH:13
FNDA:13,(anonymous_0)
FNDA:20,withTimeout
FNDA:20,(anonymous_2)
FNDA:6,(anonymous_3)
FNDA:289,withTimeoutAndAbort
FNDA:289,(anonymous_5)
FNDA:2,(anonymous_6)
FNDA:283,validateRetryOptions
FNDA:283,withRetry
FNDA:11,(anonymous_9)
FNDA:28,(anonymous_10)
FNDA:6,isTimeoutError
FNDA:4,withTimeoutConfig
DA:32,7
DA:60,13
DA:62,13
DA:63,13
DA:64,13
DA:105,20
DA:106,20
DA:107,6
DA:117,20
DA:118,20
DA:121,20
DA:122,20
DA:161,289
DA:165,289
DA:166,289
DA:167,2
DA:168,2
DA:178,289
DA:179,289
DA:180,225
DA:183,289
DA:184,289
DA:204,283
DA:205,1
DA:207,282
DA:208,2
DA:210,280
DA:211,3
DA:213,277
DA:214,3
DA:291,11
DA:292,283
DA:295,283
DA:299,283
DA:300,302
DA:303,302
DA:306,225
DA:308,74
DA:311,74
DA:312,2
DA:316,72
DA:317,33
DA:321,39
DA:323,28
DA:324,28
DA:325,28
DA:331,39
DA:354,6
DA:383,4
DA:384,1
DA:387,3
DA:390,4
LF:52
LH:52
BRDA:109,0,0,6
BRDA:109,0,1,3
BRDA:121,1,0,20
BRDA:121,1,1,0
BRDA:170,2,0,2
BRDA:170,2,1,1
BRDA:183,3,0,289
BRDA:183,3,1,0
BRDA:204,4,0,1
BRDA:204,4,1,282
BRDA:207,5,0,2
BRDA:207,5,1,280
BRDA:207,6,0,282
BRDA:207,6,1,12
BRDA:210,7,0,3
BRDA:210,7,1,277
BRDA:210,8,0,280
BRDA:210,8,1,279
BRDA:213,9,0,3
BRDA:213,9,1,274
BRDA:213,10,0,277
BRDA:213,10,1,276
BRDA:288,11,0,283
BRDA:289,12,0,283
BRDA:291,13,0,11
BRDA:303,14,0,12
BRDA:303,14,1,290
BRDA:311,15,0,2
BRDA:311,15,1,72
BRDA:316,16,0,33
BRDA:316,16,1,39
BRDA:321,17,0,28
BRDA:321,17,1,11
BRDA:383,18,0,1
BRDA:383,18,1,3
BRDA:387,19,0,3
BRDA:387,19,1,2
BRDA:388,20,0,2
BRDA:388,20,1,1
BRF:39
BRH:37
end_of_record
