TN:
SF:src/index.ts
FN:125,(anonymous_0)
FN:162,(anonymous_1)
FN:164,(anonymous_2)
FN:171,(anonymous_3)
FN:189,(anonymous_4)
FN:196,(anonymous_5)
FN:211,(anonymous_6)
FN:218,(anonymous_7)
FN:241,(anonymous_8)
FN:274,(anonymous_9)
FN:331,(anonymous_10)
FN:337,(anonymous_11)
FN:338,(anonymous_12)
FN:340,(anonymous_13)
FNF:14
FNH:0
FNDA:0,(anonymous_0)
FNDA:0,(anonymous_1)
FNDA:0,(anonymous_2)
FNDA:0,(anonymous_3)
FNDA:0,(anonymous_4)
FNDA:0,(anonymous_5)
FNDA:0,(anonymous_6)
FNDA:0,(anonymous_7)
FNDA:0,(anonymous_8)
FNDA:0,(anonymous_9)
FNDA:0,(anonymous_10)
FNDA:0,(anonymous_11)
FNDA:0,(anonymous_12)
FNDA:0,(anonymous_13)
DA:80,1
DA:82,1
DA:83,1
DA:89,1
DA:128,0
DA:142,0
DA:164,0
DA:165,0
DA:171,0
DA:172,0
DA:174,0
DA:175,0
DA:178,0
DA:181,0
DA:182,0
DA:184,0
DA:189,0
DA:190,0
DA:196,0
DA:197,0
DA:199,0
DA:200,0
DA:202,0
DA:203,0
DA:204,0
DA:206,0
DA:211,0
DA:212,0
DA:218,0
DA:219,0
DA:221,0
DA:222,0
DA:224,0
DA:225,0
DA:226,0
DA:228,0
DA:245,0
DA:275,0
DA:277,0
DA:278,0
DA:280,0
DA:281,0
DA:284,0
DA:285,0
DA:286,0
DA:287,0
DA:290,0
DA:291,0
DA:292,0
DA:293,0
DA:294,0
DA:302,1
DA:305,1
DA:307,0
DA:308,0
DA:311,0
DA:312,0
DA:313,0
DA:316,0
DA:317,0
DA:318,0
DA:321,0
DA:322,0
DA:323,0
DA:327,0
DA:331,0
DA:332,0
DA:334,0
DA:337,0
DA:338,0
DA:340,0
DA:341,0
DA:342,0
LF:73
LH:6
BRDA:181,0,0,0
BRDA:181,0,1,0
BRDA:203,1,0,0
BRDA:203,1,1,0
BRDA:225,2,0,0
BRDA:225,2,1,0
BRDA:302,3,0,1
BRDA:302,3,1,1
BRDA:305,4,0,0
BRDA:305,4,1,1
BRDA:311,5,0,0
BRDA:311,5,1,0
BRDA:316,6,0,0
BRDA:316,6,1,0
BRDA:321,7,0,0
BRDA:321,7,1,0
BRF:16
BRH:3
end_of_record
TN:
SF:src/clients/europeanParliamentClient.ts
FN:159,(anonymous_0)
FN:213,(anonymous_1)
FN:224,(anonymous_2)
FN:239,(anonymous_3)
FN:262,(anonymous_4)
FN:270,(anonymous_5)
FN:281,(anonymous_6)
FN:292,(anonymous_7)
FN:303,(anonymous_8)
FN:315,(anonymous_9)
FN:328,(anonymous_10)
FN:342,(anonymous_11)
FN:356,(anonymous_12)
FN:367,(anonymous_13)
FN:378,(anonymous_14)
FN:389,(anonymous_15)
FN:397,(anonymous_16)
FN:410,(anonymous_17)
FN:427,(anonymous_18)
FN:444,(anonymous_19)
FN:457,(anonymous_20)
FN:472,(anonymous_21)
FN:483,(anonymous_22)
FN:501,(anonymous_23)
FN:517,(anonymous_24)
FN:529,(anonymous_25)
FN:541,(anonymous_26)
FN:552,(anonymous_27)
FN:563,(anonymous_28)
FN:575,(anonymous_29)
FN:583,(anonymous_30)
FN:591,(anonymous_31)
FN:599,(anonymous_32)
FN:607,(anonymous_33)
FN:617,(anonymous_34)
FN:630,(anonymous_35)
FN:638,(anonymous_36)
FN:649,(anonymous_37)
FN:661,(anonymous_38)
FN:676,(anonymous_39)
FN:693,(anonymous_40)
FN:705,(anonymous_41)
FN:716,(anonymous_42)
FN:746,(anonymous_43)
FN:756,(anonymous_44)
FNF:45
FNH:45
FNDA:247,(anonymous_0)
FNDA:243,(anonymous_1)
FNDA:2,(anonymous_2)
FNDA:16,(anonymous_3)
FNDA:6,(anonymous_4)
FNDA:4,(anonymous_5)
FNDA:3,(anonymous_6)
FNDA:3,(anonymous_7)
FNDA:4,(anonymous_8)
FNDA:7,(anonymous_9)
FNDA:4,(anonymous_10)
FNDA:6,(anonymous_11)
FNDA:8,(anonymous_12)
FNDA:5,(anonymous_13)
FNDA:5,(anonymous_14)
FNDA:4,(anonymous_15)
FNDA:6,(anonymous_16)
FNDA:4,(anonymous_17)
FNDA:10,(anonymous_18)
FNDA:8,(anonymous_19)
FNDA:4,(anonymous_20)
FNDA:14,(anonymous_21)
FNDA:4,(anonymous_22)
FNDA:13,(anonymous_23)
FNDA:4,(anonymous_24)
FNDA:4,(anonymous_25)
FNDA:3,(anonymous_26)
FNDA:4,(anonymous_27)
FNDA:5,(anonymous_28)
FNDA:4,(anonymous_29)
FNDA:4,(anonymous_30)
FNDA:4,(anonymous_31)
FNDA:4,(anonymous_32)
FNDA:4,(anonymous_33)
FNDA:12,(anonymous_34)
FNDA:4,(anonymous_35)
FNDA:5,(anonymous_36)
FNDA:5,(anonymous_37)
FNDA:4,(anonymous_38)
FNDA:21,(anonymous_39)
FNDA:4,(anonymous_40)
FNDA:4,(anonymous_41)
FNDA:4,(anonymous_42)
FNDA:2,(anonymous_43)
FNDA:2,(anonymous_44)
DA:161,247
DA:170,247
DA:176,247
DA:177,247
DA:178,247
DA:179,247
DA:182,247
DA:191,247
DA:192,247
DA:193,247
DA:194,247
DA:195,247
DA:196,247
DA:197,247
DA:198,247
DA:215,243
DA:225,2
DA:247,16
DA:263,6
DA:274,4
DA:285,3
DA:296,3
DA:307,4
DA:320,7
DA:329,4
DA:349,6
DA:360,8
DA:371,5
DA:382,5
DA:390,4
DA:403,6
DA:411,4
DA:437,10
DA:450,8
DA:458,4
DA:476,14
DA:487,4
DA:510,13
DA:522,4
DA:534,4
DA:545,3
DA:556,4
DA:568,5
DA:576,4
DA:584,4
DA:592,4
DA:600,4
DA:608,4
DA:622,12
DA:631,4
DA:642,5
DA:654,5
DA:662,4
DA:686,21
DA:696,4
DA:709,4
DA:719,4
DA:745,2
DA:747,2
DA:748,2
DA:749,0
DA:750,0
DA:751,0
DA:754,2
DA:757,2
DA:758,2
DA:759,0
DA:760,0
DA:762,2
LF:69
LH:64
BRDA:159,0,0,247
BRDA:162,1,0,247
BRDA:162,1,1,246
BRDA:163,2,0,247
BRDA:163,2,1,246
BRDA:170,3,0,247
BRDA:170,3,1,247
BRDA:176,4,0,247
BRDA:176,4,1,244
BRDA:177,5,0,247
BRDA:177,5,1,245
BRDA:178,6,0,247
BRDA:178,6,1,246
BRDA:179,7,0,247
BRDA:179,7,1,247
BRDA:270,8,0,4
BRDA:281,9,0,3
BRDA:292,10,0,3
BRDA:303,11,0,4
BRDA:315,12,0,7
BRDA:358,13,0,8
BRDA:369,14,0,5
BRDA:380,15,0,5
BRDA:397,16,0,6
BRDA:444,17,0,8
BRDA:483,18,0,4
BRDA:517,19,0,4
BRDA:529,20,0,4
BRDA:541,21,0,3
BRDA:552,22,0,4
BRDA:563,23,0,5
BRDA:617,24,0,12
BRDA:640,25,0,5
BRDA:649,26,0,5
BRDA:705,27,0,4
BRDA:748,28,0,0
BRDA:748,28,1,2
BRDA:750,29,0,0
BRDA:750,29,1,0
BRDA:751,30,0,0
BRDA:751,30,1,0
BRDA:758,31,0,0
BRDA:758,31,1,2
BRDA:758,32,0,2
BRDA:758,32,1,0
BRDA:760,33,0,0
BRDA:760,33,1,0
BRDA:760,34,0,0
BRDA:760,34,1,0
BRF:49
BRH:38
end_of_record
TN:
SF:src/clients/ep/baseClient.ts
FN:55,(anonymous_0)
FN:147,(anonymous_1)
FN:184,(anonymous_2)
FN:211,(anonymous_3)
FN:221,(anonymous_4)
FN:223,(anonymous_5)
FN:250,(anonymous_6)
FN:252,(anonymous_7)
FN:256,(anonymous_8)
FN:265,(anonymous_9)
FN:290,(anonymous_10)
FN:328,(anonymous_11)
FN:341,(anonymous_12)
FN:350,(anonymous_13)
FNF:14
FNH:14
FNDA:66,(anonymous_0)
FNDA:1976,(anonymous_1)
FNDA:213,(anonymous_2)
FNDA:36,(anonymous_3)
FNDA:223,(anonymous_4)
FNDA:223,(anonymous_5)
FNDA:213,(anonymous_6)
FNDA:223,(anonymous_7)
FNDA:36,(anonymous_8)
FNDA:27,(anonymous_9)
FNDA:215,(anonymous_10)
FNDA:215,(anonymous_11)
FNDA:243,(anonymous_12)
FNDA:2,(anonymous_13)
DA:27,2
DA:29,2
DA:31,2
DA:33,2
DA:35,2
DA:37,2
DA:39,2
DA:41,2
DA:57,66
DA:58,66
DA:60,66
DA:61,66
DA:148,1976
DA:149,1976
DA:150,1976
DA:151,1976
DA:152,1976
DA:153,1976
DA:154,1976
DA:156,0
DA:158,0
DA:165,0
DA:172,0
DA:173,0
DA:174,0
DA:188,213
DA:189,213
DA:191,213
DA:192,421
DA:194,421
DA:195,141
DA:196,280
DA:197,280
DA:199,0
DA:201,421
DA:204,213
DA:212,36
DA:213,36
DA:214,10
DA:222,223
DA:224,223
DA:232,221
DA:233,26
DA:239,186
DA:251,213
DA:252,223
DA:256,36
DA:266,27
DA:267,1
DA:272,26
DA:273,4
DA:295,215
DA:297,215
DA:300,215
DA:301,215
DA:302,215
DA:303,2
DA:304,2
DA:307,213
DA:308,213
DA:310,213
DA:311,213
DA:312,186
DA:313,186
DA:314,186
DA:316,27
DA:317,27
DA:332,215
DA:342,243
DA:351,2
LF:70
LH:63
BRDA:147,0,0,1976
BRDA:148,1,0,1976
BRDA:148,1,1,0
BRDA:156,2,0,0
BRDA:156,2,1,0
BRDA:159,3,0,0
BRDA:159,3,1,0
BRDA:160,4,0,0
BRDA:160,4,1,0
BRDA:166,5,0,0
BRDA:166,5,1,0
BRDA:172,6,0,0
BRDA:172,6,1,0
BRDA:173,7,0,0
BRDA:173,7,1,0
BRDA:174,8,0,0
BRDA:174,8,1,0
BRDA:189,9,0,0
BRDA:189,9,1,213
BRDA:192,10,0,0
BRDA:192,10,1,421
BRDA:192,11,0,421
BRDA:192,11,1,421
BRDA:194,12,0,141
BRDA:194,12,1,280
BRDA:196,13,0,280
BRDA:196,13,1,0
BRDA:196,14,0,280
BRDA:196,14,1,0
BRDA:212,15,0,0
BRDA:212,15,1,36
BRDA:213,16,0,26
BRDA:213,16,1,10
BRDA:213,17,0,26
BRDA:213,17,1,0
BRDA:232,18,0,26
BRDA:232,18,1,195
BRDA:254,19,0,212
BRDA:254,19,1,1
BRDA:266,20,0,1
BRDA:266,20,1,26
BRDA:272,21,0,22
BRDA:272,21,1,4
BRDA:274,22,0,4
BRDA:274,22,1,0
BRDA:302,23,0,2
BRDA:302,23,1,213
BRF:47
BRH:25
end_of_record
TN:
SF:src/clients/ep/committeeClient.ts
FN:35,(anonymous_0)
FN:41,(anonymous_1)
FN:52,(anonymous_2)
FN:68,(anonymous_3)
FN:84,(anonymous_4)
FN:111,(anonymous_5)
FN:135,(anonymous_6)
FN:148,(anonymous_7)
FNF:8
FNH:8
FNDA:247,(anonymous_0)
FNDA:17,(anonymous_1)
FNDA:14,(anonymous_2)
FNDA:14,(anonymous_3)
FNDA:4,(anonymous_4)
FNDA:14,(anonymous_5)
FNDA:4,(anonymous_6)
FNDA:3,(anonymous_7)
DA:36,247
DA:42,17
DA:53,14
DA:54,14
DA:55,14
DA:58,4
DA:59,4
DA:61,1
DA:69,14
DA:70,14
DA:71,10
DA:72,10
DA:77,4
DA:85,4
DA:89,4
DA:91,4
DA:92,4
DA:93,4
DA:94,3
DA:97,1
DA:115,14
DA:116,14
DA:117,14
DA:118,14
DA:119,13
DA:120,13
DA:122,1
DA:127,1
DA:139,4
DA:140,4
DA:142,4
DA:147,3
DA:148,4
DA:149,4
LF:34
LH:34
BRDA:35,0,0,247
BRDA:53,1,0,14
BRDA:53,1,1,0
BRDA:55,2,0,10
BRDA:55,2,1,4
BRDA:59,3,0,3
BRDA:59,3,1,1
BRDA:61,4,0,1
BRDA:61,4,1,0
BRDA:71,5,0,10
BRDA:71,5,1,0
BRDA:72,6,0,10
BRDA:72,6,1,0
BRDA:93,7,0,3
BRDA:93,7,1,1
BRDA:93,8,0,4
BRDA:93,8,1,1
BRDA:117,9,0,14
BRDA:117,9,1,2
BRDA:117,9,2,0
BRDA:125,10,0,1
BRDA:125,10,1,0
BRDA:135,11,0,4
BRDA:139,12,0,4
BRDA:139,12,1,3
BRDA:140,13,0,4
BRDA:140,13,1,4
BRDA:147,14,0,3
BRDA:147,14,1,0
BRF:29
BRH:22
end_of_record
TN:
SF:src/clients/ep/documentClient.ts
FN:36,(anonymous_0)
FN:42,(anonymous_1)
FN:52,(anonymous_2)
FN:81,(anonymous_3)
FN:89,(anonymous_4)
FN:98,(anonymous_5)
FN:103,(anonymous_6)
FN:119,(anonymous_7)
FN:146,(anonymous_8)
FN:177,(anonymous_9)
FN:193,(anonymous_10)
FN:201,(anonymous_11)
FN:217,(anonymous_12)
FN:225,(anonymous_13)
FN:239,(anonymous_14)
FN:247,(anonymous_15)
FN:260,(anonymous_16)
FN:268,(anonymous_17)
FN:284,(anonymous_18)
FN:292,(anonymous_19)
FN:305,(anonymous_20)
FN:318,(anonymous_21)
FN:331,(anonymous_22)
FN:344,(anonymous_23)
FNF:24
FNH:23
FNDA:247,(anonymous_0)
FNDA:83,(anonymous_1)
FNDA:13,(anonymous_2)
FNDA:13,(anonymous_3)
FNDA:49,(anonymous_4)
FNDA:2,(anonymous_5)
FNDA:0,(anonymous_6)
FNDA:13,(anonymous_7)
FNDA:49,(anonymous_8)
FNDA:4,(anonymous_9)
FNDA:5,(anonymous_10)
FNDA:4,(anonymous_11)
FNDA:5,(anonymous_12)
FNDA:3,(anonymous_13)
FNDA:4,(anonymous_14)
FNDA:4,(anonymous_15)
FNDA:5,(anonymous_16)
FNDA:5,(anonymous_17)
FNDA:5,(anonymous_18)
FNDA:4,(anonymous_19)
FNDA:4,(anonymous_20)
FNDA:4,(anonymous_21)
FNDA:4,(anonymous_22)
FNDA:4,(anonymous_23)
DA:37,247
DA:43,83
DA:58,13
DA:59,13
DA:60,13
DA:61,13
DA:62,4
DA:68,4
DA:71,13
DA:72,1
DA:74,13
DA:85,13
DA:86,13
DA:87,13
DA:88,13
DA:90,49
DA:95,13
DA:96,1
DA:97,1
DA:98,2
DA:101,13
DA:102,0
DA:103,0
DA:105,13
DA:128,13
DA:129,13
DA:130,13
DA:131,0
DA:133,13
DA:134,13
DA:136,13
DA:141,13
DA:142,13
DA:143,13
DA:144,13
DA:146,49
DA:147,13
DA:149,13
DA:161,13
DA:162,13
DA:164,0
DA:169,0
DA:182,4
DA:183,4
DA:184,4
DA:189,4
DA:191,4
DA:192,3
DA:193,5
DA:194,4
DA:206,4
DA:207,4
DA:208,4
DA:213,4
DA:215,4
DA:216,3
DA:217,5
DA:218,4
DA:229,3
DA:230,3
DA:232,3
DA:238,2
DA:239,4
DA:240,3
DA:251,4
DA:252,4
DA:254,4
DA:259,3
DA:260,5
DA:261,4
DA:273,5
DA:274,5
DA:275,5
DA:280,5
DA:282,5
DA:283,4
DA:284,5
DA:285,5
DA:293,4
DA:294,2
DA:298,2
DA:306,4
DA:307,2
DA:311,2
DA:319,4
DA:320,2
DA:324,2
DA:332,4
DA:333,2
DA:337,2
DA:345,4
DA:346,2
DA:350,2
LF:93
LH:88
BRDA:36,0,0,247
BRDA:59,1,0,13
BRDA:59,1,1,0
BRDA:60,2,0,1
BRDA:60,2,1,12
BRDA:61,3,0,4
BRDA:61,3,1,9
BRDA:61,4,0,13
BRDA:61,4,1,4
BRDA:69,5,0,4
BRDA:69,5,1,0
BRDA:71,6,0,1
BRDA:71,6,1,12
BRDA:71,7,0,13
BRDA:71,7,1,1
BRDA:86,8,0,13
BRDA:86,8,1,0
BRDA:86,9,0,13
BRDA:86,9,1,13
BRDA:90,10,0,49
BRDA:90,10,1,7
BRDA:90,10,2,7
BRDA:95,11,0,1
BRDA:95,11,1,12
BRDA:95,12,0,13
BRDA:95,12,1,1
BRDA:101,13,0,0
BRDA:101,13,1,13
BRDA:101,14,0,13
BRDA:101,14,1,0
BRDA:130,15,0,0
BRDA:130,15,1,13
BRDA:133,16,0,13
BRDA:133,16,1,0
BRDA:134,17,0,13
BRDA:134,17,1,12
BRDA:167,18,0,0
BRDA:167,18,1,0
BRDA:177,19,0,4
BRDA:182,20,0,4
BRDA:182,20,1,3
BRDA:183,21,0,4
BRDA:183,21,1,4
BRDA:189,22,0,1
BRDA:189,22,1,3
BRDA:192,23,0,3
BRDA:192,23,1,0
BRDA:201,24,0,4
BRDA:206,25,0,4
BRDA:206,25,1,3
BRDA:207,26,0,4
BRDA:207,26,1,4
BRDA:213,27,0,1
BRDA:213,27,1,3
BRDA:216,28,0,3
BRDA:216,28,1,0
BRDA:225,29,0,3
BRDA:229,30,0,3
BRDA:229,30,1,2
BRDA:230,31,0,3
BRDA:230,31,1,3
BRDA:238,32,0,2
BRDA:238,32,1,0
BRDA:247,33,0,4
BRDA:251,34,0,4
BRDA:251,34,1,3
BRDA:252,35,0,4
BRDA:252,35,1,4
BRDA:259,36,0,3
BRDA:259,36,1,0
BRDA:268,37,0,5
BRDA:273,38,0,5
BRDA:273,38,1,4
BRDA:274,39,0,5
BRDA:274,39,1,5
BRDA:280,40,0,1
BRDA:280,40,1,4
BRDA:283,41,0,4
BRDA:283,41,1,0
BRDA:293,42,0,2
BRDA:293,42,1,2
BRDA:306,43,0,2
BRDA:306,43,1,2
BRDA:319,44,0,2
BRDA:319,44,1,2
BRDA:332,45,0,2
BRDA:332,45,1,2
BRDA:345,46,0,2
BRDA:345,46,1,2
BRF:89
BRH:75
end_of_record
TN:
SF:src/clients/ep/index.ts
FNF:0
FNH:0
LF:0
LH:0
BRF:0
BRH:0
end_of_record
TN:
SF:src/clients/ep/jsonLdHelpers.ts
FN:21,toSafeString
FN:35,firstDefined
FN:51,extractField
FN:69,extractDateValue
FN:91,extractActivityDate
FN:112,extractTextFromLangArray
FN:133,extractMultilingualText
FN:153,extractMemberIds
FN:174,extractAuthorId
FN:192,extractDocumentRefs
FN:196,(anonymous_10)
FN:203,(anonymous_11)
FN:216,mapDocumentType
FN:219,(anonymous_13)
FN:228,mapDocumentStatus
FN:230,(anonymous_15)
FN:241,extractLocation
FN:255,extractVoteCount
FN:278,determineVoteOutcome
FN:294,mapQuestionType
FNF:20
FNH:20
FNDA:2253,toSafeString
FNDA:969,firstDefined
FNDA:904,extractField
FNDA:277,extractDateValue
FNDA:51,extractActivityDate
FNDA:264,extractTextFromLangArray
FNDA:351,extractMultilingualText
FNDA:17,extractMemberIds
FNDA:119,extractAuthorId
FNDA:14,extractDocumentRefs
FNDA:13,(anonymous_10)
FNDA:13,(anonymous_11)
FNDA:87,mapDocumentType
FNDA:93,(anonymous_13)
FNDA:87,mapDocumentStatus
FNDA:446,(anonymous_15)
FNDA:17,extractLocation
FNDA:102,extractVoteCount
FNDA:34,determineVoteOutcome
FNDA:91,mapQuestionType
DA:22,2253
DA:23,453
DA:24,453
DA:25,453
DA:36,969
DA:37,1507
DA:39,440
DA:52,904
DA:53,1065
DA:54,1065
DA:55,826
DA:58,78
DA:70,277
DA:71,249
DA:72,201
DA:73,201
DA:75,48
DA:76,48
DA:77,48
DA:78,48
DA:79,48
DA:82,0
DA:92,51
DA:93,47
DA:94,47
DA:95,47
DA:96,47
DA:97,47
DA:100,0
DA:113,264
DA:114,264
DA:115,264
DA:116,264
DA:117,264
DA:118,264
DA:119,264
DA:120,0
DA:122,0
DA:134,351
DA:135,324
DA:136,264
DA:137,264
DA:138,0
DA:139,0
DA:140,0
DA:142,0
DA:154,17
DA:155,17
DA:156,17
DA:157,26
DA:158,0
DA:159,26
DA:160,26
DA:161,26
DA:162,26
DA:165,17
DA:175,119
DA:176,5
DA:177,0
DA:179,5
DA:180,0
DA:181,0
DA:183,5
DA:193,14
DA:194,10
DA:195,9
DA:196,9
DA:197,13
DA:198,3
DA:199,3
DA:200,3
DA:202,0
DA:203,13
DA:205,0
DA:217,87
DA:218,87
DA:219,93
DA:229,87
DA:230,446
DA:242,17
DA:243,4
DA:244,3
DA:256,102
DA:257,102
DA:258,0
DA:259,0
DA:260,0
DA:262,0
DA:263,0
DA:264,0
DA:265,0
DA:267,0
DA:283,34
DA:284,34
DA:285,34
DA:295,91
DA:296,3
DA:298,88
LF:98
LH:76
BRDA:22,0,0,1800
BRDA:22,0,1,453
BRDA:23,1,0,0
BRDA:23,1,1,453
BRDA:24,2,0,0
BRDA:24,2,1,453
BRDA:37,3,0,529
BRDA:37,3,1,978
BRDA:54,4,0,826
BRDA:54,4,1,239
BRDA:54,5,0,1065
BRDA:54,5,1,826
BRDA:70,6,0,28
BRDA:70,6,1,249
BRDA:70,7,0,277
BRDA:70,7,1,277
BRDA:71,8,0,201
BRDA:71,8,1,48
BRDA:73,9,0,201
BRDA:73,9,1,0
BRDA:75,10,0,48
BRDA:75,10,1,0
BRDA:75,11,0,48
BRDA:75,11,1,48
BRDA:77,12,0,48
BRDA:77,12,1,0
BRDA:79,13,0,48
BRDA:79,13,1,0
BRDA:92,14,0,4
BRDA:92,14,1,47
BRDA:92,15,0,51
BRDA:92,15,1,50
BRDA:93,16,0,47
BRDA:93,16,1,0
BRDA:93,17,0,47
BRDA:93,17,1,47
BRDA:95,18,0,47
BRDA:95,18,1,0
BRDA:97,19,0,47
BRDA:97,19,1,0
BRDA:115,20,0,0
BRDA:115,20,1,264
BRDA:115,21,0,264
BRDA:115,21,1,264
BRDA:119,22,0,264
BRDA:119,22,1,0
BRDA:119,23,0,264
BRDA:119,23,1,0
BRDA:120,24,0,0
BRDA:120,24,1,0
BRDA:134,25,0,27
BRDA:134,25,1,324
BRDA:134,26,0,351
BRDA:134,26,1,351
BRDA:135,27,0,60
BRDA:135,27,1,264
BRDA:136,28,0,0
BRDA:136,28,1,264
BRDA:136,29,0,264
BRDA:136,29,1,264
BRDA:137,30,0,264
BRDA:137,30,1,0
BRDA:138,31,0,0
BRDA:138,31,1,0
BRDA:140,32,0,0
BRDA:140,32,1,0
BRDA:140,32,2,0
BRDA:155,33,0,0
BRDA:155,33,1,17
BRDA:157,34,0,0
BRDA:157,34,1,26
BRDA:159,35,0,26
BRDA:159,35,1,0
BRDA:159,36,0,26
BRDA:159,36,1,26
BRDA:161,37,0,26
BRDA:161,37,1,0
BRDA:161,37,2,0
BRDA:162,38,0,26
BRDA:162,38,1,0
BRDA:175,39,0,114
BRDA:175,39,1,5
BRDA:176,40,0,0
BRDA:176,40,1,5
BRDA:176,41,0,5
BRDA:176,41,1,0
BRDA:179,42,0,0
BRDA:179,42,1,5
BRDA:179,43,0,5
BRDA:179,43,1,0
BRDA:181,44,0,0
BRDA:181,44,1,0
BRDA:193,45,0,4
BRDA:193,45,1,10
BRDA:193,46,0,14
BRDA:193,46,1,14
BRDA:194,47,0,1
BRDA:194,47,1,9
BRDA:195,48,0,9
BRDA:195,48,1,0
BRDA:197,49,0,10
BRDA:197,49,1,3
BRDA:198,50,0,3
BRDA:198,50,1,0
BRDA:198,51,0,3
BRDA:198,51,1,3
BRDA:200,52,0,3
BRDA:200,52,1,1
BRDA:200,52,2,0
BRDA:217,53,0,82
BRDA:217,53,1,5
BRDA:219,54,0,87
BRDA:219,54,1,1
BRDA:230,55,0,87
BRDA:230,55,1,11
BRDA:242,56,0,13
BRDA:242,56,1,4
BRDA:243,57,0,1
BRDA:243,57,1,3
BRDA:256,58,0,0
BRDA:256,58,1,102
BRDA:256,59,0,102
BRDA:256,59,1,102
BRDA:257,60,0,102
BRDA:257,60,1,0
BRDA:258,61,0,0
BRDA:258,61,1,0
BRDA:260,62,0,0
BRDA:260,62,1,0
BRDA:262,63,0,0
BRDA:262,63,1,0
BRDA:264,64,0,0
BRDA:264,64,1,0
BRDA:283,65,0,0
BRDA:283,65,1,34
BRDA:283,66,0,34
BRDA:283,66,1,34
BRDA:284,67,0,0
BRDA:284,67,1,34
BRDA:285,68,0,34
BRDA:285,68,1,0
BRDA:295,69,0,3
BRDA:295,69,1,88
BRDA:295,70,0,91
BRDA:295,70,1,90
BRDA:295,70,2,89
BRF:146
BRH:97
end_of_record
TN:
SF:src/clients/ep/legislativeClient.ts
FN:37,(anonymous_0)
FN:43,(anonymous_1)
FN:47,(anonymous_2)
FN:51,(anonymous_3)
FN:64,(anonymous_4)
FN:80,(anonymous_5)
FN:97,(anonymous_6)
FN:119,(anonymous_7)
FN:135,(anonymous_8)
FN:145,(anonymous_9)
FN:161,(anonymous_10)
FN:169,(anonymous_11)
FNF:12
FNH:12
FNDA:247,(anonymous_0)
FNDA:14,(anonymous_1)
FNDA:8,(anonymous_2)
FNDA:4,(anonymous_3)
FNDA:12,(anonymous_4)
FNDA:12,(anonymous_5)
FNDA:4,(anonymous_6)
FNDA:5,(anonymous_7)
FNDA:4,(anonymous_8)
FNDA:5,(anonymous_9)
FNDA:6,(anonymous_10)
FNDA:4,(anonymous_11)
DA:38,247
DA:44,14
DA:48,8
DA:52,4
DA:69,12
DA:70,12
DA:71,12
DA:76,12
DA:78,12
DA:79,11
DA:80,12
DA:81,12
DA:98,4
DA:99,2
DA:101,2
DA:105,2
DA:106,2
DA:107,0
DA:109,2
DA:123,5
DA:124,2
DA:126,3
DA:127,5
DA:129,5
DA:134,3
DA:135,5
DA:136,5
DA:150,5
DA:151,5
DA:152,5
DA:157,5
DA:159,5
DA:160,4
DA:161,6
DA:162,5
DA:170,4
DA:171,2
DA:175,2
LF:38
LH:37
BRDA:37,0,0,247
BRDA:64,1,0,12
BRDA:69,2,0,12
BRDA:69,2,1,3
BRDA:70,3,0,12
BRDA:70,3,1,12
BRDA:76,4,0,1
BRDA:76,4,1,11
BRDA:79,5,0,11
BRDA:79,5,1,0
BRDA:98,6,0,2
BRDA:98,6,1,2
BRDA:106,7,0,0
BRDA:106,7,1,2
BRDA:106,8,0,2
BRDA:106,8,1,0
BRDA:121,9,0,5
BRDA:123,10,0,2
BRDA:123,10,1,3
BRDA:126,11,0,3
BRDA:126,11,1,2
BRDA:127,12,0,5
BRDA:127,12,1,3
BRDA:134,13,0,3
BRDA:134,13,1,0
BRDA:145,14,0,5
BRDA:150,15,0,5
BRDA:150,15,1,2
BRDA:151,16,0,5
BRDA:151,16,1,5
BRDA:157,17,0,1
BRDA:157,17,1,4
BRDA:160,18,0,4
BRDA:160,18,1,0
BRDA:170,19,0,2
BRDA:170,19,1,2
BRF:36
BRH:31
end_of_record
TN:
SF:src/clients/ep/mepClient.ts
FN:45,(anonymous_0)
FN:51,(anonymous_1)
FN:55,(anonymous_2)
FN:59,(anonymous_3)
FN:69,(anonymous_4)
FN:96,(anonymous_5)
FN:109,(anonymous_6)
FN:141,(anonymous_7)
FN:174,(anonymous_8)
FN:188,(anonymous_9)
FN:196,(anonymous_10)
FN:210,(anonymous_11)
FN:218,(anonymous_12)
FN:232,(anonymous_13)
FN:240,(anonymous_14)
FN:254,(anonymous_15)
FN:263,(anonymous_16)
FN:280,(anonymous_17)
FN:291,(anonymous_18)
FNF:19
FNH:19
FNDA:247,(anonymous_0)
FNDA:74,(anonymous_1)
FNDA:6,(anonymous_2)
FNDA:9,(anonymous_3)
FNDA:16,(anonymous_4)
FNDA:16,(anonymous_5)
FNDA:51,(anonymous_6)
FNDA:6,(anonymous_7)
FNDA:4,(anonymous_8)
FNDA:8,(anonymous_9)
FNDA:3,(anonymous_10)
FNDA:4,(anonymous_11)
FNDA:3,(anonymous_12)
FNDA:5,(anonymous_13)
FNDA:4,(anonymous_14)
FNDA:6,(anonymous_15)
FNDA:7,(anonymous_16)
FNDA:7,(anonymous_17)
FNDA:4,(anonymous_18)
DA:46,247
DA:52,74
DA:56,6
DA:60,9
DA:77,16
DA:78,16
DA:79,16
DA:80,16
DA:81,16
DA:82,16
DA:83,16
DA:84,16
DA:104,16
DA:105,16
DA:106,16
DA:108,16
DA:109,51
DA:111,12
DA:119,16
DA:120,16
DA:122,4
DA:127,4
DA:142,6
DA:143,6
DA:145,6
DA:146,6
DA:147,3
DA:148,3
DA:149,1
DA:152,6
DA:153,6
DA:154,6
DA:155,6
DA:156,6
DA:157,6
DA:159,0
DA:161,0
DA:166,0
DA:178,4
DA:179,4
DA:181,4
DA:187,3
DA:188,8
DA:189,4
DA:200,3
DA:201,3
DA:203,3
DA:209,2
DA:210,4
DA:211,3
DA:222,3
DA:223,3
DA:225,3
DA:231,2
DA:232,5
DA:233,3
DA:244,4
DA:245,4
DA:247,4
DA:253,3
DA:254,6
DA:255,4
DA:268,7
DA:269,7
DA:271,7
DA:276,7
DA:278,7
DA:279,6
DA:280,7
DA:282,7
DA:283,7
DA:292,4
DA:293,2
DA:295,2
DA:299,2
DA:300,2
DA:301,2
LF:77
LH:74
BRDA:45,0,0,247
BRDA:78,1,0,15
BRDA:78,1,1,1
BRDA:79,2,0,0
BRDA:79,2,1,16
BRDA:80,3,0,3
BRDA:80,3,1,13
BRDA:81,4,0,0
BRDA:81,4,1,16
BRDA:82,5,0,0
BRDA:82,5,1,16
BRDA:83,6,0,0
BRDA:83,6,1,16
BRDA:83,7,0,0
BRDA:83,7,1,0
BRDA:113,8,0,12
BRDA:113,8,1,12
BRDA:114,9,0,16
BRDA:114,9,1,1
BRDA:115,10,0,16
BRDA:115,10,1,12
BRDA:116,11,0,16
BRDA:116,11,1,1
BRDA:125,12,0,4
BRDA:125,12,1,0
BRDA:146,13,0,3
BRDA:146,13,1,3
BRDA:148,14,0,1
BRDA:148,14,1,2
BRDA:154,15,0,6
BRDA:154,15,1,0
BRDA:155,16,0,6
BRDA:155,16,1,0
BRDA:164,17,0,0
BRDA:164,17,1,0
BRDA:174,18,0,4
BRDA:178,19,0,4
BRDA:178,19,1,2
BRDA:179,20,0,4
BRDA:179,20,1,4
BRDA:187,21,0,3
BRDA:187,21,1,0
BRDA:196,22,0,3
BRDA:200,23,0,3
BRDA:200,23,1,2
BRDA:201,24,0,3
BRDA:201,24,1,3
BRDA:209,25,0,2
BRDA:209,25,1,0
BRDA:218,26,0,3
BRDA:222,27,0,3
BRDA:222,27,1,2
BRDA:223,28,0,3
BRDA:223,28,1,3
BRDA:231,29,0,2
BRDA:231,29,1,0
BRDA:240,30,0,4
BRDA:244,31,0,4
BRDA:244,31,1,2
BRDA:245,32,0,4
BRDA:245,32,1,4
BRDA:253,33,0,3
BRDA:253,33,1,0
BRDA:263,34,0,7
BRDA:268,35,0,7
BRDA:268,35,1,3
BRDA:269,36,0,7
BRDA:269,36,1,7
BRDA:276,37,0,1
BRDA:276,37,1,6
BRDA:279,38,0,6
BRDA:279,38,1,0
BRDA:292,39,0,2
BRDA:292,39,1,2
BRF:74
BRH:58
end_of_record
TN:
SF:src/clients/ep/plenaryClient.ts
FN:41,(anonymous_0)
FN:47,(anonymous_1)
FN:51,(anonymous_2)
FN:55,(anonymous_3)
FN:59,(anonymous_4)
FN:69,(anonymous_5)
FN:93,(anonymous_6)
FN:104,(anonymous_7)
FN:108,(anonymous_8)
FN:135,(anonymous_9)
FN:151,(anonymous_10)
FN:159,(anonymous_11)
FN:175,(anonymous_12)
FN:183,(anonymous_13)
FN:199,(anonymous_14)
FN:207,(anonymous_15)
FN:222,(anonymous_16)
FN:241,(anonymous_17)
FN:249,(anonymous_18)
FNF:19
FNH:18
FNDA:247,(anonymous_0)
FNDA:17,(anonymous_1)
FNDA:8,(anonymous_2)
FNDA:11,(anonymous_3)
FNDA:4,(anonymous_4)
FNDA:6,(anonymous_5)
FNDA:6,(anonymous_6)
FNDA:15,(anonymous_7)
FNDA:0,(anonymous_8)
FNDA:8,(anonymous_9)
FNDA:7,(anonymous_10)
FNDA:5,(anonymous_11)
FNDA:4,(anonymous_12)
FNDA:5,(anonymous_13)
FNDA:4,(anonymous_14)
FNDA:4,(anonymous_15)
FNDA:6,(anonymous_16)
FNDA:6,(anonymous_17)
FNDA:4,(anonymous_18)
DA:42,247
DA:48,17
DA:52,8
DA:56,11
DA:60,4
DA:75,6
DA:76,6
DA:77,6
DA:78,6
DA:79,6
DA:80,6
DA:100,6
DA:101,6
DA:102,6
DA:103,6
DA:104,15
DA:106,6
DA:107,0
DA:108,0
DA:111,6
DA:119,6
DA:120,6
DA:122,0
DA:127,0
DA:139,8
DA:140,2
DA:142,6
DA:143,8
DA:145,8
DA:150,5
DA:151,8
DA:152,8
DA:163,5
DA:164,2
DA:166,3
DA:167,5
DA:169,5
DA:174,2
DA:175,5
DA:176,5
DA:187,5
DA:188,2
DA:190,3
DA:191,5
DA:193,5
DA:198,3
DA:199,5
DA:200,5
DA:208,4
DA:209,2
DA:211,2
DA:215,2
DA:228,6
DA:229,6
DA:231,6
DA:236,6
DA:237,6
DA:239,6
DA:240,5
DA:241,6
DA:242,6
DA:250,4
DA:251,2
DA:253,2
DA:257,2
LF:65
LH:61
BRDA:41,0,0,247
BRDA:76,1,0,6
BRDA:76,1,1,0
BRDA:77,2,0,0
BRDA:77,2,1,6
BRDA:78,3,0,0
BRDA:78,3,1,6
BRDA:79,4,0,0
BRDA:79,4,1,6
BRDA:106,5,0,0
BRDA:106,5,1,6
BRDA:106,6,0,6
BRDA:106,6,1,0
BRDA:113,7,0,6
BRDA:113,7,1,6
BRDA:114,8,0,6
BRDA:114,8,1,0
BRDA:115,9,0,6
BRDA:115,9,1,6
BRDA:116,10,0,6
BRDA:116,10,1,0
BRDA:125,11,0,0
BRDA:125,11,1,0
BRDA:137,12,0,8
BRDA:139,13,0,2
BRDA:139,13,1,6
BRDA:142,14,0,6
BRDA:142,14,1,2
BRDA:143,15,0,8
BRDA:143,15,1,6
BRDA:150,16,0,5
BRDA:150,16,1,0
BRDA:161,17,0,5
BRDA:163,18,0,2
BRDA:163,18,1,3
BRDA:166,19,0,3
BRDA:166,19,1,2
BRDA:167,20,0,5
BRDA:167,20,1,3
BRDA:174,21,0,2
BRDA:174,21,1,0
BRDA:185,22,0,5
BRDA:187,23,0,2
BRDA:187,23,1,3
BRDA:190,24,0,3
BRDA:190,24,1,2
BRDA:191,25,0,5
BRDA:191,25,1,3
BRDA:198,26,0,3
BRDA:198,26,1,0
BRDA:208,27,0,2
BRDA:208,27,1,2
BRDA:222,28,0,6
BRDA:228,29,0,6
BRDA:228,29,1,3
BRDA:229,30,0,6
BRDA:229,30,1,6
BRDA:236,31,0,1
BRDA:236,31,1,5
BRDA:237,32,0,1
BRDA:237,32,1,5
BRDA:240,33,0,5
BRDA:240,33,1,0
BRDA:250,34,0,2
BRDA:250,34,1,2
BRF:65
BRH:51
end_of_record
TN:
SF:src/clients/ep/questionClient.ts
FN:35,(anonymous_0)
FN:41,(anonymous_1)
FN:53,(anonymous_2)
FN:74,(anonymous_3)
FN:81,(anonymous_4)
FN:87,(anonymous_5)
FN:92,(anonymous_6)
FN:96,(anonymous_7)
FN:112,(anonymous_8)
FN:130,(anonymous_9)
FN:159,(anonymous_10)
FNF:11
FNH:10
FNDA:247,(anonymous_0)
FNDA:91,(anonymous_1)
FNDA:21,(anonymous_2)
FNDA:21,(anonymous_3)
FNDA:2,(anonymous_4)
FNDA:2,(anonymous_5)
FNDA:4,(anonymous_6)
FNDA:0,(anonymous_7)
FNDA:21,(anonymous_8)
FNDA:89,(anonymous_9)
FNDA:4,(anonymous_10)
DA:36,247
DA:44,91
DA:59,21
DA:60,21
DA:61,21
DA:62,21
DA:63,1
DA:64,21
DA:65,1
DA:67,21
DA:78,21
DA:79,21
DA:80,1
DA:81,1
DA:82,2
DA:85,21
DA:86,1
DA:87,1
DA:88,2
DA:91,21
DA:92,4
DA:94,21
DA:95,0
DA:96,0
DA:98,21
DA:122,21
DA:123,21
DA:124,21
DA:125,21
DA:130,21
DA:131,89
DA:133,21
DA:135,21
DA:143,21
DA:144,21
DA:146,0
DA:151,0
DA:160,4
DA:161,2
DA:165,2
LF:40
LH:36
BRDA:35,0,0,247
BRDA:60,1,0,21
BRDA:60,1,1,0
BRDA:61,2,0,1
BRDA:61,2,1,20
BRDA:62,3,0,2
BRDA:62,3,1,19
BRDA:62,4,0,1
BRDA:62,4,1,18
BRDA:64,5,0,1
BRDA:64,5,1,20
BRDA:64,6,0,21
BRDA:64,6,1,1
BRDA:79,7,0,1
BRDA:79,7,1,20
BRDA:79,8,0,21
BRDA:79,8,1,1
BRDA:85,9,0,1
BRDA:85,9,1,20
BRDA:85,10,0,21
BRDA:85,10,1,1
BRDA:91,11,0,2
BRDA:91,11,1,19
BRDA:94,12,0,0
BRDA:94,12,1,21
BRDA:94,13,0,21
BRDA:94,13,1,0
BRDA:137,14,0,21
BRDA:137,14,1,20
BRDA:138,15,0,21
BRDA:138,15,1,0
BRDA:139,16,0,21
BRDA:139,16,1,20
BRDA:140,17,0,21
BRDA:140,17,1,0
BRDA:149,18,0,0
BRDA:149,18,1,0
BRDA:160,19,0,2
BRDA:160,19,1,2
BRF:39
BRH:32
end_of_record
TN:
SF:src/clients/ep/transformers.ts
FN:48,resolveMEPId
FN:56,resolveMEPName
FN:64,extractMEPCommittees
FN:67,(anonymous_3)
FN:73,transformMEP
FN:101,transformMEPDetails
FN:138,transformPlenarySession
FN:157,transformVoteResult
FN:177,transformCorporateBody
FN:203,transformDocument
FN:231,transformParliamentaryQuestion
FN:261,transformSpeech
FN:278,transformProcedure
FN:302,transformAdoptedText
FN:317,transformEvent
FN:333,transformMeetingActivity
FN:351,transformMEPDeclaration
FNF:17
FNH:16
FNDA:80,resolveMEPId
FNDA:80,resolveMEPName
FNDA:80,extractMEPCommittees
FNDA:0,(anonymous_3)
FNDA:80,transformMEP
FNDA:6,transformMEPDetails
FNDA:17,transformPlenarySession
FNDA:34,transformVoteResult
FNDA:17,transformCorporateBody
FNDA:87,transformDocument
FNDA:91,transformParliamentaryQuestion
FNDA:19,transformSpeech
FNDA:14,transformProcedure
FNDA:8,transformAdoptedText
FNDA:12,transformEvent
FNDA:11,transformMeetingActivity
FNDA:9,transformMEPDeclaration
DA:49,80
DA:50,80
DA:51,80
DA:52,80
DA:57,80
DA:58,80
DA:59,80
DA:60,80
DA:65,80
DA:66,80
DA:67,0
DA:74,80
DA:75,80
DA:78,80
DA:79,80
DA:81,80
DA:82,80
DA:84,80
DA:93,80
DA:94,80
DA:95,80
DA:102,6
DA:104,6
DA:105,6
DA:106,6
DA:108,6
DA:109,2
DA:110,2
DA:111,2
DA:112,2
DA:117,6
DA:139,17
DA:140,17
DA:141,17
DA:142,17
DA:144,17
DA:158,34
DA:159,34
DA:160,34
DA:162,34
DA:163,34
DA:164,34
DA:166,34
DA:167,34
DA:169,34
DA:178,17
DA:179,17
DA:180,17
DA:181,17
DA:183,17
DA:184,17
DA:185,17
DA:187,17
DA:204,87
DA:205,87
DA:206,87
DA:207,87
DA:208,87
DA:209,87
DA:211,87
DA:220,87
DA:221,76
DA:223,87
DA:232,91
DA:233,91
DA:234,91
DA:235,91
DA:236,91
DA:237,91
DA:238,91
DA:240,91
DA:249,91
DA:250,13
DA:251,13
DA:253,91
DA:262,19
DA:279,14
DA:280,14
DA:281,14
DA:282,14
DA:283,14
DA:303,8
DA:318,12
DA:334,11
DA:335,11
DA:337,11
DA:352,9
LF:87
LH:86
BRDA:50,0,0,80
BRDA:50,0,1,2
BRDA:50,0,2,2
BRDA:51,1,0,80
BRDA:51,1,1,2
BRDA:52,2,0,0
BRDA:52,2,1,80
BRDA:57,3,0,80
BRDA:57,3,1,2
BRDA:58,4,0,80
BRDA:58,4,1,3
BRDA:59,5,0,80
BRDA:59,5,1,3
BRDA:60,6,0,80
BRDA:60,6,1,2
BRDA:60,6,2,1
BRDA:66,7,0,80
BRDA:66,7,1,0
BRDA:78,8,0,80
BRDA:78,8,1,80
BRDA:79,9,0,80
BRDA:79,9,1,80
BRDA:90,10,0,80
BRDA:90,10,1,80
BRDA:91,11,0,80
BRDA:91,11,1,80
BRDA:93,12,0,0
BRDA:93,12,1,80
BRDA:94,13,0,0
BRDA:94,13,1,80
BRDA:108,14,0,2
BRDA:108,14,1,4
BRDA:110,15,0,2
BRDA:110,15,1,0
BRDA:110,16,0,2
BRDA:110,16,1,2
BRDA:112,17,0,0
BRDA:112,17,1,2
BRDA:119,18,0,0
BRDA:119,18,1,6
BRDA:120,19,0,2
BRDA:120,19,1,4
BRDA:139,20,0,17
BRDA:139,20,1,0
BRDA:139,20,2,0
BRDA:158,21,0,34
BRDA:158,21,1,0
BRDA:158,21,2,0
BRDA:160,22,0,34
BRDA:160,22,1,0
BRDA:160,22,2,0
BRDA:162,23,0,34
BRDA:162,23,1,34
BRDA:163,24,0,34
BRDA:163,24,1,34
BRDA:164,25,0,34
BRDA:164,25,1,34
BRDA:166,26,0,34
BRDA:166,26,1,34
BRDA:179,27,0,17
BRDA:179,27,1,1
BRDA:179,27,2,1
BRDA:180,28,0,17
BRDA:180,28,1,0
BRDA:181,29,0,17
BRDA:181,29,1,0
BRDA:183,30,0,17
BRDA:183,30,1,0
BRDA:185,31,0,17
BRDA:185,31,1,0
BRDA:189,32,0,16
BRDA:189,32,1,1
BRDA:192,33,0,17
BRDA:192,33,1,4
BRDA:205,34,0,87
BRDA:205,34,1,0
BRDA:205,34,2,0
BRDA:207,35,0,87
BRDA:207,35,1,5
BRDA:207,35,2,5
BRDA:214,36,0,87
BRDA:214,36,1,0
BRDA:220,37,0,76
BRDA:220,37,1,11
BRDA:238,38,0,90
BRDA:238,38,1,1
BRDA:243,39,0,89
BRDA:243,39,1,2
BRDA:247,40,0,13
BRDA:247,40,1,78
BRDA:249,41,0,13
BRDA:249,41,1,78
BRDA:264,42,0,19
BRDA:264,42,1,2
BRDA:264,42,2,1
BRDA:265,43,0,19
BRDA:265,43,1,2
BRDA:266,44,0,19
BRDA:266,44,1,2
BRDA:267,45,0,19
BRDA:267,45,1,2
BRDA:270,46,0,19
BRDA:270,46,1,2
BRDA:270,46,2,2
BRDA:295,47,0,14
BRDA:295,47,1,4
BRDA:305,48,0,8
BRDA:305,48,1,0
BRDA:305,48,2,0
BRDA:308,49,0,8
BRDA:308,49,1,1
BRDA:308,49,2,1
BRDA:310,50,0,8
BRDA:310,50,1,1
BRDA:310,50,2,1
BRDA:320,51,0,12
BRDA:320,51,1,0
BRDA:320,51,2,0
BRDA:321,52,0,12
BRDA:321,52,1,1
BRDA:321,52,2,1
BRDA:322,53,0,12
BRDA:322,53,1,2
BRDA:334,54,0,11
BRDA:334,54,1,1
BRDA:335,55,0,10
BRDA:335,55,1,1
BRDA:339,56,0,11
BRDA:339,56,1,1
BRDA:339,56,2,1
BRDA:341,57,0,11
BRDA:341,57,1,1
BRDA:354,58,0,9
BRDA:354,58,1,1
BRDA:354,58,2,1
BRDA:355,59,0,9
BRDA:355,59,1,1
BRDA:356,60,0,9
BRDA:356,60,1,2
BRDA:358,61,0,9
BRDA:358,61,1,2
BRDA:358,61,2,2
BRF:142
BRH:118
end_of_record
TN:
SF:src/clients/ep/vocabularyClient.ts
FN:27,(anonymous_0)
FN:40,(anonymous_1)
FN:64,(anonymous_2)
FNF:3
FNH:3
FNDA:247,(anonymous_0)
FNDA:4,(anonymous_1)
FNDA:4,(anonymous_2)
DA:28,247
DA:44,4
DA:45,4
DA:47,4
DA:53,3
DA:54,4
DA:67,4
DA:68,2
DA:70,2
DA:74,2
LF:10
LH:10
BRDA:27,0,0,247
BRDA:40,1,0,4
BRDA:44,2,0,4
BRDA:44,2,1,3
BRDA:45,3,0,4
BRDA:45,3,1,4
BRDA:53,4,0,3
BRDA:53,4,1,0
BRDA:67,5,0,2
BRDA:67,5,1,2
BRF:10
BRH:9
end_of_record
TN:
SF:src/clients/ep/votingClient.ts
FN:37,(anonymous_0)
FN:43,(anonymous_1)
FN:50,(anonymous_2)
FN:60,(anonymous_3)
FN:68,(anonymous_4)
FN:75,(anonymous_5)
FN:100,(anonymous_6)
FN:118,(anonymous_7)
FN:125,(anonymous_8)
FN:131,(anonymous_9)
FN:135,(anonymous_10)
FN:151,(anonymous_11)
FN:207,(anonymous_12)
FN:226,(anonymous_13)
FN:234,(anonymous_14)
FNF:15
FNH:15
FNDA:247,(anonymous_0)
FNDA:34,(anonymous_1)
FNDA:19,(anonymous_2)
FNDA:7,(anonymous_3)
FNDA:28,(anonymous_4)
FNDA:3,(anonymous_5)
FNDA:6,(anonymous_6)
FNDA:10,(anonymous_7)
FNDA:2,(anonymous_8)
FNDA:4,(anonymous_9)
FNDA:1,(anonymous_10)
FNDA:10,(anonymous_11)
FNDA:8,(anonymous_12)
FNDA:17,(anonymous_13)
FNDA:4,(anonymous_14)
DA:38,247
DA:47,34
DA:51,19
DA:64,7
DA:68,28
DA:79,3
DA:80,3
DA:81,1
DA:84,3
DA:85,3
DA:86,3
DA:88,3
DA:89,4
DA:93,4
DA:95,4
DA:96,4
DA:100,3
DA:101,6
DA:103,3
DA:108,4
DA:111,3
DA:122,10
DA:123,10
DA:124,1
DA:125,1
DA:126,2
DA:129,10
DA:130,2
DA:131,4
DA:133,10
DA:134,1
DA:135,1
DA:137,10
DA:159,10
DA:161,10
DA:162,10
DA:163,10
DA:164,10
DA:166,10
DA:169,10
DA:170,7
DA:172,3
DA:176,10
DA:179,10
DA:180,10
DA:181,10
DA:183,10
DA:191,10
DA:192,10
DA:194,0
DA:199,0
DA:213,8
DA:214,8
DA:216,8
DA:221,8
DA:222,8
DA:224,8
DA:225,7
DA:226,17
DA:227,8
DA:235,4
DA:236,2
DA:238,2
DA:242,2
LF:64
LH:62
BRDA:37,0,0,247
BRDA:80,1,0,1
BRDA:80,1,1,2
BRDA:80,2,0,3
BRDA:80,2,1,1
BRDA:86,3,0,3
BRDA:86,3,1,0
BRDA:89,4,0,4
BRDA:89,4,1,0
BRDA:89,4,2,0
BRDA:93,5,0,0
BRDA:93,5,1,4
BRDA:108,6,0,0
BRDA:108,6,1,4
BRDA:123,7,0,1
BRDA:123,7,1,9
BRDA:123,8,0,10
BRDA:123,8,1,1
BRDA:129,9,0,2
BRDA:129,9,1,8
BRDA:129,10,0,10
BRDA:129,10,1,2
BRDA:133,11,0,1
BRDA:133,11,1,9
BRDA:133,12,0,10
BRDA:133,12,1,1
BRDA:163,13,0,7
BRDA:163,13,1,3
BRDA:164,14,0,2
BRDA:164,14,1,8
BRDA:166,15,0,10
BRDA:166,15,1,3
BRDA:169,16,0,7
BRDA:169,16,1,3
BRDA:179,17,0,10
BRDA:179,17,1,8
BRDA:180,18,0,10
BRDA:180,18,1,3
BRDA:197,19,0,0
BRDA:197,19,1,0
BRDA:207,20,0,8
BRDA:213,21,0,8
BRDA:213,21,1,3
BRDA:214,22,0,8
BRDA:214,22,1,8
BRDA:221,23,0,1
BRDA:221,23,1,7
BRDA:222,24,0,1
BRDA:222,24,1,7
BRDA:225,25,0,7
BRDA:225,25,1,0
BRDA:235,26,0,2
BRDA:235,26,1,2
BRF:53
BRH:45
end_of_record
TN:
SF:src/di/container.ts
FN:65,(anonymous_0)
FN:87,(anonymous_1)
FN:117,(anonymous_2)
FN:127,(anonymous_3)
FN:149,createDefaultContainer
FN:152,(anonymous_5)
FN:153,(anonymous_6)
FN:154,(anonymous_7)
FN:155,(anonymous_8)
FNF:9
FNH:4
FNDA:13,(anonymous_0)
FNDA:12,(anonymous_1)
FNDA:8,(anonymous_2)
FNDA:2,(anonymous_3)
FNDA:0,createDefaultContainer
FNDA:0,(anonymous_5)
FNDA:0,(anonymous_6)
FNDA:0,(anonymous_7)
FNDA:0,(anonymous_8)
DA:45,11
DA:70,13
DA:88,12
DA:90,12
DA:91,1
DA:95,11
DA:96,2
DA:100,9
DA:103,9
DA:104,7
DA:107,9
DA:118,8
DA:128,2
DA:150,0
DA:152,0
DA:153,0
DA:154,0
DA:155,0
DA:156,0
DA:162,0
LF:20
LH:13
BRDA:68,0,0,13
BRDA:90,1,0,1
BRDA:90,1,1,11
BRDA:95,2,0,2
BRDA:95,2,1,9
BRDA:95,3,0,11
BRDA:95,3,1,9
BRDA:103,4,0,7
BRDA:103,4,1,2
BRF:9
BRH:9
end_of_record
TN:
SF:src/di/tokens.ts
FNF:0
FNH:0
DA:30,2
LF:1
LH:1
BRF:0
BRH:0
end_of_record
TN:
SF:src/prompts/index.ts
FN:189,generateMepBriefing
FN:231,generateCoalitionAnalysis
FN:272,generateLegislativeTracking
FN:322,generateGroupComparison
FN:362,generateCommitteeActivity
FN:401,generateVotingAnalysis
FN:442,generateCountryDelegationAnalysis
FN:484,getPromptMetadataArray
FN:504,handleGetPrompt
FN:528,(anonymous_9)
FN:531,(anonymous_10)
FN:532,(anonymous_11)
FN:536,(anonymous_12)
FNF:13
FNH:13
FNDA:3,generateMepBriefing
FNDA:2,generateCoalitionAnalysis
FNDA:3,generateLegislativeTracking
FNDA:1,generateGroupComparison
FNDA:1,generateCommitteeActivity
FNDA:2,generateVotingAnalysis
FNDA:3,generateCountryDelegationAnalysis
FNDA:22,getPromptMetadataArray
FNDA:20,handleGetPrompt
FNDA:71,(anonymous_9)
FNDA:33,(anonymous_10)
FNDA:10,(anonymous_11)
FNDA:3,(anonymous_12)
DA:55,2
DA:64,2
DA:73,2
DA:82,2
DA:90,2
DA:98,2
DA:109,2
DA:118,2
DA:126,2
DA:134,2
DA:142,2
DA:149,2
DA:156,2
DA:164,2
DA:172,2
DA:190,3
DA:191,3
DA:193,3
DA:232,2
DA:233,2
DA:235,2
DA:273,3
DA:274,3
DA:275,3
DA:276,3
DA:277,1
DA:279,3
DA:280,1
DA:282,3
DA:286,3
DA:323,1
DA:325,1
DA:363,1
DA:365,1
DA:402,2
DA:403,2
DA:404,2
DA:406,2
DA:443,3
DA:444,3
DA:446,3
DA:485,22
DA:508,20
DA:512,20
DA:522,20
DA:523,20
DA:524,1
DA:528,71
DA:529,18
DA:530,18
DA:531,33
DA:533,10
DA:534,10
DA:536,3
DA:538,18
DA:539,3
DA:545,15
LF:57
LH:57
BRDA:190,0,0,3
BRDA:190,0,1,0
BRDA:191,1,0,3
BRDA:191,1,1,2
BRDA:232,2,0,2
BRDA:232,2,1,1
BRDA:233,3,0,2
BRDA:233,3,1,2
BRDA:276,4,0,1
BRDA:276,4,1,2
BRDA:279,5,0,1
BRDA:279,5,1,2
BRDA:282,6,0,2
BRDA:282,6,1,1
BRDA:323,7,0,1
BRDA:323,7,1,0
BRDA:363,8,0,1
BRDA:363,8,1,0
BRDA:402,9,0,2
BRDA:402,9,1,1
BRDA:404,10,0,1
BRDA:404,10,1,1
BRDA:417,11,0,1
BRDA:417,11,1,1
BRDA:443,12,0,3
BRDA:443,12,1,0
BRDA:444,13,0,3
BRDA:444,13,1,2
BRDA:508,14,0,17
BRDA:508,14,1,3
BRDA:523,15,0,1
BRDA:523,15,1,19
BRDA:529,16,0,18
BRDA:529,16,1,0
BRDA:534,17,0,10
BRDA:534,17,1,7
BRDA:534,17,2,7
BRDA:538,18,0,3
BRDA:538,18,1,15
BRF:39
BRH:34
end_of_record
TN:
SF:src/resources/index.ts
FN:131,matchMepUri
FN:145,matchOtherUri
FN:176,matchCommitteeUri
FN:186,matchVoteUri
FN:196,matchProcedureUri
FN:206,matchPlenaryDetailUri
FN:216,matchDocumentUri
FN:226,parseResourceUri
FN:256,handleMepDetail
FN:276,handleMepList
FN:296,handleCommitteeDetail
FN:316,handlePlenarySessions
FN:336,handleVotingRecord
FN:356,handlePoliticalGroups
FN:368,(anonymous_14)
FN:391,handleProcedureDetail
FN:415,handlePlenaryDetail
FN:437,handleDocumentDetail
FN:457,getResourceTemplateArray
FN:474,requireParam
FN:489,handleReadResource
FNF:21
FNH:21
FNDA:23,matchMepUri
FNDA:19,matchOtherUri
FNDA:2,matchCommitteeUri
FNDA:2,matchVoteUri
FNDA:4,matchProcedureUri
FNDA:2,matchPlenaryDetailUri
FNDA:2,matchDocumentUri
FNDA:26,parseResourceUri
FNDA:1,handleMepDetail
FNDA:1,handleMepList
FNDA:1,handleCommitteeDetail
FNDA:1,handlePlenarySessions
FNDA:1,handleVotingRecord
FNDA:1,handlePoliticalGroups
FNDA:2,(anonymous_14)
FNDA:2,handleProcedureDetail
FNDA:1,handlePlenaryDetail
FNDA:1,handleDocumentDetail
FNDA:3,getResourceTemplateArray
FNDA:7,requireParam
FNDA:14,handleReadResource
DA:50,2
DA:57,2
DA:64,2
DA:71,2
DA:78,2
DA:85,2
DA:92,2
DA:99,2
DA:106,2
DA:115,2
DA:117,2
DA:123,2
DA:132,23
DA:133,5
DA:134,2
DA:136,3
DA:137,2
DA:139,1
DA:146,19
DA:147,19
DA:148,2
DA:150,17
DA:151,2
DA:153,15
DA:154,2
DA:156,13
DA:157,2
DA:161,11
DA:162,4
DA:164,7
DA:165,2
DA:167,5
DA:168,2
DA:170,3
DA:177,2
DA:178,2
DA:180,0
DA:187,2
DA:188,2
DA:190,0
DA:197,4
DA:198,3
DA:200,1
DA:207,2
DA:208,2
DA:210,0
DA:217,2
DA:218,2
DA:220,0
DA:228,26
DA:229,2
DA:232,24
DA:233,24
DA:235,24
DA:236,1
DA:239,23
DA:240,23
DA:242,19
DA:243,19
DA:245,4
DA:257,1
DA:258,1
DA:260,1
DA:277,1
DA:279,1
DA:297,1
DA:298,1
DA:300,1
DA:317,1
DA:319,1
DA:337,1
DA:338,1
DA:340,1
DA:357,1
DA:360,1
DA:361,1
DA:362,1
DA:363,2
DA:364,2
DA:368,2
DA:373,1
DA:392,2
DA:393,2
DA:395,1
DA:416,1
DA:417,1
DA:419,1
DA:438,1
DA:439,1
DA:441,1
DA:458,3
DA:475,7
DA:476,7
DA:477,0
DA:479,7
DA:490,14
DA:494,14
DA:496,1
DA:497,1
DA:499,1
DA:500,1
DA:502,1
DA:503,1
DA:505,1
DA:506,1
DA:508,1
DA:509,1
DA:511,1
DA:512,1
DA:514,2
DA:515,1
DA:517,1
DA:518,1
DA:520,1
DA:521,1
DA:523,0
DA:526,9
LF:117
LH:111
BRDA:132,0,0,18
BRDA:132,0,1,5
BRDA:133,1,0,2
BRDA:133,1,1,3
BRDA:133,2,0,5
BRDA:133,2,1,3
BRDA:134,3,0,2
BRDA:134,3,1,0
BRDA:136,4,0,2
BRDA:136,4,1,1
BRDA:147,5,0,2
BRDA:147,5,1,17
BRDA:150,6,0,2
BRDA:150,6,1,15
BRDA:150,7,0,17
BRDA:150,7,1,2
BRDA:153,8,0,2
BRDA:153,8,1,13
BRDA:156,9,0,2
BRDA:156,9,1,11
BRDA:156,10,0,13
BRDA:156,10,1,2
BRDA:161,11,0,4
BRDA:161,11,1,7
BRDA:164,12,0,2
BRDA:164,12,1,5
BRDA:167,13,0,2
BRDA:167,13,1,3
BRDA:177,14,0,2
BRDA:177,14,1,0
BRDA:177,15,0,2
BRDA:177,15,1,2
BRDA:178,16,0,2
BRDA:178,16,1,0
BRDA:187,17,0,2
BRDA:187,17,1,0
BRDA:187,18,0,2
BRDA:187,18,1,2
BRDA:188,19,0,2
BRDA:188,19,1,0
BRDA:197,20,0,3
BRDA:197,20,1,1
BRDA:197,21,0,4
BRDA:197,21,1,3
BRDA:198,22,0,3
BRDA:198,22,1,0
BRDA:207,23,0,2
BRDA:207,23,1,0
BRDA:207,24,0,2
BRDA:207,24,1,2
BRDA:208,25,0,2
BRDA:208,25,1,0
BRDA:217,26,0,2
BRDA:217,26,1,0
BRDA:217,27,0,2
BRDA:217,27,1,2
BRDA:218,28,0,2
BRDA:218,28,1,0
BRDA:228,29,0,2
BRDA:228,29,1,24
BRDA:235,30,0,1
BRDA:235,30,1,23
BRDA:235,31,0,24
BRDA:235,31,1,24
BRDA:240,32,0,4
BRDA:240,32,1,19
BRDA:243,33,0,15
BRDA:243,33,1,4
BRDA:361,34,0,1
BRDA:361,34,1,0
BRDA:363,35,0,2
BRDA:363,35,1,0
BRDA:364,36,0,2
BRDA:364,36,1,2
BRDA:476,37,0,0
BRDA:476,37,1,7
BRDA:476,38,0,7
BRDA:476,38,1,7
BRDA:494,39,0,1
BRDA:494,39,1,1
BRDA:494,39,2,1
BRDA:494,39,3,1
BRDA:494,39,4,1
BRDA:494,39,5,1
BRDA:494,39,6,2
BRDA:494,39,7,1
BRDA:494,39,8,1
BRDA:494,39,9,0
BRF:88
BRH:74
end_of_record
TN:
SF:src/schemas/europeanParliament.ts
FNF:0
FNH:0
LF:0
LH:0
BRF:0
BRH:0
end_of_record
TN:
SF:src/schemas/ep/activities.ts
FNF:0
FNH:0
DA:16,36
DA:42,36
DA:70,36
DA:98,36
DA:124,36
DA:145,36
DA:166,36
DA:194,36
DA:216,36
DA:237,36
LF:10
LH:10
BRF:0
BRH:0
end_of_record
TN:
SF:src/schemas/ep/analysis.ts
FN:105,(anonymous_0)
FNF:1
FNH:1
FNDA:17,(anonymous_0)
DA:13,36
DA:28,36
DA:38,36
DA:53,36
DA:68,36
DA:86,36
DA:105,17
DA:112,36
DA:132,36
DA:146,36
LF:10
LH:10
BRDA:105,0,0,17
BRDA:105,0,1,10
BRF:2
BRH:2
end_of_record
TN:
SF:src/schemas/ep/committee.ts
FNF:0
FNH:0
DA:12,36
DA:32,36
LF:2
LH:2
BRF:0
BRH:0
end_of_record
TN:
SF:src/schemas/ep/common.ts
FN:27,(anonymous_0)
FNF:1
FNH:1
FNDA:51,(anonymous_0)
DA:12,36
DA:20,36
DA:27,36
DA:36,51
LF:4
LH:4
BRF:0
BRH:0
end_of_record
TN:
SF:src/schemas/ep/document.ts
FNF:0
FNH:0
DA:14,36
DA:27,36
DA:65,36
DA:83,36
DA:111,36
DA:139,36
DA:161,36
DA:178,36
LF:8
LH:8
BRF:0
BRH:0
end_of_record
TN:
SF:src/schemas/ep/index.ts
FNF:0
FNH:0
LF:0
LH:0
BRF:0
BRH:0
end_of_record
TN:
SF:src/schemas/ep/mep.ts
FNF:0
FNH:0
DA:13,36
DA:44,36
DA:54,36
DA:71,36
DA:82,36
DA:97,36
DA:114,36
DA:131,36
DA:148,36
LF:9
LH:9
BRF:0
BRH:0
end_of_record
TN:
SF:src/schemas/ep/plenary.ts
FNF:0
FNH:0
DA:13,36
DA:42,36
DA:55,36
DA:89,36
LF:4
LH:4
BRF:0
BRH:0
end_of_record
TN:
SF:src/schemas/ep/question.ts
FNF:0
FNH:0
DA:13,36
DA:53,36
LF:2
LH:2
BRF:0
BRH:0
end_of_record
TN:
SF:src/server/cli.ts
FN:33,sanitizeUrl
FN:51,showHelp
FN:86,showVersion
FN:97,showHealth
FN:161,parseCLIArgs
FNF:5
FNH:1
FNDA:9,sanitizeUrl
FNDA:0,showHelp
FNDA:0,showVersion
FNDA:0,showHealth
FNDA:0,parseCLIArgs
DA:24,1
DA:34,9
DA:35,9
DA:36,9
DA:37,9
DA:38,9
DA:39,9
DA:40,9
DA:42,3
DA:43,3
DA:44,3
DA:52,0
DA:53,0
DA:56,0
DA:88,0
DA:98,0
DA:99,0
DA:100,0
DA:101,0
DA:103,0
DA:104,0
DA:105,0
DA:106,0
DA:107,0
DA:108,0
DA:110,0
DA:143,0
DA:162,0
LF:28
LH:11
BRDA:42,0,0,3
BRDA:42,0,1,0
BRDA:43,1,0,3
BRDA:43,1,1,0
BRDA:103,2,0,0
BRDA:103,2,1,0
BRDA:104,3,0,0
BRDA:104,3,1,0
BRDA:104,4,0,0
BRDA:104,4,1,0
BRDA:136,5,0,0
BRDA:136,5,1,0
BRDA:137,6,0,0
BRDA:137,6,1,0
BRDA:138,7,0,0
BRDA:138,7,1,0
BRDA:163,8,0,0
BRDA:163,8,1,0
BRDA:164,9,0,0
BRDA:164,9,1,0
BRF:20
BRH:2
end_of_record
TN:
SF:src/server/toolRegistry.ts
FN:76,withCategory
FN:87,getToolMetadataArray
FN:198,dispatchToolCall
FNF:3
FNH:2
FNDA:624,withCategory
FNDA:16,getToolMetadataArray
FNDA:0,dispatchToolCall
DA:80,624
DA:88,16
DA:141,1
DA:202,0
DA:203,0
DA:204,0
DA:206,0
LF:7
LH:3
BRDA:203,0,0,0
BRDA:203,0,1,0
BRF:2
BRH:0
end_of_record
TN:
SF:src/services/HealthService.ts
FN:97,(anonymous_0)
FN:113,(anonymous_1)
FN:135,(anonymous_2)
FN:147,(anonymous_3)
FN:164,(anonymous_4)
FN:181,(anonymous_5)
FNF:6
FNH:6
FNDA:12,(anonymous_0)
FNDA:12,(anonymous_1)
FNDA:12,(anonymous_2)
FNDA:12,(anonymous_3)
FNDA:12,(anonymous_4)
FNDA:12,(anonymous_5)
DA:98,12
DA:99,12
DA:101,12
DA:114,12
DA:115,12
DA:116,12
DA:117,12
DA:119,12
DA:136,12
DA:148,12
DA:149,12
DA:151,12
DA:153,8
DA:157,4
DA:165,12
DA:166,12
DA:167,12
DA:169,12
DA:170,12
DA:174,12
DA:186,12
DA:187,2
DA:192,10
DA:195,12
LF:24
LH:24
BRDA:148,0,0,12
BRDA:148,0,1,9
BRDA:149,1,0,12
BRDA:149,1,1,8
BRDA:151,2,0,8
BRDA:151,2,1,4
BRDA:165,3,0,12
BRDA:165,3,1,11
BRDA:166,4,0,12
BRDA:166,4,1,11
BRDA:170,5,0,1
BRDA:170,5,1,11
BRDA:186,6,0,2
BRDA:186,6,1,10
BRDA:192,7,0,10
BRDA:192,7,1,10
BRDA:195,8,0,1
BRDA:195,8,1,9
BRF:18
BRH:18
end_of_record
TN:
SF:src/services/MetricsService.ts
FN:30,(anonymous_0)
FN:73,(anonymous_1)
FN:85,(anonymous_2)
FN:106,(anonymous_3)
FN:124,(anonymous_4)
FN:164,(anonymous_5)
FN:179,(anonymous_6)
FN:208,(anonymous_7)
FN:216,(anonymous_8)
FN:221,(anonymous_9)
FN:222,(anonymous_10)
FN:235,(anonymous_11)
FN:257,(anonymous_12)
FN:293,(anonymous_13)
FNF:14
FNH:14
FNDA:4,(anonymous_0)
FNDA:32,(anonymous_1)
FNDA:22,(anonymous_2)
FNDA:6,(anonymous_3)
FNDA:40,(anonymous_4)
FNDA:69,(anonymous_5)
FNDA:9,(anonymous_6)
FNDA:2,(anonymous_7)
FNDA:146,(anonymous_8)
FNDA:7,(anonymous_9)
FNDA:27,(anonymous_10)
FNDA:18,(anonymous_11)
FNDA:18,(anonymous_12)
FNDA:24,(anonymous_13)
DA:30,4
DA:32,4
DA:34,4
DA:36,4
DA:38,4
DA:70,32
DA:74,32
DA:86,22
DA:87,22
DA:88,22
DA:90,22
DA:107,6
DA:108,6
DA:125,40
DA:126,40
DA:128,40
DA:130,31
DA:131,31
DA:133,31
DA:134,21
DA:137,10
DA:138,10
DA:139,6
DA:142,31
DA:145,9
DA:165,69
DA:166,69
DA:168,69
DA:187,9
DA:188,9
DA:190,9
DA:191,3
DA:194,6
DA:209,2
DA:217,146
DA:218,126
DA:220,20
DA:221,7
DA:222,27
DA:224,20
DA:236,18
DA:237,0
DA:241,18
DA:242,18
DA:245,18
DA:246,18
DA:258,18
DA:259,18
DA:261,18
DA:262,35
DA:263,11
DA:266,24
DA:267,24
DA:269,24
DA:270,7
DA:273,17
DA:274,2
DA:276,15
DA:280,0
DA:294,24
DA:295,24
DA:296,24
DA:297,24
DA:299,24
DA:300,24
DA:301,88
DA:302,88
DA:303,88
DA:304,44
DA:305,44
DA:309,24
DA:310,24
DA:311,24
DA:312,24
LF:74
LH:72
BRDA:30,0,0,4
BRDA:30,0,1,4
BRDA:73,1,0,32
BRDA:85,2,0,22
BRDA:88,3,0,3
BRDA:88,3,1,19
BRDA:128,4,0,31
BRDA:128,4,1,9
BRDA:133,5,0,21
BRDA:133,5,1,10
BRDA:138,6,0,6
BRDA:138,6,1,4
BRDA:168,7,0,1
BRDA:168,7,1,68
BRDA:190,8,0,3
BRDA:190,8,1,6
BRDA:190,9,0,9
BRDA:190,9,1,6
BRDA:217,10,0,126
BRDA:217,10,1,20
BRDA:236,11,0,0
BRDA:236,11,1,18
BRDA:262,12,0,11
BRDA:262,12,1,24
BRDA:263,13,0,11
BRDA:263,13,1,0
BRDA:269,14,0,7
BRDA:269,14,1,17
BRDA:270,15,0,7
BRDA:270,15,1,0
BRDA:273,16,0,2
BRDA:273,16,1,15
BRDA:280,17,0,0
BRDA:280,17,1,0
BRDA:294,18,0,24
BRDA:294,18,1,0
BRDA:295,19,0,24
BRDA:295,19,1,0
BRDA:296,20,0,24
BRDA:296,20,1,0
BRDA:301,21,0,88
BRDA:301,21,1,0
BRDA:302,22,0,88
BRDA:302,22,1,0
BRDA:303,23,0,44
BRDA:303,23,1,44
BRDA:309,24,0,24
BRDA:309,24,1,0
BRDA:310,25,0,24
BRDA:310,25,1,0
BRF:50
BRH:38
end_of_record
TN:
SF:src/tools/analyzeCoalitionDynamics.ts
FN:65,classifyCohesionTrend
FN:76,computePairCohesion
FN:105,buildGroupMetrics
FN:135,buildCoalitionPairs
FN:145,(anonymous_4)
FN:146,(anonymous_5)
FN:156,classifyStressSeverity
FN:164,computeStressIndicators
FN:166,(anonymous_8)
FN:167,(anonymous_9)
FN:177,computeFragmentationMetrics
FN:181,(anonymous_11)
FN:182,(anonymous_12)
FN:183,(anonymous_13)
FN:186,(anonymous_14)
FN:187,(anonymous_15)
FN:196,buildDominantCoalition
FN:215,buildCoalitionComputedAttrs
FN:231,handleAnalyzeCoalitionDynamics
FN:240,(anonymous_19)
FNF:20
FNH:18
FNDA:35,classifyCohesionTrend
FNDA:35,computePairCohesion
FNDA:11,buildGroupMetrics
FNDA:10,buildCoalitionPairs
FNDA:91,(anonymous_4)
FNDA:182,(anonymous_5)
FNDA:0,classifyStressSeverity
FNDA:10,computeStressIndicators
FNDA:24,(anonymous_8)
FNDA:0,(anonymous_9)
FNDA:10,computeFragmentationMetrics
FNDA:24,(anonymous_11)
FNDA:24,(anonymous_12)
FNDA:24,(anonymous_13)
FNDA:11,(anonymous_14)
FNDA:18,(anonymous_15)
FNDA:10,buildDominantCoalition
FNDA:10,buildCoalitionComputedAttrs
FNDA:12,handleAnalyzeCoalitionDynamics
FNDA:27,(anonymous_19)
DA:60,2
DA:66,35
DA:67,1
DA:68,1
DA:84,35
DA:85,35
DA:88,35
DA:89,35
DA:90,35
DA:92,35
DA:106,11
DA:107,11
DA:108,25
DA:112,24
DA:114,24
DA:129,10
DA:140,10
DA:141,10
DA:142,24
DA:143,35
DA:144,35
DA:145,91
DA:146,182
DA:147,35
DA:150,24
DA:157,0
DA:158,0
DA:165,10
DA:166,24
DA:167,0
DA:181,24
DA:182,24
DA:183,24
DA:184,10
DA:186,11
DA:187,18
DA:188,10
DA:190,10
DA:201,10
DA:202,10
DA:203,2
DA:205,8
DA:219,10
DA:220,10
DA:234,12
DA:236,12
DA:237,12
DA:238,12
DA:239,10
DA:240,27
DA:241,10
DA:242,10
DA:244,10
DA:259,12
DA:261,1
DA:262,1
DA:269,2
LF:57
LH:54
BRDA:66,0,0,34
BRDA:66,0,1,1
BRDA:67,1,0,0
BRDA:67,1,1,1
BRDA:85,2,0,35
BRDA:85,2,1,0
BRDA:143,3,0,35
BRDA:143,3,1,0
BRDA:144,4,0,35
BRDA:144,4,1,0
BRDA:145,5,0,35
BRDA:145,5,1,0
BRDA:146,6,0,35
BRDA:146,6,1,0
BRDA:157,7,0,0
BRDA:157,7,1,0
BRDA:182,8,0,24
BRDA:182,8,1,0
BRDA:184,9,0,10
BRDA:184,9,1,0
BRDA:186,10,0,10
BRDA:186,10,1,1
BRDA:187,11,0,10
BRDA:187,11,1,3
BRDA:202,12,0,2
BRDA:202,12,1,8
BRDA:219,13,0,10
BRDA:219,13,1,2
BRDA:237,14,0,12
BRDA:237,14,1,1
BRDA:245,15,0,10
BRDA:245,15,1,9
BRDA:245,16,0,12
BRDA:245,16,1,9
BRDA:261,17,0,1
BRDA:261,17,1,0
BRF:36
BRH:25
end_of_record
TN:
SF:src/tools/analyzeCommitteeActivity.ts
FN:74,computeWorkloadIntensity
FN:85,computeEngagementLevel
FN:94,computePolicyImpactRating
FN:105,safeCount
FN:117,fetchCommitteeData
FN:124,(anonymous_5)
FN:125,(anonymous_6)
FN:126,(anonymous_7)
FN:134,buildAnalysis
FN:197,handleAnalyzeCommitteeActivity
FNF:10
FNH:10
FNDA:17,computeWorkloadIntensity
FNDA:17,computeEngagementLevel
FNDA:17,computePolicyImpactRating
FNDA:51,safeCount
FNDA:17,fetchCommitteeData
FNDA:17,(anonymous_5)
FNDA:17,(anonymous_6)
FNDA:17,(anonymous_7)
FNDA:18,buildAnalysis
FNDA:21,handleAnalyzeCommitteeActivity
DA:23,2
DA:75,17
DA:76,17
DA:77,17
DA:78,15
DA:79,3
DA:86,17
DA:87,17
DA:88,17
DA:95,17
DA:96,17
DA:97,16
DA:98,5
DA:106,51
DA:107,51
DA:108,48
DA:110,3
DA:122,17
DA:123,17
DA:124,17
DA:125,17
DA:126,17
DA:128,17
DA:139,18
DA:143,17
DA:147,18
DA:149,17
DA:152,18
DA:155,18
DA:157,18
DA:200,21
DA:202,21
DA:203,21
DA:208,21
DA:210,21
DA:216,17
DA:229,2
LF:37
LH:37
BRDA:76,0,0,0
BRDA:76,0,1,17
BRDA:77,1,0,2
BRDA:77,1,1,15
BRDA:78,2,0,12
BRDA:78,2,1,3
BRDA:86,3,0,0
BRDA:86,3,1,17
BRDA:87,4,0,0
BRDA:87,4,1,17
BRDA:96,5,0,1
BRDA:96,5,1,16
BRDA:97,6,0,11
BRDA:97,6,1,5
BRDA:143,7,0,17
BRDA:143,7,1,0
BRDA:149,8,0,14
BRDA:149,8,1,3
BRDA:149,9,0,17
BRDA:149,9,1,14
BRDA:152,10,0,14
BRDA:152,10,1,3
BRDA:155,11,0,18
BRDA:155,11,1,3
BRDA:155,11,2,3
BRDA:184,12,0,14
BRDA:184,12,1,3
BRDA:203,13,0,21
BRDA:203,13,1,17
BRDA:203,13,2,0
BRDA:208,14,0,21
BRDA:208,14,1,17
BRDA:208,14,2,0
BRF:33
BRH:27
end_of_record
TN:
SF:src/tools/analyzeCountryDelegation.ts
FN:82,computeGroupDistribution
FN:93,(anonymous_1)
FN:98,(anonymous_2)
FN:104,computeFragmentation
FN:105,(anonymous_4)
FN:123,computeInfluence
FN:133,computeDataConfidence
FN:142,computeEngagement
FN:151,computeCohesionLevel
FN:160,fetchMepDetails
FN:170,(anonymous_10)
FN:184,computeCommitteePresence
FN:203,buildDelegationAnalysis
FN:224,(anonymous_13)
FN:225,(anonymous_14)
FN:228,(anonymous_15)
FN:271,handleAnalyzeCountryDelegation
FNF:17
FNH:17
FNDA:15,computeGroupDistribution
FNDA:28,(anonymous_1)
FNDA:14,(anonymous_2)
FNDA:15,computeFragmentation
FNDA:28,(anonymous_4)
FNDA:15,computeInfluence
FNDA:15,computeDataConfidence
FNDA:15,computeEngagement
FNDA:15,computeCohesionLevel
FNDA:15,fetchMepDetails
FNDA:90,(anonymous_10)
FNDA:15,computeCommitteePresence
FNDA:16,buildDelegationAnalysis
FNDA:88,(anonymous_13)
FNDA:88,(anonymous_14)
FNDA:85,(anonymous_15)
FNDA:20,handleAnalyzeCountryDelegation
DA:25,2
DA:85,15
DA:86,15
DA:87,136
DA:88,136
DA:91,15
DA:92,15
DA:93,28
DA:98,14
DA:105,28
DA:106,15
DA:108,14
DA:109,14
DA:110,28
DA:111,28
DA:113,14
DA:115,14
DA:116,13
DA:117,3
DA:124,15
DA:125,15
DA:126,14
DA:127,14
DA:134,15
DA:135,4
DA:136,3
DA:143,15
DA:144,2
DA:145,2
DA:152,15
DA:153,2
DA:154,2
DA:163,15
DA:164,15
DA:165,15
DA:167,15
DA:168,23
DA:169,23
DA:170,90
DA:172,23
DA:173,90
DA:174,88
DA:178,23
DA:187,15
DA:188,15
DA:189,15
DA:190,88
DA:191,138
DA:193,88
DA:194,50
DA:197,15
DA:208,16
DA:213,15
DA:214,16
DA:216,16
DA:218,15
DA:223,15
DA:224,88
DA:225,88
DA:227,15
DA:228,85
DA:231,16
DA:234,16
DA:235,16
DA:238,16
DA:240,16
DA:274,20
DA:276,20
DA:277,20
DA:282,20
DA:284,20
DA:290,15
DA:303,2
LF:73
LH:73
BRDA:88,0,0,136
BRDA:88,0,1,28
BRDA:106,1,0,1
BRDA:106,1,1,14
BRDA:115,2,0,1
BRDA:115,2,1,13
BRDA:116,3,0,10
BRDA:116,3,1,3
BRDA:125,4,0,1
BRDA:125,4,1,14
BRDA:126,5,0,0
BRDA:126,5,1,14
BRDA:134,6,0,11
BRDA:134,6,1,4
BRDA:135,7,0,1
BRDA:135,7,1,3
BRDA:143,8,0,13
BRDA:143,8,1,2
BRDA:144,9,0,0
BRDA:144,9,1,2
BRDA:152,10,0,13
BRDA:152,10,1,2
BRDA:153,11,0,0
BRDA:153,11,1,2
BRDA:173,12,0,88
BRDA:173,12,1,2
BRDA:193,13,0,50
BRDA:193,13,1,38
BRDA:213,14,0,15
BRDA:213,14,1,0
BRDA:227,15,0,13
BRDA:227,15,1,2
BRDA:234,16,0,16
BRDA:234,16,1,1
BRDA:238,17,0,14
BRDA:238,17,1,1
BRDA:277,18,0,20
BRDA:277,18,1,15
BRDA:277,18,2,0
BRDA:282,19,0,20
BRDA:282,19,1,15
BRDA:282,19,2,0
BRF:42
BRH:36
end_of_record
TN:
SF:src/tools/analyzeLegislativeEffectiveness.ts
FN:59,classifyEffectivenessRank
FN:69,classifyConfidence
FN:78,computeMetrics
FN:83,(anonymous_3)
FN:111,computeScores
FN:134,fetchMepSubjectData
FN:157,fetchCommitteeSubjectData
FN:179,handleAnalyzeLegislativeEffectiveness
FN:191,(anonymous_8)
FNF:9
FNH:9
FNDA:14,classifyEffectivenessRank
FNDA:14,classifyConfidence
FNDA:14,computeMetrics
FNDA:20,(anonymous_3)
FNDA:14,computeScores
FNDA:14,fetchMepSubjectData
FNDA:2,fetchCommitteeSubjectData
FNDA:18,handleAnalyzeLegislativeEffectiveness
FNDA:20,(anonymous_8)
DA:60,14
DA:61,4
DA:62,4
DA:63,3
DA:70,14
DA:71,4
DA:72,3
DA:83,20
DA:84,14
DA:85,14
DA:86,14
DA:87,14
DA:88,14
DA:89,14
DA:93,14
DA:112,14
DA:113,14
DA:114,14
DA:119,14
DA:123,14
DA:142,14
DA:143,13
DA:144,14
DA:165,2
DA:166,1
DA:182,18
DA:184,18
DA:185,18
DA:187,18
DA:191,20
DA:192,1
DA:193,1
DA:198,1
DA:199,1
DA:200,1
DA:201,18
DA:203,18
DA:224,18
DA:226,2
DA:227,2
DA:234,2
LF:41
LH:41
BRDA:60,0,0,10
BRDA:60,0,1,4
BRDA:61,1,0,0
BRDA:61,1,1,4
BRDA:62,2,0,1
BRDA:62,2,1,3
BRDA:70,3,0,10
BRDA:70,3,1,4
BRDA:71,4,0,1
BRDA:71,4,1,3
BRDA:89,5,0,12
BRDA:89,5,1,2
BRDA:143,6,0,13
BRDA:143,6,1,0
BRDA:147,7,0,14
BRDA:147,7,1,0
BRDA:185,8,0,18
BRDA:185,8,1,15
BRDA:185,9,0,18
BRDA:185,9,1,15
BRDA:187,10,0,14
BRDA:187,10,1,2
BRDA:200,11,0,10
BRDA:200,11,1,4
BRDA:214,12,0,13
BRDA:214,12,1,1
BRDA:226,13,0,2
BRDA:226,13,1,0
BRF:28
BRH:24
end_of_record
TN:
SF:src/tools/analyzeVotingPatterns.ts
FN:59,computeGroupAlignment
FN:76,computeCrossPartyVoting
FN:89,computeConfidence
FN:111,handleAnalyzeVotingPatterns
FNF:4
FNH:4
FNDA:7,computeGroupAlignment
FNDA:7,computeCrossPartyVoting
FNDA:7,computeConfidence
FNDA:12,handleAnalyzeVotingPatterns
DA:63,7
DA:64,7
DA:67,7
DA:68,7
DA:79,7
DA:80,7
DA:83,7
DA:90,7
DA:91,0
DA:92,0
DA:115,12
DA:117,12
DA:119,12
DA:121,8
DA:130,12
DA:131,1
DA:141,7
DA:160,12
DA:163,2
DA:164,2
DA:171,2
LF:21
LH:19
BRDA:64,0,0,7
BRDA:64,0,1,0
BRDA:80,1,0,7
BRDA:80,1,1,0
BRDA:90,2,0,7
BRDA:90,2,1,0
BRDA:91,3,0,0
BRDA:91,3,1,0
BRDA:121,4,0,8
BRDA:121,4,1,1
BRDA:130,5,0,1
BRDA:130,5,1,11
BRDA:145,6,0,7
BRDA:145,6,1,6
BRDA:146,7,0,12
BRDA:146,7,1,6
BRDA:149,8,0,12
BRDA:149,8,1,7
BRDA:163,9,0,2
BRDA:163,9,1,0
BRF:20
BRH:14
end_of_record
TN:
SF:src/tools/assessMepInfluence.ts
FN:69,computeVotingActivityScore
FN:89,computeLegislativeOutputScore
FN:93,(anonymous_2)
FN:94,(anonymous_3)
FN:113,computeCommitteeEngagementScore
FN:117,(anonymous_5)
FN:138,computeOversightScore
FN:158,computeCoalitionScore
FN:183,getRankLabel
FN:205,buildDimensions
FN:214,(anonymous_10)
FN:226,getConfidenceLevel
FN:235,handleAssessMepInfluence
FN:271,(anonymous_13)
FNF:14
FNH:14
FNDA:13,computeVotingActivityScore
FNDA:13,computeLegislativeOutputScore
FNDA:24,(anonymous_2)
FNDA:24,(anonymous_3)
FNDA:13,computeCommitteeEngagementScore
FNDA:24,(anonymous_5)
FNDA:13,computeOversightScore
FNDA:13,computeCoalitionScore
FNDA:13,getRankLabel
FNDA:13,buildDimensions
FNDA:65,(anonymous_10)
FNDA:13,getConfidenceLevel
FNDA:15,handleAssessMepInfluence
FNDA:65,(anonymous_13)
DA:23,2
DA:73,13
DA:74,13
DA:75,13
DA:76,13
DA:93,24
DA:94,13
DA:95,24
DA:97,13
DA:98,13
DA:99,13
DA:100,13
DA:117,13
DA:118,24
DA:122,13
DA:123,13
DA:124,13
DA:125,13
DA:142,13
DA:143,13
DA:144,13
DA:145,13
DA:162,13
DA:163,13
DA:166,13
DA:169,13
DA:170,13
DA:184,13
DA:185,13
DA:186,13
DA:187,1
DA:188,1
DA:206,13
DA:214,65
DA:227,13
DA:228,1
DA:229,1
DA:238,15
DA:240,15
DA:241,15
DA:242,13
DA:248,15
DA:249,15
DA:250,15
DA:254,0
DA:259,13
DA:260,13
DA:261,15
DA:262,15
DA:263,15
DA:265,15
DA:270,15
DA:271,65
DA:274,15
DA:275,15
DA:279,15
DA:305,15
DA:307,1
DA:308,1
DA:315,2
LF:60
LH:59
BRDA:95,0,0,24
BRDA:95,0,1,12
BRDA:118,1,0,24
BRDA:118,1,1,12
BRDA:118,1,2,12
BRDA:163,2,0,12
BRDA:163,2,1,1
BRDA:166,3,0,12
BRDA:166,3,1,1
BRDA:184,4,0,0
BRDA:184,4,1,13
BRDA:185,5,0,0
BRDA:185,5,1,13
BRDA:186,6,0,12
BRDA:186,6,1,1
BRDA:187,7,0,0
BRDA:187,7,1,1
BRDA:219,8,0,10
BRDA:219,8,1,55
BRDA:227,9,0,12
BRDA:227,9,1,1
BRDA:228,10,0,0
BRDA:228,10,1,1
BRDA:242,11,0,13
BRDA:242,11,1,1
BRDA:260,12,0,13
BRDA:260,12,1,1
BRDA:261,13,0,15
BRDA:261,13,1,1
BRDA:275,14,0,12
BRDA:275,14,1,1
BRDA:285,15,0,15
BRDA:285,15,1,12
BRDA:286,16,0,15
BRDA:286,16,1,12
BRDA:307,17,0,1
BRDA:307,17,1,0
BRF:37
BRH:32
end_of_record
TN:
SF:src/tools/comparePoliticalGroups.ts
FN:73,buildGroupMetrics
FN:75,(anonymous_1)
FN:108,updateRelativeMetrics
FN:109,(anonymous_3)
FN:110,(anonymous_4)
FN:125,buildRankings
FN:129,(anonymous_6)
FN:132,(anonymous_7)
FN:133,(anonymous_8)
FN:140,topByDimension
FN:141,(anonymous_10)
FN:147,handleComparePoliticalGroups
FN:157,(anonymous_12)
FN:157,(anonymous_13)
FN:162,(anonymous_14)
FN:164,(anonymous_15)
FN:165,(anonymous_16)
FN:168,(anonymous_17)
FN:169,(anonymous_18)
FN:170,(anonymous_19)
FNF:20
FNH:20
FNDA:13,buildGroupMetrics
FNDA:28,(anonymous_1)
FNDA:11,updateRelativeMetrics
FNDA:24,(anonymous_3)
FNDA:24,(anonymous_4)
FNDA:11,buildRankings
FNDA:52,(anonymous_6)
FNDA:62,(anonymous_7)
FNDA:114,(anonymous_8)
FNDA:44,topByDimension
FNDA:52,(anonymous_10)
FNDA:15,handleComparePoliticalGroups
FNDA:2,(anonymous_12)
FNDA:2,(anonymous_13)
FNDA:13,(anonymous_14)
FNDA:24,(anonymous_15)
FNDA:24,(anonymous_16)
FNDA:24,(anonymous_17)
FNDA:24,(anonymous_18)
FNDA:24,(anonymous_19)
DA:56,2
DA:59,2
DA:74,13
DA:76,28
DA:80,25
DA:82,25
DA:102,11
DA:109,24
DA:110,24
DA:112,11
DA:113,24
DA:116,24
DA:129,52
DA:132,62
DA:133,114
DA:141,52
DA:150,15
DA:152,15
DA:153,15
DA:154,11
DA:156,11
DA:157,2
DA:160,15
DA:161,15
DA:162,13
DA:164,24
DA:165,24
DA:166,15
DA:168,24
DA:169,24
DA:170,24
DA:171,15
DA:173,15
DA:195,15
DA:197,2
DA:198,2
DA:205,2
LF:37
LH:37
BRDA:113,0,0,22
BRDA:113,0,1,2
BRDA:116,1,0,0
BRDA:116,1,1,24
BRDA:141,2,0,44
BRDA:141,2,1,0
BRDA:156,3,0,1
BRDA:156,3,1,10
BRDA:161,4,0,15
BRDA:161,4,1,0
BRDA:174,5,0,15
BRDA:174,5,1,11
BRDA:174,6,0,15
BRDA:174,6,1,11
BRDA:197,7,0,1
BRDA:197,7,1,1
BRF:16
BRH:13
end_of_record
TN:
SF:src/tools/detectVotingAnomalies.ts
FN:48,classifyAttendanceSeverity
FN:55,classifyAbstentionSeverity
FN:62,classifyDefectionSeverity
FN:71,classifyDefectionTrend
FN:80,classifyRiskLevel
FN:90,getDataVolumeConfidence
FN:99,checkAttendanceAnomaly
FN:124,checkAbstentionAnomaly
FN:149,checkDefectionAnomaly
FN:174,detectMepAnomalies
FN:195,detectSingleMepAnomalies
FN:216,detectGroupAnomalies
FN:233,buildAnomalySummary
FN:236,(anonymous_13)
FN:237,(anonymous_14)
FN:238,(anonymous_15)
FN:254,resolveConfidence
FN:264,handleDetectVotingAnomalies
FNF:18
FNH:17
FNDA:7,classifyAttendanceSeverity
FNDA:0,classifyAbstentionSeverity
FNDA:7,classifyDefectionSeverity
FNDA:14,classifyDefectionTrend
FNDA:14,classifyRiskLevel
FNDA:7,getDataVolumeConfidence
FNDA:8,checkAttendanceAnomaly
FNDA:8,checkAbstentionAnomaly
FNDA:8,checkDefectionAnomaly
FNDA:8,detectMepAnomalies
FNDA:9,detectSingleMepAnomalies
FNDA:6,detectGroupAnomalies
FNDA:14,buildAnomalySummary
FNDA:14,(anonymous_13)
FNDA:14,(anonymous_14)
FNDA:14,(anonymous_15)
FNDA:14,resolveConfidence
FNDA:17,handleDetectVotingAnomalies
DA:49,7
DA:56,0
DA:63,7
DA:64,0
DA:65,0
DA:72,14
DA:73,14
DA:74,7
DA:81,14
DA:82,14
DA:83,14
DA:84,7
DA:91,7
DA:92,0
DA:93,0
DA:105,8
DA:107,8
DA:108,7
DA:118,1
DA:130,8
DA:131,8
DA:132,8
DA:133,0
DA:143,8
DA:155,8
DA:156,8
DA:157,8
DA:158,7
DA:168,1
DA:180,8
DA:182,8
DA:183,8
DA:184,8
DA:185,8
DA:186,8
DA:187,8
DA:188,8
DA:189,8
DA:198,9
DA:199,8
DA:200,8
DA:201,9
DA:207,9
DA:219,6
DA:220,6
DA:221,1
DA:223,6
DA:224,6
DA:227,6
DA:236,14
DA:237,14
DA:238,14
DA:240,14
DA:244,14
DA:247,14
DA:255,14
DA:256,7
DA:258,7
DA:267,17
DA:269,17
DA:270,17
DA:271,17
DA:272,17
DA:274,17
DA:279,6
DA:280,0
DA:300,14
DA:301,14
DA:303,14
DA:323,14
DA:325,1
DA:326,1
DA:333,2
LF:73
LH:66
BRDA:49,0,0,0
BRDA:49,0,1,7
BRDA:56,1,0,0
BRDA:56,1,1,0
BRDA:63,2,0,7
BRDA:63,2,1,0
BRDA:64,3,0,0
BRDA:64,3,1,0
BRDA:72,4,0,0
BRDA:72,4,1,14
BRDA:73,5,0,7
BRDA:73,5,1,7
BRDA:81,6,0,0
BRDA:81,6,1,14
BRDA:82,7,0,0
BRDA:82,7,1,14
BRDA:83,8,0,7
BRDA:83,8,1,7
BRDA:91,9,0,7
BRDA:91,9,1,0
BRDA:92,10,0,0
BRDA:92,10,1,0
BRDA:107,11,0,7
BRDA:107,11,1,1
BRDA:130,12,0,0
BRDA:130,12,1,8
BRDA:132,13,0,0
BRDA:132,13,1,8
BRDA:156,14,0,8
BRDA:156,14,1,0
BRDA:157,15,0,7
BRDA:157,15,1,1
BRDA:180,16,0,0
BRDA:180,16,1,8
BRDA:180,17,0,8
BRDA:180,17,1,8
BRDA:184,18,0,7
BRDA:184,18,1,1
BRDA:186,19,0,0
BRDA:186,19,1,8
BRDA:188,20,0,7
BRDA:188,20,1,1
BRDA:200,21,0,8
BRDA:200,21,1,8
BRDA:220,22,0,1
BRDA:220,22,1,5
BRDA:223,23,0,1
BRDA:223,23,1,5
BRDA:240,24,0,7
BRDA:240,24,1,7
BRDA:244,25,0,7
BRDA:244,25,1,7
BRDA:255,26,0,7
BRDA:255,26,1,7
BRDA:255,27,0,14
BRDA:255,27,1,8
BRDA:270,28,0,17
BRDA:270,28,1,15
BRDA:270,29,0,17
BRDA:270,29,1,15
BRDA:274,30,0,9
BRDA:274,30,1,6
BRDA:279,31,0,0
BRDA:279,31,1,6
BRDA:279,32,0,6
BRDA:279,32,1,8
BRDA:279,32,2,8
BRDA:325,33,0,1
BRDA:325,33,1,0
BRF:69
BRH:50
end_of_record
TN:
SF:src/tools/generatePoliticalLandscape.ts
FN:82,classifyBloc
FN:96,computeFragmentation
FN:105,computeMajorityType
FN:114,computePoliticalBalance
FN:127,computeEngagement
FN:136,aggregateByGroup
FN:158,(anonymous_6)
FN:164,(anonymous_7)
FN:172,computePowerDynamics
FN:200,buildLandscape
FN:267,handleGeneratePoliticalLandscape
FNF:11
FNH:11
FNDA:54,classifyBloc
FNDA:14,computeFragmentation
FNDA:14,computeMajorityType
FNDA:14,computePoliticalBalance
FNDA:14,computeEngagement
FNDA:14,aggregateByGroup
FNDA:54,(anonymous_6)
FNDA:41,(anonymous_7)
FNDA:14,computePowerDynamics
FNDA:15,buildLandscape
FNDA:16,handleGeneratePoliticalLandscape
DA:26,2
DA:83,54
DA:84,54
DA:85,25
DA:87,29
DA:88,15
DA:90,14
DA:97,14
DA:98,13
DA:99,13
DA:106,14
DA:107,14
DA:108,12
DA:118,14
DA:119,14
DA:120,3
DA:121,1
DA:128,14
DA:129,14
DA:130,14
DA:139,14
DA:140,14
DA:141,14
DA:143,14
DA:144,66
DA:145,66
DA:146,66
DA:147,12
DA:148,12
DA:150,54
DA:157,14
DA:158,54
DA:164,41
DA:166,14
DA:176,14
DA:177,14
DA:178,14
DA:180,14
DA:181,14
DA:182,14
DA:183,54
DA:184,54
DA:185,54
DA:188,14
DA:204,15
DA:205,14
DA:207,15
DA:211,15
DA:212,15
DA:213,15
DA:220,15
DA:221,15
DA:222,15
DA:227,14
DA:232,14
DA:270,16
DA:272,16
DA:273,16
DA:278,16
DA:280,16
DA:282,14
DA:295,2
LF:62
LH:62
BRDA:84,0,0,25
BRDA:84,0,1,29
BRDA:84,1,0,54
BRDA:84,1,1,43
BRDA:84,1,2,42
BRDA:87,2,0,15
BRDA:87,2,1,14
BRDA:87,3,0,29
BRDA:87,3,1,16
BRDA:87,3,2,14
BRDA:97,4,0,1
BRDA:97,4,1,13
BRDA:98,5,0,0
BRDA:98,5,1,13
BRDA:106,6,0,0
BRDA:106,6,1,14
BRDA:107,7,0,2
BRDA:107,7,1,12
BRDA:119,8,0,11
BRDA:119,8,1,3
BRDA:120,9,0,2
BRDA:120,9,1,1
BRDA:128,10,0,0
BRDA:128,10,1,14
BRDA:129,11,0,0
BRDA:129,11,1,14
BRDA:146,12,0,12
BRDA:146,12,1,54
BRDA:176,13,0,14
BRDA:176,13,1,1
BRDA:178,14,0,14
BRDA:178,14,1,1
BRDA:178,15,0,14
BRDA:178,15,1,1
BRDA:184,16,0,25
BRDA:184,16,1,29
BRDA:185,17,0,15
BRDA:185,17,1,39
BRDA:205,18,0,14
BRDA:205,18,1,0
BRDA:212,19,0,15
BRDA:212,19,1,1
BRDA:255,20,0,0
BRDA:255,20,1,14
BRDA:273,21,0,16
BRDA:273,21,1,14
BRDA:273,21,2,0
BRDA:278,22,0,16
BRDA:278,22,1,14
BRDA:278,22,2,0
BRF:50
BRH:42
end_of_record
TN:
SF:src/tools/generateReport.ts
FNF:0
FNH:0
LF:0
LH:0
BRF:0
BRH:0
end_of_record
TN:
SF:src/tools/getAdoptedTexts.ts
FN:32,handleGetAdoptedTexts
FNF:1
FNH:1
FNDA:15,handleGetAdoptedTexts
DA:35,15
DA:37,15
DA:38,0
DA:39,0
DA:42,9
DA:46,9
DA:48,9
DA:50,8
DA:54,2
LF:9
LH:7
BRDA:37,0,0,0
BRDA:37,0,1,15
BRDA:46,1,0,2
BRDA:46,1,1,7
BRF:4
BRH:3
end_of_record
TN:
SF:src/tools/getCommitteeDocuments.ts
FN:30,handleGetCommitteeDocuments
FNF:1
FNH:1
FNDA:18,handleGetCommitteeDocuments
DA:33,18
DA:35,18
DA:36,3
DA:37,2
DA:40,10
DA:44,10
DA:46,10
DA:48,9
DA:52,2
LF:9
LH:9
BRDA:35,0,0,3
BRDA:35,0,1,15
BRDA:44,1,0,1
BRDA:44,1,1,9
BRF:4
BRH:4
end_of_record
TN:
SF:src/tools/getCommitteeInfo.ts
FN:34,handleGetCommitteeInfo
FNF:1
FNH:1
FNDA:12,handleGetCommitteeInfo
DA:38,12
DA:40,12
DA:42,12
DA:43,0
DA:44,0
DA:53,7
DA:54,7
DA:55,7
DA:57,7
DA:60,6
DA:63,6
DA:71,1
DA:72,1
DA:79,2
LF:14
LH:12
BRDA:42,0,0,0
BRDA:42,0,1,12
BRDA:54,1,0,2
BRDA:54,1,1,5
BRDA:55,2,0,6
BRDA:55,2,1,1
BRDA:71,3,0,1
BRDA:71,3,1,0
BRF:8
BRH:6
end_of_record
TN:
SF:src/tools/getControlledVocabularies.ts
FN:30,handleGetControlledVocabularies
FNF:1
FNH:1
FNDA:17,handleGetControlledVocabularies
DA:33,17
DA:35,17
DA:36,3
DA:37,2
DA:40,9
DA:45,8
DA:49,2
LF:7
LH:7
BRDA:35,0,0,3
BRDA:35,0,1,14
BRF:2
BRH:2
end_of_record
TN:
SF:src/tools/getCurrentMEPs.ts
FN:26,handleGetCurrentMEPs
FNF:1
FNH:1
FNDA:14,handleGetCurrentMEPs
DA:29,14
DA:31,14
DA:36,8
DA:40,2
LF:4
LH:4
BRF:0
BRH:0
end_of_record
TN:
SF:src/tools/getEvents.ts
FN:31,handleGetEvents
FNF:1
FNH:1
FNDA:14,handleGetEvents
DA:34,14
DA:36,14
DA:37,0
DA:38,0
DA:41,9
DA:45,9
DA:46,9
DA:48,9
DA:50,8
DA:54,2
LF:10
LH:8
BRDA:36,0,0,0
BRDA:36,0,1,14
BRDA:45,1,0,2
BRDA:45,1,1,7
BRDA:46,2,0,2
BRDA:46,2,1,7
BRF:6
BRH:5
end_of_record
TN:
SF:src/tools/getExternalDocuments.ts
FN:31,handleGetExternalDocuments
FNF:1
FNH:1
FNDA:18,handleGetExternalDocuments
DA:34,18
DA:36,18
DA:37,3
DA:38,2
DA:41,10
DA:45,10
DA:47,10
DA:49,9
DA:53,2
LF:9
LH:9
BRDA:36,0,0,3
BRDA:36,0,1,15
BRDA:45,1,0,1
BRDA:45,1,1,9
BRF:4
BRH:4
end_of_record
TN:
SF:src/tools/getHomonymMEPs.ts
FN:28,handleGetHomonymMEPs
FNF:1
FNH:1
FNDA:14,handleGetHomonymMEPs
DA:31,14
DA:33,14
DA:38,8
DA:42,2
LF:4
LH:4
BRF:0
BRH:0
end_of_record
TN:
SF:src/tools/getIncomingMEPs.ts
FN:28,handleGetIncomingMEPs
FNF:1
FNH:1
FNDA:14,handleGetIncomingMEPs
DA:31,14
DA:33,14
DA:38,8
DA:42,2
LF:4
LH:4
BRF:0
BRH:0
end_of_record
TN:
SF:src/tools/getMEPDeclarations.ts
FN:32,handleGetMEPDeclarations
FNF:1
FNH:1
FNDA:15,handleGetMEPDeclarations
DA:35,15
DA:37,15
DA:38,0
DA:39,0
DA:42,9
DA:46,9
DA:48,9
DA:50,8
DA:54,2
LF:9
LH:7
BRDA:37,0,0,0
BRDA:37,0,1,15
BRDA:46,1,0,2
BRDA:46,1,1,7
BRF:4
BRH:3
end_of_record
TN:
SF:src/tools/getMEPDetails.ts
FN:35,handleGetMEPDetails
FNF:1
FNH:1
FNDA:11,handleGetMEPDetails
DA:39,11
DA:41,11
DA:43,11
DA:46,4
DA:49,4
DA:57,1
DA:58,1
DA:65,2
LF:8
LH:8
BRDA:57,0,0,1
BRDA:57,0,1,0
BRF:2
BRH:1
end_of_record
TN:
SF:src/tools/getMEPs.ts
FN:48,handleGetMEPs
FNF:1
FNH:1
FNDA:21,handleGetMEPs
DA:52,21
DA:54,21
DA:56,21
DA:61,21
DA:62,14
DA:63,14
DA:65,14
DA:68,13
DA:69,13
DA:71,13
DA:74,1
DA:75,1
DA:82,2
LF:13
LH:13
BRDA:61,0,0,3
BRDA:61,0,1,18
BRDA:62,1,0,2
BRDA:62,1,1,12
BRDA:63,2,0,1
BRDA:63,2,1,13
BRDA:74,3,0,1
BRDA:74,3,1,0
BRF:8
BRH:7
end_of_record
TN:
SF:src/tools/getMeetingActivities.ts
FN:26,handleGetMeetingActivities
FNF:1
FNH:1
FNDA:14,handleGetMeetingActivities
DA:29,14
DA:31,14
DA:36,7
DA:40,2
LF:4
LH:4
BRF:0
BRH:0
end_of_record
TN:
SF:src/tools/getMeetingDecisions.ts
FN:26,handleGetMeetingDecisions
FNF:1
FNH:1
FNDA:14,handleGetMeetingDecisions
DA:29,14
DA:31,14
DA:36,7
DA:40,2
LF:4
LH:4
BRF:0
BRH:0
end_of_record
TN:
SF:src/tools/getMeetingForeseenActivities.ts
FN:28,handleGetMeetingForeseenActivities
FNF:1
FNH:1
FNDA:16,handleGetMeetingForeseenActivities
DA:31,16
DA:33,16
DA:38,8
DA:42,2
LF:4
LH:4
BRF:0
BRH:0
end_of_record
TN:
SF:src/tools/getOutgoingMEPs.ts
FN:28,handleGetOutgoingMEPs
FNF:1
FNH:1
FNDA:14,handleGetOutgoingMEPs
DA:31,14
DA:33,14
DA:38,8
DA:42,2
LF:4
LH:4
BRF:0
BRH:0
end_of_record
TN:
SF:src/tools/getParliamentaryQuestions.ts
FN:37,handleGetParliamentaryQuestions
FNF:1
FNH:1
FNDA:12,handleGetParliamentaryQuestions
DA:41,12
DA:43,12
DA:45,12
DA:46,0
DA:47,0
DA:56,9
DA:60,9
DA:61,9
DA:62,9
DA:63,9
DA:64,9
DA:65,9
DA:67,9
DA:70,7
DA:71,7
DA:74,7
DA:82,2
DA:83,2
DA:90,2
LF:19
LH:17
BRDA:45,0,0,0
BRDA:45,0,1,12
BRDA:60,1,0,1
BRDA:60,1,1,8
BRDA:61,2,0,0
BRDA:61,2,1,9
BRDA:62,3,0,0
BRDA:62,3,1,9
BRDA:63,4,0,1
BRDA:63,4,1,8
BRDA:64,5,0,1
BRDA:64,5,1,8
BRDA:65,6,0,1
BRDA:65,6,1,8
BRDA:82,7,0,2
BRDA:82,7,1,0
BRF:16
BRH:12
end_of_record
TN:
SF:src/tools/getPlenaryDocuments.ts
FN:30,handleGetPlenaryDocuments
FNF:1
FNH:1
FNDA:18,handleGetPlenaryDocuments
DA:33,18
DA:35,18
DA:36,3
DA:37,2
DA:40,10
DA:44,10
DA:46,10
DA:48,9
DA:52,2
LF:9
LH:9
BRDA:35,0,0,3
BRDA:35,0,1,15
BRDA:44,1,0,1
BRDA:44,1,1,9
BRF:4
BRH:4
end_of_record
TN:
SF:src/tools/getPlenarySessionDocumentItems.ts
FN:28,handleGetPlenarySessionDocumentItems
FNF:1
FNH:1
FNDA:14,handleGetPlenarySessionDocumentItems
DA:31,14
DA:33,14
DA:38,8
DA:42,2
LF:4
LH:4
BRF:0
BRH:0
end_of_record
TN:
SF:src/tools/getPlenarySessionDocuments.ts
FN:30,handleGetPlenarySessionDocuments
FNF:1
FNH:1
FNDA:17,handleGetPlenarySessionDocuments
DA:33,17
DA:35,17
DA:36,3
DA:37,2
DA:40,9
DA:45,8
DA:49,2
LF:7
LH:7
BRDA:35,0,0,3
BRDA:35,0,1,14
BRF:2
BRH:2
end_of_record
TN:
SF:src/tools/getPlenarySessions.ts
FN:36,handleGetPlenarySessions
FNF:1
FNH:1
FNDA:16,handleGetPlenarySessions
DA:40,16
DA:42,16
DA:44,16
DA:45,0
DA:46,0
DA:55,11
DA:59,11
DA:60,11
DA:61,11
DA:63,11
DA:66,10
DA:67,10
DA:70,10
DA:78,1
DA:79,1
DA:86,2
LF:16
LH:14
BRDA:44,0,0,0
BRDA:44,0,1,16
BRDA:59,1,0,1
BRDA:59,1,1,10
BRDA:60,2,0,1
BRDA:60,2,1,10
BRDA:61,3,0,1
BRDA:61,3,1,10
BRDA:78,4,0,1
BRDA:78,4,1,0
BRF:10
BRH:8
end_of_record
TN:
SF:src/tools/getProcedureEvents.ts
FN:29,handleGetProcedureEvents
FNF:1
FNH:1
FNDA:16,handleGetProcedureEvents
DA:32,16
DA:34,16
DA:39,8
DA:43,2
LF:4
LH:4
BRF:0
BRH:0
end_of_record
TN:
SF:src/tools/getProcedures.ts
FN:31,handleGetProcedures
FNF:1
FNH:1
FNDA:15,handleGetProcedures
DA:34,15
DA:36,15
DA:37,0
DA:38,0
DA:41,9
DA:45,9
DA:47,9
DA:49,8
DA:53,2
LF:9
LH:7
BRDA:36,0,0,0
BRDA:36,0,1,15
BRDA:45,1,0,2
BRDA:45,1,1,7
BRF:4
BRH:3
end_of_record
TN:
SF:src/tools/getSpeeches.ts
FN:31,handleGetSpeeches
FNF:1
FNH:1
FNDA:14,handleGetSpeeches
DA:34,14
DA:36,14
DA:37,0
DA:38,0
DA:41,9
DA:45,9
DA:46,9
DA:48,9
DA:50,8
DA:54,2
LF:10
LH:8
BRDA:36,0,0,0
BRDA:36,0,1,14
BRDA:45,1,0,2
BRDA:45,1,1,7
BRDA:46,2,0,2
BRDA:46,2,1,7
BRF:6
BRH:5
end_of_record
TN:
SF:src/tools/getVotingRecords.ts
FN:37,handleGetVotingRecords
FNF:1
FNH:1
FNDA:14,handleGetVotingRecords
DA:41,14
DA:43,14
DA:45,14
DA:49,14
DA:50,10
DA:51,10
DA:52,10
DA:53,10
DA:55,10
DA:58,9
DA:59,9
DA:62,9
DA:70,1
DA:71,1
DA:78,2
LF:15
LH:15
BRDA:49,0,0,1
BRDA:49,0,1,13
BRDA:50,1,0,1
BRDA:50,1,1,9
BRDA:51,2,0,1
BRDA:51,2,1,9
BRDA:52,3,0,1
BRDA:52,3,1,9
BRDA:53,4,0,1
BRDA:53,4,1,9
BRDA:70,5,0,1
BRDA:70,5,1,0
BRF:12
BRH:11
end_of_record
TN:
SF:src/tools/monitorLegislativePipeline.ts
FN:76,daysBetween
FN:85,classifyComplexity
FN:92,classifyBottleneckRisk
FN:99,classifyBottleneckSeverity
FN:106,classifyMomentum
FN:116,isStatusCompleted
FN:124,computePipelineMetrics
FN:145,procedureToPipelineItem
FN:177,matchesStatusFilter
FN:186,matchesCommitteeFilter
FN:192,detectBottlenecks
FN:203,(anonymous_11)
FN:209,(anonymous_12)
FN:213,computePipelineSummary
FN:216,(anonymous_14)
FN:217,(anonymous_15)
FN:218,(anonymous_16)
FN:219,(anonymous_17)
FN:225,computeHealthMetrics
FN:244,handleMonitorLegislativePipeline
FN:254,(anonymous_20)
FN:263,(anonymous_21)
FN:264,(anonymous_22)
FN:265,(anonymous_23)
FNF:24
FNH:24
FNDA:84,daysBetween
FNDA:42,classifyComplexity
FNDA:42,classifyBottleneckRisk
FNDA:16,classifyBottleneckSeverity
FNDA:14,classifyMomentum
FNDA:42,isStatusCompleted
FNDA:42,computePipelineMetrics
FNDA:42,procedureToPipelineItem
FNDA:42,matchesStatusFilter
FNDA:23,matchesCommitteeFilter
FNDA:14,detectBottlenecks
FNDA:16,(anonymous_11)
FNDA:8,(anonymous_12)
FNDA:14,computePipelineSummary
FNDA:23,(anonymous_14)
FNDA:23,(anonymous_15)
FNDA:23,(anonymous_16)
FNDA:23,(anonymous_17)
FNDA:14,computeHealthMetrics
FNDA:16,handleMonitorLegislativePipeline
FNDA:42,(anonymous_20)
FNDA:42,(anonymous_21)
FNDA:42,(anonymous_22)
FNDA:23,(anonymous_23)
DA:77,84
DA:78,84
DA:79,84
DA:80,84
DA:81,84
DA:86,42
DA:87,0
DA:88,0
DA:93,42
DA:94,14
DA:95,0
DA:100,16
DA:101,16
DA:102,16
DA:107,14
DA:108,8
DA:109,8
DA:110,8
DA:117,42
DA:118,42
DA:128,42
DA:129,42
DA:130,42
DA:131,42
DA:132,42
DA:133,42
DA:134,42
DA:135,42
DA:136,42
DA:137,42
DA:138,42
DA:146,42
DA:147,42
DA:148,42
DA:149,42
DA:150,0
DA:151,0
DA:153,42
DA:154,42
DA:155,42
DA:157,42
DA:178,42
DA:179,21
DA:180,3
DA:181,0
DA:182,0
DA:187,23
DA:188,0
DA:193,14
DA:194,14
DA:195,23
DA:196,16
DA:197,16
DA:198,16
DA:199,16
DA:202,14
DA:203,16
DA:209,8
DA:216,23
DA:217,23
DA:218,23
DA:219,23
DA:220,14
DA:221,14
DA:228,14
DA:229,14
DA:230,14
DA:233,14
DA:247,16
DA:249,16
DA:250,16
DA:252,14
DA:253,14
DA:254,14
DA:255,42
DA:256,42
DA:257,42
DA:258,42
DA:259,42
DA:262,14
DA:263,42
DA:264,42
DA:265,23
DA:267,14
DA:268,14
DA:269,14
DA:270,14
DA:272,14
DA:300,16
DA:302,1
DA:303,1
DA:310,2
LF:92
LH:84
BRDA:78,0,0,42
BRDA:78,0,1,42
BRDA:78,1,0,84
BRDA:78,1,1,42
BRDA:79,2,0,0
BRDA:79,2,1,84
BRDA:80,3,0,0
BRDA:80,3,1,84
BRDA:86,4,0,42
BRDA:86,4,1,0
BRDA:87,5,0,0
BRDA:87,5,1,0
BRDA:93,6,0,28
BRDA:93,6,1,14
BRDA:94,7,0,14
BRDA:94,7,1,0
BRDA:100,8,0,0
BRDA:100,8,1,16
BRDA:101,9,0,0
BRDA:101,9,1,16
BRDA:107,10,0,6
BRDA:107,10,1,8
BRDA:108,11,0,0
BRDA:108,11,1,8
BRDA:109,12,0,0
BRDA:109,12,1,8
BRDA:118,13,0,42
BRDA:118,13,1,28
BRDA:128,14,0,42
BRDA:128,14,1,0
BRDA:131,15,0,42
BRDA:131,15,1,28
BRDA:132,16,0,42
BRDA:132,16,1,0
BRDA:133,17,0,42
BRDA:133,17,1,0
BRDA:135,18,0,14
BRDA:135,18,1,28
BRDA:136,19,0,28
BRDA:136,19,1,14
BRDA:137,20,0,14
BRDA:137,20,1,28
BRDA:148,21,0,42
BRDA:148,21,1,0
BRDA:150,22,0,0
BRDA:150,22,1,0
BRDA:153,23,0,42
BRDA:153,23,1,0
BRDA:154,24,0,42
BRDA:154,24,1,0
BRDA:155,25,0,14
BRDA:155,25,1,28
BRDA:178,26,0,21
BRDA:178,26,1,21
BRDA:179,27,0,18
BRDA:179,27,1,3
BRDA:179,28,0,18
BRDA:179,28,1,6
BRDA:180,29,0,3
BRDA:180,29,1,0
BRDA:181,30,0,0
BRDA:181,30,1,0
BRDA:187,31,0,23
BRDA:187,31,1,0
BRDA:195,32,0,16
BRDA:195,32,1,7
BRDA:196,33,0,16
BRDA:196,33,1,16
BRDA:216,34,0,23
BRDA:216,34,1,7
BRDA:220,35,0,8
BRDA:220,35,1,6
BRDA:228,36,0,8
BRDA:228,36,1,6
BRDA:230,37,0,8
BRDA:230,37,1,6
BRDA:255,38,0,42
BRDA:255,38,1,0
BRDA:256,39,0,42
BRDA:256,39,1,0
BRDA:257,40,0,0
BRDA:257,40,1,42
BRDA:257,41,0,42
BRDA:257,41,1,3
BRDA:257,41,2,3
BRDA:258,42,0,0
BRDA:258,42,1,42
BRDA:258,43,0,42
BRDA:258,43,1,3
BRDA:258,43,2,3
BRDA:273,44,0,14
BRDA:273,44,1,13
BRDA:273,45,0,16
BRDA:273,45,1,13
BRDA:274,46,0,1
BRDA:274,46,1,13
BRDA:292,47,0,0
BRDA:292,47,1,14
BRDA:302,48,0,1
BRDA:302,48,1,0
BRF:100
BRH:72
end_of_record
TN:
SF:src/tools/searchDocuments.ts
FN:41,handleSearchDocuments
FNF:1
FNH:1
FNDA:24,handleSearchDocuments
DA:45,24
DA:47,24
DA:49,24
DA:50,1
DA:51,0
DA:60,13
DA:65,24
DA:66,13
DA:67,13
DA:68,13
DA:70,13
DA:73,12
DA:74,12
DA:77,12
DA:85,2
DA:86,2
DA:93,2
LF:17
LH:16
BRDA:49,0,0,1
BRDA:49,0,1,23
BRDA:61,1,0,13
BRDA:61,1,1,0
BRDA:65,2,0,2
BRDA:65,2,1,22
BRDA:66,3,0,2
BRDA:66,3,1,11
BRDA:67,4,0,2
BRDA:67,4,1,11
BRDA:68,5,0,1
BRDA:68,5,1,12
BRDA:85,6,0,2
BRDA:85,6,1,0
BRF:14
BRH:12
end_of_record
TN:
SF:src/tools/trackLegislation.ts
FNF:0
FNH:0
LF:0
LH:0
BRF:0
BRH:0
end_of_record
TN:
SF:src/tools/trackMepAttendance.ts
FN:96,classifyAttendance
FN:105,determineTrend
FN:115,computeEngagement
FN:124,computeAbsenteeismRisk
FN:135,buildAttendanceRecord
FN:168,buildSingleMepAnalysis
FN:201,computeConfidence
FN:210,fetchMepDetailsBatched
FN:218,(anonymous_8)
FN:232,buildGroupAnalysis
FN:253,(anonymous_10)
FN:254,(anonymous_11)
FN:258,(anonymous_12)
FN:260,(anonymous_13)
FN:261,(anonymous_14)
FN:262,(anonymous_15)
FN:269,(anonymous_16)
FN:298,handleTrackMepAttendance
FNF:18
FNH:18
FNDA:36,classifyAttendance
FNDA:36,determineTrend
FNDA:24,computeEngagement
FNDA:13,computeAbsenteeismRisk
FNDA:37,buildAttendanceRecord
FNDA:12,buildSingleMepAnalysis
FNDA:13,computeConfidence
FNDA:13,fetchMepDetailsBatched
FNDA:27,(anonymous_8)
FNDA:13,buildGroupAnalysis
FNDA:26,(anonymous_10)
FNDA:14,(anonymous_11)
FNDA:26,(anonymous_12)
FNDA:26,(anonymous_13)
FNDA:26,(anonymous_14)
FNDA:26,(anonymous_15)
FNDA:26,(anonymous_16)
FNDA:26,handleTrackMepAttendance
DA:25,2
DA:97,36
DA:98,34
DA:99,9
DA:106,36
DA:107,34
DA:108,10
DA:109,6
DA:116,24
DA:117,22
DA:118,6
DA:125,13
DA:126,12
DA:127,12
DA:128,10
DA:129,10
DA:147,37
DA:148,37
DA:149,37
DA:150,37
DA:152,37
DA:173,12
DA:174,11
DA:176,11
DA:202,13
DA:203,1
DA:204,1
DA:214,13
DA:215,13
DA:216,12
DA:217,12
DA:218,27
DA:220,12
DA:221,27
DA:222,26
DA:226,12
DA:237,13
DA:238,13
DA:239,2
DA:241,13
DA:242,2
DA:245,13
DA:246,13
DA:248,13
DA:253,26
DA:254,14
DA:256,13
DA:257,13
DA:258,26
DA:260,26
DA:261,26
DA:262,26
DA:264,13
DA:265,13
DA:266,13
DA:267,13
DA:269,26
DA:270,13
DA:272,13
DA:301,26
DA:303,26
DA:304,26
DA:309,26
DA:313,26
DA:314,12
DA:316,13
DA:319,13
DA:320,2
DA:322,13
DA:323,2
DA:325,13
DA:328,24
DA:341,2
LF:73
LH:73
BRDA:97,0,0,2
BRDA:97,0,1,34
BRDA:98,1,0,25
BRDA:98,1,1,9
BRDA:106,2,0,2
BRDA:106,2,1,34
BRDA:107,3,0,24
BRDA:107,3,1,10
BRDA:108,4,0,4
BRDA:108,4,1,6
BRDA:116,5,0,2
BRDA:116,5,1,22
BRDA:117,6,0,16
BRDA:117,6,1,6
BRDA:125,7,0,1
BRDA:125,7,1,12
BRDA:127,8,0,2
BRDA:127,8,1,10
BRDA:128,9,0,0
BRDA:128,9,1,10
BRDA:148,10,0,37
BRDA:148,10,1,1
BRDA:149,11,0,37
BRDA:149,11,1,1
BRDA:160,12,0,36
BRDA:160,12,1,1
BRDA:161,13,0,36
BRDA:161,13,1,1
BRDA:183,14,0,1
BRDA:183,14,1,10
BRDA:184,15,0,7
BRDA:184,15,1,4
BRDA:185,16,0,2
BRDA:185,16,1,9
BRDA:190,17,0,2
BRDA:190,17,1,9
BRDA:202,18,0,12
BRDA:202,18,1,1
BRDA:203,19,0,0
BRDA:203,19,1,1
BRDA:221,20,0,26
BRDA:221,20,1,1
BRDA:238,21,0,2
BRDA:238,21,1,11
BRDA:241,22,0,2
BRDA:241,22,1,11
BRDA:246,23,0,13
BRDA:246,23,1,0
BRDA:257,24,0,12
BRDA:257,24,1,1
BRDA:265,25,0,2
BRDA:265,25,1,11
BRDA:266,26,0,2
BRDA:266,26,1,11
BRDA:267,27,0,3
BRDA:267,27,1,10
BRDA:270,28,0,12
BRDA:270,28,1,1
BRDA:285,29,0,10
BRDA:285,29,1,3
BRDA:304,30,0,26
BRDA:304,30,1,23
BRDA:304,30,2,0
BRDA:309,31,0,26
BRDA:309,31,1,23
BRDA:309,31,2,0
BRDA:313,32,0,12
BRDA:313,32,1,13
BRDA:319,33,0,2
BRDA:319,33,1,11
BRDA:322,34,0,2
BRDA:322,34,1,11
BRF:72
BRH:67
end_of_record
TN:
SF:src/tools/generateReport/index.ts
FN:64,handleGenerateReport
FNF:1
FNH:1
FNDA:16,handleGenerateReport
DA:40,2
DA:68,16
DA:70,16
DA:72,16
DA:73,16
DA:76,11
DA:84,2
DA:85,2
DA:92,2
LF:9
LH:9
BRDA:84,0,0,2
BRDA:84,0,1,0
BRF:2
BRH:1
end_of_record
TN:
SF:src/tools/generateReport/reportBuilders.ts
FN:14,createVotingSection
FN:34,createCommitteeSection
FN:49,createParliamentaryQuestionsSection
FN:62,createMeetingActivitySection
FN:75,createLegislativeOutputSection
FN:95,createMemberParticipationSection
FN:106,createOverallVotingSection
FN:119,createAdoptionRatesSection
FN:132,createPoliticalGroupSection
FN:143,createNewProposalsSection
FN:156,createCompletedProceduresSection
FN:169,createOngoingProceduresSection
FNF:12
FNH:12
FNDA:3,createVotingSection
FNDA:3,createCommitteeSection
FNDA:3,createParliamentaryQuestionsSection
FNDA:1,createMeetingActivitySection
FNDA:1,createLegislativeOutputSection
FNDA:1,createMemberParticipationSection
FNDA:6,createOverallVotingSection
FNDA:6,createAdoptionRatesSection
FNDA:6,createPoliticalGroupSection
FNDA:1,createNewProposalsSection
FNDA:1,createCompletedProceduresSection
FNDA:1,createOngoingProceduresSection
DA:18,3
DA:23,3
DA:24,2
DA:27,3
DA:38,3
DA:50,3
DA:63,1
DA:76,1
DA:77,1
DA:82,0
DA:83,0
DA:84,0
DA:85,0
DA:96,1
DA:107,6
DA:120,6
DA:133,6
DA:144,1
DA:157,1
DA:170,1
LF:20
LH:16
BRDA:23,0,0,2
BRDA:23,0,1,1
BRDA:52,1,0,0
BRDA:52,1,1,3
BRDA:65,2,0,0
BRDA:65,2,1,1
BRDA:76,3,0,1
BRDA:76,3,1,0
BRDA:76,4,0,1
BRDA:76,4,1,1
BRDA:83,5,0,0
BRDA:83,5,1,0
BRDA:84,6,0,0
BRDA:84,6,1,0
BRDA:109,7,0,0
BRDA:109,7,1,6
BRDA:122,8,0,0
BRDA:122,8,1,6
BRDA:146,9,0,0
BRDA:146,9,1,1
BRDA:159,10,0,0
BRDA:159,10,1,1
BRDA:172,11,0,0
BRDA:172,11,1,1
BRF:24
BRH:12
end_of_record
TN:
SF:src/tools/generateReport/reportGenerators.ts
FN:31,extractMEPData
FN:51,fetchQuestionCount
FN:62,fetchDocumentCount
FN:72,fetchAdoptedTextCount
FN:82,fetchSessionCount
FN:92,fetchProcedureCount
FN:105,generateMEPActivityReport
FN:146,generateCommitteePerformanceReport
FN:190,generateVotingStatisticsReport
FN:226,generateLegislationProgressReport
FNF:10
FNH:10
FNDA:3,extractMEPData
FNDA:3,fetchQuestionCount
FNDA:1,fetchDocumentCount
FNDA:8,fetchAdoptedTextCount
FNDA:6,fetchSessionCount
FNDA:1,fetchProcedureCount
FNDA:4,generateMEPActivityReport
FNDA:2,generateCommitteePerformanceReport
FNDA:6,generateVotingStatisticsReport
FNDA:1,generateLegislationProgressReport
DA:41,3
DA:52,3
DA:53,3
DA:54,3
DA:55,0
DA:57,3
DA:63,1
DA:64,1
DA:65,0
DA:67,1
DA:73,8
DA:74,8
DA:75,0
DA:77,8
DA:83,6
DA:84,6
DA:85,0
DA:87,6
DA:93,1
DA:94,1
DA:95,0
DA:97,1
DA:108,4
DA:111,4
DA:112,4
DA:114,3
DA:149,2
DA:152,2
DA:153,2
DA:154,2
DA:155,2
DA:156,2
DA:159,2
DA:160,1
DA:162,1
DA:193,6
DA:194,6
DA:195,6
DA:197,6
DA:198,6
DA:200,6
DA:229,1
DA:230,1
DA:231,1
DA:233,1
DA:234,1
DA:235,1
DA:239,1
LF:48
LH:43
BRDA:42,0,0,3
BRDA:42,0,1,0
BRDA:43,1,0,3
BRDA:43,1,1,3
BRDA:44,2,0,3
BRDA:44,2,1,3
BRDA:45,3,0,3
BRDA:45,3,1,1
BRDA:46,4,0,3
BRDA:46,4,1,0
BRDA:52,5,0,0
BRDA:52,5,1,3
BRDA:108,6,0,4
BRDA:108,6,1,0
BRDA:129,7,0,3
BRDA:129,7,1,1
BRDA:130,8,0,4
BRDA:130,8,1,1
BRDA:131,9,0,4
BRDA:131,9,1,3
BRDA:149,10,0,2
BRDA:149,10,1,0
BRDA:152,11,0,2
BRDA:152,11,1,0
BRDA:153,12,0,2
BRDA:153,12,1,1
BRDA:154,13,0,2
BRDA:154,13,1,1
BRDA:155,14,0,2
BRDA:155,14,1,0
BRDA:178,15,0,1
BRDA:178,15,1,1
BRDA:193,16,0,6
BRDA:193,16,1,5
BRDA:194,17,0,6
BRDA:194,17,1,5
BRDA:215,18,0,6
BRDA:215,18,1,6
BRDA:216,19,0,6
BRDA:216,19,1,6
BRDA:229,20,0,1
BRDA:229,20,1,1
BRDA:230,21,0,1
BRDA:230,21,1,1
BRDA:235,22,0,0
BRDA:235,22,1,1
BRDA:235,23,0,1
BRDA:235,23,1,0
BRDA:254,24,0,1
BRDA:254,24,1,1
BRDA:255,25,0,1
BRDA:255,25,1,1
BRDA:256,26,0,1
BRDA:256,26,1,1
BRF:54
BRH:45
end_of_record
TN:
SF:src/tools/shared/errorHandler.ts
FN:18,handleToolError
FN:33,handleDataUnavailable
FNF:2
FNH:2
FNDA:5,handleToolError
FNDA:6,handleDataUnavailable
DA:19,5
DA:20,4
DA:22,1
DA:34,6
LF:4
LH:4
BRDA:19,0,0,4
BRDA:19,0,1,1
BRF:2
BRH:2
end_of_record
TN:
SF:src/tools/shared/responseBuilder.ts
FN:15,buildToolResponse
FN:29,buildErrorResponse
FNF:2
FNH:2
FNDA:251,buildToolResponse
FNDA:12,buildErrorResponse
DA:16,251
DA:31,12
DA:32,10
DA:33,2
DA:34,1
DA:36,1
DA:38,12
LF:7
LH:7
BRDA:31,0,0,10
BRDA:31,0,1,2
BRDA:33,1,0,1
BRDA:33,1,1,1
BRF:4
BRH:4
end_of_record
TN:
SF:src/tools/trackLegislation/index.ts
FN:37,toProcessId
FN:71,handleTrackLegislation
FNF:2
FNH:2
FNDA:20,toProcessId
FNDA:15,handleTrackLegislation
DA:39,20
DA:40,1
DA:43,19
DA:44,19
DA:45,17
DA:48,2
DA:74,15
DA:75,15
DA:77,15
DA:78,15
DA:79,14
DA:81,14
DA:88,1
DA:89,1
DA:96,2
LF:15
LH:15
BRDA:39,0,0,1
BRDA:39,0,1,19
BRDA:44,1,0,17
BRDA:44,1,1,2
BRDA:44,2,0,19
BRDA:44,2,1,17
BRDA:88,3,0,1
BRDA:88,3,1,0
BRF:8
BRH:7
end_of_record
TN:
SF:src/tools/trackLegislation/procedureTracker.ts
FN:18,buildTimeline
FN:43,buildCommittees
FN:60,buildNextSteps
FN:79,buildLegislativeTracking
FN:90,(anonymous_4)
FNF:5
FNH:5
FNDA:14,buildTimeline
FNDA:14,buildCommittees
FNDA:14,buildNextSteps
FNDA:14,buildLegislativeTracking
FNDA:28,(anonymous_4)
DA:19,14
DA:21,14
DA:22,14
DA:29,14
DA:30,14
DA:37,14
DA:44,14
DA:45,0
DA:47,14
DA:51,14
DA:52,14
DA:54,14
DA:61,14
DA:62,14
DA:63,14
DA:65,14
DA:66,14
DA:68,14
DA:80,14
DA:90,28
LF:20
LH:19
BRDA:21,0,0,14
BRDA:21,0,1,0
BRDA:25,1,0,14
BRDA:25,1,1,0
BRDA:29,2,0,14
BRDA:29,2,1,0
BRDA:29,3,0,14
BRDA:29,3,1,14
BRDA:32,4,0,14
BRDA:32,4,1,0
BRDA:33,5,0,14
BRDA:33,5,1,0
BRDA:44,6,0,0
BRDA:44,6,1,14
BRDA:51,7,0,14
BRDA:51,7,1,0
BRDA:62,8,0,14
BRDA:62,8,1,0
BRDA:65,9,0,14
BRDA:65,9,1,0
BRDA:84,10,0,14
BRDA:84,10,1,0
BRDA:85,11,0,14
BRDA:85,11,1,0
BRDA:93,12,0,28
BRDA:93,12,1,0
BRDA:93,12,2,0
BRF:27
BRH:14
end_of_record
TN:
SF:src/utils/auditLogger.ts
FN:29,(anonymous_0)
FN:127,(anonymous_1)
FN:156,(anonymous_2)
FN:186,(anonymous_3)
FN:211,(anonymous_4)
FN:231,(anonymous_5)
FN:238,(anonymous_6)
FNF:7
FNH:7
FNDA:4,(anonymous_0)
FNDA:114,(anonymous_1)
FNDA:4,(anonymous_2)
FNDA:90,(anonymous_3)
FNDA:6,(anonymous_4)
FNDA:16,(anonymous_5)
FNDA:1,(anonymous_6)
DA:29,4
DA:30,4
DA:31,4
DA:32,4
DA:33,4
DA:120,19
DA:128,114
DA:133,114
DA:136,114
DA:167,4
DA:192,90
DA:217,6
DA:232,16
DA:239,1
DA:246,4
LF:15
LH:15
BRDA:29,0,0,4
BRDA:29,0,1,4
BRDA:172,1,0,4
BRDA:172,1,1,1
BRDA:174,2,0,4
BRDA:174,2,1,1
BRDA:199,3,0,90
BRDA:199,3,1,0
BRDA:224,4,0,6
BRDA:224,4,1,0
BRF:10
BRH:8
end_of_record
TN:
SF:src/utils/performance.ts
FN:97,(anonymous_0)
FN:117,(anonymous_1)
FN:153,(anonymous_2)
FN:161,(anonymous_3)
FN:165,(anonymous_4)
FN:195,(anonymous_5)
FN:234,(anonymous_6)
FN:251,(anonymous_7)
FN:265,(anonymous_8)
FN:295,withPerformanceTracking
FNF:10
FNH:10
FNDA:40,(anonymous_0)
FNDA:506,(anonymous_1)
FNDA:23,(anonymous_2)
FNDA:262,(anonymous_3)
FNDA:277,(anonymous_4)
FNDA:57,(anonymous_5)
FNDA:3,(anonymous_6)
FNDA:1,(anonymous_7)
FNDA:2,(anonymous_8)
FNDA:6,withPerformanceTracking
DA:63,3
DA:89,40
DA:98,40
DA:99,5
DA:101,35
DA:118,506
DA:120,506
DA:121,30
DA:122,30
DA:125,506
DA:130,506
DA:131,5
DA:132,5
DA:154,23
DA:156,23
DA:157,4
DA:161,262
DA:162,19
DA:165,277
DA:166,19
DA:167,19
DA:169,19
DA:170,0
DA:173,19
DA:196,57
DA:198,57
DA:199,57
DA:201,33
DA:202,33
DA:203,33
DA:204,33
DA:206,33
DA:207,5
DA:210,28
DA:211,28
DA:213,28
DA:214,0
DA:217,28
DA:235,3
DA:252,1
DA:266,2
DA:300,6
DA:302,6
DA:303,6
DA:305,6
DA:306,6
DA:327,3
LF:47
LH:45
BRDA:97,0,0,40
BRDA:98,1,0,5
BRDA:98,1,1,35
BRDA:98,2,0,40
BRDA:98,2,1,38
BRDA:98,2,2,37
BRDA:120,3,0,30
BRDA:120,3,1,476
BRDA:130,4,0,5
BRDA:130,4,1,501
BRDA:156,5,0,4
BRDA:156,5,1,19
BRDA:156,6,0,23
BRDA:156,6,1,19
BRDA:169,7,0,0
BRDA:169,7,1,19
BRDA:169,8,0,19
BRDA:169,8,1,19
BRDA:196,9,0,0
BRDA:196,9,1,57
BRDA:199,10,0,24
BRDA:199,10,1,33
BRDA:199,11,0,57
BRDA:199,11,1,24
BRDA:206,12,0,5
BRDA:206,12,1,28
BRDA:207,13,0,5
BRDA:207,13,1,0
BRDA:213,14,0,0
BRDA:213,14,1,28
BRDA:213,15,0,28
BRDA:213,15,1,28
BRF:32
BRH:28
end_of_record
TN:
SF:src/utils/rateLimiter.ts
FN:69,(anonymous_0)
FN:94,(anonymous_1)
FN:115,(anonymous_2)
FN:141,(anonymous_3)
FN:155,(anonymous_4)
FN:163,(anonymous_5)
FN:172,(anonymous_6)
FN:188,(anonymous_7)
FN:197,createStandardRateLimiter
FNF:9
FNH:9
FNDA:275,(anonymous_0)
FNDA:265,(anonymous_1)
FNDA:232,(anonymous_2)
FNDA:9,(anonymous_3)
FNDA:8,(anonymous_4)
FNDA:1,(anonymous_5)
FNDA:16,(anonymous_6)
FNDA:1,(anonymous_7)
FNDA:1,createStandardRateLimiter
DA:70,275
DA:71,275
DA:72,275
DA:75,275
DA:77,9
DA:78,9
DA:80,265
DA:81,265
DA:83,1
DA:84,1
DA:86,0
DA:87,0
DA:95,265
DA:96,265
DA:97,265
DA:99,265
DA:100,47
DA:104,47
DA:116,232
DA:118,232
DA:119,231
DA:120,231
DA:124,1
DA:125,1
DA:129,1
DA:142,9
DA:144,9
DA:145,8
DA:146,8
DA:149,1
DA:156,8
DA:157,8
DA:164,1
DA:173,16
DA:174,16
DA:175,16
DA:176,16
DA:178,16
DA:189,1
DA:190,1
DA:198,1
LF:41
LH:39
BRDA:71,0,0,275
BRDA:71,0,1,274
BRDA:75,1,0,9
BRDA:75,1,1,265
BRDA:75,1,2,1
BRDA:75,1,3,0
BRDA:99,2,0,47
BRDA:99,2,1,218
BRDA:118,3,0,231
BRDA:118,3,1,1
BRDA:144,4,0,8
BRDA:144,4,1,1
BRDA:176,5,0,16
BRDA:176,5,1,0
BRF:14
BRH:12
end_of_record
TN:
SF:src/utils/timeout.ts
FN:58,(anonymous_0)
FN:96,withTimeout
FN:104,(anonymous_2)
FN:105,(anonymous_3)
FN:149,withTimeoutAndAbort
FN:158,(anonymous_5)
FN:159,(anonymous_6)
FN:190,validateRetryOptions
FN:260,withRetry
FN:275,(anonymous_9)
FN:308,(anonymous_10)
FN:334,isTimeoutError
FN:357,withTimeoutConfig
FNF:13
FNH:13
FNDA:13,(anonymous_0)
FNDA:20,withTimeout
FNDA:20,(anonymous_2)
FNDA:6,(anonymous_3)
FNDA:229,withTimeoutAndAbort
FNDA:229,(anonymous_5)
FNDA:2,(anonymous_6)
FNDA:225,validateRetryOptions
FNDA:225,withRetry
FNDA:7,(anonymous_9)
FNDA:16,(anonymous_10)
FNDA:6,isTimeoutError
FNDA:4,withTimeoutConfig
DA:32,3
DA:60,13
DA:62,13
DA:63,13
DA:64,13
DA:104,20
DA:105,20
DA:106,6
DA:116,20
DA:117,20
DA:120,20
DA:121,20
DA:154,229
DA:158,229
DA:159,229
DA:160,2
DA:161,2
DA:171,229
DA:172,229
DA:173,189
DA:176,229
DA:177,229
DA:195,225
DA:196,1
DA:198,224
DA:199,2
DA:201,222
DA:202,2
DA:275,7
DA:276,225
DA:279,225
DA:283,225
DA:284,236
DA:287,236
DA:290,187
DA:292,46
DA:295,46
DA:296,2
DA:300,44
DA:301,22
DA:305,22
DA:307,16
DA:308,16
DA:314,22
DA:335,6
DA:361,4
DA:362,1
DA:365,3
DA:368,4
LF:49
LH:49
BRDA:108,0,0,6
BRDA:108,0,1,3
BRDA:120,1,0,20
BRDA:120,1,1,0
BRDA:163,2,0,2
BRDA:163,2,1,1
BRDA:176,3,0,229
BRDA:176,3,1,0
BRDA:195,4,0,1
BRDA:195,4,1,224
BRDA:198,5,0,2
BRDA:198,5,1,222
BRDA:198,6,0,224
BRDA:198,6,1,10
BRDA:201,7,0,2
BRDA:201,7,1,220
BRDA:273,8,0,225
BRDA:275,9,0,7
BRDA:287,10,0,12
BRDA:287,10,1,224
BRDA:295,11,0,2
BRDA:295,11,1,44
BRDA:300,12,0,22
BRDA:300,12,1,22
BRDA:305,13,0,16
BRDA:305,13,1,6
BRDA:361,14,0,1
BRDA:361,14,1,3
BRDA:365,15,0,3
BRDA:365,15,1,2
BRDA:366,16,0,2
BRDA:366,16,1,1
BRF:32
BRH:30
end_of_record
