TN:
SF:src/config.ts
FNF:0
FNH:0
DA:13,27
DA:14,27
DA:15,27
DA:16,27
DA:17,27
DA:18,27
DA:24,27
DA:32,27
DA:35,27
DA:41,27
DA:49,27
DA:52,27
LF:12
LH:12
BRDA:16,0,0,27
BRDA:16,0,1,0
BRDA:18,1,0,27
BRDA:18,1,1,0
BRDA:19,2,0,27
BRDA:19,2,1,27
BRDA:19,2,2,27
BRDA:19,2,3,27
BRF:8
BRH:6
end_of_record
TN:
SF:src/index.ts
FN:135,(anonymous_0)
FN:172,(anonymous_1)
FN:174,(anonymous_2)
FN:181,(anonymous_3)
FN:197,(anonymous_4)
FN:204,(anonymous_5)
FN:219,(anonymous_6)
FN:226,(anonymous_7)
FN:249,(anonymous_8)
FN:282,(anonymous_9)
FN:295,(anonymous_10)
FN:342,handleShutdownSignal
FN:348,(anonymous_12)
FN:349,(anonymous_13)
FN:351,(anonymous_14)
FNF:15
FNH:11
FNDA:3,(anonymous_0)
FNDA:3,(anonymous_1)
FNDA:1,(anonymous_2)
FNDA:2,(anonymous_3)
FNDA:1,(anonymous_4)
FNDA:3,(anonymous_5)
FNDA:1,(anonymous_6)
FNDA:1,(anonymous_7)
FNDA:2,(anonymous_8)
FNDA:2,(anonymous_9)
FNDA:62,(anonymous_10)
FNDA:0,handleShutdownSignal
FNDA:0,(anonymous_12)
FNDA:0,(anonymous_13)
FNDA:0,(anonymous_14)
DA:138,3
DA:152,3
DA:174,3
DA:175,1
DA:181,3
DA:182,2
DA:184,2
DA:185,2
DA:191,2
DA:192,2
DA:197,3
DA:198,1
DA:204,3
DA:205,3
DA:207,3
DA:208,3
DA:210,2
DA:211,2
DA:212,2
DA:214,0
DA:219,3
DA:220,1
DA:226,3
DA:227,1
DA:229,1
DA:230,1
DA:232,1
DA:233,1
DA:234,1
DA:236,0
DA:253,2
DA:283,2
DA:285,2
DA:286,2
DA:288,1
DA:289,1
DA:294,1
DA:295,62
DA:296,1
DA:297,1
DA:298,1
DA:301,1
DA:302,1
DA:303,1
DA:304,1
DA:305,1
DA:313,2
DA:316,2
DA:318,0
DA:319,0
DA:322,0
DA:323,0
DA:324,0
DA:327,0
DA:328,0
DA:329,0
DA:332,0
DA:333,0
DA:334,0
DA:338,0
DA:343,0
DA:345,0
DA:348,0
DA:349,0
DA:351,0
DA:352,0
DA:353,0
LF:67
LH:46
BRDA:211,0,0,2
BRDA:211,0,1,0
BRDA:233,1,0,1
BRDA:233,1,1,0
BRDA:289,2,0,1
BRDA:289,2,1,0
BRDA:313,3,0,2
BRDA:313,3,1,2
BRDA:316,4,0,0
BRDA:316,4,1,2
BRDA:322,5,0,0
BRDA:322,5,1,0
BRDA:327,6,0,0
BRDA:327,6,1,0
BRDA:332,7,0,0
BRDA:332,7,1,0
BRF:16
BRH:6
end_of_record
TN:
SF:src/clients/europeanParliamentClient.ts
FN:166,(anonymous_0)
FN:186,(anonymous_1)
FN:228,(anonymous_2)
FN:243,(anonymous_3)
FN:260,(anonymous_4)
FN:283,(anonymous_5)
FN:296,(anonymous_6)
FN:309,(anonymous_7)
FN:320,(anonymous_8)
FN:331,(anonymous_9)
FN:343,(anonymous_10)
FN:356,(anonymous_11)
FN:364,(anonymous_12)
FN:375,(anonymous_13)
FN:393,(anonymous_14)
FN:408,(anonymous_15)
FN:419,(anonymous_16)
FN:430,(anonymous_17)
FN:441,(anonymous_18)
FN:452,(anonymous_19)
FN:463,(anonymous_20)
FN:471,(anonymous_21)
FN:485,(anonymous_22)
FN:493,(anonymous_23)
FN:514,(anonymous_24)
FN:531,(anonymous_25)
FN:545,(anonymous_26)
FN:560,(anonymous_27)
FN:571,(anonymous_28)
FN:582,(anonymous_29)
FN:600,(anonymous_30)
FN:616,(anonymous_31)
FN:628,(anonymous_32)
FN:640,(anonymous_33)
FN:651,(anonymous_34)
FN:662,(anonymous_35)
FN:674,(anonymous_36)
FN:682,(anonymous_37)
FN:690,(anonymous_38)
FN:698,(anonymous_39)
FN:706,(anonymous_40)
FN:714,(anonymous_41)
FN:725,(anonymous_42)
FN:736,(anonymous_43)
FN:747,(anonymous_44)
FN:758,(anonymous_45)
FN:772,(anonymous_46)
FN:785,(anonymous_47)
FN:793,(anonymous_48)
FN:804,(anonymous_49)
FN:816,(anonymous_50)
FN:824,(anonymous_51)
FN:836,(anonymous_52)
FN:851,(anonymous_53)
FN:866,(anonymous_54)
FN:883,(anonymous_55)
FN:893,(anonymous_56)
FN:906,(anonymous_57)
FN:917,(anonymous_58)
FN:927,(anonymous_59)
FN:958,(anonymous_60)
FN:969,(anonymous_61)
FNF:62
FNH:48
FNDA:342,(anonymous_0)
FNDA:5,(anonymous_1)
FNDA:335,(anonymous_2)
FNDA:5,(anonymous_3)
FNDA:28,(anonymous_4)
FNDA:6,(anonymous_5)
FNDA:15,(anonymous_6)
FNDA:5,(anonymous_7)
FNDA:5,(anonymous_8)
FNDA:6,(anonymous_9)
FNDA:7,(anonymous_10)
FNDA:4,(anonymous_11)
FNDA:0,(anonymous_12)
FNDA:0,(anonymous_13)
FNDA:9,(anonymous_14)
FNDA:8,(anonymous_15)
FNDA:5,(anonymous_16)
FNDA:5,(anonymous_17)
FNDA:16,(anonymous_18)
FNDA:10,(anonymous_19)
FNDA:4,(anonymous_20)
FNDA:7,(anonymous_21)
FNDA:4,(anonymous_22)
FNDA:0,(anonymous_23)
FNDA:10,(anonymous_24)
FNDA:12,(anonymous_25)
FNDA:4,(anonymous_26)
FNDA:14,(anonymous_27)
FNDA:7,(anonymous_28)
FNDA:0,(anonymous_29)
FNDA:15,(anonymous_30)
FNDA:4,(anonymous_31)
FNDA:4,(anonymous_32)
FNDA:3,(anonymous_33)
FNDA:4,(anonymous_34)
FNDA:5,(anonymous_35)
FNDA:4,(anonymous_36)
FNDA:4,(anonymous_37)
FNDA:4,(anonymous_38)
FNDA:4,(anonymous_39)
FNDA:4,(anonymous_40)
FNDA:0,(anonymous_41)
FNDA:0,(anonymous_42)
FNDA:0,(anonymous_43)
FNDA:0,(anonymous_44)
FNDA:0,(anonymous_45)
FNDA:14,(anonymous_46)
FNDA:4,(anonymous_47)
FNDA:5,(anonymous_48)
FNDA:5,(anonymous_49)
FNDA:4,(anonymous_50)
FNDA:0,(anonymous_51)
FNDA:0,(anonymous_52)
FNDA:0,(anonymous_53)
FNDA:23,(anonymous_54)
FNDA:4,(anonymous_55)
FNDA:0,(anonymous_56)
FNDA:7,(anonymous_57)
FNDA:4,(anonymous_58)
FNDA:0,(anonymous_59)
FNDA:5,(anonymous_60)
FNDA:5,(anonymous_61)
DA:167,342
DA:168,342
DA:169,342
DA:170,342
DA:171,342
DA:172,342
DA:173,342
DA:174,342
DA:175,342
DA:187,342
DA:194,342
DA:199,342
DA:201,342
DA:203,342
DA:204,342
DA:230,335
DA:246,5
DA:268,28
DA:284,6
DA:302,15
DA:313,5
DA:324,5
DA:335,6
DA:348,7
DA:357,4
DA:368,0
DA:380,0
DA:401,9
DA:412,8
DA:423,5
DA:434,5
DA:445,16
DA:456,10
DA:464,4
DA:478,7
DA:486,4
DA:498,0
DA:524,10
DA:538,12
DA:546,4
DA:564,14
DA:575,7
DA:586,0
DA:609,15
DA:621,4
DA:633,4
DA:644,3
DA:655,4
DA:667,5
DA:675,4
DA:683,4
DA:691,4
DA:699,4
DA:707,4
DA:718,0
DA:729,0
DA:740,0
DA:751,0
DA:763,0
DA:777,14
DA:786,4
DA:797,5
DA:809,5
DA:817,4
DA:829,0
DA:841,0
DA:852,0
DA:876,23
DA:886,4
DA:897,0
DA:910,7
DA:920,4
DA:931,0
DA:957,5
DA:959,5
DA:960,5
DA:961,0
DA:962,0
DA:963,0
DA:964,0
DA:967,5
DA:970,5
DA:971,5
DA:972,0
DA:973,0
DA:975,5
LF:86
LH:66
BRDA:166,0,0,342
BRDA:188,1,0,342
BRDA:188,1,1,341
BRDA:189,2,0,342
BRDA:189,2,1,341
BRDA:194,3,0,342
BRDA:194,3,1,342
BRDA:199,4,0,342
BRDA:199,4,1,336
BRDA:203,5,0,342
BRDA:203,5,1,0
BRDA:208,6,0,342
BRDA:208,6,1,337
BRDA:209,7,0,342
BRDA:209,7,1,338
BRDA:210,8,0,342
BRDA:210,8,1,339
BRDA:211,9,0,342
BRDA:211,9,1,342
BRDA:296,10,0,15
BRDA:309,11,0,5
BRDA:320,12,0,5
BRDA:331,13,0,6
BRDA:343,14,0,7
BRDA:364,15,0,0
BRDA:375,16,0,0
BRDA:410,17,0,8
BRDA:421,18,0,5
BRDA:432,19,0,5
BRDA:443,20,0,16
BRDA:454,21,0,10
BRDA:471,22,0,7
BRDA:493,23,0,0
BRDA:531,24,0,12
BRDA:571,25,0,7
BRDA:582,26,0,0
BRDA:616,27,0,4
BRDA:628,28,0,4
BRDA:640,29,0,3
BRDA:651,30,0,4
BRDA:662,31,0,5
BRDA:714,32,0,0
BRDA:725,33,0,0
BRDA:736,34,0,0
BRDA:747,35,0,0
BRDA:758,36,0,0
BRDA:772,37,0,14
BRDA:795,38,0,5
BRDA:804,39,0,5
BRDA:824,40,0,0
BRDA:836,41,0,0
BRDA:893,42,0,0
BRDA:906,43,0,7
BRDA:927,44,0,0
BRDA:960,45,0,0
BRDA:960,45,1,5
BRDA:962,46,0,0
BRDA:962,46,1,0
BRDA:963,47,0,0
BRDA:963,47,1,0
BRDA:971,48,0,0
BRDA:971,48,1,5
BRDA:971,49,0,5
BRDA:971,49,1,0
BRDA:973,50,0,0
BRDA:973,50,1,0
BRDA:973,51,0,0
BRDA:973,51,1,0
BRF:68
BRH:43
end_of_record
TN:
SF:src/clients/ep/baseClient.ts
FN:57,isBlockedHost
FN:58,(anonymous_1)
FN:77,validateApiUrl
FN:144,(anonymous_3)
FN:240,(anonymous_4)
FN:283,(anonymous_5)
FN:317,(anonymous_6)
FN:351,(anonymous_7)
FN:375,(anonymous_8)
FN:388,(anonymous_9)
FN:434,(anonymous_10)
FN:461,(anonymous_11)
FN:470,(anonymous_12)
FN:482,(anonymous_13)
FN:484,(anonymous_14)
FN:546,(anonymous_15)
FN:547,(anonymous_16)
FN:553,(anonymous_17)
FN:562,(anonymous_18)
FN:588,(anonymous_19)
FN:635,(anonymous_20)
FN:644,(anonymous_21)
FN:655,(anonymous_22)
FN:664,(anonymous_23)
FNF:24
FNH:23
FNDA:408,isBlockedHost
FNDA:4773,(anonymous_1)
FNDA:410,validateApiUrl
FNDA:154,(anonymous_3)
FNDA:25,(anonymous_4)
FNDA:2783,(anonymous_5)
FNDA:313,(anonymous_6)
FNDA:61,(anonymous_7)
FNDA:25,(anonymous_8)
FNDA:270,(anonymous_9)
FNDA:25,(anonymous_10)
FNDA:25,(anonymous_11)
FNDA:0,(anonymous_12)
FNDA:331,(anonymous_13)
FNDA:331,(anonymous_14)
FNDA:313,(anonymous_15)
FNDA:331,(anonymous_16)
FNDA:61,(anonymous_17)
FNDA:44,(anonymous_18)
FNDA:318,(anonymous_19)
FNDA:318,(anonymous_20)
FNDA:562,(anonymous_21)
FNDA:370,(anonymous_22)
FNDA:19,(anonymous_23)
DA:28,25
DA:37,25
DA:58,4773
DA:79,410
DA:80,410
DA:82,1
DA:84,409
DA:85,1
DA:93,408
DA:94,408
DA:97,410
DA:98,19
DA:100,389
DA:106,25
DA:112,25
DA:114,25
DA:116,25
DA:118,25
DA:120,25
DA:122,25
DA:124,25
DA:126,25
DA:128,25
DA:130,25
DA:146,154
DA:147,154
DA:149,154
DA:150,154
DA:250,46
DA:252,46
DA:255,46
DA:256,46
DA:284,2783
DA:285,2737
DA:286,2737
DA:287,2737
DA:288,2737
DA:289,2737
DA:290,2737
DA:291,2737
DA:292,2737
DA:294,46
DA:295,46
DA:296,46
DA:302,46
DA:303,46
DA:304,46
DA:305,46
DA:306,46
DA:307,46
DA:321,313
DA:322,313
DA:324,285
DA:325,656
DA:327,654
DA:328,200
DA:329,454
DA:330,452
DA:332,2
DA:334,654
DA:337,285
DA:352,61
DA:353,61
DA:354,42
DA:355,42
DA:361,19
DA:362,6
DA:364,13
DA:376,4
DA:377,1
DA:379,3
DA:389,270
DA:390,270
DA:391,265
DA:394,5
DA:395,5
DA:396,5
DA:397,5
DA:398,5
DA:399,9
DA:400,9
DA:401,5
DA:402,5
DA:403,5
DA:404,1
DA:405,1
DA:406,1
DA:407,1
DA:412,4
DA:415,5
DA:416,4
DA:420,4
DA:421,4
DA:422,4
DA:423,3
DA:424,3
DA:426,4
DA:437,6
DA:442,6
DA:443,2
DA:448,4
DA:462,279
DA:463,279
DA:465,279
DA:469,279
DA:470,1
DA:471,1
DA:483,331
DA:485,331
DA:493,328
DA:494,38
DA:501,279
DA:504,279
DA:505,279
DA:506,9
DA:510,9
DA:515,8
DA:516,0
DA:517,0
DA:519,8
DA:522,2
DA:523,2
DA:528,6
DA:535,270
DA:547,313
DA:548,331
DA:553,61
DA:563,44
DA:564,1
DA:570,43
DA:571,10
DA:593,318
DA:594,318
DA:595,0
DA:602,318
DA:605,318
DA:606,318
DA:607,318
DA:608,5
DA:609,5
DA:610,5
DA:612,313
DA:614,313
DA:615,313
DA:617,313
DA:618,313
DA:619,269
DA:620,269
DA:621,269
DA:623,44
DA:624,44
DA:643,318
DA:644,562
DA:646,318
DA:656,370
DA:665,19
DA:666,19
DA:667,19
LF:158
LH:155
BRDA:58,0,0,408
BRDA:58,0,1,404
BRDA:77,1,0,410
BRDA:84,2,0,1
BRDA:84,2,1,408
BRDA:94,3,0,8
BRDA:94,3,1,400
BRDA:94,4,0,408
BRDA:94,4,1,8
BRDA:97,5,0,19
BRDA:97,5,1,391
BRDA:250,6,0,46
BRDA:250,6,1,45
BRDA:255,7,0,46
BRDA:255,7,1,0
BRDA:258,8,0,46
BRDA:258,8,1,45
BRDA:259,9,0,46
BRDA:259,9,1,45
BRDA:261,10,0,46
BRDA:261,10,1,45
BRDA:266,11,0,46
BRDA:266,11,1,45
BRDA:267,12,0,46
BRDA:267,12,1,10
BRDA:268,13,0,46
BRDA:268,13,1,41
BRDA:269,14,0,46
BRDA:269,14,1,46
BRDA:283,15,0,2783
BRDA:284,16,0,2737
BRDA:284,16,1,46
BRDA:322,17,0,28
BRDA:322,17,1,285
BRDA:325,18,0,2
BRDA:325,18,1,654
BRDA:325,19,0,656
BRDA:325,19,1,655
BRDA:327,20,0,200
BRDA:327,20,1,454
BRDA:329,21,0,452
BRDA:329,21,1,2
BRDA:329,22,0,454
BRDA:329,22,1,3
BRDA:352,23,0,0
BRDA:352,23,1,61
BRDA:353,24,0,42
BRDA:353,24,1,19
BRDA:354,25,0,42
BRDA:354,25,1,0
BRDA:355,26,0,42
BRDA:355,26,1,40
BRDA:361,27,0,6
BRDA:361,27,1,13
BRDA:376,28,0,1
BRDA:376,28,1,3
BRDA:390,29,0,265
BRDA:390,29,1,5
BRDA:400,30,0,4
BRDA:400,30,1,5
BRDA:403,31,0,1
BRDA:403,31,1,4
BRDA:415,32,0,4
BRDA:415,32,1,1
BRDA:442,33,0,2
BRDA:442,33,1,4
BRDA:442,34,0,6
BRDA:442,34,1,5
BRDA:462,35,0,279
BRDA:462,35,1,276
BRDA:463,36,0,279
BRDA:463,36,1,0
BRDA:465,37,0,279
BRDA:465,37,1,3
BRDA:465,37,2,2
BRDA:469,38,0,1
BRDA:469,38,1,278
BRDA:493,39,0,38
BRDA:493,39,1,290
BRDA:505,40,0,9
BRDA:505,40,1,270
BRDA:510,41,0,8
BRDA:510,41,1,1
BRDA:510,42,0,9
BRDA:510,42,1,8
BRDA:515,43,0,0
BRDA:515,43,1,8
BRDA:519,44,0,2
BRDA:519,44,1,6
BRDA:550,45,0,278
BRDA:550,45,1,35
BRDA:563,46,0,1
BRDA:563,46,1,43
BRDA:570,47,0,33
BRDA:570,47,1,10
BRDA:572,48,0,10
BRDA:572,48,1,0
BRDA:594,49,0,0
BRDA:594,49,1,318
BRDA:607,50,0,5
BRDA:607,50,1,313
BRDA:643,51,0,289
BRDA:643,51,1,29
BRDA:670,52,0,5
BRDA:670,52,1,14
BRF:105
BRH:98
end_of_record
TN:
SF:src/clients/ep/committeeClient.ts
FN:35,(anonymous_0)
FN:41,(anonymous_1)
FN:52,(anonymous_2)
FN:68,(anonymous_3)
FN:88,(anonymous_4)
FN:115,(anonymous_5)
FN:139,(anonymous_6)
FN:154,(anonymous_7)
FN:167,(anonymous_8)
FNF:9
FNH:8
FNDA:342,(anonymous_0)
FNDA:32,(anonymous_1)
FNDA:14,(anonymous_2)
FNDA:14,(anonymous_3)
FNDA:4,(anonymous_4)
FNDA:14,(anonymous_5)
FNDA:0,(anonymous_6)
FNDA:7,(anonymous_7)
FNDA:18,(anonymous_8)
DA:36,342
DA:42,32
DA:53,14
DA:54,14
DA:55,14
DA:58,4
DA:59,4
DA:61,1
DA:69,14
DA:70,14
DA:71,10
DA:72,10
DA:76,4
DA:77,0
DA:81,4
DA:89,4
DA:93,4
DA:95,4
DA:96,4
DA:97,4
DA:98,3
DA:101,1
DA:119,14
DA:120,14
DA:121,14
DA:122,14
DA:123,13
DA:124,13
DA:126,1
DA:131,1
DA:143,0
DA:158,7
DA:159,7
DA:161,7
DA:166,6
DA:167,18
DA:168,7
DA:169,7
LF:38
LH:36
BRDA:35,0,0,342
BRDA:53,1,0,14
BRDA:53,1,1,0
BRDA:55,2,0,10
BRDA:55,2,1,4
BRDA:59,3,0,3
BRDA:59,3,1,1
BRDA:61,4,0,1
BRDA:61,4,1,0
BRDA:71,5,0,10
BRDA:71,5,1,0
BRDA:72,6,0,10
BRDA:72,6,1,0
BRDA:76,7,0,0
BRDA:76,7,1,4
BRDA:76,8,0,4
BRDA:76,8,1,4
BRDA:97,9,0,3
BRDA:97,9,1,1
BRDA:97,10,0,4
BRDA:97,10,1,1
BRDA:121,11,0,14
BRDA:121,11,1,2
BRDA:121,11,2,0
BRDA:129,12,0,1
BRDA:129,12,1,0
BRDA:139,13,0,0
BRDA:145,14,0,0
BRDA:145,14,1,0
BRDA:146,15,0,0
BRDA:146,15,1,0
BRDA:154,16,0,7
BRDA:158,17,0,7
BRDA:158,17,1,3
BRDA:159,18,0,7
BRDA:159,18,1,4
BRDA:166,19,0,6
BRDA:166,19,1,0
BRDA:169,20,0,1
BRDA:169,20,1,5
BRF:40
BRH:27
end_of_record
TN:
SF:src/clients/ep/documentClient.ts
FN:36,(anonymous_0)
FN:42,(anonymous_1)
FN:52,(anonymous_2)
FN:85,(anonymous_3)
FN:92,(anonymous_4)
FN:101,(anonymous_5)
FN:107,(anonymous_6)
FN:123,(anonymous_7)
FN:150,(anonymous_8)
FN:186,(anonymous_9)
FN:202,(anonymous_10)
FN:211,(anonymous_11)
FN:227,(anonymous_12)
FN:236,(anonymous_13)
FN:250,(anonymous_14)
FN:259,(anonymous_15)
FN:272,(anonymous_16)
FN:281,(anonymous_17)
FN:297,(anonymous_18)
FN:306,(anonymous_19)
FN:321,(anonymous_20)
FN:336,(anonymous_21)
FN:351,(anonymous_22)
FN:366,(anonymous_23)
FN:383,(anonymous_24)
FN:396,(anonymous_25)
FN:409,(anonymous_26)
FN:422,(anonymous_27)
FN:435,(anonymous_28)
FNF:29
FNH:23
FNDA:342,(anonymous_0)
FNDA:108,(anonymous_1)
FNDA:15,(anonymous_2)
FNDA:15,(anonymous_3)
FNDA:74,(anonymous_4)
FNDA:2,(anonymous_5)
FNDA:0,(anonymous_6)
FNDA:15,(anonymous_7)
FNDA:74,(anonymous_8)
FNDA:4,(anonymous_9)
FNDA:5,(anonymous_10)
FNDA:4,(anonymous_11)
FNDA:5,(anonymous_12)
FNDA:3,(anonymous_13)
FNDA:4,(anonymous_14)
FNDA:4,(anonymous_15)
FNDA:5,(anonymous_16)
FNDA:5,(anonymous_17)
FNDA:5,(anonymous_18)
FNDA:0,(anonymous_19)
FNDA:0,(anonymous_20)
FNDA:0,(anonymous_21)
FNDA:0,(anonymous_22)
FNDA:0,(anonymous_23)
FNDA:4,(anonymous_24)
FNDA:4,(anonymous_25)
FNDA:4,(anonymous_26)
FNDA:4,(anonymous_27)
FNDA:4,(anonymous_28)
DA:37,342
DA:43,108
DA:58,15
DA:59,15
DA:60,15
DA:61,15
DA:62,4
DA:72,4
DA:75,15
DA:76,1
DA:78,15
DA:89,15
DA:90,15
DA:91,15
DA:92,15
DA:94,74
DA:99,15
DA:100,1
DA:101,1
DA:102,2
DA:105,15
DA:106,0
DA:107,0
DA:109,15
DA:132,15
DA:133,15
DA:134,15
DA:135,0
DA:137,15
DA:138,15
DA:140,15
DA:145,15
DA:146,15
DA:147,15
DA:148,15
DA:150,74
DA:151,15
DA:153,15
DA:154,15
DA:170,15
DA:171,15
DA:173,0
DA:178,0
DA:191,4
DA:192,4
DA:193,4
DA:198,4
DA:200,4
DA:201,3
DA:202,5
DA:203,4
DA:204,4
DA:216,4
DA:217,4
DA:218,4
DA:223,4
DA:225,4
DA:226,3
DA:227,5
DA:228,4
DA:229,4
DA:240,3
DA:241,3
DA:243,3
DA:249,2
DA:250,4
DA:251,3
DA:252,3
DA:263,4
DA:264,4
DA:266,4
DA:271,3
DA:272,5
DA:273,4
DA:274,4
DA:286,5
DA:287,5
DA:288,5
DA:293,5
DA:295,5
DA:296,4
DA:297,5
DA:298,5
DA:299,5
DA:310,0
DA:325,0
DA:340,0
DA:355,0
DA:371,0
DA:384,4
DA:385,2
DA:389,2
DA:397,4
DA:398,2
DA:402,2
DA:410,4
DA:411,2
DA:415,2
DA:423,4
DA:424,2
DA:428,2
DA:436,4
DA:437,2
DA:441,2
LF:104
LH:94
BRDA:36,0,0,342
BRDA:59,1,0,15
BRDA:59,1,1,0
BRDA:60,2,0,3
BRDA:60,2,1,12
BRDA:61,3,0,4
BRDA:61,3,1,11
BRDA:61,4,0,15
BRDA:61,4,1,4
BRDA:73,5,0,4
BRDA:73,5,1,0
BRDA:75,6,0,1
BRDA:75,6,1,14
BRDA:75,7,0,15
BRDA:75,7,1,1
BRDA:90,8,0,15
BRDA:90,8,1,0
BRDA:90,9,0,15
BRDA:90,9,1,15
BRDA:94,10,0,74
BRDA:94,10,1,32
BRDA:94,10,2,32
BRDA:99,11,0,1
BRDA:99,11,1,14
BRDA:99,12,0,15
BRDA:99,12,1,1
BRDA:105,13,0,0
BRDA:105,13,1,15
BRDA:105,14,0,15
BRDA:105,14,1,0
BRDA:134,15,0,0
BRDA:134,15,1,15
BRDA:137,16,0,15
BRDA:137,16,1,0
BRDA:138,17,0,15
BRDA:138,17,1,12
BRDA:164,18,0,2
BRDA:164,18,1,13
BRDA:176,19,0,0
BRDA:176,19,1,0
BRDA:186,20,0,4
BRDA:191,21,0,4
BRDA:191,21,1,3
BRDA:192,22,0,4
BRDA:192,22,1,4
BRDA:198,23,0,1
BRDA:198,23,1,3
BRDA:201,24,0,3
BRDA:201,24,1,0
BRDA:204,25,0,0
BRDA:204,25,1,3
BRDA:211,26,0,4
BRDA:216,27,0,4
BRDA:216,27,1,3
BRDA:217,28,0,4
BRDA:217,28,1,4
BRDA:223,29,0,1
BRDA:223,29,1,3
BRDA:226,30,0,3
BRDA:226,30,1,0
BRDA:229,31,0,0
BRDA:229,31,1,3
BRDA:236,32,0,3
BRDA:240,33,0,3
BRDA:240,33,1,2
BRDA:241,34,0,3
BRDA:241,34,1,3
BRDA:249,35,0,2
BRDA:249,35,1,0
BRDA:252,36,0,0
BRDA:252,36,1,2
BRDA:259,37,0,4
BRDA:263,38,0,4
BRDA:263,38,1,3
BRDA:264,39,0,4
BRDA:264,39,1,4
BRDA:271,40,0,3
BRDA:271,40,1,0
BRDA:274,41,0,0
BRDA:274,41,1,3
BRDA:281,42,0,5
BRDA:286,43,0,5
BRDA:286,43,1,4
BRDA:287,44,0,5
BRDA:287,44,1,5
BRDA:293,45,0,1
BRDA:293,45,1,4
BRDA:296,46,0,4
BRDA:296,46,1,0
BRDA:299,47,0,0
BRDA:299,47,1,4
BRDA:306,48,0,0
BRDA:312,49,0,0
BRDA:312,49,1,0
BRDA:313,50,0,0
BRDA:313,50,1,0
BRDA:321,51,0,0
BRDA:327,52,0,0
BRDA:327,52,1,0
BRDA:328,53,0,0
BRDA:328,53,1,0
BRDA:336,54,0,0
BRDA:342,55,0,0
BRDA:342,55,1,0
BRDA:343,56,0,0
BRDA:343,56,1,0
BRDA:351,57,0,0
BRDA:357,58,0,0
BRDA:357,58,1,0
BRDA:358,59,0,0
BRDA:358,59,1,0
BRDA:366,60,0,0
BRDA:373,61,0,0
BRDA:373,61,1,0
BRDA:374,62,0,0
BRDA:374,62,1,0
BRDA:375,63,0,0
BRDA:375,63,1,0
BRDA:384,64,0,2
BRDA:384,64,1,2
BRDA:397,65,0,2
BRDA:397,65,1,2
BRDA:410,66,0,2
BRDA:410,66,1,2
BRDA:423,67,0,2
BRDA:423,67,1,2
BRDA:436,68,0,2
BRDA:436,68,1,2
BRF:128
BRH:82
end_of_record
TN:
SF:src/clients/ep/index.ts
FNF:0
FNH:0
LF:0
LH:0
BRF:0
BRH:0
end_of_record
TN:
SF:src/clients/ep/jsonLdHelpers.ts
FN:21,toSafeString
FN:35,firstDefined
FN:55,extractField
FN:78,extractDateValue
FN:100,extractActivityDate
FN:125,extractTextFromLangArray
FN:152,extractMultilingualText
FN:172,extractMemberIds
FN:193,extractAuthorId
FN:211,extractDocumentRefs
FN:215,(anonymous_10)
FN:222,(anonymous_11)
FN:235,mapDocumentType
FN:238,(anonymous_13)
FN:247,mapDocumentStatus
FN:249,(anonymous_15)
FN:260,extractLocation
FN:274,extractVoteCount
FN:297,determineVoteOutcome
FN:313,mapQuestionType
FNF:20
FNH:20
FNDA:6632,toSafeString
FNDA:4421,firstDefined
FNDA:1751,extractField
FNDA:616,extractDateValue
FNDA:86,extractActivityDate
FNDA:416,extractTextFromLangArray
FNDA:925,extractMultilingualText
FNDA:57,extractMemberIds
FNDA:217,extractAuthorId
FNDA:128,extractDocumentRefs
FNDA:27,(anonymous_10)
FNDA:27,(anonymous_11)
FNDA:143,mapDocumentType
FNDA:189,(anonymous_13)
FNDA:141,mapDocumentStatus
FNDA:736,(anonymous_15)
FNDA:46,extractLocation
FNDA:145,extractVoteCount
FNDA:51,determineVoteOutcome
FNDA:119,mapQuestionType
DA:22,6632
DA:23,1612
DA:24,1608
DA:25,1606
DA:36,4421
DA:37,6537
DA:39,1781
DA:56,1751
DA:57,2550
DA:58,2550
DA:59,1277
DA:62,3
DA:64,1274
DA:67,474
DA:79,616
DA:80,353
DA:81,284
DA:82,284
DA:84,69
DA:85,66
DA:86,66
DA:87,65
DA:88,65
DA:91,4
DA:101,86
DA:102,71
DA:103,67
DA:104,67
DA:105,66
DA:106,66
DA:109,5
DA:126,416
DA:127,416
DA:128,416
DA:129,426
DA:130,6
DA:131,6
DA:133,420
DA:134,417
DA:135,417
DA:136,417
DA:137,417
DA:138,7
DA:140,6
DA:141,5
DA:153,925
DA:154,610
DA:155,426
DA:156,424
DA:157,18
DA:158,18
DA:159,18
DA:161,0
DA:173,57
DA:174,57
DA:175,40
DA:176,40
DA:177,6
DA:178,34
DA:179,34
DA:180,34
DA:181,34
DA:184,40
DA:194,217
DA:195,50
DA:196,6
DA:198,44
DA:199,4
DA:200,4
DA:202,40
DA:212,128
DA:213,21
DA:214,19
DA:215,19
DA:216,27
DA:217,9
DA:218,9
DA:219,9
DA:221,0
DA:222,27
DA:224,0
DA:236,143
DA:237,143
DA:238,189
DA:248,141
DA:249,736
DA:261,46
DA:262,14
DA:263,10
DA:275,145
DA:276,132
DA:277,13
DA:278,5
DA:279,5
DA:281,8
DA:282,6
DA:283,6
DA:284,4
DA:286,2
DA:302,51
DA:303,47
DA:304,44
DA:314,119
DA:315,7
DA:317,112
LF:105
LH:102
BRDA:22,0,0,5020
BRDA:22,0,1,1612
BRDA:23,1,0,4
BRDA:23,1,1,1608
BRDA:24,2,0,2
BRDA:24,2,1,1606
BRDA:37,3,0,2640
BRDA:37,3,1,3897
BRDA:58,4,0,1277
BRDA:58,4,1,1273
BRDA:58,5,0,2550
BRDA:58,5,1,1278
BRDA:59,6,0,3
BRDA:59,6,1,1274
BRDA:59,7,0,1277
BRDA:59,7,1,4
BRDA:79,8,0,263
BRDA:79,8,1,353
BRDA:79,9,0,616
BRDA:79,9,1,615
BRDA:80,10,0,284
BRDA:80,10,1,69
BRDA:82,11,0,284
BRDA:82,11,1,0
BRDA:84,12,0,66
BRDA:84,12,1,3
BRDA:84,13,0,69
BRDA:84,13,1,67
BRDA:86,14,0,65
BRDA:86,14,1,1
BRDA:88,15,0,65
BRDA:88,15,1,0
BRDA:101,16,0,15
BRDA:101,16,1,71
BRDA:101,17,0,86
BRDA:101,17,1,84
BRDA:102,18,0,67
BRDA:102,18,1,4
BRDA:102,19,0,71
BRDA:102,19,1,68
BRDA:104,20,0,66
BRDA:104,20,1,1
BRDA:106,21,0,66
BRDA:106,21,1,0
BRDA:129,22,0,6
BRDA:129,22,1,420
BRDA:133,23,0,3
BRDA:133,23,1,417
BRDA:133,24,0,420
BRDA:133,24,1,418
BRDA:137,25,0,410
BRDA:137,25,1,7
BRDA:137,26,0,417
BRDA:137,26,1,8
BRDA:138,27,0,6
BRDA:138,27,1,1
BRDA:140,28,0,1
BRDA:140,28,1,5
BRDA:153,29,0,315
BRDA:153,29,1,610
BRDA:153,30,0,925
BRDA:153,30,1,924
BRDA:154,31,0,184
BRDA:154,31,1,426
BRDA:155,32,0,2
BRDA:155,32,1,424
BRDA:155,33,0,426
BRDA:155,33,1,425
BRDA:156,34,0,406
BRDA:156,34,1,18
BRDA:157,35,0,18
BRDA:157,35,1,0
BRDA:159,36,0,18
BRDA:159,36,1,4
BRDA:159,36,2,3
BRDA:174,37,0,17
BRDA:174,37,1,40
BRDA:176,38,0,6
BRDA:176,38,1,34
BRDA:178,39,0,34
BRDA:178,39,1,0
BRDA:178,40,0,34
BRDA:178,40,1,34
BRDA:180,41,0,34
BRDA:180,41,1,4
BRDA:180,41,2,2
BRDA:181,42,0,33
BRDA:181,42,1,1
BRDA:194,43,0,167
BRDA:194,43,1,50
BRDA:195,44,0,6
BRDA:195,44,1,44
BRDA:195,45,0,50
BRDA:195,45,1,7
BRDA:198,46,0,4
BRDA:198,46,1,40
BRDA:198,47,0,44
BRDA:198,47,1,5
BRDA:200,48,0,4
BRDA:200,48,1,3
BRDA:212,49,0,107
BRDA:212,49,1,21
BRDA:212,50,0,128
BRDA:212,50,1,127
BRDA:213,51,0,2
BRDA:213,51,1,19
BRDA:214,52,0,19
BRDA:214,52,1,0
BRDA:216,53,0,18
BRDA:216,53,1,9
BRDA:217,54,0,9
BRDA:217,54,1,0
BRDA:217,55,0,9
BRDA:217,55,1,9
BRDA:219,56,0,9
BRDA:219,56,1,4
BRDA:219,56,2,1
BRDA:236,57,0,133
BRDA:236,57,1,10
BRDA:238,58,0,143
BRDA:238,58,1,4
BRDA:249,59,0,141
BRDA:249,59,1,44
BRDA:261,60,0,32
BRDA:261,60,1,14
BRDA:262,61,0,4
BRDA:262,61,1,10
BRDA:275,62,0,13
BRDA:275,62,1,132
BRDA:275,63,0,145
BRDA:275,63,1,144
BRDA:276,64,0,119
BRDA:276,64,1,13
BRDA:277,65,0,5
BRDA:277,65,1,8
BRDA:279,66,0,2
BRDA:279,66,1,3
BRDA:281,67,0,2
BRDA:281,67,1,6
BRDA:283,68,0,4
BRDA:283,68,1,2
BRDA:302,69,0,4
BRDA:302,69,1,47
BRDA:302,70,0,51
BRDA:302,70,1,48
BRDA:303,71,0,3
BRDA:303,71,1,44
BRDA:304,72,0,43
BRDA:304,72,1,1
BRDA:314,73,0,7
BRDA:314,73,1,112
BRDA:314,74,0,119
BRDA:314,74,1,116
BRDA:314,74,2,114
BRF:154
BRH:147
end_of_record
TN:
SF:src/clients/ep/legislativeClient.ts
FN:37,(anonymous_0)
FN:43,(anonymous_1)
FN:47,(anonymous_2)
FN:51,(anonymous_3)
FN:64,(anonymous_4)
FN:80,(anonymous_5)
FN:98,(anonymous_6)
FN:120,(anonymous_7)
FN:136,(anonymous_8)
FN:147,(anonymous_9)
FN:163,(anonymous_10)
FN:172,(anonymous_11)
FN:189,(anonymous_12)
FN:209,(anonymous_13)
FN:240,(anonymous_14)
FNF:15
FNH:12
FNDA:342,(anonymous_0)
FNDA:74,(anonymous_1)
FNDA:8,(anonymous_2)
FNDA:4,(anonymous_3)
FNDA:14,(anonymous_4)
FNDA:72,(anonymous_5)
FNDA:4,(anonymous_6)
FNDA:5,(anonymous_7)
FNDA:4,(anonymous_8)
FNDA:5,(anonymous_9)
FNDA:6,(anonymous_10)
FNDA:0,(anonymous_11)
FNDA:0,(anonymous_12)
FNDA:0,(anonymous_13)
FNDA:4,(anonymous_14)
DA:38,342
DA:44,74
DA:48,8
DA:52,4
DA:69,14
DA:70,14
DA:71,14
DA:76,14
DA:78,14
DA:79,13
DA:80,72
DA:81,14
DA:82,14
DA:99,4
DA:100,2
DA:102,2
DA:106,2
DA:107,2
DA:108,0
DA:110,2
DA:124,5
DA:125,2
DA:127,3
DA:128,5
DA:130,5
DA:135,3
DA:136,5
DA:137,5
DA:138,5
DA:152,5
DA:153,5
DA:154,5
DA:159,5
DA:161,5
DA:162,4
DA:163,6
DA:164,5
DA:165,5
DA:177,0
DA:194,0
DA:210,0
DA:211,0
DA:213,0
DA:214,0
DA:216,0
DA:221,0
DA:222,0
DA:223,0
DA:228,0
DA:233,0
DA:241,4
DA:242,2
DA:246,2
LF:53
LH:40
BRDA:37,0,0,342
BRDA:64,1,0,14
BRDA:69,2,0,14
BRDA:69,2,1,3
BRDA:70,3,0,14
BRDA:70,3,1,12
BRDA:76,4,0,1
BRDA:76,4,1,13
BRDA:79,5,0,13
BRDA:79,5,1,0
BRDA:82,6,0,9
BRDA:82,6,1,4
BRDA:99,7,0,2
BRDA:99,7,1,2
BRDA:107,8,0,0
BRDA:107,8,1,2
BRDA:107,9,0,2
BRDA:107,9,1,0
BRDA:122,10,0,5
BRDA:124,11,0,2
BRDA:124,11,1,3
BRDA:127,12,0,3
BRDA:127,12,1,2
BRDA:128,13,0,5
BRDA:128,13,1,3
BRDA:135,14,0,3
BRDA:135,14,1,0
BRDA:138,15,0,0
BRDA:138,15,1,3
BRDA:147,16,0,5
BRDA:152,17,0,5
BRDA:152,17,1,2
BRDA:153,18,0,5
BRDA:153,18,1,5
BRDA:159,19,0,1
BRDA:159,19,1,4
BRDA:162,20,0,4
BRDA:162,20,1,0
BRDA:165,21,0,2
BRDA:165,21,1,2
BRDA:172,22,0,0
BRDA:179,23,0,0
BRDA:179,23,1,0
BRDA:180,24,0,0
BRDA:180,24,1,0
BRDA:181,25,0,0
BRDA:181,25,1,0
BRDA:189,26,0,0
BRDA:196,27,0,0
BRDA:196,27,1,0
BRDA:197,28,0,0
BRDA:197,28,1,0
BRDA:198,29,0,0
BRDA:198,29,1,0
BRDA:210,30,0,0
BRDA:210,30,1,0
BRDA:213,31,0,0
BRDA:213,31,1,0
BRDA:221,32,0,0
BRDA:221,32,1,0
BRDA:222,33,0,0
BRDA:222,33,1,0
BRDA:228,34,0,0
BRDA:228,34,1,0
BRDA:241,35,0,2
BRDA:241,35,1,2
BRF:66
BRH:36
end_of_record
TN:
SF:src/clients/ep/mepClient.ts
FN:45,(anonymous_0)
FN:51,(anonymous_1)
FN:55,(anonymous_2)
FN:59,(anonymous_3)
FN:69,(anonymous_4)
FN:88,(anonymous_5)
FN:96,(anonymous_6)
FN:100,(anonymous_7)
FN:108,(anonymous_8)
FN:121,(anonymous_9)
FN:131,(anonymous_10)
FN:155,(anonymous_11)
FN:175,(anonymous_12)
FN:207,(anonymous_13)
FN:251,(anonymous_14)
FN:279,(anonymous_15)
FN:287,(anonymous_16)
FN:301,(anonymous_17)
FN:310,(anonymous_18)
FN:324,(anonymous_19)
FN:333,(anonymous_20)
FN:347,(anonymous_21)
FN:357,(anonymous_22)
FN:374,(anonymous_23)
FN:385,(anonymous_24)
FN:400,(anonymous_25)
FN:418,(anonymous_26)
FNF:27
FNH:25
FNDA:342,(anonymous_0)
FNDA:436,(anonymous_1)
FNDA:6,(anonymous_2)
FNDA:9,(anonymous_3)
FNDA:28,(anonymous_4)
FNDA:7,(anonymous_5)
FNDA:45,(anonymous_6)
FNDA:11,(anonymous_7)
FNDA:7,(anonymous_8)
FNDA:55,(anonymous_9)
FNDA:14,(anonymous_10)
FNDA:28,(anonymous_11)
FNDA:218,(anonymous_12)
FNDA:6,(anonymous_13)
FNDA:15,(anonymous_14)
FNDA:73,(anonymous_15)
FNDA:5,(anonymous_16)
FNDA:29,(anonymous_17)
FNDA:5,(anonymous_18)
FNDA:30,(anonymous_19)
FNDA:6,(anonymous_20)
FNDA:31,(anonymous_21)
FNDA:7,(anonymous_22)
FNDA:7,(anonymous_23)
FNDA:0,(anonymous_24)
FNDA:0,(anonymous_25)
FNDA:4,(anonymous_26)
DA:46,342
DA:52,436
DA:56,6
DA:60,9
DA:77,28
DA:78,28
DA:79,28
DA:80,28
DA:81,28
DA:82,28
DA:83,28
DA:84,28
DA:93,7
DA:94,7
DA:95,6
DA:96,45
DA:98,7
DA:99,2
DA:100,2
DA:101,11
DA:104,7
DA:109,7
DA:110,7
DA:111,7
DA:112,7
DA:114,7
DA:115,7
DA:120,7
DA:121,55
DA:122,7
DA:123,7
DA:124,7
DA:127,7
DA:134,14
DA:136,7
DA:137,7
DA:138,7
DA:141,7
DA:142,7
DA:143,14
DA:163,28
DA:164,28
DA:165,28
DA:166,28
DA:168,28
DA:171,28
DA:172,28
DA:174,28
DA:175,218
DA:176,24
DA:177,24
DA:185,28
DA:186,28
DA:188,4
DA:193,4
DA:208,6
DA:209,6
DA:211,6
DA:212,6
DA:213,3
DA:214,3
DA:215,1
DA:218,6
DA:219,6
DA:220,6
DA:221,6
DA:222,6
DA:223,6
DA:225,0
DA:227,0
DA:232,0
DA:257,15
DA:258,15
DA:259,15
DA:261,15
DA:263,7
DA:264,7
DA:265,7
DA:269,8
DA:275,7
DA:279,73
DA:280,15
DA:291,5
DA:292,5
DA:294,5
DA:300,4
DA:301,29
DA:302,5
DA:303,5
DA:314,5
DA:315,5
DA:317,5
DA:323,4
DA:324,30
DA:325,5
DA:326,5
DA:337,6
DA:338,6
DA:340,6
DA:346,5
DA:347,31
DA:348,6
DA:349,6
DA:362,7
DA:363,7
DA:365,7
DA:370,7
DA:372,7
DA:373,6
DA:374,7
DA:376,7
DA:377,7
DA:378,7
DA:389,0
DA:405,0
DA:419,4
DA:420,2
DA:422,2
DA:426,2
DA:427,2
DA:428,2
LF:121
LH:116
BRDA:45,0,0,342
BRDA:78,1,0,27
BRDA:78,1,1,1
BRDA:79,2,0,9
BRDA:79,2,1,19
BRDA:80,3,0,3
BRDA:80,3,1,25
BRDA:81,4,0,0
BRDA:81,4,1,28
BRDA:82,5,0,0
BRDA:82,5,1,28
BRDA:83,6,0,0
BRDA:83,6,1,28
BRDA:83,7,0,0
BRDA:83,7,1,0
BRDA:94,8,0,6
BRDA:94,8,1,1
BRDA:98,9,0,2
BRDA:98,9,1,5
BRDA:120,10,0,7
BRDA:120,10,1,0
BRDA:134,11,0,7
BRDA:134,11,1,7
BRDA:142,12,0,1
BRDA:142,12,1,6
BRDA:165,13,0,28
BRDA:165,13,1,1
BRDA:166,14,0,28
BRDA:166,14,1,19
BRDA:179,15,0,7
BRDA:179,15,1,17
BRDA:191,16,0,4
BRDA:191,16,1,0
BRDA:212,17,0,3
BRDA:212,17,1,3
BRDA:214,18,0,1
BRDA:214,18,1,2
BRDA:220,19,0,6
BRDA:220,19,1,0
BRDA:221,20,0,6
BRDA:221,20,1,0
BRDA:230,21,0,0
BRDA:230,21,1,0
BRDA:251,22,0,15
BRDA:257,23,0,15
BRDA:257,23,1,2
BRDA:258,24,0,15
BRDA:258,24,1,11
BRDA:259,25,0,15
BRDA:259,25,1,9
BRDA:261,26,0,7
BRDA:261,26,1,8
BRDA:275,27,0,7
BRDA:275,27,1,0
BRDA:287,28,0,5
BRDA:291,29,0,5
BRDA:291,29,1,2
BRDA:292,30,0,5
BRDA:292,30,1,3
BRDA:300,31,0,4
BRDA:300,31,1,0
BRDA:303,32,0,1
BRDA:303,32,1,3
BRDA:310,33,0,5
BRDA:314,34,0,5
BRDA:314,34,1,2
BRDA:315,35,0,5
BRDA:315,35,1,3
BRDA:323,36,0,4
BRDA:323,36,1,0
BRDA:326,37,0,1
BRDA:326,37,1,3
BRDA:333,38,0,6
BRDA:337,39,0,6
BRDA:337,39,1,2
BRDA:338,40,0,6
BRDA:338,40,1,4
BRDA:346,41,0,5
BRDA:346,41,1,0
BRDA:349,42,0,1
BRDA:349,42,1,4
BRDA:357,43,0,7
BRDA:362,44,0,7
BRDA:362,44,1,3
BRDA:363,45,0,7
BRDA:363,45,1,7
BRDA:370,46,0,1
BRDA:370,46,1,6
BRDA:373,47,0,6
BRDA:373,47,1,0
BRDA:378,48,0,3
BRDA:378,48,1,3
BRDA:385,49,0,0
BRDA:391,50,0,0
BRDA:391,50,1,0
BRDA:392,51,0,0
BRDA:392,51,1,0
BRDA:400,52,0,0
BRDA:407,53,0,0
BRDA:407,53,1,0
BRDA:408,54,0,0
BRDA:408,54,1,0
BRDA:409,55,0,0
BRDA:409,55,1,0
BRDA:419,56,0,2
BRDA:419,56,1,2
BRF:106
BRH:78
end_of_record
TN:
SF:src/clients/ep/plenaryClient.ts
FN:41,(anonymous_0)
FN:47,(anonymous_1)
FN:51,(anonymous_2)
FN:55,(anonymous_3)
FN:59,(anonymous_4)
FN:73,(anonymous_5)
FN:105,(anonymous_6)
FN:126,(anonymous_7)
FN:130,(anonymous_8)
FN:157,(anonymous_9)
FN:176,(anonymous_10)
FN:185,(anonymous_11)
FN:204,(anonymous_12)
FN:213,(anonymous_13)
FN:232,(anonymous_14)
FN:241,(anonymous_15)
FN:260,(anonymous_16)
FN:269,(anonymous_17)
FN:288,(anonymous_18)
FN:297,(anonymous_19)
FN:314,(anonymous_20)
FN:335,(anonymous_21)
FN:344,(anonymous_22)
FN:361,(anonymous_23)
FNF:24
FNH:23
FNDA:342,(anonymous_0)
FNDA:31,(anonymous_1)
FNDA:9,(anonymous_2)
FNDA:11,(anonymous_3)
FNDA:16,(anonymous_4)
FNDA:9,(anonymous_5)
FNDA:9,(anonymous_6)
FNDA:29,(anonymous_7)
FNDA:10,(anonymous_8)
FNDA:8,(anonymous_9)
FNDA:7,(anonymous_10)
FNDA:5,(anonymous_11)
FNDA:4,(anonymous_12)
FNDA:5,(anonymous_13)
FNDA:4,(anonymous_14)
FNDA:16,(anonymous_15)
FNDA:8,(anonymous_16)
FNDA:10,(anonymous_17)
FNDA:4,(anonymous_18)
FNDA:4,(anonymous_19)
FNDA:7,(anonymous_20)
FNDA:7,(anonymous_21)
FNDA:0,(anonymous_22)
FNDA:4,(anonymous_23)
DA:42,342
DA:48,31
DA:52,9
DA:56,11
DA:60,16
DA:80,9
DA:83,9
DA:84,9
DA:85,9
DA:86,9
DA:87,9
DA:88,9
DA:113,9
DA:114,9
DA:115,9
DA:116,9
DA:118,9
DA:121,9
DA:122,9
DA:124,9
DA:125,9
DA:126,29
DA:128,9
DA:129,1
DA:130,10
DA:132,9
DA:133,9
DA:141,9
DA:142,9
DA:144,0
DA:149,0
DA:161,8
DA:162,2
DA:164,6
DA:165,0
DA:167,6
DA:168,8
DA:170,8
DA:175,5
DA:176,8
DA:177,8
DA:178,8
DA:189,5
DA:190,2
DA:192,3
DA:193,0
DA:195,3
DA:196,5
DA:198,5
DA:203,2
DA:204,5
DA:205,5
DA:206,5
DA:217,5
DA:218,2
DA:220,3
DA:221,0
DA:223,3
DA:224,5
DA:226,5
DA:231,3
DA:232,5
DA:233,5
DA:234,5
DA:245,16
DA:246,2
DA:248,14
DA:249,4
DA:251,10
DA:252,16
DA:254,16
DA:259,6
DA:260,16
DA:261,16
DA:262,16
DA:273,10
DA:274,2
DA:276,8
DA:277,4
DA:279,4
DA:280,10
DA:282,10
DA:287,3
DA:288,10
DA:289,10
DA:290,10
DA:298,4
DA:299,2
DA:301,2
DA:305,2
DA:321,7
DA:322,7
DA:324,7
DA:329,7
DA:330,7
DA:331,7
DA:333,7
DA:334,6
DA:335,7
DA:336,7
DA:337,7
DA:349,0
DA:362,4
DA:363,2
DA:365,2
DA:369,2
LF:106
LH:100
BRDA:41,0,0,342
BRDA:83,1,0,9
BRDA:83,1,1,0
BRDA:84,2,0,2
BRDA:84,2,1,7
BRDA:85,3,0,1
BRDA:85,3,1,8
BRDA:86,4,0,0
BRDA:86,4,1,9
BRDA:87,5,0,0
BRDA:87,5,1,9
BRDA:115,6,0,9
BRDA:115,6,1,0
BRDA:116,7,0,9
BRDA:116,7,1,7
BRDA:128,8,0,1
BRDA:128,8,1,8
BRDA:128,9,0,9
BRDA:128,9,1,1
BRDA:135,10,0,6
BRDA:135,10,1,3
BRDA:147,11,0,0
BRDA:147,11,1,0
BRDA:159,12,0,8
BRDA:161,13,0,2
BRDA:161,13,1,6
BRDA:164,14,0,0
BRDA:164,14,1,6
BRDA:167,15,0,6
BRDA:167,15,1,2
BRDA:168,16,0,8
BRDA:168,16,1,6
BRDA:175,17,0,5
BRDA:175,17,1,0
BRDA:178,18,0,3
BRDA:178,18,1,2
BRDA:187,19,0,5
BRDA:189,20,0,2
BRDA:189,20,1,3
BRDA:192,21,0,0
BRDA:192,21,1,3
BRDA:195,22,0,3
BRDA:195,22,1,2
BRDA:196,23,0,5
BRDA:196,23,1,3
BRDA:203,24,0,2
BRDA:203,24,1,0
BRDA:206,25,0,0
BRDA:206,25,1,2
BRDA:215,26,0,5
BRDA:217,27,0,2
BRDA:217,27,1,3
BRDA:220,28,0,0
BRDA:220,28,1,3
BRDA:223,29,0,3
BRDA:223,29,1,2
BRDA:224,30,0,5
BRDA:224,30,1,3
BRDA:231,31,0,3
BRDA:231,31,1,0
BRDA:234,32,0,0
BRDA:234,32,1,3
BRDA:243,33,0,16
BRDA:245,34,0,2
BRDA:245,34,1,14
BRDA:248,35,0,4
BRDA:248,35,1,10
BRDA:251,36,0,10
BRDA:251,36,1,9
BRDA:252,37,0,16
BRDA:252,37,1,10
BRDA:259,38,0,6
BRDA:259,38,1,0
BRDA:262,39,0,0
BRDA:262,39,1,6
BRDA:271,40,0,10
BRDA:273,41,0,2
BRDA:273,41,1,8
BRDA:276,42,0,4
BRDA:276,42,1,4
BRDA:279,43,0,4
BRDA:279,43,1,3
BRDA:280,44,0,10
BRDA:280,44,1,4
BRDA:287,45,0,3
BRDA:287,45,1,0
BRDA:290,46,0,0
BRDA:290,46,1,3
BRDA:298,47,0,2
BRDA:298,47,1,2
BRDA:314,48,0,7
BRDA:321,49,0,7
BRDA:321,49,1,4
BRDA:322,50,0,7
BRDA:322,50,1,7
BRDA:329,51,0,1
BRDA:329,51,1,6
BRDA:330,52,0,1
BRDA:330,52,1,6
BRDA:331,53,0,1
BRDA:331,53,1,6
BRDA:334,54,0,6
BRDA:334,54,1,0
BRDA:337,55,0,2
BRDA:337,55,1,4
BRDA:344,56,0,0
BRDA:351,57,0,0
BRDA:351,57,1,0
BRDA:352,58,0,0
BRDA:352,58,1,0
BRDA:353,59,0,0
BRDA:353,59,1,0
BRDA:362,60,0,2
BRDA:362,60,1,2
BRF:114
BRH:88
end_of_record
TN:
SF:src/clients/ep/questionClient.ts
FN:35,(anonymous_0)
FN:41,(anonymous_1)
FN:53,(anonymous_2)
FN:74,(anonymous_3)
FN:81,(anonymous_4)
FN:87,(anonymous_5)
FN:92,(anonymous_6)
FN:96,(anonymous_7)
FN:112,(anonymous_8)
FN:139,(anonymous_9)
FN:168,(anonymous_10)
FN:183,(anonymous_11)
FNF:12
FNH:10
FNDA:342,(anonymous_0)
FNDA:104,(anonymous_1)
FNDA:23,(anonymous_2)
FNDA:23,(anonymous_3)
FNDA:2,(anonymous_4)
FNDA:5,(anonymous_5)
FNDA:4,(anonymous_6)
FNDA:0,(anonymous_7)
FNDA:23,(anonymous_8)
FNDA:102,(anonymous_9)
FNDA:0,(anonymous_10)
FNDA:4,(anonymous_11)
DA:36,342
DA:44,104
DA:59,23
DA:60,23
DA:61,23
DA:62,23
DA:63,21
DA:64,23
DA:65,1
DA:67,23
DA:78,23
DA:79,23
DA:80,1
DA:81,1
DA:82,2
DA:85,23
DA:86,2
DA:87,2
DA:88,5
DA:91,23
DA:92,4
DA:94,23
DA:95,0
DA:96,0
DA:98,23
DA:122,23
DA:123,23
DA:124,23
DA:125,23
DA:127,23
DA:130,23
DA:131,23
DA:133,23
DA:138,23
DA:139,23
DA:140,102
DA:142,23
DA:143,23
DA:144,23
DA:152,23
DA:153,23
DA:155,0
DA:160,0
DA:172,0
DA:184,4
DA:185,2
DA:189,2
LF:47
LH:42
BRDA:35,0,0,342
BRDA:60,1,0,23
BRDA:60,1,1,0
BRDA:61,2,0,3
BRDA:61,2,1,20
BRDA:62,3,0,2
BRDA:62,3,1,21
BRDA:63,4,0,1
BRDA:63,4,1,20
BRDA:64,5,0,1
BRDA:64,5,1,22
BRDA:64,6,0,23
BRDA:64,6,1,1
BRDA:79,7,0,1
BRDA:79,7,1,22
BRDA:79,8,0,23
BRDA:79,8,1,1
BRDA:85,9,0,2
BRDA:85,9,1,21
BRDA:85,10,0,23
BRDA:85,10,1,2
BRDA:91,11,0,2
BRDA:91,11,1,21
BRDA:94,12,0,0
BRDA:94,12,1,23
BRDA:94,13,0,23
BRDA:94,13,1,0
BRDA:124,14,0,23
BRDA:124,14,1,0
BRDA:125,15,0,23
BRDA:125,15,1,20
BRDA:146,16,0,2
BRDA:146,16,1,21
BRDA:158,17,0,0
BRDA:158,17,1,0
BRDA:168,18,0,0
BRDA:174,19,0,0
BRDA:174,19,1,0
BRDA:175,20,0,0
BRDA:175,20,1,0
BRDA:184,21,0,2
BRDA:184,21,1,2
BRF:42
BRH:31
end_of_record
TN:
SF:src/clients/ep/transformers.ts
FN:48,resolveMEPId
FN:56,resolveMEPName
FN:64,extractMEPCommittees
FN:67,(anonymous_3)
FN:74,extractCodesFromUriArray
FN:83,(anonymous_5)
FN:89,(anonymous_6)
FN:96,transformMEP
FN:125,transformMEPDetails
FN:165,transformPlenarySession
FN:178,(anonymous_10)
FN:178,(anonymous_11)
FN:195,resolveActivityDate
FN:202,transformVoteResult
FN:224,resolveCommitteeName
FN:244,resolveCommitteeAbbreviation
FN:263,transformCorporateBody
FN:290,transformDocument
FN:318,transformParliamentaryQuestion
FN:349,extractSpeakerInfo
FN:367,extractDeclarationAuthor
FN:386,transformSpeech
FN:407,transformProcedure
FN:431,transformAdoptedText
FN:448,transformEvent
FN:466,transformMeetingActivity
FN:484,transformMEPDeclaration
FNF:27
FNH:27
FNDA:470,resolveMEPId
FNDA:470,resolveMEPName
FNDA:470,extractMEPCommittees
FNDA:4,(anonymous_3)
FNDA:15,extractCodesFromUriArray
FNDA:2,(anonymous_5)
FNDA:2,(anonymous_6)
FNDA:470,transformMEP
FNDA:13,transformMEPDetails
FNDA:40,transformPlenarySession
FNDA:7,(anonymous_10)
FNDA:7,(anonymous_11)
FNDA:82,resolveActivityDate
FNDA:42,transformVoteResult
FNDA:46,resolveCommitteeName
FNDA:46,resolveCommitteeAbbreviation
FNDA:46,transformCorporateBody
FNDA:132,transformDocument
FNDA:112,transformParliamentaryQuestion
FNDA:39,extractSpeakerInfo
FNDA:17,extractDeclarationAuthor
FNDA:39,transformSpeech
FNDA:79,transformProcedure
FNDA:15,transformAdoptedText
FNDA:18,transformEvent
FNDA:15,transformMeetingActivity
FNDA:17,transformMEPDeclaration
DA:49,470
DA:50,470
DA:51,470
DA:52,470
DA:57,470
DA:58,470
DA:59,470
DA:60,470
DA:65,470
DA:66,470
DA:67,4
DA:75,15
DA:76,1
DA:77,1
DA:78,1
DA:79,1
DA:81,14
DA:82,1
DA:84,2
DA:85,2
DA:86,2
DA:87,2
DA:89,2
DA:97,470
DA:98,470
DA:102,470
DA:103,470
DA:105,470
DA:106,470
DA:108,470
DA:117,470
DA:118,470
DA:119,470
DA:126,13
DA:130,13
DA:131,13
DA:132,1
DA:133,1
DA:136,13
DA:137,13
DA:138,13
DA:140,13
DA:141,7
DA:142,7
DA:143,7
DA:144,7
DA:149,13
DA:166,40
DA:168,40
DA:169,40
DA:170,40
DA:173,40
DA:174,40
DA:177,40
DA:178,7
DA:180,40
DA:184,40
DA:196,82
DA:203,42
DA:204,42
DA:205,42
DA:207,42
DA:208,42
DA:209,42
DA:211,42
DA:212,42
DA:214,42
DA:225,46
DA:231,46
DA:232,176
DA:233,176
DA:235,6
DA:245,46
DA:246,46
DA:247,10
DA:248,10
DA:249,2
DA:264,46
DA:265,46
DA:266,46
DA:267,46
DA:269,46
DA:270,46
DA:271,46
DA:273,46
DA:291,132
DA:292,132
DA:293,132
DA:294,132
DA:295,132
DA:296,132
DA:298,132
DA:307,132
DA:308,89
DA:310,132
DA:319,112
DA:320,112
DA:321,112
DA:322,112
DA:323,112
DA:324,112
DA:325,112
DA:327,112
DA:336,112
DA:337,14
DA:338,14
DA:340,112
DA:350,39
DA:351,39
DA:352,39
DA:353,39
DA:354,3
DA:355,3
DA:356,3
DA:358,39
DA:359,39
DA:360,39
DA:368,17
DA:369,17
DA:370,17
DA:371,1
DA:372,1
DA:373,1
DA:374,1
DA:375,1
DA:376,1
DA:380,17
DA:387,39
DA:389,39
DA:408,79
DA:409,79
DA:410,79
DA:411,79
DA:412,79
DA:432,15
DA:449,18
DA:467,15
DA:468,15
DA:470,15
DA:485,17
DA:486,17
LF:141
LH:141
BRDA:50,0,0,470
BRDA:50,0,1,2
BRDA:50,0,2,2
BRDA:51,1,0,470
BRDA:51,1,1,2
BRDA:52,2,0,2
BRDA:52,2,1,468
BRDA:57,3,0,470
BRDA:57,3,1,6
BRDA:58,4,0,470
BRDA:58,4,1,24
BRDA:59,5,0,470
BRDA:59,5,1,24
BRDA:60,6,0,470
BRDA:60,6,1,6
BRDA:60,6,2,4
BRDA:66,7,0,467
BRDA:66,7,1,3
BRDA:75,8,0,1
BRDA:75,8,1,14
BRDA:77,9,0,0
BRDA:77,9,1,1
BRDA:79,10,0,0
BRDA:79,10,1,1
BRDA:81,11,0,13
BRDA:81,11,1,1
BRDA:85,12,0,0
BRDA:85,12,1,2
BRDA:87,13,0,2
BRDA:87,13,1,0
BRDA:102,14,0,470
BRDA:102,14,1,32
BRDA:103,15,0,470
BRDA:103,15,1,33
BRDA:114,16,0,470
BRDA:114,16,1,469
BRDA:115,17,0,470
BRDA:115,17,1,469
BRDA:117,18,0,1
BRDA:117,18,1,469
BRDA:118,19,0,1
BRDA:118,19,1,469
BRDA:131,20,0,1
BRDA:131,20,1,12
BRDA:133,21,0,1
BRDA:133,21,1,0
BRDA:140,22,0,7
BRDA:140,22,1,6
BRDA:142,23,0,7
BRDA:142,23,1,0
BRDA:142,24,0,7
BRDA:142,24,1,7
BRDA:144,25,0,4
BRDA:144,25,1,3
BRDA:152,26,0,3
BRDA:152,26,1,10
BRDA:153,27,0,4
BRDA:153,27,1,9
BRDA:166,28,0,40
BRDA:166,28,1,2
BRDA:166,28,2,1
BRDA:174,29,0,3
BRDA:174,29,1,37
BRDA:177,30,0,3
BRDA:177,30,1,37
BRDA:181,31,0,40
BRDA:181,31,1,37
BRDA:196,32,0,82
BRDA:196,32,1,78
BRDA:203,33,0,42
BRDA:203,33,1,1
BRDA:203,33,2,1
BRDA:205,34,0,42
BRDA:205,34,1,2
BRDA:205,35,0,42
BRDA:205,35,1,41
BRDA:205,35,2,3
BRDA:207,36,0,42
BRDA:207,36,1,41
BRDA:208,37,0,42
BRDA:208,37,1,41
BRDA:209,38,0,42
BRDA:209,38,1,41
BRDA:211,39,0,42
BRDA:211,39,1,40
BRDA:233,40,0,40
BRDA:233,40,1,136
BRDA:246,41,0,36
BRDA:246,41,1,10
BRDA:248,42,0,8
BRDA:248,42,1,2
BRDA:248,43,0,10
BRDA:248,43,1,8
BRDA:267,44,0,45
BRDA:267,44,1,1
BRDA:269,45,0,46
BRDA:269,45,1,13
BRDA:271,46,0,41
BRDA:271,46,1,5
BRDA:275,47,0,40
BRDA:275,47,1,6
BRDA:292,48,0,132
BRDA:292,48,1,6
BRDA:292,48,2,6
BRDA:294,49,0,132
BRDA:294,49,1,131
BRDA:294,49,2,11
BRDA:294,49,3,11
BRDA:301,50,0,126
BRDA:301,50,1,6
BRDA:307,51,0,89
BRDA:307,51,1,43
BRDA:325,52,0,104
BRDA:325,52,1,8
BRDA:330,53,0,90
BRDA:330,53,1,22
BRDA:334,54,0,14
BRDA:334,54,1,98
BRDA:336,55,0,14
BRDA:336,55,1,98
BRDA:353,56,0,3
BRDA:353,56,1,36
BRDA:353,57,0,39
BRDA:353,57,1,3
BRDA:353,57,2,3
BRDA:356,58,0,3
BRDA:356,58,1,2
BRDA:358,59,0,36
BRDA:358,59,1,3
BRDA:358,60,0,36
BRDA:358,60,1,4
BRDA:359,61,0,38
BRDA:359,61,1,1
BRDA:359,62,0,38
BRDA:359,62,1,6
BRDA:368,63,0,17
BRDA:368,63,1,8
BRDA:369,64,0,17
BRDA:369,64,1,9
BRDA:370,65,0,1
BRDA:370,65,1,16
BRDA:370,66,0,17
BRDA:370,66,1,7
BRDA:372,67,0,1
BRDA:372,67,1,0
BRDA:374,68,0,1
BRDA:374,68,1,0
BRDA:375,69,0,1
BRDA:375,69,1,0
BRDA:376,70,0,1
BRDA:376,70,1,0
BRDA:392,71,0,39
BRDA:392,71,1,36
BRDA:392,71,2,4
BRDA:392,71,3,3
BRDA:395,72,0,39
BRDA:395,72,1,4
BRDA:398,73,0,39
BRDA:398,73,1,7
BRDA:398,73,2,7
BRDA:400,74,0,39
BRDA:400,74,1,36
BRDA:400,74,2,4
BRDA:400,74,3,4
BRDA:424,75,0,79
BRDA:424,75,1,68
BRDA:434,76,0,15
BRDA:434,76,1,3
BRDA:434,76,2,2
BRDA:438,77,0,15
BRDA:438,77,1,11
BRDA:438,77,2,3
BRDA:438,77,3,3
BRDA:441,78,0,15
BRDA:441,78,1,13
BRDA:441,79,0,13
BRDA:441,79,1,5
BRDA:441,79,2,5
BRDA:453,80,0,18
BRDA:453,80,1,18
BRDA:453,80,2,4
BRDA:453,80,3,4
BRDA:454,81,0,18
BRDA:454,81,1,5
BRDA:454,81,2,5
BRDA:455,82,0,18
BRDA:455,82,1,6
BRDA:467,83,0,15
BRDA:467,83,1,3
BRDA:468,84,0,11
BRDA:468,84,1,4
BRDA:472,85,0,15
BRDA:472,85,1,4
BRDA:472,85,2,4
BRDA:474,86,0,15
BRDA:474,86,1,4
BRDA:488,87,0,17
BRDA:488,87,1,7
BRDA:488,87,2,6
BRDA:493,88,0,17
BRDA:493,88,1,14
BRDA:493,88,2,6
BRDA:493,88,3,6
BRF:203
BRH:193
end_of_record
TN:
SF:src/clients/ep/vocabularyClient.ts
FN:27,(anonymous_0)
FN:40,(anonymous_1)
FN:62,(anonymous_2)
FN:80,(anonymous_3)
FNF:4
FNH:3
FNDA:342,(anonymous_0)
FNDA:7,(anonymous_1)
FNDA:0,(anonymous_2)
FNDA:4,(anonymous_3)
DA:28,342
DA:44,7
DA:45,7
DA:47,7
DA:53,6
DA:54,7
DA:55,7
DA:66,0
DA:83,4
DA:84,2
DA:86,2
DA:90,2
LF:12
LH:11
BRDA:27,0,0,342
BRDA:40,1,0,7
BRDA:44,2,0,7
BRDA:44,2,1,3
BRDA:45,3,0,7
BRDA:45,3,1,4
BRDA:53,4,0,6
BRDA:53,4,1,0
BRDA:55,5,0,1
BRDA:55,5,1,5
BRDA:62,6,0,0
BRDA:68,7,0,0
BRDA:68,7,1,0
BRDA:69,8,0,0
BRDA:69,8,1,0
BRDA:83,9,0,2
BRDA:83,9,1,2
BRF:17
BRH:11
end_of_record
TN:
SF:src/clients/ep/votingClient.ts
FN:37,(anonymous_0)
FN:43,(anonymous_1)
FN:50,(anonymous_2)
FN:60,(anonymous_3)
FN:68,(anonymous_4)
FN:75,(anonymous_5)
FN:100,(anonymous_6)
FN:119,(anonymous_7)
FN:126,(anonymous_8)
FN:132,(anonymous_9)
FN:136,(anonymous_10)
FN:152,(anonymous_11)
FN:210,(anonymous_12)
FN:231,(anonymous_13)
FN:240,(anonymous_14)
FNF:15
FNH:15
FNDA:342,(anonymous_0)
FNDA:34,(anonymous_1)
FNDA:33,(anonymous_2)
FNDA:7,(anonymous_3)
FNDA:28,(anonymous_4)
FNDA:3,(anonymous_5)
FNDA:6,(anonymous_6)
FNDA:10,(anonymous_7)
FNDA:2,(anonymous_8)
FNDA:4,(anonymous_9)
FNDA:1,(anonymous_10)
FNDA:10,(anonymous_11)
FNDA:12,(anonymous_12)
FNDA:31,(anonymous_13)
FNDA:4,(anonymous_14)
DA:38,342
DA:47,34
DA:51,33
DA:64,7
DA:68,28
DA:79,3
DA:80,3
DA:81,1
DA:84,3
DA:85,3
DA:86,3
DA:88,3
DA:89,4
DA:93,4
DA:95,4
DA:96,4
DA:100,3
DA:101,6
DA:103,3
DA:106,1
DA:109,4
DA:112,3
DA:123,10
DA:124,10
DA:125,1
DA:126,1
DA:127,2
DA:130,10
DA:131,2
DA:132,4
DA:134,10
DA:135,1
DA:136,1
DA:138,10
DA:160,10
DA:162,10
DA:163,10
DA:164,10
DA:165,10
DA:167,10
DA:170,10
DA:171,7
DA:173,3
DA:177,10
DA:180,10
DA:181,10
DA:182,10
DA:184,10
DA:192,10
DA:193,10
DA:195,0
DA:200,0
DA:217,12
DA:218,12
DA:220,12
DA:225,12
DA:226,12
DA:227,12
DA:229,12
DA:230,11
DA:231,31
DA:232,12
DA:233,12
DA:241,4
DA:242,2
DA:244,2
DA:248,2
LF:67
LH:65
BRDA:37,0,0,342
BRDA:80,1,0,1
BRDA:80,1,1,2
BRDA:80,2,0,3
BRDA:80,2,1,1
BRDA:86,3,0,3
BRDA:86,3,1,0
BRDA:89,4,0,4
BRDA:89,4,1,0
BRDA:89,4,2,0
BRDA:93,5,0,0
BRDA:93,5,1,4
BRDA:109,6,0,0
BRDA:109,6,1,4
BRDA:124,7,0,1
BRDA:124,7,1,9
BRDA:124,8,0,10
BRDA:124,8,1,1
BRDA:130,9,0,2
BRDA:130,9,1,8
BRDA:130,10,0,10
BRDA:130,10,1,2
BRDA:134,11,0,1
BRDA:134,11,1,9
BRDA:134,12,0,10
BRDA:134,12,1,1
BRDA:164,13,0,7
BRDA:164,13,1,3
BRDA:165,14,0,2
BRDA:165,14,1,8
BRDA:167,15,0,10
BRDA:167,15,1,3
BRDA:170,16,0,7
BRDA:170,16,1,3
BRDA:180,17,0,10
BRDA:180,17,1,8
BRDA:181,18,0,10
BRDA:181,18,1,3
BRDA:198,19,0,0
BRDA:198,19,1,0
BRDA:210,20,0,12
BRDA:217,21,0,12
BRDA:217,21,1,4
BRDA:218,22,0,12
BRDA:218,22,1,9
BRDA:225,23,0,1
BRDA:225,23,1,11
BRDA:226,24,0,1
BRDA:226,24,1,11
BRDA:227,25,0,1
BRDA:227,25,1,11
BRDA:230,26,0,11
BRDA:230,26,1,0
BRDA:233,27,0,5
BRDA:233,27,1,6
BRDA:241,28,0,2
BRDA:241,28,1,2
BRF:57
BRH:49
end_of_record
TN:
SF:src/data/generatedStats.ts
FN:466,distributeMetric
FN:468,(anonymous_1)
FN:471,(anonymous_2)
FN:472,(anonymous_3)
FN:473,(anonymous_4)
FN:478,(anonymous_5)
FN:479,(anonymous_6)
FN:480,(anonymous_7)
FN:493,distributeMonthly
FN:498,(anonymous_9)
FN:520,(anonymous_10)
FN:522,(anonymous_11)
FN:726,safeDivide
FN:731,roundTo
FN:755,computePoliticalBlocAnalysis
FN:801,classifyGroups
FN:814,computeQuadrantDistribution
FN:840,computePoliticalCompass
FN:843,(anonymous_18)
FN:855,(anonymous_19)
FN:856,(anonymous_20)
FN:857,(anonymous_21)
FN:868,(anonymous_22)
FN:873,(anonymous_23)
FN:876,(anonymous_24)
FN:879,(anonymous_25)
FN:899,computeMinimumWinningCoalition
FN:912,shareAtRank
FN:917,computeConcentrationMetrics
FN:926,(anonymous_29)
FN:927,(anonymous_30)
FN:930,(anonymous_31)
FN:931,(anonymous_32)
FN:949,classifyMemoryRisk
FN:956,computeYoYDynamics
FN:984,computeDerivedIntelligence
FN:1029,buildYearlyStats
FN:1030,(anonymous_37)
FN:1047,computeRankings
FN:1064,(anonymous_39)
FN:1065,(anonymous_40)
FN:1069,(anonymous_41)
FN:1072,(anonymous_42)
FN:1073,(anonymous_43)
FN:1074,(anonymous_44)
FN:1076,(anonymous_45)
FN:1081,(anonymous_46)
FN:1107,buildPredictions
FN:1110,(anonymous_48)
FN:1114,(anonymous_49)
FN:1115,(anonymous_50)
FN:1117,(anonymous_51)
FN:1118,(anonymous_52)
FN:1119,(anonymous_53)
FN:1120,(anonymous_54)
FN:1121,(anonymous_55)
FN:1122,(anonymous_56)
FN:1123,(anonymous_57)
FN:1124,(anonymous_58)
FN:1125,(anonymous_59)
FN:1126,(anonymous_60)
FN:1127,(anonymous_61)
FN:1128,(anonymous_62)
FN:1129,(anonymous_63)
FN:1140,(anonymous_64)
FN:1166,findLargestEuroscepticSurge
FN:1194,buildDerivedKeyFindings
FN:1204,(anonymous_67)
FN:1247,buildAnalysisSummary
FN:1248,(anonymous_69)
FN:1249,(anonymous_70)
FN:1250,(anonymous_71)
FN:1253,(anonymous_72)
FN:1258,(anonymous_73)
FN:1259,(anonymous_74)
FNF:75
FNH:74
FNDA:1325,distributeMetric
FNDA:0,(anonymous_1)
FNDA:15900,(anonymous_2)
FNDA:15900,(anonymous_3)
FNDA:15900,(anonymous_4)
FNDA:14280,(anonymous_5)
FNDA:34705,(anonymous_6)
FNDA:14280,(anonymous_7)
FNDA:115,distributeMonthly
FNDA:345,(anonymous_9)
FNDA:17940,(anonymous_10)
FNDA:1380,(anonymous_11)
FNDA:2175,safeDivide
FNDA:5160,roundTo
FNDA:115,computePoliticalBlocAnalysis
FNDA:115,classifyGroups
FNDA:115,computeQuadrantDistribution
FNDA:115,computePoliticalCompass
FNDA:840,(anonymous_18)
FNDA:840,(anonymous_19)
FNDA:840,(anonymous_20)
FNDA:840,(anonymous_21)
FNDA:345,(anonymous_22)
FNDA:840,(anonymous_23)
FNDA:840,(anonymous_24)
FNDA:840,(anonymous_25)
FNDA:115,computeMinimumWinningCoalition
FNDA:460,shareAtRank
FNDA:115,computeConcentrationMetrics
FNDA:955,(anonymous_29)
FNDA:1055,(anonymous_30)
FNDA:955,(anonymous_31)
FNDA:955,(anonymous_32)
FNDA:115,classifyMemoryRisk
FNDA:115,computeYoYDynamics
FNDA:115,computeDerivedIntelligence
FNDA:5,buildYearlyStats
FNDA:115,(anonymous_37)
FNDA:5,computeRankings
FNDA:65,(anonymous_39)
FNDA:1495,(anonymous_40)
FNDA:4870,(anonymous_41)
FNDA:1495,(anonymous_42)
FNDA:1495,(anonymous_43)
FNDA:1495,(anonymous_44)
FNDA:4735,(anonymous_45)
FNDA:1495,(anonymous_46)
FNDA:5,buildPredictions
FNDA:115,(anonymous_48)
FNDA:65,(anonymous_49)
FNDA:325,(anonymous_50)
FNDA:25,(anonymous_51)
FNDA:25,(anonymous_52)
FNDA:25,(anonymous_53)
FNDA:25,(anonymous_54)
FNDA:25,(anonymous_55)
FNDA:25,(anonymous_56)
FNDA:25,(anonymous_57)
FNDA:25,(anonymous_58)
FNDA:25,(anonymous_59)
FNDA:25,(anonymous_60)
FNDA:25,(anonymous_61)
FNDA:25,(anonymous_62)
FNDA:25,(anonymous_63)
FNDA:25,(anonymous_64)
FNDA:5,findLargestEuroscepticSurge
FNDA:5,buildDerivedKeyFindings
FNDA:80,(anonymous_67)
FNDA:5,buildAnalysisSummary
FNDA:115,(anonymous_69)
FNDA:115,(anonymous_70)
FNDA:110,(anonymous_71)
FNDA:110,(anonymous_72)
FNDA:25,(anonymous_73)
FNDA:25,(anonymous_74)
DA:116,5
DA:447,5
DA:467,1325
DA:468,0
DA:471,15900
DA:472,15900
DA:473,15900
DA:474,1325
DA:476,1325
DA:477,1190
DA:478,14280
DA:479,34705
DA:480,14280
DA:482,1190
DA:483,6330
DA:484,6330
DA:485,6330
DA:490,1325
DA:495,115
DA:498,115
DA:499,345
DA:500,345
DA:501,175
DA:504,115
DA:520,17940
DA:522,1380
DA:543,5
DA:584,5
DA:684,5
DA:710,5
DA:727,2175
DA:732,5160
DA:733,5160
DA:749,5
DA:750,5
DA:753,5
DA:757,115
DA:758,115
DA:759,115
DA:760,115
DA:762,115
DA:763,955
DA:764,840
DA:765,840
DA:767,840
DA:768,345
DA:769,495
DA:770,115
DA:772,380
DA:775,840
DA:776,150
DA:780,115
DA:781,115
DA:785,115
DA:802,115
DA:803,115
DA:804,955
DA:805,840
DA:806,840
DA:807,840
DA:810,115
DA:815,115
DA:816,115
DA:817,115
DA:818,115
DA:819,115
DA:820,840
DA:821,840
DA:822,840
DA:823,495
DA:824,380
DA:825,380
DA:827,115
DA:841,115
DA:843,840
DA:844,115
DA:845,0
DA:855,840
DA:856,840
DA:857,840
DA:859,115
DA:862,115
DA:868,115
DA:869,345
DA:873,115
DA:874,840
DA:876,115
DA:877,840
DA:879,115
DA:880,840
DA:883,115
DA:900,115
DA:901,115
DA:902,115
DA:903,270
DA:904,270
DA:905,270
DA:906,270
DA:908,115
DA:913,460
DA:924,115
DA:926,955
DA:927,1055
DA:928,115
DA:930,955
DA:931,955
DA:932,115
DA:950,115
DA:951,90
DA:952,90
DA:962,115
DA:963,5
DA:965,110
DA:990,115
DA:991,115
DA:992,115
DA:994,115
DA:1030,5
DA:1031,115
DA:1032,115
DA:1033,115
DA:1036,115
DA:1048,5
DA:1064,5
DA:1065,1495
DA:1069,4870
DA:1070,65
DA:1072,1495
DA:1073,1495
DA:1074,1495
DA:1075,65
DA:1076,4735
DA:1077,65
DA:1081,1495
DA:1088,65
DA:1110,5
DA:1111,115
DA:1114,5
DA:1115,325
DA:1117,25
DA:1118,25
DA:1119,25
DA:1120,25
DA:1121,25
DA:1122,25
DA:1123,25
DA:1124,25
DA:1125,25
DA:1126,25
DA:1127,25
DA:1128,25
DA:1129,25
DA:1132,5
DA:1140,25
DA:1169,5
DA:1170,5
DA:1171,5
DA:1172,5
DA:1173,110
DA:1174,110
DA:1175,110
DA:1177,110
DA:1179,110
DA:1180,20
DA:1181,20
DA:1182,20
DA:1186,5
DA:1195,5
DA:1197,5
DA:1198,5
DA:1199,5
DA:1200,5
DA:1201,5
DA:1204,5
DA:1205,80
DA:1207,5
DA:1210,5
DA:1215,5
DA:1220,5
DA:1225,5
DA:1230,5
DA:1231,5
DA:1234,5
DA:1239,5
DA:1244,5
DA:1248,115
DA:1249,115
DA:1250,5
DA:1251,110
DA:1253,5
DA:1254,110
DA:1258,25
DA:1259,25
DA:1261,5
DA:1262,5
DA:1263,0
DA:1264,0
DA:1266,0
DA:1269,5
DA:1294,5
DA:1295,5
DA:1296,5
DA:1297,5
DA:1299,5
LF:204
LH:199
BRDA:467,0,0,0
BRDA:467,0,1,1325
BRDA:476,1,0,1190
BRDA:476,1,1,135
BRDA:478,2,0,14280
BRDA:478,2,1,0
BRDA:482,3,0,1190
BRDA:482,3,1,6330
BRDA:484,4,0,6330
BRDA:484,4,1,0
BRDA:484,5,0,6330
BRDA:484,5,1,6330
BRDA:500,6,0,170
BRDA:500,6,1,175
BRDA:520,7,0,17940
BRDA:520,7,1,0
BRDA:727,8,0,0
BRDA:727,8,1,2175
BRDA:763,9,0,115
BRDA:763,9,1,840
BRDA:765,10,0,0
BRDA:765,10,1,840
BRDA:767,11,0,345
BRDA:767,11,1,495
BRDA:769,12,0,115
BRDA:769,12,1,380
BRDA:775,13,0,150
BRDA:775,13,1,690
BRDA:781,14,0,0
BRDA:781,14,1,115
BRDA:804,15,0,115
BRDA:804,15,1,840
BRDA:806,16,0,840
BRDA:806,16,1,0
BRDA:822,17,0,345
BRDA:822,17,1,495
BRDA:822,18,0,840
BRDA:822,18,1,460
BRDA:823,19,0,115
BRDA:823,19,1,380
BRDA:824,20,0,0
BRDA:824,20,1,380
BRDA:844,21,0,0
BRDA:844,21,1,115
BRDA:869,22,0,115
BRDA:869,22,1,230
BRDA:903,23,0,0
BRDA:903,23,1,270
BRDA:906,24,0,115
BRDA:906,24,1,155
BRDA:913,25,0,460
BRDA:913,25,1,0
BRDA:943,26,0,115
BRDA:943,26,1,0
BRDA:950,27,0,25
BRDA:950,27,1,90
BRDA:951,28,0,0
BRDA:951,28,1,90
BRDA:962,29,0,5
BRDA:962,29,1,110
BRDA:962,30,0,115
BRDA:962,30,1,110
BRDA:1031,31,0,115
BRDA:1031,31,1,0
BRDA:1032,32,0,110
BRDA:1032,32,1,5
BRDA:1032,33,0,110
BRDA:1032,33,1,0
BRDA:1033,34,0,110
BRDA:1033,34,1,5
BRDA:1034,35,0,110
BRDA:1034,35,1,0
BRDA:1077,36,0,0
BRDA:1077,36,1,65
BRDA:1078,37,0,0
BRDA:1078,37,1,0
BRDA:1078,38,0,0
BRDA:1078,38,1,0
BRDA:1079,39,0,65
BRDA:1079,39,1,0
BRDA:1094,40,0,65
BRDA:1094,40,1,0
BRDA:1095,41,0,65
BRDA:1095,41,1,0
BRDA:1175,42,0,110
BRDA:1175,42,1,0
BRDA:1175,43,0,110
BRDA:1175,43,1,110
BRDA:1179,44,0,20
BRDA:1179,44,1,90
BRDA:1186,45,0,5
BRDA:1186,45,1,0
BRDA:1199,46,0,5
BRDA:1199,46,1,0
BRDA:1199,47,0,5
BRDA:1199,47,1,5
BRDA:1207,48,0,5
BRDA:1207,48,1,0
BRDA:1226,49,0,5
BRDA:1226,49,1,0
BRDA:1231,50,0,5
BRDA:1231,50,1,0
BRDA:1251,51,0,35
BRDA:1251,51,1,75
BRDA:1254,52,0,5
BRDA:1254,52,1,105
BRDA:1261,53,0,5
BRDA:1261,53,1,0
BRDA:1263,54,0,0
BRDA:1263,54,1,0
BRF:110
BRH:76
end_of_record
TN:
SF:src/di/container.ts
FN:67,(anonymous_0)
FN:91,(anonymous_1)
FN:123,(anonymous_2)
FN:141,(anonymous_3)
FN:167,createDefaultContainer
FN:170,(anonymous_5)
FN:171,(anonymous_6)
FN:172,(anonymous_7)
FN:173,(anonymous_8)
FNF:9
FNH:9
FNDA:113,(anonymous_0)
FNDA:71,(anonymous_1)
FNDA:13,(anonymous_2)
FNDA:2,(anonymous_3)
FNDA:25,createDefaultContainer
FNDA:19,(anonymous_5)
FNDA:20,(anonymous_6)
FNDA:1,(anonymous_7)
FNDA:18,(anonymous_8)
DA:45,36
DA:72,113
DA:92,71
DA:94,71
DA:95,1
DA:99,70
DA:100,3
DA:104,67
DA:107,67
DA:108,65
DA:111,67
DA:124,13
DA:142,2
DA:168,25
DA:170,25
DA:171,25
DA:172,25
DA:173,25
DA:174,18
DA:180,25
LF:20
LH:20
BRDA:70,0,0,113
BRDA:94,1,0,1
BRDA:94,1,1,70
BRDA:99,2,0,3
BRDA:99,2,1,67
BRDA:99,3,0,70
BRDA:99,3,1,68
BRDA:107,4,0,65
BRDA:107,4,1,2
BRF:9
BRH:9
end_of_record
TN:
SF:src/di/tokens.ts
FNF:0
FNH:0
DA:32,3
LF:1
LH:1
BRF:0
BRH:0
end_of_record
TN:
SF:src/prompts/index.ts
FN:189,generateMepBriefing
FN:231,generateCoalitionAnalysis
FN:272,generateLegislativeTracking
FN:322,generateGroupComparison
FN:362,generateCommitteeActivity
FN:401,generateVotingAnalysis
FN:442,generateCountryDelegationAnalysis
FN:484,getPromptMetadataArray
FN:504,handleGetPrompt
FN:528,(anonymous_9)
FN:531,(anonymous_10)
FN:532,(anonymous_11)
FN:536,(anonymous_12)
FNF:13
FNH:13
FNDA:3,generateMepBriefing
FNDA:3,generateCoalitionAnalysis
FNDA:3,generateLegislativeTracking
FNDA:1,generateGroupComparison
FNDA:1,generateCommitteeActivity
FNDA:2,generateVotingAnalysis
FNDA:3,generateCountryDelegationAnalysis
FNDA:41,getPromptMetadataArray
FNDA:23,handleGetPrompt
FNDA:73,(anonymous_9)
FNDA:35,(anonymous_10)
FNDA:10,(anonymous_11)
FNDA:3,(anonymous_12)
DA:55,3
DA:64,3
DA:73,3
DA:82,3
DA:90,3
DA:98,3
DA:109,3
DA:118,3
DA:126,3
DA:134,3
DA:142,3
DA:149,3
DA:156,3
DA:164,3
DA:172,3
DA:190,3
DA:191,3
DA:193,3
DA:232,3
DA:233,3
DA:235,3
DA:273,3
DA:274,3
DA:275,3
DA:276,3
DA:277,1
DA:279,3
DA:280,1
DA:282,3
DA:286,3
DA:323,1
DA:325,1
DA:363,1
DA:365,1
DA:402,2
DA:403,2
DA:404,2
DA:406,2
DA:443,3
DA:444,3
DA:446,3
DA:485,41
DA:508,23
DA:512,23
DA:522,23
DA:523,23
DA:524,3
DA:528,73
DA:529,19
DA:530,19
DA:531,35
DA:533,10
DA:534,10
DA:536,3
DA:538,19
DA:539,3
DA:545,16
LF:57
LH:57
BRDA:190,0,0,3
BRDA:190,0,1,0
BRDA:191,1,0,3
BRDA:191,1,1,2
BRDA:232,2,0,3
BRDA:232,2,1,2
BRDA:233,3,0,3
BRDA:233,3,1,3
BRDA:276,4,0,1
BRDA:276,4,1,2
BRDA:279,5,0,1
BRDA:279,5,1,2
BRDA:282,6,0,2
BRDA:282,6,1,1
BRDA:323,7,0,1
BRDA:323,7,1,0
BRDA:363,8,0,1
BRDA:363,8,1,0
BRDA:402,9,0,2
BRDA:402,9,1,1
BRDA:404,10,0,1
BRDA:404,10,1,1
BRDA:417,11,0,1
BRDA:417,11,1,1
BRDA:443,12,0,3
BRDA:443,12,1,0
BRDA:444,13,0,3
BRDA:444,13,1,2
BRDA:508,14,0,20
BRDA:508,14,1,3
BRDA:523,15,0,3
BRDA:523,15,1,20
BRDA:529,16,0,19
BRDA:529,16,1,0
BRDA:534,17,0,10
BRDA:534,17,1,7
BRDA:534,17,2,7
BRDA:538,18,0,3
BRDA:538,18,1,16
BRF:39
BRH:34
end_of_record
TN:
SF:src/resources/index.ts
FN:131,matchMepUri
FN:145,matchOtherUri
FN:176,matchCommitteeUri
FN:186,matchVoteUri
FN:196,matchProcedureUri
FN:206,matchPlenaryDetailUri
FN:216,matchDocumentUri
FN:226,parseResourceUri
FN:256,handleMepDetail
FN:276,handleMepList
FN:296,handleCommitteeDetail
FN:316,handlePlenarySessions
FN:336,handleVotingRecord
FN:356,handlePoliticalGroups
FN:368,(anonymous_14)
FN:391,handleProcedureDetail
FN:415,handlePlenaryDetail
FN:437,handleDocumentDetail
FN:457,getResourceTemplateArray
FN:474,requireParam
FN:489,handleReadResource
FNF:21
FNH:21
FNDA:24,matchMepUri
FNDA:20,matchOtherUri
FNDA:2,matchCommitteeUri
FNDA:2,matchVoteUri
FNDA:4,matchProcedureUri
FNDA:2,matchPlenaryDetailUri
FNDA:2,matchDocumentUri
FNDA:27,parseResourceUri
FNDA:1,handleMepDetail
FNDA:1,handleMepList
FNDA:1,handleCommitteeDetail
FNDA:1,handlePlenarySessions
FNDA:1,handleVotingRecord
FNDA:1,handlePoliticalGroups
FNDA:2,(anonymous_14)
FNDA:2,handleProcedureDetail
FNDA:1,handlePlenaryDetail
FNDA:1,handleDocumentDetail
FNDA:21,getResourceTemplateArray
FNDA:7,requireParam
FNDA:15,handleReadResource
DA:50,3
DA:57,3
DA:64,3
DA:71,3
DA:78,3
DA:85,3
DA:92,3
DA:99,3
DA:106,3
DA:115,3
DA:117,3
DA:123,3
DA:132,24
DA:133,5
DA:134,2
DA:136,3
DA:137,2
DA:139,1
DA:146,20
DA:147,20
DA:148,2
DA:150,18
DA:151,2
DA:153,16
DA:154,2
DA:156,14
DA:157,2
DA:161,12
DA:162,4
DA:164,8
DA:165,2
DA:167,6
DA:168,2
DA:170,4
DA:177,2
DA:178,2
DA:180,0
DA:187,2
DA:188,2
DA:190,0
DA:197,4
DA:198,3
DA:200,1
DA:207,2
DA:208,2
DA:210,0
DA:217,2
DA:218,2
DA:220,0
DA:228,27
DA:229,2
DA:232,25
DA:233,25
DA:235,25
DA:236,1
DA:239,24
DA:240,24
DA:242,20
DA:243,20
DA:245,5
DA:257,1
DA:258,1
DA:260,1
DA:277,1
DA:279,1
DA:297,1
DA:298,1
DA:300,1
DA:317,1
DA:319,1
DA:337,1
DA:338,1
DA:340,1
DA:357,1
DA:360,1
DA:361,1
DA:362,1
DA:363,2
DA:364,2
DA:368,2
DA:373,1
DA:392,2
DA:393,2
DA:395,1
DA:416,1
DA:417,1
DA:419,1
DA:438,1
DA:439,1
DA:441,1
DA:458,21
DA:475,7
DA:476,7
DA:477,0
DA:479,7
DA:490,15
DA:494,15
DA:496,1
DA:497,1
DA:499,1
DA:500,1
DA:502,1
DA:503,1
DA:505,1
DA:506,1
DA:508,1
DA:509,1
DA:511,1
DA:512,1
DA:514,2
DA:515,1
DA:517,1
DA:518,1
DA:520,1
DA:521,1
DA:523,0
DA:526,9
LF:117
LH:111
BRDA:132,0,0,19
BRDA:132,0,1,5
BRDA:133,1,0,2
BRDA:133,1,1,3
BRDA:133,2,0,5
BRDA:133,2,1,3
BRDA:134,3,0,2
BRDA:134,3,1,0
BRDA:136,4,0,2
BRDA:136,4,1,1
BRDA:147,5,0,2
BRDA:147,5,1,18
BRDA:150,6,0,2
BRDA:150,6,1,16
BRDA:150,7,0,18
BRDA:150,7,1,2
BRDA:153,8,0,2
BRDA:153,8,1,14
BRDA:156,9,0,2
BRDA:156,9,1,12
BRDA:156,10,0,14
BRDA:156,10,1,2
BRDA:161,11,0,4
BRDA:161,11,1,8
BRDA:164,12,0,2
BRDA:164,12,1,6
BRDA:167,13,0,2
BRDA:167,13,1,4
BRDA:177,14,0,2
BRDA:177,14,1,0
BRDA:177,15,0,2
BRDA:177,15,1,2
BRDA:178,16,0,2
BRDA:178,16,1,0
BRDA:187,17,0,2
BRDA:187,17,1,0
BRDA:187,18,0,2
BRDA:187,18,1,2
BRDA:188,19,0,2
BRDA:188,19,1,0
BRDA:197,20,0,3
BRDA:197,20,1,1
BRDA:197,21,0,4
BRDA:197,21,1,3
BRDA:198,22,0,3
BRDA:198,22,1,0
BRDA:207,23,0,2
BRDA:207,23,1,0
BRDA:207,24,0,2
BRDA:207,24,1,2
BRDA:208,25,0,2
BRDA:208,25,1,0
BRDA:217,26,0,2
BRDA:217,26,1,0
BRDA:217,27,0,2
BRDA:217,27,1,2
BRDA:218,28,0,2
BRDA:218,28,1,0
BRDA:228,29,0,2
BRDA:228,29,1,25
BRDA:235,30,0,1
BRDA:235,30,1,24
BRDA:235,31,0,25
BRDA:235,31,1,25
BRDA:240,32,0,4
BRDA:240,32,1,20
BRDA:243,33,0,15
BRDA:243,33,1,5
BRDA:361,34,0,1
BRDA:361,34,1,0
BRDA:363,35,0,2
BRDA:363,35,1,0
BRDA:364,36,0,2
BRDA:364,36,1,2
BRDA:476,37,0,0
BRDA:476,37,1,7
BRDA:476,38,0,7
BRDA:476,38,1,7
BRDA:494,39,0,1
BRDA:494,39,1,1
BRDA:494,39,2,1
BRDA:494,39,3,1
BRDA:494,39,4,1
BRDA:494,39,5,1
BRDA:494,39,6,2
BRDA:494,39,7,1
BRDA:494,39,8,1
BRDA:494,39,9,0
BRF:88
BRH:74
end_of_record
TN:
SF:src/schemas/europeanParliament.ts
FNF:0
FNH:0
LF:0
LH:0
BRF:0
BRH:0
end_of_record
TN:
SF:src/schemas/ep/activities.ts
FNF:0
FNH:0
DA:16,57
DA:48,57
DA:76,57
DA:104,57
DA:138,57
DA:159,57
DA:180,57
DA:208,57
DA:232,57
DA:253,57
DA:276,57
DA:299,57
LF:12
LH:12
BRF:0
BRH:0
end_of_record
TN:
SF:src/schemas/ep/analysis.ts
FN:110,(anonymous_0)
FNF:1
FNH:1
FNDA:23,(anonymous_0)
DA:13,58
DA:29,58
DA:39,58
DA:57,58
DA:73,58
DA:94,58
DA:111,23
DA:121,58
DA:144,58
DA:161,58
DA:194,58
DA:214,58
LF:12
LH:12
BRDA:111,0,0,23
BRDA:111,0,1,13
BRF:2
BRH:2
end_of_record
TN:
SF:src/schemas/ep/committee.ts
FN:27,(anonymous_0)
FNF:1
FNH:1
FNDA:17,(anonymous_0)
DA:12,58
DA:28,17
DA:35,58
LF:3
LH:3
BRDA:28,0,0,17
BRDA:28,0,1,15
BRDA:28,0,2,10
BRF:3
BRH:3
end_of_record
TN:
SF:src/schemas/ep/common.ts
FN:54,refineDateRange
FN:69,(anonymous_1)
FNF:2
FNH:2
FNDA:271,refineDateRange
FNDA:77,(anonymous_1)
DA:12,59
DA:20,59
DA:28,59
DA:41,59
DA:57,271
DA:58,38
DA:60,233
DA:64,59
DA:69,59
DA:78,77
LF:10
LH:10
BRDA:57,0,0,38
BRDA:57,0,1,233
BRDA:57,1,0,271
BRDA:57,1,1,45
BRF:4
BRH:4
end_of_record
TN:
SF:src/schemas/ep/document.ts
FN:62,(anonymous_0)
FNF:1
FNH:1
FNDA:33,(anonymous_0)
DA:14,58
DA:27,58
DA:63,33
DA:73,58
DA:89,58
DA:117,58
DA:145,58
DA:167,58
DA:184,58
LF:9
LH:9
BRDA:63,0,0,33
BRDA:63,0,1,29
BRF:2
BRH:2
end_of_record
TN:
SF:src/schemas/ep/feed.ts
FN:36,(anonymous_0)
FNF:1
FNH:1
FNDA:127,(anonymous_0)
DA:22,58
DA:30,58
DA:37,127
DA:38,2
DA:49,58
DA:52,58
DA:55,58
DA:58,58
DA:61,58
DA:64,58
DA:67,58
DA:70,58
DA:75,58
DA:81,58
DA:87,58
DA:93,58
DA:99,58
DA:107,58
LF:18
LH:18
BRDA:37,0,0,2
BRDA:37,0,1,125
BRDA:37,1,0,127
BRDA:37,1,1,18
BRDA:37,1,2,17
BRF:5
BRH:5
end_of_record
TN:
SF:src/schemas/ep/index.ts
FNF:0
FNH:0
LF:0
LH:0
BRF:0
BRH:0
end_of_record
TN:
SF:src/schemas/ep/mep.ts
FNF:0
FNH:0
DA:13,58
DA:44,58
DA:52,58
DA:68,58
DA:79,58
DA:93,58
DA:110,58
DA:127,58
DA:144,58
LF:9
LH:9
BRF:0
BRH:0
end_of_record
TN:
SF:src/schemas/ep/plenary.ts
FNF:0
FNH:0
DA:13,58
DA:51,58
DA:64,58
DA:97,58
LF:4
LH:4
BRF:0
BRH:0
end_of_record
TN:
SF:src/schemas/ep/question.ts
FNF:0
FNH:0
DA:13,58
DA:56,58
LF:2
LH:2
BRF:0
BRH:0
end_of_record
TN:
SF:src/server/cli.ts
FN:32,sanitizeUrl
FN:50,showHelp
FN:52,(anonymous_2)
FN:87,showVersion
FN:106,showHealth
FN:108,(anonymous_5)
FN:175,parseCLIArgs
FNF:7
FNH:7
FNDA:37,sanitizeUrl
FNDA:13,showHelp
FNDA:806,(anonymous_2)
FNDA:4,showVersion
FNDA:16,showHealth
FNDA:992,(anonymous_5)
FNDA:25,parseCLIArgs
DA:33,37
DA:34,37
DA:35,37
DA:36,37
DA:37,37
DA:38,37
DA:39,37
DA:41,7
DA:42,7
DA:43,7
DA:51,13
DA:52,806
DA:53,13
DA:56,13
DA:89,4
DA:107,16
DA:108,992
DA:109,16
DA:110,16
DA:111,16
DA:113,16
DA:114,16
DA:115,16
DA:117,16
DA:151,16
DA:176,25
DA:182,25
DA:183,25
DA:184,9
DA:185,9
DA:186,4
DA:190,25
LF:32
LH:32
BRDA:41,0,0,7
BRDA:41,0,1,0
BRDA:42,1,0,7
BRDA:42,1,1,0
BRDA:113,2,0,16
BRDA:113,2,1,16
BRDA:143,3,0,16
BRDA:143,3,1,16
BRDA:145,4,0,16
BRDA:145,4,1,16
BRDA:146,5,0,16
BRDA:146,5,1,15
BRDA:177,6,0,25
BRDA:177,6,1,20
BRDA:178,7,0,25
BRDA:178,7,1,21
BRDA:183,8,0,9
BRDA:183,8,1,16
BRDA:183,9,0,25
BRDA:183,9,1,10
BRDA:185,10,0,4
BRDA:185,10,1,5
BRF:22
BRH:20
end_of_record
TN:
SF:src/server/cliUtils.ts
FN:40,parseTimeoutValue
FN:70,resolveEffectiveTimeout
FNF:2
FNH:2
FNDA:44,parseTimeoutValue
FNDA:22,resolveEffectiveTimeout
DA:21,3
DA:41,44
DA:42,22
DA:44,22
DA:46,22
DA:47,11
DA:49,11
DA:50,11
DA:51,3
DA:53,8
DA:71,22
LF:11
LH:11
BRDA:41,0,0,22
BRDA:41,0,1,22
BRDA:41,1,0,44
BRDA:41,1,1,26
BRDA:46,2,0,11
BRDA:46,2,1,11
BRDA:50,3,0,3
BRDA:50,3,1,8
BRDA:50,4,0,11
BRDA:50,4,1,11
BRDA:71,5,0,22
BRDA:71,5,1,21
BRF:12
BRH:12
end_of_record
TN:
SF:src/server/toolRegistry.ts
FN:113,withCategory
FN:124,getToolMetadataArray
FN:304,dispatchToolCall
FNF:3
FNH:3
FNDA:3348,withCategory
FNDA:54,getToolMetadataArray
FNDA:13,dispatchToolCall
DA:117,3348
DA:125,54
DA:205,3
DA:284,3
DA:285,39
DA:286,0
DA:308,13
DA:309,13
DA:310,5
DA:314,8
DA:315,3
DA:316,3
DA:317,1
DA:318,1
DA:323,2
DA:324,2
DA:325,1
DA:326,1
DA:328,2
DA:332,5
LF:20
LH:19
BRDA:285,0,0,0
BRDA:285,0,1,39
BRDA:309,1,0,5
BRDA:309,1,1,8
BRDA:314,2,0,3
BRDA:314,2,1,5
BRDA:323,3,0,2
BRDA:323,3,1,1
BRDA:324,4,0,1
BRDA:324,4,1,1
BRDA:325,5,0,1
BRDA:325,5,1,0
BRF:12
BRH:10
end_of_record
TN:
SF:src/services/FeedHealthTracker.ts
FN:93,(anonymous_0)
FN:99,(anonymous_1)
FN:104,(anonymous_2)
FN:115,(anonymous_3)
FN:131,(anonymous_4)
FN:136,(anonymous_5)
FN:145,(anonymous_6)
FN:150,(anonymous_7)
FN:167,(anonymous_8)
FN:175,deriveLevel
FNF:10
FNH:10
FNDA:33,(anonymous_0)
FNDA:25,(anonymous_1)
FNDA:100,(anonymous_2)
FNDA:8,(anonymous_3)
FNDA:740,(anonymous_4)
FNDA:24,(anonymous_5)
FNDA:20,(anonymous_6)
FNDA:32,(anonymous_7)
FNDA:28,(anonymous_8)
FNDA:32,deriveLevel
DA:60,5
DA:77,5
DA:78,5
DA:89,33
DA:94,33
DA:95,33
DA:100,25
DA:105,100
DA:106,99
DA:107,99
DA:116,8
DA:117,7
DA:118,7
DA:119,7
DA:124,7
DA:125,1
DA:127,7
DA:132,740
DA:137,24
DA:138,24
DA:139,312
DA:141,24
DA:146,20
DA:151,32
DA:152,32
DA:153,416
DA:154,94
DA:158,32
DA:159,32
DA:168,28
DA:176,32
DA:177,27
DA:178,23
DA:179,16
DA:185,5
LF:35
LH:35
BRDA:105,0,0,1
BRDA:105,0,1,99
BRDA:116,1,0,1
BRDA:116,1,1,7
BRDA:124,2,0,1
BRDA:124,2,1,6
BRDA:132,3,0,740
BRDA:132,3,1,615
BRDA:153,4,0,94
BRDA:153,4,1,322
BRDA:176,5,0,5
BRDA:176,5,1,27
BRDA:177,6,0,4
BRDA:177,6,1,23
BRDA:178,7,0,7
BRDA:178,7,1,16
BRF:16
BRH:16
end_of_record
TN:
SF:src/services/HealthService.ts
FN:115,(anonymous_0)
FN:148,(anonymous_1)
FN:170,(anonymous_2)
FN:182,(anonymous_3)
FN:199,(anonymous_4)
FN:216,(anonymous_5)
FNF:6
FNH:6
FNDA:30,(anonymous_0)
FNDA:29,(anonymous_1)
FNDA:29,(anonymous_2)
FNDA:29,(anonymous_3)
FNDA:29,(anonymous_4)
FNDA:29,(anonymous_5)
DA:116,30
DA:117,30
DA:119,30
DA:149,29
DA:150,29
DA:151,29
DA:152,29
DA:154,29
DA:171,29
DA:183,29
DA:184,29
DA:186,29
DA:188,25
DA:192,4
DA:200,29
DA:201,29
DA:202,29
DA:204,29
DA:205,29
DA:209,29
DA:221,29
DA:222,2
DA:227,27
DA:230,29
LF:24
LH:24
BRDA:183,0,0,29
BRDA:183,0,1,26
BRDA:184,1,0,29
BRDA:184,1,1,25
BRDA:186,2,0,25
BRDA:186,2,1,4
BRDA:200,3,0,29
BRDA:200,3,1,28
BRDA:201,4,0,29
BRDA:201,4,1,28
BRDA:205,5,0,1
BRDA:205,5,1,28
BRDA:221,6,0,2
BRDA:221,6,1,27
BRDA:227,7,0,27
BRDA:227,7,1,27
BRDA:230,8,0,1
BRDA:230,8,1,26
BRF:18
BRH:18
end_of_record
TN:
SF:src/services/MetricsService.ts
FN:30,(anonymous_0)
FN:73,(anonymous_1)
FN:97,(anonymous_2)
FN:129,(anonymous_3)
FN:160,(anonymous_4)
FN:212,(anonymous_5)
FN:241,(anonymous_6)
FN:281,(anonymous_7)
FN:289,(anonymous_8)
FN:294,(anonymous_9)
FN:295,(anonymous_10)
FN:308,(anonymous_11)
FN:330,(anonymous_12)
FN:366,(anonymous_13)
FNF:14
FNH:14
FNDA:5,(anonymous_0)
FNDA:52,(anonymous_1)
FNDA:22,(anonymous_2)
FNDA:6,(anonymous_3)
FNDA:40,(anonymous_4)
FNDA:137,(anonymous_5)
FNDA:9,(anonymous_6)
FNDA:2,(anonymous_7)
FNDA:214,(anonymous_8)
FNDA:7,(anonymous_9)
FNDA:27,(anonymous_10)
FNDA:18,(anonymous_11)
FNDA:18,(anonymous_12)
FNDA:22,(anonymous_13)
DA:30,5
DA:32,5
DA:34,5
DA:36,5
DA:38,5
DA:70,52
DA:74,52
DA:98,22
DA:99,22
DA:100,22
DA:102,22
DA:130,6
DA:131,6
DA:161,40
DA:162,40
DA:164,40
DA:166,31
DA:167,31
DA:169,31
DA:170,21
DA:173,10
DA:174,10
DA:175,8
DA:178,31
DA:181,9
DA:213,137
DA:214,137
DA:216,137
DA:249,9
DA:250,9
DA:252,9
DA:253,3
DA:256,6
DA:282,2
DA:290,214
DA:291,194
DA:293,20
DA:294,7
DA:295,27
DA:297,20
DA:309,18
DA:310,0
DA:314,18
DA:315,18
DA:318,18
DA:319,18
DA:331,18
DA:332,18
DA:334,18
DA:335,36
DA:336,14
DA:339,22
DA:340,22
DA:342,22
DA:343,4
DA:346,18
DA:347,4
DA:349,14
DA:353,0
DA:367,22
DA:368,22
DA:369,22
DA:370,22
DA:372,22
DA:373,22
DA:374,94
DA:375,94
DA:376,94
DA:377,47
DA:378,47
DA:382,22
DA:383,22
DA:384,22
DA:385,22
LF:74
LH:72
BRDA:73,0,0,52
BRDA:97,1,0,22
BRDA:100,2,0,3
BRDA:100,2,1,19
BRDA:164,3,0,31
BRDA:164,3,1,9
BRDA:169,4,0,21
BRDA:169,4,1,10
BRDA:174,5,0,8
BRDA:174,5,1,2
BRDA:216,6,0,1
BRDA:216,6,1,136
BRDA:252,7,0,3
BRDA:252,7,1,6
BRDA:252,8,0,9
BRDA:252,8,1,6
BRDA:290,9,0,194
BRDA:290,9,1,20
BRDA:309,10,0,0
BRDA:309,10,1,18
BRDA:335,11,0,14
BRDA:335,11,1,22
BRDA:336,12,0,14
BRDA:336,12,1,0
BRDA:342,13,0,4
BRDA:342,13,1,18
BRDA:343,14,0,4
BRDA:343,14,1,0
BRDA:346,15,0,4
BRDA:346,15,1,14
BRDA:353,16,0,0
BRDA:353,16,1,0
BRDA:367,17,0,22
BRDA:367,17,1,0
BRDA:368,18,0,22
BRDA:368,18,1,0
BRDA:369,19,0,22
BRDA:369,19,1,0
BRDA:374,20,0,94
BRDA:374,20,1,0
BRDA:375,21,0,94
BRDA:375,21,1,0
BRDA:376,22,0,47
BRDA:376,22,1,47
BRDA:382,23,0,22
BRDA:382,23,1,0
BRDA:383,24,0,22
BRDA:383,24,1,0
BRF:48
BRH:36
end_of_record
TN:
SF:src/tools/analyzeCoalitionDynamics.ts
FN:88,classifyCohesionTrend
FN:116,computePairCohesion
FN:156,buildGroupMetrics
FN:203,buildCoalitionPairs
FN:213,(anonymous_4)
FN:214,(anonymous_5)
FN:231,classifyStressSeverity
FN:255,computeStressIndicators
FN:286,computeFragmentationMetrics
FN:290,(anonymous_9)
FN:291,(anonymous_10)
FN:292,(anonymous_11)
FN:295,(anonymous_12)
FN:296,(anonymous_13)
FN:316,buildDominantCoalition
FN:346,buildCoalitionComputedAttrs
FN:443,handleAnalyzeCoalitionDynamics
FN:453,(anonymous_17)
FNF:18
FNH:17
FNDA:63,classifyCohesionTrend
FNDA:63,computePairCohesion
FNDA:11,buildGroupMetrics
FNDA:11,buildCoalitionPairs
FNDA:175,(anonymous_4)
FNDA:350,(anonymous_5)
FNDA:0,classifyStressSeverity
FNDA:11,computeStressIndicators
FNDA:11,computeFragmentationMetrics
FNDA:32,(anonymous_9)
FNDA:32,(anonymous_10)
FNDA:32,(anonymous_11)
FNDA:12,(anonymous_12)
FNDA:20,(anonymous_13)
FNDA:11,buildDominantCoalition
FNDA:11,buildCoalitionComputedAttrs
FNDA:14,handleAnalyzeCoalitionDynamics
FNDA:54,(anonymous_17)
DA:75,4
DA:89,63
DA:90,63
DA:91,63
DA:124,63
DA:125,63
DA:128,63
DA:129,63
DA:130,63
DA:132,63
DA:157,11
DA:158,11
DA:159,31
DA:160,31
DA:163,11
DA:164,11
DA:165,32
DA:167,32
DA:188,11
DA:208,11
DA:209,11
DA:210,32
DA:211,63
DA:212,63
DA:213,175
DA:214,350
DA:215,63
DA:218,32
DA:232,0
DA:233,0
DA:256,11
DA:257,11
DA:258,32
DA:259,32
DA:260,0
DA:267,11
DA:290,32
DA:291,32
DA:292,32
DA:293,11
DA:295,12
DA:296,20
DA:298,11
DA:302,11
DA:321,11
DA:322,11
DA:323,2
DA:325,9
DA:350,11
DA:351,11
DA:446,14
DA:448,14
DA:449,14
DA:450,14
DA:451,11
DA:452,11
DA:453,54
DA:454,11
DA:455,11
DA:457,11
DA:480,14
DA:482,2
DA:483,2
DA:484,2
DA:491,4
LF:65
LH:62
BRDA:89,0,0,0
BRDA:89,0,1,63
BRDA:90,1,0,0
BRDA:90,1,1,63
BRDA:125,2,0,21
BRDA:125,2,1,42
BRDA:160,3,0,31
BRDA:160,3,1,12
BRDA:165,4,0,32
BRDA:165,4,1,20
BRDA:211,5,0,63
BRDA:211,5,1,0
BRDA:212,6,0,63
BRDA:212,6,1,0
BRDA:213,7,0,63
BRDA:213,7,1,0
BRDA:214,8,0,63
BRDA:214,8,1,0
BRDA:232,9,0,0
BRDA:232,9,1,0
BRDA:259,10,0,0
BRDA:259,10,1,32
BRDA:259,11,0,32
BRDA:259,11,1,0
BRDA:291,12,0,32
BRDA:291,12,1,0
BRDA:293,13,0,11
BRDA:293,13,1,0
BRDA:295,14,0,11
BRDA:295,14,1,11
BRDA:296,15,0,11
BRDA:296,15,1,11
BRDA:298,16,0,0
BRDA:298,16,1,11
BRDA:298,17,0,11
BRDA:298,17,1,0
BRDA:322,18,0,2
BRDA:322,18,1,9
BRDA:350,19,0,11
BRDA:350,19,1,2
BRDA:449,20,0,14
BRDA:449,20,1,2
BRDA:458,21,0,11
BRDA:458,21,1,10
BRDA:458,22,0,14
BRDA:458,22,1,10
BRDA:476,23,0,0
BRDA:476,23,1,11
BRDA:476,24,0,0
BRDA:476,24,1,0
BRDA:482,25,0,2
BRDA:482,25,1,0
BRF:52
BRH:34
end_of_record
TN:
SF:src/tools/analyzeCommitteeActivity.ts
FN:79,computeWorkloadIntensity
FN:90,computeEngagementLevel
FN:99,computePolicyImpactRating
FN:110,safeCount
FN:123,fetchCommitteeData
FN:130,(anonymous_5)
FN:131,(anonymous_6)
FN:132,(anonymous_7)
FN:140,buildAnalysis
FN:237,handleAnalyzeCommitteeActivity
FNF:10
FNH:10
FNDA:18,computeWorkloadIntensity
FNDA:18,computeEngagementLevel
FNDA:18,computePolicyImpactRating
FNDA:54,safeCount
FNDA:18,fetchCommitteeData
FNDA:18,(anonymous_5)
FNDA:18,(anonymous_6)
FNDA:18,(anonymous_7)
FNDA:19,buildAnalysis
FNDA:22,handleAnalyzeCommitteeActivity
DA:25,4
DA:80,18
DA:81,18
DA:82,18
DA:83,16
DA:84,3
DA:91,18
DA:92,18
DA:93,18
DA:100,18
DA:101,18
DA:102,17
DA:103,5
DA:111,54
DA:112,54
DA:113,51
DA:115,3
DA:116,3
DA:128,18
DA:129,18
DA:130,18
DA:131,18
DA:132,18
DA:134,18
DA:145,19
DA:149,18
DA:153,19
DA:155,18
DA:158,19
DA:161,19
DA:163,19
DA:240,22
DA:242,22
DA:243,22
DA:248,22
DA:250,22
DA:256,18
DA:269,4
LF:38
LH:38
BRDA:81,0,0,0
BRDA:81,0,1,18
BRDA:82,1,0,2
BRDA:82,1,1,16
BRDA:83,2,0,13
BRDA:83,2,1,3
BRDA:91,3,0,0
BRDA:91,3,1,18
BRDA:92,4,0,0
BRDA:92,4,1,18
BRDA:101,5,0,1
BRDA:101,5,1,17
BRDA:102,6,0,12
BRDA:102,6,1,5
BRDA:149,7,0,18
BRDA:149,7,1,0
BRDA:155,8,0,15
BRDA:155,8,1,3
BRDA:155,9,0,18
BRDA:155,9,1,15
BRDA:158,10,0,15
BRDA:158,10,1,3
BRDA:161,11,0,19
BRDA:161,11,1,3
BRDA:161,11,2,3
BRDA:190,12,0,15
BRDA:190,12,1,3
BRDA:200,13,0,3
BRDA:200,13,1,15
BRDA:243,14,0,22
BRDA:243,14,1,18
BRDA:243,14,2,0
BRDA:248,15,0,22
BRDA:248,15,1,18
BRDA:248,15,2,0
BRF:35
BRH:29
end_of_record
TN:
SF:src/tools/analyzeCountryDelegation.ts
FN:86,computeGroupDistribution
FN:97,(anonymous_1)
FN:102,(anonymous_2)
FN:108,computeFragmentation
FN:109,(anonymous_4)
FN:127,computeInfluence
FN:137,computeDataConfidence
FN:146,computeEngagement
FN:155,computeCohesionLevel
FN:164,fetchMepDetails
FN:174,(anonymous_10)
FN:188,computeCommitteePresence
FN:207,buildDelegationAnalysis
FN:228,(anonymous_13)
FN:229,(anonymous_14)
FN:232,(anonymous_15)
FN:313,handleAnalyzeCountryDelegation
FNF:17
FNH:17
FNDA:16,computeGroupDistribution
FNDA:30,(anonymous_1)
FNDA:17,(anonymous_2)
FNDA:16,computeFragmentation
FNDA:30,(anonymous_4)
FNDA:16,computeInfluence
FNDA:16,computeDataConfidence
FNDA:16,computeEngagement
FNDA:16,computeCohesionLevel
FNDA:16,fetchMepDetails
FNDA:93,(anonymous_10)
FNDA:16,computeCommitteePresence
FNDA:17,buildDelegationAnalysis
FNDA:91,(anonymous_13)
FNDA:91,(anonymous_14)
FNDA:88,(anonymous_15)
FNDA:21,handleAnalyzeCountryDelegation
DA:26,4
DA:89,16
DA:90,16
DA:91,139
DA:92,139
DA:95,16
DA:96,16
DA:97,30
DA:102,17
DA:109,30
DA:110,16
DA:112,15
DA:113,15
DA:114,30
DA:115,30
DA:117,15
DA:119,15
DA:120,14
DA:121,3
DA:128,16
DA:129,16
DA:130,15
DA:131,15
DA:138,16
DA:139,4
DA:140,3
DA:147,16
DA:148,2
DA:149,2
DA:156,16
DA:157,2
DA:158,2
DA:167,16
DA:168,16
DA:169,16
DA:171,16
DA:172,24
DA:173,24
DA:174,93
DA:176,24
DA:177,93
DA:178,91
DA:182,24
DA:191,16
DA:192,16
DA:193,16
DA:194,91
DA:195,141
DA:197,91
DA:198,50
DA:201,16
DA:212,17
DA:217,16
DA:218,17
DA:220,17
DA:222,16
DA:227,16
DA:228,91
DA:229,91
DA:231,16
DA:232,88
DA:235,17
DA:240,17
DA:241,17
DA:244,17
DA:246,17
DA:316,21
DA:318,21
DA:319,21
DA:324,21
DA:326,21
DA:332,16
DA:345,4
LF:73
LH:73
BRDA:92,0,0,139
BRDA:92,0,1,30
BRDA:110,1,0,1
BRDA:110,1,1,15
BRDA:119,2,0,1
BRDA:119,2,1,14
BRDA:120,3,0,11
BRDA:120,3,1,3
BRDA:129,4,0,1
BRDA:129,4,1,15
BRDA:130,5,0,0
BRDA:130,5,1,15
BRDA:138,6,0,12
BRDA:138,6,1,4
BRDA:139,7,0,1
BRDA:139,7,1,3
BRDA:147,8,0,14
BRDA:147,8,1,2
BRDA:148,9,0,0
BRDA:148,9,1,2
BRDA:156,10,0,14
BRDA:156,10,1,2
BRDA:157,11,0,0
BRDA:157,11,1,2
BRDA:177,12,0,91
BRDA:177,12,1,2
BRDA:197,13,0,50
BRDA:197,13,1,41
BRDA:217,14,0,16
BRDA:217,14,1,0
BRDA:231,15,0,14
BRDA:231,15,1,2
BRDA:240,16,0,17
BRDA:240,16,1,1
BRDA:244,17,0,15
BRDA:244,17,1,1
BRDA:274,18,0,4
BRDA:274,18,1,12
BRDA:276,19,0,2
BRDA:276,19,1,14
BRDA:319,20,0,21
BRDA:319,20,1,16
BRDA:319,20,2,0
BRDA:324,21,0,21
BRDA:324,21,1,16
BRDA:324,21,2,0
BRF:46
BRH:40
end_of_record
TN:
SF:src/tools/analyzeLegislativeEffectiveness.ts
FN:62,classifyEffectivenessRank
FN:72,classifyConfidence
FN:81,computeMetrics
FN:86,(anonymous_3)
FN:116,computeScores
FN:139,fetchMepSubjectData
FN:162,fetchCommitteeSubjectData
FN:224,handleAnalyzeLegislativeEffectiveness
FN:236,(anonymous_8)
FNF:9
FNH:9
FNDA:15,classifyEffectivenessRank
FNDA:15,classifyConfidence
FNDA:15,computeMetrics
FNDA:22,(anonymous_3)
FNDA:15,computeScores
FNDA:15,fetchMepSubjectData
FNDA:2,fetchCommitteeSubjectData
FNDA:19,handleAnalyzeLegislativeEffectiveness
FNDA:22,(anonymous_8)
DA:63,15
DA:64,4
DA:65,4
DA:66,3
DA:73,15
DA:74,4
DA:75,3
DA:86,22
DA:87,15
DA:88,15
DA:91,15
DA:92,15
DA:93,15
DA:94,15
DA:98,15
DA:117,15
DA:118,15
DA:119,15
DA:124,15
DA:128,15
DA:147,15
DA:148,14
DA:149,15
DA:170,2
DA:171,1
DA:227,19
DA:229,19
DA:230,19
DA:232,19
DA:236,22
DA:237,1
DA:238,1
DA:243,1
DA:244,1
DA:245,1
DA:246,19
DA:248,19
DA:274,19
DA:276,2
DA:277,2
DA:284,4
LF:41
LH:41
BRDA:63,0,0,11
BRDA:63,0,1,4
BRDA:64,1,0,0
BRDA:64,1,1,4
BRDA:65,2,0,1
BRDA:65,2,1,3
BRDA:73,3,0,11
BRDA:73,3,1,4
BRDA:74,4,0,1
BRDA:74,4,1,3
BRDA:94,5,0,13
BRDA:94,5,1,2
BRDA:148,6,0,14
BRDA:148,6,1,0
BRDA:152,7,0,15
BRDA:152,7,1,0
BRDA:230,8,0,19
BRDA:230,8,1,16
BRDA:230,9,0,19
BRDA:230,9,1,16
BRDA:232,10,0,15
BRDA:232,10,1,2
BRDA:245,11,0,11
BRDA:245,11,1,4
BRDA:259,12,0,14
BRDA:259,12,1,1
BRDA:269,13,0,1
BRDA:269,13,1,14
BRDA:276,14,0,2
BRDA:276,14,1,0
BRF:30
BRH:26
end_of_record
TN:
SF:src/tools/analyzeVotingPatterns.ts
FN:65,computeGroupAlignment
FN:86,computeCrossPartyVoting
FN:103,computeConfidence
FN:142,handleAnalyzeVotingPatterns
FNF:4
FNH:4
FNDA:9,computeGroupAlignment
FNDA:9,computeCrossPartyVoting
FNDA:9,computeConfidence
FNDA:14,handleAnalyzeVotingPatterns
DA:69,9
DA:70,9
DA:73,9
DA:74,9
DA:89,9
DA:90,9
DA:93,9
DA:104,9
DA:105,2
DA:106,1
DA:146,14
DA:148,14
DA:150,14
DA:152,10
DA:161,14
DA:162,1
DA:173,9
DA:192,14
DA:194,2
DA:207,4
LF:20
LH:20
BRDA:70,0,0,9
BRDA:70,0,1,0
BRDA:90,1,0,9
BRDA:90,1,1,0
BRDA:104,2,0,7
BRDA:104,2,1,2
BRDA:105,3,0,1
BRDA:105,3,1,1
BRDA:152,4,0,10
BRDA:152,4,1,1
BRDA:161,5,0,1
BRDA:161,5,1,13
BRDA:177,6,0,9
BRDA:177,6,1,8
BRDA:178,7,0,14
BRDA:178,7,1,8
BRDA:181,8,0,14
BRDA:181,8,1,9
BRF:18
BRH:16
end_of_record
TN:
SF:src/tools/assessMepInfluence.ts
FN:73,computeVotingActivityScore
FN:94,computeLegislativeOutputScore
FN:98,(anonymous_2)
FN:99,(anonymous_3)
FN:120,computeCommitteeEngagementScore
FN:124,(anonymous_5)
FN:145,computeOversightScore
FN:165,computeCoalitionScore
FN:190,getRankLabel
FN:212,buildDimensions
FN:221,(anonymous_10)
FN:233,getConfidenceLevel
FN:242,collectDataQualityWarnings
FN:258,buildInfluenceMetadata
FN:351,handleAssessMepInfluence
FN:393,(anonymous_15)
FNF:16
FNH:16
FNDA:14,computeVotingActivityScore
FNDA:14,computeLegislativeOutputScore
FNDA:26,(anonymous_2)
FNDA:26,(anonymous_3)
FNDA:14,computeCommitteeEngagementScore
FNDA:26,(anonymous_5)
FNDA:14,computeOversightScore
FNDA:14,computeCoalitionScore
FNDA:14,getRankLabel
FNDA:14,buildDimensions
FNDA:70,(anonymous_10)
FNDA:14,getConfidenceLevel
FNDA:14,collectDataQualityWarnings
FNDA:14,buildInfluenceMetadata
FNDA:16,handleAssessMepInfluence
FNDA:70,(anonymous_15)
DA:24,4
DA:77,14
DA:79,14
DA:80,14
DA:81,14
DA:98,26
DA:99,14
DA:100,26
DA:104,14
DA:105,14
DA:106,14
DA:107,14
DA:124,14
DA:125,26
DA:129,14
DA:130,14
DA:131,14
DA:132,14
DA:149,14
DA:150,14
DA:151,14
DA:152,14
DA:169,14
DA:170,14
DA:173,14
DA:176,14
DA:177,14
DA:191,14
DA:192,14
DA:193,14
DA:194,1
DA:195,1
DA:213,14
DA:221,70
DA:234,14
DA:235,1
DA:236,1
DA:243,14
DA:244,14
DA:245,1
DA:247,14
DA:248,14
DA:250,14
DA:259,14
DA:354,16
DA:356,16
DA:357,16
DA:358,14
DA:362,16
DA:366,16
DA:367,16
DA:368,16
DA:372,0
DA:374,14
DA:378,14
DA:379,14
DA:381,14
DA:382,14
DA:383,16
DA:384,16
DA:385,16
DA:387,16
DA:392,16
DA:393,70
DA:396,16
DA:397,16
DA:401,16
DA:428,16
DA:430,1
DA:431,1
DA:438,4
LF:71
LH:70
BRDA:100,0,0,26
BRDA:100,0,1,13
BRDA:125,1,0,26
BRDA:125,1,1,13
BRDA:125,1,2,13
BRDA:170,2,0,13
BRDA:170,2,1,1
BRDA:173,3,0,13
BRDA:173,3,1,1
BRDA:191,4,0,0
BRDA:191,4,1,14
BRDA:192,5,0,0
BRDA:192,5,1,14
BRDA:193,6,0,13
BRDA:193,6,1,1
BRDA:194,7,0,0
BRDA:194,7,1,1
BRDA:226,8,0,10
BRDA:226,8,1,60
BRDA:234,9,0,13
BRDA:234,9,1,1
BRDA:235,10,0,0
BRDA:235,10,1,1
BRDA:244,11,0,1
BRDA:244,11,1,13
BRDA:247,12,0,14
BRDA:247,12,1,0
BRDA:260,13,0,13
BRDA:260,13,1,1
BRDA:263,14,0,13
BRDA:263,14,1,1
BRDA:358,15,0,14
BRDA:358,15,1,1
BRDA:382,16,0,14
BRDA:382,16,1,1
BRDA:383,17,0,16
BRDA:383,17,1,1
BRDA:397,18,0,13
BRDA:397,18,1,1
BRDA:407,19,0,16
BRDA:407,19,1,13
BRDA:408,20,0,16
BRDA:408,20,1,13
BRDA:430,21,0,1
BRDA:430,21,1,0
BRF:45
BRH:39
end_of_record
TN:
SF:src/tools/comparativeIntelligence.ts
FN:143,computeVotingScore
FN:162,computeCommitteeScore
FN:165,(anonymous_2)
FN:182,computeLegislativeScore
FN:184,(anonymous_4)
FN:203,computeAttendanceScore
FN:221,computeDimensionScores
FN:241,computeOverallScore
FN:242,(anonymous_8)
FN:244,(anonymous_9)
FN:263,assignClusterLabel
FN:285,computeSimilarity
FN:324,detectOutliers
FN:327,(anonymous_13)
FN:328,(anonymous_14)
FN:329,(anonymous_15)
FN:339,(anonymous_16)
FN:353,findBestDimension
FN:381,buildClusterAnalysis
FN:403,(anonymous_19)
FN:408,(anonymous_20)
FN:411,(anonymous_21)
FN:413,(anonymous_22)
FN:431,buildEmptyResult
FN:466,buildPlaceholderProfile
FN:489,buildRankings
FN:490,(anonymous_26)
FN:493,(anonymous_27)
FN:494,(anonymous_28)
FN:508,buildCorrelationMatrix
FN:532,findHighestVarianceDim
FN:536,(anonymous_31)
FN:537,(anonymous_32)
FN:538,(anonymous_33)
FN:557,buildProfilesFromResults
FN:603,buildComputedAttributes
FN:608,(anonymous_36)
FN:617,(anonymous_37)
FN:631,isNotFoundError
FN:639,buildAllNotFoundError
FN:657,buildInsufficientMepsError
FN:693,partitionMepResults
FN:724,buildTransientError
FN:747,validateMepResults
FN:768,(anonymous_44)
FN:772,(anonymous_45)
FN:776,comparativeIntelligence
FN:781,(anonymous_47)
FN:802,(anonymous_48)
FN:830,(anonymous_49)
FN:886,handleComparativeIntelligence
FNF:51
FNH:48
FNDA:34,computeVotingScore
FNDA:30,computeCommitteeScore
FNDA:30,(anonymous_2)
FNDA:30,computeLegislativeScore
FNDA:30,(anonymous_4)
FNDA:36,computeAttendanceScore
FNDA:36,computeDimensionScores
FNDA:36,computeOverallScore
FNDA:130,(anonymous_8)
FNDA:130,(anonymous_9)
FNDA:36,assignClusterLabel
FNDA:21,computeSimilarity
FNDA:17,detectOutliers
FNDA:130,(anonymous_13)
FNDA:130,(anonymous_14)
FNDA:130,(anonymous_15)
FNDA:0,(anonymous_16)
FNDA:36,findBestDimension
FNDA:17,buildClusterAnalysis
FNDA:36,(anonymous_19)
FNDA:130,(anonymous_20)
FNDA:130,(anonymous_21)
FNDA:130,(anonymous_22)
FNDA:0,buildEmptyResult
FNDA:0,buildPlaceholderProfile
FNDA:17,buildRankings
FNDA:61,(anonymous_26)
FNDA:69,(anonymous_27)
FNDA:130,(anonymous_28)
FNDA:17,buildCorrelationMatrix
FNDA:17,findHighestVarianceDim
FNDA:130,(anonymous_31)
FNDA:130,(anonymous_32)
FNDA:130,(anonymous_33)
FNDA:17,buildProfilesFromResults
FNDA:17,buildComputedAttributes
FNDA:4,(anonymous_36)
FNDA:19,(anonymous_37)
FNDA:15,isNotFoundError
FNDA:1,buildAllNotFoundError
FNDA:2,buildInsufficientMepsError
FNDA:23,partitionMepResults
FNDA:4,buildTransientError
FNDA:23,validateMepResults
FNDA:2,(anonymous_44)
FNDA:1,(anonymous_45)
FNDA:24,comparativeIntelligence
FNDA:54,(anonymous_47)
FNDA:36,(anonymous_48)
FNDA:17,(anonymous_49)
FNDA:29,handleComparativeIntelligence
DA:32,4
DA:144,34
DA:145,34
DA:146,32
DA:147,32
DA:148,32
DA:163,30
DA:164,30
DA:165,30
DA:166,30
DA:167,30
DA:183,30
DA:184,30
DA:185,30
DA:205,36
DA:222,36
DA:223,36
DA:224,130
DA:225,96
DA:226,66
DA:227,36
DA:229,36
DA:242,130
DA:243,36
DA:244,130
DA:264,36
DA:265,36
DA:266,30
DA:267,2
DA:286,21
DA:287,21
DA:288,21
DA:289,21
DA:290,21
DA:291,21
DA:292,77
DA:293,77
DA:294,77
DA:295,77
DA:296,77
DA:298,21
DA:299,21
DA:300,21
DA:325,17
DA:326,17
DA:327,130
DA:328,130
DA:329,130
DA:330,61
DA:331,61
DA:332,130
DA:333,130
DA:334,130
DA:335,0
DA:339,17
DA:354,36
DA:355,36
DA:356,36
DA:357,130
DA:358,130
DA:360,36
DA:382,17
DA:384,17
DA:385,36
DA:386,36
DA:387,36
DA:389,36
DA:390,36
DA:391,36
DA:392,36
DA:393,130
DA:394,130
[...]
BRDA:172,11,1,2
BRF:24
BRH:24
end_of_record
TN:
SF:src/tools/generateReport/reportGenerators.ts
FN:34,extractMEPData
FN:57,sanitizeSubjectId
FN:62,fetchMEPDetails
FN:84,fetchQuestionCount
FN:96,fetchCommitteeInfo
FN:118,fetchDocumentCount
FN:129,fetchAdoptedTextCount
FN:140,fetchSessionCount
FN:152,fetchProcedureCount
FN:163,buildMEPWarnings
FN:185,buildCommitteeWarnings
FN:209,buildVotingWarnings
FN:234,isFullYearRange
FN:244,throwIfAllDataUnavailable
FN:248,(anonymous_14)
FN:261,buildLegislationWarnings
FN:285,generateMEPActivityReport
FN:329,generateCommitteePerformanceReport
FN:374,generateVotingStatisticsReport
FN:413,generateLegislationProgressReport
FNF:20
FNH:20
FNDA:6,extractMEPData
FNDA:2,sanitizeSubjectId
FNDA:7,fetchMEPDetails
FNDA:6,fetchQuestionCount
FNDA:5,fetchCommitteeInfo
FNDA:4,fetchDocumentCount
FNDA:20,fetchAdoptedTextCount
FNDA:12,fetchSessionCount
FNDA:4,fetchProcedureCount
FNDA:5,buildMEPWarnings
FNDA:2,buildCommitteeWarnings
FNDA:10,buildVotingWarnings
FNDA:10,isFullYearRange
FNDA:26,throwIfAllDataUnavailable
FNDA:36,(anonymous_14)
FNDA:3,buildLegislationWarnings
FNDA:7,generateMEPActivityReport
FNDA:5,generateCommitteePerformanceReport
FNDA:12,generateVotingStatisticsReport
FNDA:4,generateLegislationProgressReport
DA:44,6
DA:58,2
DA:63,7
DA:64,7
DA:65,7
DA:68,3
DA:69,1
DA:78,2
DA:79,2
DA:85,6
DA:86,6
DA:87,6
DA:88,5
DA:90,1
DA:91,1
DA:97,5
DA:98,4
DA:99,4
DA:102,2
DA:103,1
DA:112,1
DA:113,1
DA:119,4
DA:120,4
DA:121,2
DA:123,2
DA:124,2
DA:130,20
DA:131,20
DA:132,14
DA:134,6
DA:135,6
DA:141,12
DA:142,12
DA:143,12
DA:144,9
DA:146,3
DA:147,3
DA:153,4
DA:154,4
DA:155,3
DA:157,1
DA:158,1
DA:168,5
DA:169,5
DA:170,1
DA:174,5
DA:175,0
DA:177,5
DA:178,2
DA:180,5
DA:181,5
DA:191,2
DA:192,2
DA:193,0
DA:197,2
DA:198,0
DA:200,2
DA:201,0
DA:203,2
DA:204,2
DA:205,2
DA:215,10
DA:216,10
DA:217,1
DA:219,10
DA:220,0
DA:222,10
DA:223,10
DA:224,10
DA:225,1
DA:230,10
DA:235,10
DA:248,36
DA:249,6
DA:266,3
DA:267,3
DA:268,0
DA:270,3
DA:271,1
DA:273,3
DA:274,1
DA:276,3
DA:277,3
DA:278,3
DA:288,7
DA:289,6
DA:290,6
DA:291,6
DA:292,6
DA:294,5
DA:296,5
DA:332,5
DA:333,4
DA:334,5
DA:335,5
DA:336,5
DA:337,5
DA:340,5
DA:341,4
DA:342,4
DA:343,4
DA:345,4
DA:377,12
DA:378,12
DA:379,12
DA:381,12
DA:382,12
DA:383,12
DA:384,12
DA:386,12
DA:416,4
DA:417,4
DA:418,4
DA:420,4
DA:421,4
DA:422,4
DA:423,4
DA:426,4
DA:428,4
LF:120
LH:114
BRDA:45,0,0,6
BRDA:45,0,1,2
BRDA:46,1,0,6
BRDA:46,1,1,6
BRDA:47,2,0,6
BRDA:47,2,1,6
BRDA:48,3,0,6
BRDA:48,3,1,4
BRDA:49,4,0,6
BRDA:49,4,1,2
BRDA:63,5,0,0
BRDA:63,5,1,7
BRDA:68,6,0,1
BRDA:68,6,1,2
BRDA:68,7,0,3
BRDA:68,7,1,1
BRDA:85,8,0,0
BRDA:85,8,1,6
BRDA:97,9,0,1
BRDA:97,9,1,4
BRDA:102,10,0,1
BRDA:102,10,1,1
BRDA:102,11,0,2
BRDA:102,11,1,1
BRDA:169,12,0,1
BRDA:169,12,1,4
BRDA:170,13,0,1
BRDA:170,13,1,0
BRDA:174,14,0,0
BRDA:174,14,1,5
BRDA:177,15,0,2
BRDA:177,15,1,3
BRDA:177,16,0,5
BRDA:177,16,1,4
BRDA:192,17,0,0
BRDA:192,17,1,2
BRDA:193,18,0,0
BRDA:193,18,1,0
BRDA:197,19,0,0
BRDA:197,19,1,2
BRDA:200,20,0,0
BRDA:200,20,1,2
BRDA:216,21,0,1
BRDA:216,21,1,9
BRDA:219,22,0,0
BRDA:219,22,1,10
BRDA:224,23,0,1
BRDA:224,23,1,9
BRDA:235,24,0,10
BRDA:235,24,1,9
BRDA:235,24,2,9
BRDA:248,25,0,6
BRDA:248,25,1,20
BRDA:267,26,0,0
BRDA:267,26,1,3
BRDA:270,27,0,1
BRDA:270,27,1,2
BRDA:273,28,0,1
BRDA:273,28,1,2
BRDA:291,29,0,6
BRDA:291,29,1,0
BRDA:311,30,0,5
BRDA:311,30,1,3
BRDA:312,31,0,7
BRDA:312,31,1,3
BRDA:313,32,0,7
BRDA:313,32,1,0
BRDA:333,33,0,4
BRDA:333,33,1,2
BRDA:334,34,0,5
BRDA:334,34,1,4
BRDA:335,35,0,5
BRDA:335,35,1,4
BRDA:336,36,0,5
BRDA:336,36,1,2
BRDA:361,37,0,4
BRDA:361,37,1,0
BRDA:377,38,0,12
BRDA:377,38,1,8
BRDA:378,39,0,12
BRDA:378,39,1,8
BRDA:401,40,0,12
BRDA:401,40,1,1
BRDA:402,41,0,12
BRDA:402,41,1,0
BRDA:416,42,0,4
BRDA:416,42,1,3
BRDA:417,43,0,4
BRDA:417,43,1,3
BRDA:423,44,0,2
BRDA:423,44,1,1
BRDA:423,45,0,4
BRDA:423,45,1,3
BRDA:443,46,0,4
BRDA:443,46,1,0
BRDA:444,47,0,4
BRDA:444,47,1,1
BRDA:445,48,0,4
BRDA:445,48,1,1
BRF:99
BRH:83
end_of_record
TN:
SF:src/tools/shared/errorClassifier.ts
FN:30,extractHttpStatus
FN:67,classifyError
FN:99,resolveHttpStatus
FN:129,classifyToolErrorHeuristic
FN:144,classifyPlainErrorHeuristic
FN:158,classifyHttpStatus
FN:219,categoryForCode
FN:241,retryableForCode
FNF:8
FNH:8
FNDA:75,extractHttpStatus
FNDA:57,classifyError
FNDA:49,resolveHttpStatus
FNDA:9,classifyToolErrorHeuristic
FNDA:25,classifyPlainErrorHeuristic
FNDA:15,classifyHttpStatus
FNDA:6,categoryForCode
FNDA:8,retryableForCode
DA:31,75
DA:38,30
DA:40,45
DA:69,57
DA:70,8
DA:71,8
DA:80,49
DA:81,49
DA:82,15
DA:86,34
DA:87,9
DA:91,25
DA:100,49
DA:101,49
DA:103,49
DA:104,49
DA:105,60
DA:106,60
DA:107,15
DA:110,45
DA:111,3
DA:113,42
DA:114,1
DA:116,41
DA:118,41
DA:122,30
DA:130,9
DA:131,1
DA:133,8
DA:134,1
DA:136,7
DA:145,25
DA:146,1
DA:148,24
DA:149,1
DA:151,23
DA:159,15
DA:160,3
DA:167,12
DA:168,2
DA:175,10
DA:176,1
DA:183,9
DA:184,6
DA:191,3
DA:192,2
DA:199,1
DA:200,1
DA:207,0
DA:220,6
DA:231,6
DA:242,8
DA:253,8
LF:53
LH:52
BRDA:31,0,0,30
BRDA:31,0,1,45
BRDA:32,1,0,75
BRDA:32,1,1,75
BRDA:32,1,2,75
BRDA:32,1,3,72
BRDA:32,1,4,30
BRDA:69,2,0,8
BRDA:69,2,1,49
BRDA:69,3,0,57
BRDA:69,3,1,23
BRDA:73,4,0,8
BRDA:73,4,1,6
BRDA:74,5,0,3
BRDA:74,5,1,5
BRDA:81,6,0,15
BRDA:81,6,1,34
BRDA:86,7,0,9
BRDA:86,7,1,25
BRDA:104,8,0,49
BRDA:104,8,1,90
BRDA:106,9,0,15
BRDA:106,9,1,45
BRDA:110,10,0,3
BRDA:110,10,1,42
BRDA:113,11,0,1
BRDA:113,11,1,41
BRDA:119,12,0,41
BRDA:119,12,1,0
BRDA:130,13,0,1
BRDA:130,13,1,8
BRDA:133,14,0,1
BRDA:133,14,1,7
BRDA:145,15,0,1
BRDA:145,15,1,24
BRDA:148,16,0,1
BRDA:148,16,1,23
BRDA:148,17,0,24
BRDA:148,17,1,21
BRDA:159,18,0,3
BRDA:159,18,1,12
BRDA:167,19,0,2
BRDA:167,19,1,10
BRDA:175,20,0,1
BRDA:175,20,1,9
BRDA:183,21,0,6
BRDA:183,21,1,3
BRDA:191,22,0,2
BRDA:191,22,1,1
BRDA:199,23,0,1
BRDA:199,23,1,0
BRF:51
BRH:49
end_of_record
TN:
SF:src/tools/shared/errorHandler.ts
FN:25,isTimeoutRelatedError
FN:44,extractTimeoutMsFromAPIError
FN:66,extractTimeoutMs
FN:88,extractToolName
FN:113,buildTimeoutResponse
FN:175,handleToolError
FN:196,handleDataUnavailable
FNF:7
FNH:7
FNDA:59,isTimeoutRelatedError
FNDA:10,extractTimeoutMsFromAPIError
FNDA:25,extractTimeoutMs
FNDA:15,extractToolName
FNDA:24,buildTimeoutResponse
FNDA:28,handleToolError
FNDA:6,handleDataUnavailable
DA:26,59
DA:27,54
DA:28,46
DA:29,18
DA:31,28
DA:45,10
DA:46,10
DA:47,7
DA:48,7
DA:50,3
DA:51,3
DA:52,2
DA:67,25
DA:68,21
DA:69,10
DA:71,11
DA:72,9
DA:74,2
DA:89,15
DA:90,8
DA:91,2
DA:93,6
DA:114,24
DA:118,24
DA:121,24
DA:177,28
DA:178,7
DA:179,7
DA:183,21
DA:184,28
DA:185,28
DA:197,6
LF:32
LH:32
BRDA:26,0,0,5
BRDA:26,0,1,54
BRDA:27,1,0,8
BRDA:27,1,1,46
BRDA:27,2,0,54
BRDA:27,2,1,13
BRDA:28,3,0,18
BRDA:28,3,1,28
BRDA:28,4,0,46
BRDA:28,4,1,42
BRDA:46,5,0,7
BRDA:46,5,1,3
BRDA:46,6,0,10
BRDA:46,6,1,7
BRDA:46,6,2,7
BRDA:48,7,0,7
BRDA:48,7,1,0
BRDA:48,8,0,7
BRDA:48,8,1,7
BRDA:51,9,0,1
BRDA:51,9,1,2
BRDA:67,10,0,4
BRDA:67,10,1,21
BRDA:68,11,0,10
BRDA:68,11,1,11
BRDA:68,12,0,21
BRDA:68,12,1,10
BRDA:71,13,0,9
BRDA:71,13,1,2
BRDA:71,14,0,11
BRDA:71,14,1,10
BRDA:89,15,0,7
BRDA:89,15,1,8
BRDA:90,16,0,2
BRDA:90,16,1,6
BRDA:90,17,0,8
BRDA:90,17,1,6
BRDA:114,18,0,22
BRDA:114,18,1,2
BRDA:177,19,0,7
BRDA:177,19,1,21
BRDA:183,20,0,13
BRDA:183,20,1,8
BRDA:184,21,0,20
BRDA:184,21,1,1
BRF:45
BRH:44
end_of_record
TN:
SF:src/tools/shared/errors.ts
FN:48,(anonymous_0)
FNF:1
FNH:1
FNDA:324,(anonymous_0)
DA:58,324
DA:59,324
DA:60,324
DA:61,324
DA:62,324
DA:63,324
DA:64,27
DA:66,324
DA:67,11
DA:69,324
DA:70,12
DA:72,324
DA:73,269
LF:13
LH:13
BRDA:62,0,0,324
BRDA:62,0,1,52
BRDA:63,1,0,27
BRDA:63,1,1,297
BRDA:66,2,0,11
BRDA:66,2,1,313
BRDA:69,3,0,12
BRDA:69,3,1,312
BRDA:72,4,0,269
BRDA:72,4,1,55
BRF:10
BRH:10
end_of_record
TN:
SF:src/tools/shared/feedUtils.ts
FN:23,isUpstream404
FN:35,buildEmptyFeedResponse
FNF:2
FNH:2
FNDA:38,isUpstream404
FNDA:16,buildEmptyFeedResponse
DA:24,38
DA:36,16
LF:2
LH:2
BRDA:24,0,0,38
BRDA:24,0,1,19
BRF:2
BRH:2
end_of_record
TN:
SF:src/tools/shared/paramBuilder.ts
FN:34,buildApiParams
FNF:1
FNH:1
FNDA:130,buildApiParams
DA:38,130
DA:39,130
DA:40,477
DA:41,477
DA:46,64
DA:49,130
LF:6
LH:6
BRDA:41,0,0,64
BRDA:41,0,1,413
BRDA:42,1,0,477
BRDA:42,1,1,422
BRDA:42,1,2,415
BRF:5
BRH:5
end_of_record
TN:
SF:src/tools/shared/responseBuilder.ts
FN:17,buildToolResponse
FN:37,buildErrorResponse
FNF:2
FNH:2
FNDA:624,buildToolResponse
FNDA:43,buildErrorResponse
DA:18,624
DA:42,43
DA:45,43
DA:46,41
DA:47,2
DA:48,1
DA:50,1
DA:53,43
DA:61,43
DA:62,11
DA:65,43
LF:11
LH:11
BRDA:42,0,0,43
BRDA:42,0,1,41
BRDA:45,1,0,41
BRDA:45,1,1,2
BRDA:47,2,0,1
BRDA:47,2,1,1
BRDA:61,3,0,11
BRDA:61,3,1,32
BRF:8
BRH:8
end_of_record
TN:
SF:src/tools/trackLegislation/index.ts
FN:39,toProcessId
FN:83,handleTrackLegislation
FNF:2
FNH:2
FNDA:24,toProcessId
FNDA:19,handleTrackLegislation
DA:41,24
DA:42,1
DA:45,23
DA:46,23
DA:47,21
DA:50,2
DA:86,19
DA:87,19
DA:89,19
DA:90,19
DA:91,16
DA:93,16
DA:100,3
DA:113,4
LF:14
LH:14
BRDA:41,0,0,1
BRDA:41,0,1,23
BRDA:46,1,0,21
BRDA:46,1,1,2
BRDA:46,2,0,23
BRDA:46,2,1,21
BRF:6
BRH:6
end_of_record
TN:
SF:src/tools/trackLegislation/procedureTracker.ts
FN:20,buildTimeline
FN:45,buildCommittees
FN:62,buildNextSteps
FN:84,buildLegislativeTracking
FN:122,(anonymous_4)
FNF:5
FNH:5
FNDA:56,buildTimeline
FNDA:56,buildCommittees
FNDA:56,buildNextSteps
FNDA:56,buildLegislativeTracking
FNDA:108,(anonymous_4)
DA:21,56
DA:23,56
DA:24,51
DA:31,56
DA:32,49
DA:39,56
DA:46,56
DA:47,4
DA:49,52
DA:53,52
DA:54,50
DA:56,52
DA:63,56
DA:64,56
DA:65,51
DA:67,56
DA:68,53
DA:70,56
DA:85,56
DA:87,56
DA:90,56
DA:94,56
DA:95,5
DA:97,56
DA:98,6
DA:100,56
DA:101,4
DA:103,56
DA:104,3
DA:107,56
DA:108,56
DA:110,56
DA:112,56
DA:122,108
LF:34
LH:34
BRDA:23,0,0,51
BRDA:23,0,1,5
BRDA:27,1,0,51
BRDA:27,1,1,1
BRDA:31,2,0,49
BRDA:31,2,1,7
BRDA:31,3,0,56
BRDA:31,3,1,50
BRDA:34,4,0,49
BRDA:34,4,1,5
BRDA:35,5,0,49
BRDA:35,5,1,1
BRDA:46,6,0,4
BRDA:46,6,1,52
BRDA:53,7,0,50
BRDA:53,7,1,2
BRDA:64,8,0,51
BRDA:64,8,1,5
BRDA:67,9,0,53
BRDA:67,9,1,3
BRDA:94,10,0,5
BRDA:94,10,1,51
BRDA:97,11,0,6
BRDA:97,11,1,50
BRDA:100,12,0,4
BRDA:100,12,1,52
BRDA:103,13,0,3
BRDA:103,13,1,53
BRDA:107,14,0,56
BRDA:107,14,1,5
BRDA:110,15,0,50
BRDA:110,15,1,6
BRDA:110,16,0,56
BRDA:110,16,1,53
BRDA:116,17,0,56
BRDA:116,17,1,3
BRDA:117,18,0,56
BRDA:117,18,1,5
BRDA:125,19,0,108
BRDA:125,19,1,12
BRDA:125,19,2,6
BRF:41
BRH:41
end_of_record
TN:
SF:src/utils/auditLogger.ts
FN:68,(anonymous_0)
FN:163,(anonymous_1)
FN:171,(anonymous_2)
FN:199,(anonymous_3)
FN:233,(anonymous_4)
FN:266,(anonymous_5)
FN:289,(anonymous_6)
FN:317,(anonymous_7)
FN:332,(anonymous_8)
FN:351,(anonymous_9)
FN:365,(anonymous_10)
FN:374,(anonymous_11)
FN:385,(anonymous_12)
FN:405,(anonymous_13)
FN:415,(anonymous_14)
FN:449,toErrorMessage
FNF:16
FNH:16
FNDA:14,(anonymous_0)
FNDA:105,(anonymous_1)
FNDA:14,(anonymous_2)
FNDA:227,(anonymous_3)
FNDA:5,(anonymous_4)
FNDA:111,(anonymous_5)
FNDA:51,(anonymous_6)
FNDA:47,(anonymous_7)
FNDA:5,(anonymous_8)
FNDA:5,(anonymous_9)
FNDA:99,(anonymous_10)
FNDA:156,(anonymous_11)
FNDA:15,(anonymous_12)
FNDA:227,(anonymous_13)
FNDA:1,(anonymous_14)
FNDA:49,toErrorMessage
DA:68,14
DA:69,14
DA:70,14
DA:71,14
DA:72,14
DA:164,105
DA:165,105
DA:166,105
DA:167,105
DA:168,105
DA:172,105
DA:173,93
DA:175,12
DA:180,4
DA:184,8
DA:201,227
DA:204,227
DA:212,227
DA:213,15
DA:215,227
DA:216,227
DA:245,5
DA:246,5
DA:272,111
DA:295,51
DA:318,47
DA:319,47
DA:320,47
DA:333,5
DA:334,5
DA:335,5
DA:352,5
DA:353,5
DA:366,99
DA:367,99
DA:375,156
DA:379,6
DA:386,15
DA:389,15
DA:392,15
DA:393,12
DA:399,3
DA:400,3
DA:401,1
DA:406,227
DA:407,228
DA:408,228
DA:409,228
DA:412,228
DA:415,2
DA:416,1
DA:421,1
DA:438,14
DA:450,49
LF:54
LH:54
BRDA:165,0,0,105
BRDA:165,0,1,98
BRDA:166,1,0,105
BRDA:166,1,1,104
BRDA:172,2,0,93
BRDA:172,2,1,12
BRDA:175,3,0,4
BRDA:175,3,1,8
BRDA:176,4,0,12
BRDA:176,4,1,12
BRDA:176,4,2,10
BRDA:201,5,0,226
BRDA:201,5,1,1
BRDA:206,6,0,226
BRDA:206,6,1,1
BRDA:212,7,0,15
BRDA:212,7,1,212
BRDA:251,8,0,5
BRDA:251,8,1,1
BRDA:253,9,0,5
BRDA:253,9,1,1
BRDA:276,10,0,111
BRDA:276,10,1,1
BRDA:299,11,0,51
BRDA:299,11,1,1
BRDA:320,12,0,6
BRDA:320,12,1,39
BRDA:335,13,0,1
BRDA:335,13,1,3
BRDA:375,14,0,6
BRDA:375,14,1,150
BRDA:376,15,0,156
BRDA:376,15,1,12
BRDA:392,16,0,12
BRDA:392,16,1,3
BRDA:412,17,0,2
BRDA:412,17,1,226
BRDA:412,18,0,228
BRDA:412,18,1,2
BRDA:450,19,0,44
BRDA:450,19,1,5
BRF:41
BRH:41
end_of_record
TN:
SF:src/utils/auditSink.ts
FN:175,sanitizeParams
FN:180,(anonymous_1)
FN:204,(anonymous_2)
FN:209,(anonymous_3)
FN:211,(anonymous_4)
FN:217,(anonymous_5)
FN:238,(anonymous_6)
FN:243,(anonymous_7)
FN:244,(anonymous_8)
FN:252,(anonymous_9)
FN:261,(anonymous_10)
FN:262,(anonymous_11)
FN:265,(anonymous_12)
FN:294,(anonymous_13)
FN:332,(anonymous_14)
FN:342,(anonymous_15)
FN:347,(anonymous_16)
FN:353,(anonymous_17)
FN:354,(anonymous_18)
FN:360,(anonymous_19)
FN:403,(anonymous_20)
FN:404,(anonymous_21)
FN:409,(anonymous_22)
FNF:23
FNH:23
FNDA:237,sanitizeParams
FNDA:276,(anonymous_1)
FNDA:14,(anonymous_2)
FNDA:26,(anonymous_3)
FNDA:28,(anonymous_4)
FNDA:2,(anonymous_5)
FNDA:248,(anonymous_6)
FNDA:76,(anonymous_7)
FNDA:91,(anonymous_8)
FNDA:101,(anonymous_9)
FNDA:7,(anonymous_10)
FNDA:11,(anonymous_11)
FNDA:91,(anonymous_12)
FNDA:221,(anonymous_13)
FNDA:15,(anonymous_14)
FNDA:14,(anonymous_15)
FNDA:14,(anonymous_16)
FNDA:11,(anonymous_17)
FNDA:3,(anonymous_18)
FNDA:14,(anonymous_19)
FNDA:2,(anonymous_20)
FNDA:1,(anonymous_21)
FNDA:2,(anonymous_22)
DA:151,14
DA:179,237
DA:180,276
DA:204,14
DA:210,26
DA:211,28
DA:218,2
DA:235,116
DA:239,248
DA:244,91
DA:253,101
DA:262,11
DA:266,91
DA:267,2
DA:269,89
DA:270,1
DA:272,88
DA:273,1
DA:275,87
DA:276,5
DA:278,82
DA:295,221
DA:330,15
DA:333,15
DA:334,2
DA:338,13
DA:339,13
DA:347,14
DA:348,14
DA:349,11
DA:353,14
DA:357,14
DA:361,14
DA:362,14
DA:363,8
DA:364,4
DA:370,6
DA:371,6
DA:373,3
DA:377,3
DA:378,3
DA:404,2
DA:405,1
DA:410,2
LF:44
LH:44
BRDA:177,0,0,237
BRDA:182,1,0,14
BRDA:182,1,1,262
BRDA:266,2,0,2
BRDA:266,2,1,89
BRDA:266,3,0,91
BRDA:266,3,1,5
BRDA:269,4,0,1
BRDA:269,4,1,88
BRDA:269,5,0,89
BRDA:269,5,1,2
BRDA:272,6,0,1
BRDA:272,6,1,87
BRDA:272,7,0,88
BRDA:272,7,1,2
BRDA:275,8,0,5
BRDA:275,8,1,82
BRDA:275,9,0,87
BRDA:275,9,1,7
BRDA:333,10,0,2
BRDA:333,10,1,13
BRDA:339,11,0,13
BRDA:339,11,1,11
BRDA:363,12,0,4
BRDA:363,12,1,4
BRDA:371,13,0,3
BRDA:371,13,1,3
BRDA:404,14,0,2
BRDA:404,14,1,1
BRF:29
BRH:29
end_of_record
TN:
SF:src/utils/mepFetcher.ts
FN:40,fetchAllCurrentMEPs
FNF:1
FNH:1
FNDA:5,fetchAllCurrentMEPs
DA:41,5
DA:42,5
DA:43,5
DA:44,5
DA:45,5
DA:46,7
DA:47,7
DA:48,5
DA:49,5
DA:50,5
DA:52,2
DA:53,2
DA:56,3
LF:13
LH:13
BRF:0
BRH:0
end_of_record
TN:
SF:src/utils/performance.ts
FN:107,(anonymous_0)
FN:134,(anonymous_1)
FN:174,(anonymous_2)
FN:182,(anonymous_3)
FN:186,(anonymous_4)
FN:216,(anonymous_5)
FN:257,(anonymous_6)
FN:277,(anonymous_7)
FN:293,(anonymous_8)
FN:326,withPerformanceTracking
FNF:10
FNH:10
FNDA:63,(anonymous_0)
FNDA:609,(anonymous_1)
FNDA:23,(anonymous_2)
FNDA:263,(anonymous_3)
FNDA:277,(anonymous_4)
FNDA:57,(anonymous_5)
FNDA:3,(anonymous_6)
FNDA:1,(anonymous_7)
FNDA:2,(anonymous_8)
FNDA:6,withPerformanceTracking
DA:63,26
DA:89,63
DA:108,63
DA:109,5
DA:111,58
DA:135,609
DA:137,609
DA:138,34
DA:139,34
DA:142,609
DA:147,609
DA:148,5
DA:149,5
DA:175,23
DA:177,23
DA:178,4
DA:182,263
DA:183,19
DA:186,277
DA:187,19
DA:188,19
DA:190,19
DA:191,0
DA:194,19
DA:217,57
DA:219,57
DA:220,57
DA:222,33
DA:223,33
DA:224,33
DA:225,33
DA:227,33
DA:228,5
DA:231,28
DA:232,28
DA:234,28
DA:235,0
DA:238,28
DA:258,3
DA:278,1
DA:294,2
DA:331,6
DA:333,6
DA:334,6
DA:336,6
DA:337,6
DA:358,26
LF:47
LH:45
BRDA:107,0,0,63
BRDA:108,1,0,5
BRDA:108,1,1,58
BRDA:108,2,0,63
BRDA:108,2,1,61
BRDA:108,2,2,60
BRDA:137,3,0,34
BRDA:137,3,1,575
BRDA:147,4,0,5
BRDA:147,4,1,604
BRDA:177,5,0,4
BRDA:177,5,1,19
BRDA:177,6,0,23
BRDA:177,6,1,19
BRDA:190,7,0,0
BRDA:190,7,1,19
BRDA:190,8,0,19
BRDA:190,8,1,19
BRDA:217,9,0,0
BRDA:217,9,1,57
BRDA:220,10,0,24
BRDA:220,10,1,33
BRDA:220,11,0,57
BRDA:220,11,1,24
BRDA:227,12,0,5
BRDA:227,12,1,28
BRDA:228,13,0,5
BRDA:228,13,1,0
BRDA:234,14,0,0
BRDA:234,14,1,28
BRDA:234,15,0,28
BRDA:234,15,1,28
BRF:32
BRH:28
end_of_record
TN:
SF:src/utils/rateLimiter.ts
FN:85,(anonymous_0)
FN:124,(anonymous_1)
FN:133,(anonymous_2)
FN:181,(anonymous_3)
FN:224,(anonymous_4)
FN:265,(anonymous_5)
FN:300,(anonymous_6)
FN:320,(anonymous_7)
FN:342,(anonymous_8)
FN:370,(anonymous_9)
FN:402,createStandardRateLimiter
FNF:11
FNH:11
FNDA:466,(anonymous_0)
FNDA:28,(anonymous_1)
FNDA:412,(anonymous_2)
FNDA:351,(anonymous_3)
FNDA:7,(anonymous_4)
FNDA:13,(anonymous_5)
FNDA:15,(anonymous_6)
FNDA:1,(anonymous_7)
FNDA:33,(anonymous_8)
FNDA:1,(anonymous_9)
FNDA:25,createStandardRateLimiter
DA:86,466
DA:87,4
DA:91,462
DA:92,462
DA:93,466
DA:94,2
DA:98,460
DA:99,1
DA:103,459
DA:104,459
DA:107,459
DA:109,26
DA:110,26
DA:112,432
DA:113,432
DA:115,1
DA:116,1
DA:118,0
DA:119,0
DA:125,347
DA:126,12
DA:127,3
DA:134,412
DA:135,412
DA:136,412
DA:138,412
DA:139,85
DA:143,85
DA:186,351
DA:187,3
DA:190,348
DA:191,1
DA:199,347
DA:200,351
DA:202,351
DA:204,351
DA:205,353
DA:207,353
DA:208,339
DA:209,339
DA:212,14
DA:213,14
DA:214,14
DA:216,14
DA:217,7
DA:224,7
DA:229,7
DA:230,1
DA:231,1
DA:266,13
DA:267,2
DA:269,11
DA:270,1
DA:274,10
DA:276,10
DA:277,9
DA:278,9
DA:281,1
DA:301,15
DA:302,15
DA:321,1
DA:343,33
DA:344,33
DA:345,33
DA:346,33
DA:348,33
DA:371,1
DA:372,1
DA:403,25
DA:404,25
DA:405,25
DA:407,25
DA:408,25
LF:73
LH:71
BRDA:86,0,0,4
BRDA:86,0,1,462
BRDA:86,1,0,466
BRDA:86,1,1,464
BRDA:92,2,0,462
BRDA:92,2,1,449
BRDA:93,3,0,2
BRDA:93,3,1,464
BRDA:93,4,0,466
BRDA:93,4,1,461
BRDA:98,5,0,1
BRDA:98,5,1,459
BRDA:107,6,0,26
BRDA:107,6,1,432
BRDA:107,6,2,1
BRDA:107,6,3,0
BRDA:125,7,0,335
BRDA:125,7,1,12
BRDA:126,8,0,9
BRDA:126,8,1,3
BRDA:126,9,0,12
BRDA:126,9,1,10
BRDA:138,10,0,85
BRDA:138,10,1,327
BRDA:186,11,0,3
BRDA:186,11,1,348
BRDA:186,12,0,351
BRDA:186,12,1,351
BRDA:186,12,2,349
BRDA:190,13,0,1
BRDA:190,13,1,347
BRDA:207,14,0,339
BRDA:207,14,1,14
BRDA:216,15,0,7
BRDA:216,15,1,7
BRDA:229,16,0,1
BRDA:229,16,1,6
BRDA:266,17,0,2
BRDA:266,17,1,11
BRDA:266,18,0,13
BRDA:266,18,1,13
BRDA:266,18,2,11
BRDA:269,19,0,1
BRDA:269,19,1,10
BRDA:276,20,0,9
BRDA:276,20,1,1
BRDA:346,21,0,33
BRDA:346,21,1,0
BRDA:404,22,0,25
BRDA:404,22,1,19
BRDA:405,23,0,2
BRDA:405,23,1,23
BRDA:407,24,0,2
BRDA:407,24,1,23
BRDA:407,25,0,25
BRDA:407,25,1,2
BRF:56
BRH:54
end_of_record
TN:
SF:src/utils/timeout.ts
FN:58,(anonymous_0)
FN:97,withTimeout
FN:105,(anonymous_2)
FN:106,(anonymous_3)
FN:156,withTimeoutAndAbort
FN:165,(anonymous_5)
FN:166,(anonymous_6)
FN:198,validateRetryOptions
FN:274,withRetry
FN:291,(anonymous_9)
FN:325,(anonymous_10)
FN:353,isTimeoutError
FN:379,withTimeoutConfig
FNF:13
FNH:13
FNDA:20,(anonymous_0)
FNDA:20,withTimeout
FNDA:20,(anonymous_2)
FNDA:6,(anonymous_3)
FNDA:337,withTimeoutAndAbort
FNDA:337,(anonymous_5)
FNDA:2,(anonymous_6)
FNDA:331,validateRetryOptions
FNDA:331,withRetry
FNDA:11,(anonymous_9)
FNDA:28,(anonymous_10)
FNDA:6,isTimeoutError
FNDA:4,withTimeoutConfig
DA:32,27
DA:60,20
DA:62,20
DA:63,20
DA:64,20
DA:105,20
DA:106,20
DA:107,6
DA:117,20
DA:118,20
DA:121,20
DA:122,20
DA:161,337
DA:165,337
DA:166,337
DA:167,2
DA:168,2
DA:178,337
DA:179,337
DA:180,272
DA:183,337
DA:184,337
DA:204,331
DA:205,1
DA:207,330
DA:208,2
DA:210,328
DA:211,3
DA:213,325
DA:214,3
DA:291,11
DA:292,331
DA:295,331
DA:299,331
DA:300,350
DA:303,350
DA:306,272
DA:308,75
DA:311,75
DA:312,2
DA:316,73
DA:317,33
DA:321,40
DA:323,28
DA:324,28
DA:325,28
DA:331,40
DA:354,6
DA:383,4
DA:384,1
DA:387,3
DA:390,4
LF:52
LH:52
BRDA:109,0,0,6
BRDA:109,0,1,3
BRDA:121,1,0,20
BRDA:121,1,1,0
BRDA:170,2,0,2
BRDA:170,2,1,1
BRDA:183,3,0,337
BRDA:183,3,1,0
BRDA:204,4,0,1
BRDA:204,4,1,330
BRDA:207,5,0,2
BRDA:207,5,1,328
BRDA:207,6,0,330
BRDA:207,6,1,12
BRDA:210,7,0,3
BRDA:210,7,1,325
BRDA:210,8,0,328
BRDA:210,8,1,327
BRDA:213,9,0,3
BRDA:213,9,1,322
BRDA:213,10,0,325
BRDA:213,10,1,324
BRDA:288,11,0,331
BRDA:289,12,0,331
BRDA:291,13,0,11
BRDA:303,14,0,12
BRDA:303,14,1,338
BRDA:311,15,0,2
BRDA:311,15,1,73
BRDA:316,16,0,33
BRDA:316,16,1,40
BRDA:321,17,0,28
BRDA:321,17,1,12
BRDA:383,18,0,1
BRDA:383,18,1,3
BRDA:387,19,0,3
BRDA:387,19,1,2
BRDA:388,20,0,2
BRDA:388,20,1,1
BRF:39
BRH:37
end_of_record
