{"total": {"lines":{"total":1853,"covered":1733,"skipped":0,"pct":93.52},"statements":{"total":2093,"covered":1935,"skipped":0,"pct":92.45},"functions":{"total":401,"covered":390,"skipped":0,"pct":97.25},"branches":{"total":1486,"covered":1176,"skipped":0,"pct":79.13},"branchesTrue":{"total":0,"covered":0,"skipped":0,"pct":100}}
,"/home/runner/work/European-Parliament-MCP-Server/European-Parliament-MCP-Server/src/index.ts": {"lines":{"total":87,"covered":38,"skipped":0,"pct":43.67},"functions":{"total":16,"covered":5,"skipped":0,"pct":31.25},"statements":{"total":87,"covered":38,"skipped":0,"pct":43.67},"branches":{"total":32,"covered":5,"skipped":0,"pct":15.62}}
,"/home/runner/work/European-Parliament-MCP-Server/European-Parliament-MCP-Server/src/clients/europeanParliamentClient.ts": {"lines":{"total":565,"covered":512,"skipped":0,"pct":90.61},"functions":{"total":106,"covered":106,"skipped":0,"pct":100},"statements":{"total":633,"covered":569,"skipped":0,"pct":89.88},"branches":{"total":646,"covered":488,"skipped":0,"pct":75.54}}
,"/home/runner/work/European-Parliament-MCP-Server/European-Parliament-MCP-Server/src/di/container.ts": {"lines":{"total":13,"covered":13,"skipped":0,"pct":100},"functions":{"total":4,"covered":4,"skipped":0,"pct":100},"statements":{"total":13,"covered":13,"skipped":0,"pct":100},"branches":{"total":9,"covered":9,"skipped":0,"pct":100}}
,"/home/runner/work/European-Parliament-MCP-Server/European-Parliament-MCP-Server/src/prompts/index.ts": {"lines":{"total":46,"covered":46,"skipped":0,"pct":100},"functions":{"total":12,"covered":12,"skipped":0,"pct":100},"statements":{"total":47,"covered":47,"skipped":0,"pct":100},"branches":{"total":35,"covered":31,"skipped":0,"pct":88.57}}
,"/home/runner/work/European-Parliament-MCP-Server/European-Parliament-MCP-Server/src/resources/index.ts": {"lines":{"total":82,"covered":78,"skipped":0,"pct":95.12},"functions":{"total":15,"covered":15,"skipped":0,"pct":100},"statements":{"total":86,"covered":82,"skipped":0,"pct":95.34},"branches":{"total":61,"covered":52,"skipped":0,"pct":85.24}}
,"/home/runner/work/European-Parliament-MCP-Server/European-Parliament-MCP-Server/src/schemas/europeanParliament.ts": {"lines":{"total":38,"covered":38,"skipped":0,"pct":100},"functions":{"total":2,"covered":2,"skipped":0,"pct":100},"statements":{"total":38,"covered":38,"skipped":0,"pct":100},"branches":{"total":2,"covered":2,"skipped":0,"pct":100}}
,"/home/runner/work/European-Parliament-MCP-Server/European-Parliament-MCP-Server/src/services/MetricsService.ts": {"lines":{"total":69,"covered":67,"skipped":0,"pct":97.1},"functions":{"total":13,"covered":13,"skipped":0,"pct":100},"statements":{"total":70,"covered":68,"skipped":0,"pct":97.14},"branches":{"total":48,"covered":36,"skipped":0,"pct":75}}
,"/home/runner/work/European-Parliament-MCP-Server/European-Parliament-MCP-Server/src/tools/analyzeCoalitionDynamics.ts": {"lines":{"total":75,"covered":74,"skipped":0,"pct":98.66},"functions":{"total":21,"covered":21,"skipped":0,"pct":100},"statements":{"total":89,"covered":86,"skipped":0,"pct":96.62},"branches":{"total":44,"covered":33,"skipped":0,"pct":75}}
,"/home/runner/work/European-Parliament-MCP-Server/European-Parliament-MCP-Server/src/tools/analyzeCommitteeActivity.ts": {"lines":{"total":34,"covered":33,"skipped":0,"pct":97.05},"functions":{"total":5,"covered":5,"skipped":0,"pct":100},"statements":{"total":41,"covered":40,"skipped":0,"pct":97.56},"branches":{"total":22,"covered":18,"skipped":0,"pct":81.81}}
,"/home/runner/work/European-Parliament-MCP-Server/European-Parliament-MCP-Server/src/tools/analyzeCountryDelegation.ts": {"lines":{"total":73,"covered":73,"skipped":0,"pct":100},"functions":{"total":17,"covered":17,"skipped":0,"pct":100},"statements":{"total":86,"covered":83,"skipped":0,"pct":96.51},"branches":{"total":42,"covered":36,"skipped":0,"pct":85.71}}
,"/home/runner/work/European-Parliament-MCP-Server/European-Parliament-MCP-Server/src/tools/analyzeLegislativeEffectiveness.ts": {"lines":{"total":41,"covered":41,"skipped":0,"pct":100},"functions":{"total":9,"covered":9,"skipped":0,"pct":100},"statements":{"total":48,"covered":47,"skipped":0,"pct":97.91},"branches":{"total":28,"covered":23,"skipped":0,"pct":82.14}}
,"/home/runner/work/European-Parliament-MCP-Server/European-Parliament-MCP-Server/src/tools/analyzeVotingPatterns.ts": {"lines":{"total":19,"covered":19,"skipped":0,"pct":100},"functions":{"total":4,"covered":4,"skipped":0,"pct":100},"statements":{"total":21,"covered":20,"skipped":0,"pct":95.23},"branches":{"total":18,"covered":16,"skipped":0,"pct":88.88}}
,"/home/runner/work/European-Parliament-MCP-Server/European-Parliament-MCP-Server/src/tools/assessMepInfluence.ts": {"lines":{"total":57,"covered":57,"skipped":0,"pct":100},"functions":{"total":14,"covered":14,"skipped":0,"pct":100},"statements":{"total":65,"covered":63,"skipped":0,"pct":96.92},"branches":{"total":37,"covered":32,"skipped":0,"pct":86.48}}
,"/home/runner/work/European-Parliament-MCP-Server/European-Parliament-MCP-Server/src/tools/comparePoliticalGroups.ts": {"lines":{"total":55,"covered":55,"skipped":0,"pct":100},"functions":{"total":22,"covered":22,"skipped":0,"pct":100},"statements":{"total":65,"covered":65,"skipped":0,"pct":100},"branches":{"total":22,"covered":19,"skipped":0,"pct":86.36}}
,"/home/runner/work/European-Parliament-MCP-Server/European-Parliament-MCP-Server/src/tools/detectVotingAnomalies.ts": {"lines":{"total":64,"covered":64,"skipped":0,"pct":100},"functions":{"total":16,"covered":16,"skipped":0,"pct":100},"statements":{"total":80,"covered":75,"skipped":0,"pct":93.75},"branches":{"total":54,"covered":45,"skipped":0,"pct":83.33}}
,"/home/runner/work/European-Parliament-MCP-Server/European-Parliament-MCP-Server/src/tools/generatePoliticalLandscape.ts": {"lines":{"total":58,"covered":57,"skipped":0,"pct":98.27},"functions":{"total":11,"covered":11,"skipped":0,"pct":100},"statements":{"total":68,"covered":65,"skipped":0,"pct":95.58},"branches":{"total":50,"covered":43,"skipped":0,"pct":86}}
,"/home/runner/work/European-Parliament-MCP-Server/European-Parliament-MCP-Server/src/tools/generateReport.ts": {"lines":{"total":0,"covered":0,"skipped":0,"pct":100},"functions":{"total":0,"covered":0,"skipped":0,"pct":100},"statements":{"total":0,"covered":0,"skipped":0,"pct":100},"branches":{"total":0,"covered":0,"skipped":0,"pct":100}}
,"/home/runner/work/European-Parliament-MCP-Server/European-Parliament-MCP-Server/src/tools/getAdoptedTexts.ts": {"lines":{"total":6,"covered":6,"skipped":0,"pct":100},"functions":{"total":1,"covered":1,"skipped":0,"pct":100},"statements":{"total":7,"covered":7,"skipped":0,"pct":100},"branches":{"total":2,"covered":2,"skipped":0,"pct":100}}
,"/home/runner/work/European-Parliament-MCP-Server/European-Parliament-MCP-Server/src/tools/getCommitteeInfo.ts": {"lines":{"total":11,"covered":11,"skipped":0,"pct":100},"functions":{"total":1,"covered":1,"skipped":0,"pct":100},"statements":{"total":13,"covered":13,"skipped":0,"pct":100},"branches":{"total":6,"covered":5,"skipped":0,"pct":83.33}}
,"/home/runner/work/European-Parliament-MCP-Server/European-Parliament-MCP-Server/src/tools/getCurrentMEPs.ts": {"lines":{"total":4,"covered":4,"skipped":0,"pct":100},"functions":{"total":1,"covered":1,"skipped":0,"pct":100},"statements":{"total":4,"covered":4,"skipped":0,"pct":100},"branches":{"total":0,"covered":0,"skipped":0,"pct":100}}
,"/home/runner/work/European-Parliament-MCP-Server/European-Parliament-MCP-Server/src/tools/getEvents.ts": {"lines":{"total":7,"covered":7,"skipped":0,"pct":100},"functions":{"total":1,"covered":1,"skipped":0,"pct":100},"statements":{"total":9,"covered":9,"skipped":0,"pct":100},"branches":{"total":4,"covered":4,"skipped":0,"pct":100}}
,"/home/runner/work/European-Parliament-MCP-Server/European-Parliament-MCP-Server/src/tools/getMEPDeclarations.ts": {"lines":{"total":6,"covered":6,"skipped":0,"pct":100},"functions":{"total":1,"covered":1,"skipped":0,"pct":100},"statements":{"total":7,"covered":7,"skipped":0,"pct":100},"branches":{"total":2,"covered":2,"skipped":0,"pct":100}}
,"/home/runner/work/European-Parliament-MCP-Server/European-Parliament-MCP-Server/src/tools/getMEPDetails.ts": {"lines":{"total":8,"covered":8,"skipped":0,"pct":100},"functions":{"total":1,"covered":1,"skipped":0,"pct":100},"statements":{"total":8,"covered":8,"skipped":0,"pct":100},"branches":{"total":2,"covered":1,"skipped":0,"pct":50}}
,"/home/runner/work/European-Parliament-MCP-Server/European-Parliament-MCP-Server/src/tools/getMEPs.ts": {"lines":{"total":13,"covered":13,"skipped":0,"pct":100},"functions":{"total":1,"covered":1,"skipped":0,"pct":100},"statements":{"total":16,"covered":16,"skipped":0,"pct":100},"branches":{"total":8,"covered":7,"skipped":0,"pct":87.5}}
,"/home/runner/work/European-Parliament-MCP-Server/European-Parliament-MCP-Server/src/tools/getMeetingActivities.ts": {"lines":{"total":4,"covered":4,"skipped":0,"pct":100},"functions":{"total":1,"covered":1,"skipped":0,"pct":100},"statements":{"total":4,"covered":4,"skipped":0,"pct":100},"branches":{"total":0,"covered":0,"skipped":0,"pct":100}}
,"/home/runner/work/European-Parliament-MCP-Server/European-Parliament-MCP-Server/src/tools/getMeetingDecisions.ts": {"lines":{"total":4,"covered":4,"skipped":0,"pct":100},"functions":{"total":1,"covered":1,"skipped":0,"pct":100},"statements":{"total":4,"covered":4,"skipped":0,"pct":100},"branches":{"total":0,"covered":0,"skipped":0,"pct":100}}
,"/home/runner/work/European-Parliament-MCP-Server/European-Parliament-MCP-Server/src/tools/getParliamentaryQuestions.ts": {"lines":{"total":16,"covered":16,"skipped":0,"pct":100},"functions":{"total":1,"covered":1,"skipped":0,"pct":100},"statements":{"total":22,"covered":21,"skipped":0,"pct":95.45},"branches":{"total":14,"covered":11,"skipped":0,"pct":78.57}}
,"/home/runner/work/European-Parliament-MCP-Server/European-Parliament-MCP-Server/src/tools/getPlenarySessions.ts": {"lines":{"total":13,"covered":13,"skipped":0,"pct":100},"functions":{"total":1,"covered":1,"skipped":0,"pct":100},"statements":{"total":16,"covered":16,"skipped":0,"pct":100},"branches":{"total":8,"covered":7,"skipped":0,"pct":87.5}}
,"/home/runner/work/European-Parliament-MCP-Server/European-Parliament-MCP-Server/src/tools/getProcedures.ts": {"lines":{"total":6,"covered":6,"skipped":0,"pct":100},"functions":{"total":1,"covered":1,"skipped":0,"pct":100},"statements":{"total":7,"covered":7,"skipped":0,"pct":100},"branches":{"total":2,"covered":2,"skipped":0,"pct":100}}
,"/home/runner/work/European-Parliament-MCP-Server/European-Parliament-MCP-Server/src/tools/getSpeeches.ts": {"lines":{"total":7,"covered":7,"skipped":0,"pct":100},"functions":{"total":1,"covered":1,"skipped":0,"pct":100},"statements":{"total":9,"covered":9,"skipped":0,"pct":100},"branches":{"total":4,"covered":4,"skipped":0,"pct":100}}
,"/home/runner/work/European-Parliament-MCP-Server/European-Parliament-MCP-Server/src/tools/getVotingRecords.ts": {"lines":{"total":15,"covered":15,"skipped":0,"pct":100},"functions":{"total":1,"covered":1,"skipped":0,"pct":100},"statements":{"total":20,"covered":20,"skipped":0,"pct":100},"branches":{"total":12,"covered":11,"skipped":0,"pct":91.66}}
,"/home/runner/work/European-Parliament-MCP-Server/European-Parliament-MCP-Server/src/tools/monitorLegislativePipeline.ts": {"lines":{"total":82,"covered":79,"skipped":0,"pct":96.34},"functions":{"total":21,"covered":21,"skipped":0,"pct":100},"statements":{"total":104,"covered":94,"skipped":0,"pct":90.38},"branches":{"total":76,"covered":60,"skipped":0,"pct":78.94}}
,"/home/runner/work/European-Parliament-MCP-Server/European-Parliament-MCP-Server/src/tools/searchDocuments.ts": {"lines":{"total":14,"covered":14,"skipped":0,"pct":100},"functions":{"total":1,"covered":1,"skipped":0,"pct":100},"statements":{"total":18,"covered":18,"skipped":0,"pct":100},"branches":{"total":10,"covered":9,"skipped":0,"pct":90}}
,"/home/runner/work/European-Parliament-MCP-Server/European-Parliament-MCP-Server/src/tools/trackLegislation.ts": {"lines":{"total":0,"covered":0,"skipped":0,"pct":100},"functions":{"total":0,"covered":0,"skipped":0,"pct":100},"statements":{"total":0,"covered":0,"skipped":0,"pct":100},"branches":{"total":0,"covered":0,"skipped":0,"pct":100}}
,"/home/runner/work/European-Parliament-MCP-Server/European-Parliament-MCP-Server/src/tools/trackMepAttendance.ts": {"lines":{"total":73,"covered":73,"skipped":0,"pct":100},"functions":{"total":18,"covered":18,"skipped":0,"pct":100},"statements":{"total":94,"covered":92,"skipped":0,"pct":97.87},"branches":{"total":72,"covered":67,"skipped":0,"pct":93.05}}
,"/home/runner/work/European-Parliament-MCP-Server/European-Parliament-MCP-Server/src/tools/generateReport/index.ts": {"lines":{"total":9,"covered":9,"skipped":0,"pct":100},"functions":{"total":1,"covered":1,"skipped":0,"pct":100},"statements":{"total":9,"covered":9,"skipped":0,"pct":100},"branches":{"total":2,"covered":1,"skipped":0,"pct":50}}
,"/home/runner/work/European-Parliament-MCP-Server/European-Parliament-MCP-Server/src/tools/generateReport/reportBuilders.ts": {"lines":{"total":15,"covered":15,"skipped":0,"pct":100},"functions":{"total":12,"covered":12,"skipped":0,"pct":100},"statements":{"total":15,"covered":15,"skipped":0,"pct":100},"branches":{"total":2,"covered":2,"skipped":0,"pct":100}}
,"/home/runner/work/European-Parliament-MCP-Server/European-Parliament-MCP-Server/src/tools/generateReport/reportGenerators.ts": {"lines":{"total":16,"covered":16,"skipped":0,"pct":100},"functions":{"total":5,"covered":5,"skipped":0,"pct":100},"statements":{"total":16,"covered":16,"skipped":0,"pct":100},"branches":{"total":34,"covered":28,"skipped":0,"pct":82.35}}
,"/home/runner/work/European-Parliament-MCP-Server/European-Parliament-MCP-Server/src/tools/trackLegislation/index.ts": {"lines":{"total":7,"covered":5,"skipped":0,"pct":71.42},"functions":{"total":1,"covered":1,"skipped":0,"pct":100},"statements":{"total":7,"covered":5,"skipped":0,"pct":71.42},"branches":{"total":2,"covered":0,"skipped":0,"pct":0}}
,"/home/runner/work/European-Parliament-MCP-Server/European-Parliament-MCP-Server/src/tools/trackLegislation/procedureTracker.ts": {"lines":{"total":5,"covered":5,"skipped":0,"pct":100},"functions":{"total":5,"covered":5,"skipped":0,"pct":100},"statements":{"total":5,"covered":5,"skipped":0,"pct":100},"branches":{"total":0,"covered":0,"skipped":0,"pct":100}}
,"/home/runner/work/European-Parliament-MCP-Server/European-Parliament-MCP-Server/src/tools/trackLegislation/timelineBuilder.ts": {"lines":{"total":2,"covered":2,"skipped":0,"pct":100},"functions":{"total":2,"covered":2,"skipped":0,"pct":100},"statements":{"total":2,"covered":2,"skipped":0,"pct":100},"branches":{"total":0,"covered":0,"skipped":0,"pct":100}}
,"/home/runner/work/European-Parliament-MCP-Server/European-Parliament-MCP-Server/src/utils/auditLogger.ts": {"lines":{"total":9,"covered":9,"skipped":0,"pct":100},"functions":{"total":5,"covered":5,"skipped":0,"pct":100},"statements":{"total":9,"covered":9,"skipped":0,"pct":100},"branches":{"total":4,"covered":2,"skipped":0,"pct":50}}
,"/home/runner/work/European-Parliament-MCP-Server/European-Parliament-MCP-Server/src/utils/performance.ts": {"lines":{"total":46,"covered":44,"skipped":0,"pct":95.65},"functions":{"total":10,"covered":10,"skipped":0,"pct":100},"statements":{"total":50,"covered":47,"skipped":0,"pct":94},"branches":{"total":32,"covered":28,"skipped":0,"pct":87.5}}
,"/home/runner/work/European-Parliament-MCP-Server/European-Parliament-MCP-Server/src/utils/rateLimiter.ts": {"lines":{"total":35,"covered":33,"skipped":0,"pct":94.28},"functions":{"total":7,"covered":7,"skipped":0,"pct":100},"statements":{"total":35,"covered":33,"skipped":0,"pct":94.28},"branches":{"total":12,"covered":11,"skipped":0,"pct":91.66}}
,"/home/runner/work/European-Parliament-MCP-Server/European-Parliament-MCP-Server/src/utils/timeout.ts": {"lines":{"total":44,"covered":44,"skipped":0,"pct":100},"functions":{"total":12,"covered":12,"skipped":0,"pct":100},"statements":{"total":46,"covered":46,"skipped":0,"pct":100},"branches":{"total":26,"covered":24,"skipped":0,"pct":92.3}}
}
