{"total": {"lines":{"total":2322,"covered":2113,"skipped":0,"pct":90.99},"statements":{"total":2615,"covered":2328,"skipped":0,"pct":89.02},"functions":{"total":558,"covered":527,"skipped":0,"pct":94.44},"branches":{"total":1845,"covered":1438,"skipped":0,"pct":77.94},"branchesTrue":{"total":0,"covered":0,"skipped":0,"pct":100}}
,"/home/runner/work/European-Parliament-MCP-Server/European-Parliament-MCP-Server/src/index.ts": {"lines":{"total":73,"covered":6,"skipped":0,"pct":8.21},"functions":{"total":14,"covered":0,"skipped":0,"pct":0},"statements":{"total":76,"covered":6,"skipped":0,"pct":7.89},"branches":{"total":16,"covered":3,"skipped":0,"pct":18.75}}
,"/home/runner/work/European-Parliament-MCP-Server/European-Parliament-MCP-Server/src/clients/europeanParliamentClient.ts": {"lines":{"total":69,"covered":64,"skipped":0,"pct":92.75},"functions":{"total":45,"covered":45,"skipped":0,"pct":100},"statements":{"total":70,"covered":64,"skipped":0,"pct":91.42},"branches":{"total":49,"covered":38,"skipped":0,"pct":77.55}}
,"/home/runner/work/European-Parliament-MCP-Server/European-Parliament-MCP-Server/src/clients/ep/baseClient.ts": {"lines":{"total":70,"covered":63,"skipped":0,"pct":90},"functions":{"total":14,"covered":14,"skipped":0,"pct":100},"statements":{"total":75,"covered":65,"skipped":0,"pct":86.66},"branches":{"total":47,"covered":25,"skipped":0,"pct":53.19}}
,"/home/runner/work/European-Parliament-MCP-Server/European-Parliament-MCP-Server/src/clients/ep/committeeClient.ts": {"lines":{"total":34,"covered":34,"skipped":0,"pct":100},"functions":{"total":8,"covered":8,"skipped":0,"pct":100},"statements":{"total":37,"covered":37,"skipped":0,"pct":100},"branches":{"total":29,"covered":22,"skipped":0,"pct":75.86}}
,"/home/runner/work/European-Parliament-MCP-Server/European-Parliament-MCP-Server/src/clients/ep/documentClient.ts": {"lines":{"total":93,"covered":88,"skipped":0,"pct":94.62},"functions":{"total":24,"covered":23,"skipped":0,"pct":95.83},"statements":{"total":110,"covered":104,"skipped":0,"pct":94.54},"branches":{"total":89,"covered":75,"skipped":0,"pct":84.26}}
,"/home/runner/work/European-Parliament-MCP-Server/European-Parliament-MCP-Server/src/clients/ep/index.ts": {"lines":{"total":0,"covered":0,"skipped":0,"pct":100},"functions":{"total":0,"covered":0,"skipped":0,"pct":100},"statements":{"total":0,"covered":0,"skipped":0,"pct":100},"branches":{"total":0,"covered":0,"skipped":0,"pct":100}}
,"/home/runner/work/European-Parliament-MCP-Server/European-Parliament-MCP-Server/src/clients/ep/jsonLdHelpers.ts": {"lines":{"total":98,"covered":76,"skipped":0,"pct":77.55},"functions":{"total":20,"covered":20,"skipped":0,"pct":100},"statements":{"total":126,"covered":94,"skipped":0,"pct":74.6},"branches":{"total":146,"covered":97,"skipped":0,"pct":66.43}}
,"/home/runner/work/European-Parliament-MCP-Server/European-Parliament-MCP-Server/src/clients/ep/legislativeClient.ts": {"lines":{"total":38,"covered":37,"skipped":0,"pct":97.36},"functions":{"total":12,"covered":12,"skipped":0,"pct":100},"statements":{"total":44,"covered":43,"skipped":0,"pct":97.72},"branches":{"total":36,"covered":31,"skipped":0,"pct":86.11}}
,"/home/runner/work/European-Parliament-MCP-Server/European-Parliament-MCP-Server/src/clients/ep/mepClient.ts": {"lines":{"total":77,"covered":74,"skipped":0,"pct":96.1},"functions":{"total":19,"covered":19,"skipped":0,"pct":100},"statements":{"total":90,"covered":83,"skipped":0,"pct":92.22},"branches":{"total":74,"covered":58,"skipped":0,"pct":78.37}}
,"/home/runner/work/European-Parliament-MCP-Server/European-Parliament-MCP-Server/src/clients/ep/plenaryClient.ts": {"lines":{"total":65,"covered":61,"skipped":0,"pct":93.84},"functions":{"total":19,"covered":18,"skipped":0,"pct":94.73},"statements":{"total":77,"covered":69,"skipped":0,"pct":89.61},"branches":{"total":65,"covered":51,"skipped":0,"pct":78.46}}
,"/home/runner/work/European-Parliament-MCP-Server/European-Parliament-MCP-Server/src/clients/ep/questionClient.ts": {"lines":{"total":40,"covered":36,"skipped":0,"pct":90},"functions":{"total":11,"covered":10,"skipped":0,"pct":90.9},"statements":{"total":47,"covered":42,"skipped":0,"pct":89.36},"branches":{"total":39,"covered":32,"skipped":0,"pct":82.05}}
,"/home/runner/work/European-Parliament-MCP-Server/European-Parliament-MCP-Server/src/clients/ep/transformers.ts": {"lines":{"total":87,"covered":86,"skipped":0,"pct":98.85},"functions":{"total":17,"covered":16,"skipped":0,"pct":94.11},"statements":{"total":92,"covered":87,"skipped":0,"pct":94.56},"branches":{"total":142,"covered":118,"skipped":0,"pct":83.09}}
,"/home/runner/work/European-Parliament-MCP-Server/European-Parliament-MCP-Server/src/clients/ep/vocabularyClient.ts": {"lines":{"total":10,"covered":10,"skipped":0,"pct":100},"functions":{"total":3,"covered":3,"skipped":0,"pct":100},"statements":{"total":10,"covered":10,"skipped":0,"pct":100},"branches":{"total":10,"covered":9,"skipped":0,"pct":90}}
,"/home/runner/work/European-Parliament-MCP-Server/European-Parliament-MCP-Server/src/clients/ep/votingClient.ts": {"lines":{"total":64,"covered":62,"skipped":0,"pct":96.87},"functions":{"total":15,"covered":15,"skipped":0,"pct":100},"statements":{"total":74,"covered":70,"skipped":0,"pct":94.59},"branches":{"total":53,"covered":45,"skipped":0,"pct":84.9}}
,"/home/runner/work/European-Parliament-MCP-Server/European-Parliament-MCP-Server/src/di/container.ts": {"lines":{"total":20,"covered":13,"skipped":0,"pct":65},"functions":{"total":9,"covered":4,"skipped":0,"pct":44.44},"statements":{"total":23,"covered":13,"skipped":0,"pct":56.52},"branches":{"total":9,"covered":9,"skipped":0,"pct":100}}
,"/home/runner/work/European-Parliament-MCP-Server/European-Parliament-MCP-Server/src/di/tokens.ts": {"lines":{"total":1,"covered":1,"skipped":0,"pct":100},"functions":{"total":0,"covered":0,"skipped":0,"pct":100},"statements":{"total":1,"covered":1,"skipped":0,"pct":100},"branches":{"total":0,"covered":0,"skipped":0,"pct":100}}
,"/home/runner/work/European-Parliament-MCP-Server/European-Parliament-MCP-Server/src/prompts/index.ts": {"lines":{"total":57,"covered":57,"skipped":0,"pct":100},"functions":{"total":13,"covered":13,"skipped":0,"pct":100},"statements":{"total":58,"covered":58,"skipped":0,"pct":100},"branches":{"total":39,"covered":34,"skipped":0,"pct":87.17}}
,"/home/runner/work/European-Parliament-MCP-Server/European-Parliament-MCP-Server/src/resources/index.ts": {"lines":{"total":117,"covered":111,"skipped":0,"pct":94.87},"functions":{"total":21,"covered":21,"skipped":0,"pct":100},"statements":{"total":121,"covered":115,"skipped":0,"pct":95.04},"branches":{"total":88,"covered":74,"skipped":0,"pct":84.09}}
,"/home/runner/work/European-Parliament-MCP-Server/European-Parliament-MCP-Server/src/schemas/europeanParliament.ts": {"lines":{"total":0,"covered":0,"skipped":0,"pct":100},"functions":{"total":0,"covered":0,"skipped":0,"pct":100},"statements":{"total":0,"covered":0,"skipped":0,"pct":100},"branches":{"total":0,"covered":0,"skipped":0,"pct":100}}
,"/home/runner/work/European-Parliament-MCP-Server/European-Parliament-MCP-Server/src/schemas/ep/activities.ts": {"lines":{"total":10,"covered":10,"skipped":0,"pct":100},"functions":{"total":0,"covered":0,"skipped":0,"pct":100},"statements":{"total":10,"covered":10,"skipped":0,"pct":100},"branches":{"total":0,"covered":0,"skipped":0,"pct":100}}
,"/home/runner/work/European-Parliament-MCP-Server/European-Parliament-MCP-Server/src/schemas/ep/analysis.ts": {"lines":{"total":10,"covered":10,"skipped":0,"pct":100},"functions":{"total":1,"covered":1,"skipped":0,"pct":100},"statements":{"total":10,"covered":10,"skipped":0,"pct":100},"branches":{"total":2,"covered":2,"skipped":0,"pct":100}}
,"/home/runner/work/European-Parliament-MCP-Server/European-Parliament-MCP-Server/src/schemas/ep/committee.ts": {"lines":{"total":2,"covered":2,"skipped":0,"pct":100},"functions":{"total":0,"covered":0,"skipped":0,"pct":100},"statements":{"total":2,"covered":2,"skipped":0,"pct":100},"branches":{"total":0,"covered":0,"skipped":0,"pct":100}}
,"/home/runner/work/European-Parliament-MCP-Server/European-Parliament-MCP-Server/src/schemas/ep/common.ts": {"lines":{"total":4,"covered":4,"skipped":0,"pct":100},"functions":{"total":1,"covered":1,"skipped":0,"pct":100},"statements":{"total":4,"covered":4,"skipped":0,"pct":100},"branches":{"total":0,"covered":0,"skipped":0,"pct":100}}
,"/home/runner/work/European-Parliament-MCP-Server/European-Parliament-MCP-Server/src/schemas/ep/document.ts": {"lines":{"total":8,"covered":8,"skipped":0,"pct":100},"functions":{"total":0,"covered":0,"skipped":0,"pct":100},"statements":{"total":8,"covered":8,"skipped":0,"pct":100},"branches":{"total":0,"covered":0,"skipped":0,"pct":100}}
,"/home/runner/work/European-Parliament-MCP-Server/European-Parliament-MCP-Server/src/schemas/ep/index.ts": {"lines":{"total":0,"covered":0,"skipped":0,"pct":100},"functions":{"total":0,"covered":0,"skipped":0,"pct":100},"statements":{"total":0,"covered":0,"skipped":0,"pct":100},"branches":{"total":0,"covered":0,"skipped":0,"pct":100}}
,"/home/runner/work/European-Parliament-MCP-Server/European-Parliament-MCP-Server/src/schemas/ep/mep.ts": {"lines":{"total":9,"covered":9,"skipped":0,"pct":100},"functions":{"total":0,"covered":0,"skipped":0,"pct":100},"statements":{"total":9,"covered":9,"skipped":0,"pct":100},"branches":{"total":0,"covered":0,"skipped":0,"pct":100}}
,"/home/runner/work/European-Parliament-MCP-Server/European-Parliament-MCP-Server/src/schemas/ep/plenary.ts": {"lines":{"total":4,"covered":4,"skipped":0,"pct":100},"functions":{"total":0,"covered":0,"skipped":0,"pct":100},"statements":{"total":4,"covered":4,"skipped":0,"pct":100},"branches":{"total":0,"covered":0,"skipped":0,"pct":100}}
,"/home/runner/work/European-Parliament-MCP-Server/European-Parliament-MCP-Server/src/schemas/ep/question.ts": {"lines":{"total":2,"covered":2,"skipped":0,"pct":100},"functions":{"total":0,"covered":0,"skipped":0,"pct":100},"statements":{"total":2,"covered":2,"skipped":0,"pct":100},"branches":{"total":0,"covered":0,"skipped":0,"pct":100}}
,"/home/runner/work/European-Parliament-MCP-Server/European-Parliament-MCP-Server/src/server/cli.ts": {"lines":{"total":28,"covered":11,"skipped":0,"pct":39.28},"functions":{"total":5,"covered":1,"skipped":0,"pct":20},"statements":{"total":28,"covered":11,"skipped":0,"pct":39.28},"branches":{"total":20,"covered":2,"skipped":0,"pct":10}}
,"/home/runner/work/European-Parliament-MCP-Server/European-Parliament-MCP-Server/src/server/toolRegistry.ts": {"lines":{"total":7,"covered":3,"skipped":0,"pct":42.85},"functions":{"total":3,"covered":2,"skipped":0,"pct":66.66},"statements":{"total":7,"covered":3,"skipped":0,"pct":42.85},"branches":{"total":2,"covered":0,"skipped":0,"pct":0}}
,"/home/runner/work/European-Parliament-MCP-Server/European-Parliament-MCP-Server/src/services/HealthService.ts": {"lines":{"total":24,"covered":24,"skipped":0,"pct":100},"functions":{"total":6,"covered":6,"skipped":0,"pct":100},"statements":{"total":24,"covered":24,"skipped":0,"pct":100},"branches":{"total":18,"covered":18,"skipped":0,"pct":100}}
,"/home/runner/work/European-Parliament-MCP-Server/European-Parliament-MCP-Server/src/services/MetricsService.ts": {"lines":{"total":74,"covered":72,"skipped":0,"pct":97.29},"functions":{"total":14,"covered":14,"skipped":0,"pct":100},"statements":{"total":76,"covered":74,"skipped":0,"pct":97.36},"branches":{"total":50,"covered":38,"skipped":0,"pct":76}}
,"/home/runner/work/European-Parliament-MCP-Server/European-Parliament-MCP-Server/src/tools/analyzeCoalitionDynamics.ts": {"lines":{"total":57,"covered":54,"skipped":0,"pct":94.73},"functions":{"total":20,"covered":18,"skipped":0,"pct":90},"statements":{"total":70,"covered":65,"skipped":0,"pct":92.85},"branches":{"total":36,"covered":25,"skipped":0,"pct":69.44}}
,"/home/runner/work/European-Parliament-MCP-Server/European-Parliament-MCP-Server/src/tools/analyzeCommitteeActivity.ts": {"lines":{"total":37,"covered":37,"skipped":0,"pct":100},"functions":{"total":10,"covered":10,"skipped":0,"pct":100},"statements":{"total":44,"covered":41,"skipped":0,"pct":93.18},"branches":{"total":33,"covered":27,"skipped":0,"pct":81.81}}
,"/home/runner/work/European-Parliament-MCP-Server/European-Parliament-MCP-Server/src/tools/analyzeCountryDelegation.ts": {"lines":{"total":73,"covered":73,"skipped":0,"pct":100},"functions":{"total":17,"covered":17,"skipped":0,"pct":100},"statements":{"total":86,"covered":83,"skipped":0,"pct":96.51},"branches":{"total":42,"covered":36,"skipped":0,"pct":85.71}}
,"/home/runner/work/European-Parliament-MCP-Server/European-Parliament-MCP-Server/src/tools/analyzeLegislativeEffectiveness.ts": {"lines":{"total":41,"covered":41,"skipped":0,"pct":100},"functions":{"total":9,"covered":9,"skipped":0,"pct":100},"statements":{"total":48,"covered":47,"skipped":0,"pct":97.91},"branches":{"total":28,"covered":24,"skipped":0,"pct":85.71}}
,"/home/runner/work/European-Parliament-MCP-Server/European-Parliament-MCP-Server/src/tools/analyzeVotingPatterns.ts": {"lines":{"total":21,"covered":19,"skipped":0,"pct":90.47},"functions":{"total":4,"covered":4,"skipped":0,"pct":100},"statements":{"total":23,"covered":20,"skipped":0,"pct":86.95},"branches":{"total":20,"covered":14,"skipped":0,"pct":70}}
,"/home/runner/work/European-Parliament-MCP-Server/European-Parliament-MCP-Server/src/tools/assessMepInfluence.ts": {"lines":{"total":60,"covered":59,"skipped":0,"pct":98.33},"functions":{"total":14,"covered":14,"skipped":0,"pct":100},"statements":{"total":68,"covered":64,"skipped":0,"pct":94.11},"branches":{"total":37,"covered":32,"skipped":0,"pct":86.48}}
,"/home/runner/work/European-Parliament-MCP-Server/European-Parliament-MCP-Server/src/tools/comparePoliticalGroups.ts": {"lines":{"total":37,"covered":37,"skipped":0,"pct":100},"functions":{"total":20,"covered":20,"skipped":0,"pct":100},"statements":{"total":47,"covered":47,"skipped":0,"pct":100},"branches":{"total":16,"covered":13,"skipped":0,"pct":81.25}}
,"/home/runner/work/European-Parliament-MCP-Server/European-Parliament-MCP-Server/src/tools/detectVotingAnomalies.ts": {"lines":{"total":73,"covered":66,"skipped":0,"pct":90.41},"functions":{"total":18,"covered":17,"skipped":0,"pct":94.44},"statements":{"total":90,"covered":75,"skipped":0,"pct":83.33},"branches":{"total":69,"covered":50,"skipped":0,"pct":72.46}}
,"/home/runner/work/European-Parliament-MCP-Server/European-Parliament-MCP-Server/src/tools/generatePoliticalLandscape.ts": {"lines":{"total":62,"covered":62,"skipped":0,"pct":100},"functions":{"total":11,"covered":11,"skipped":0,"pct":100},"statements":{"total":72,"covered":68,"skipped":0,"pct":94.44},"branches":{"total":50,"covered":42,"skipped":0,"pct":84}}
,"/home/runner/work/European-Parliament-MCP-Server/European-Parliament-MCP-Server/src/tools/generateReport.ts": {"lines":{"total":0,"covered":0,"skipped":0,"pct":100},"functions":{"total":0,"covered":0,"skipped":0,"pct":100},"statements":{"total":0,"covered":0,"skipped":0,"pct":100},"branches":{"total":0,"covered":0,"skipped":0,"pct":100}}
,"/home/runner/work/European-Parliament-MCP-Server/European-Parliament-MCP-Server/src/tools/getAdoptedTexts.ts": {"lines":{"total":9,"covered":7,"skipped":0,"pct":77.77},"functions":{"total":1,"covered":1,"skipped":0,"pct":100},"statements":{"total":10,"covered":8,"skipped":0,"pct":80},"branches":{"total":4,"covered":3,"skipped":0,"pct":75}}
,"/home/runner/work/European-Parliament-MCP-Server/European-Parliament-MCP-Server/src/tools/getCommitteeDocuments.ts": {"lines":{"total":9,"covered":9,"skipped":0,"pct":100},"functions":{"total":1,"covered":1,"skipped":0,"pct":100},"statements":{"total":10,"covered":10,"skipped":0,"pct":100},"branches":{"total":4,"covered":4,"skipped":0,"pct":100}}
,"/home/runner/work/European-Parliament-MCP-Server/European-Parliament-MCP-Server/src/tools/getCommitteeInfo.ts": {"lines":{"total":14,"covered":12,"skipped":0,"pct":85.71},"functions":{"total":1,"covered":1,"skipped":0,"pct":100},"statements":{"total":16,"covered":14,"skipped":0,"pct":87.5},"branches":{"total":8,"covered":6,"skipped":0,"pct":75}}
,"/home/runner/work/European-Parliament-MCP-Server/European-Parliament-MCP-Server/src/tools/getControlledVocabularies.ts": {"lines":{"total":7,"covered":7,"skipped":0,"pct":100},"functions":{"total":1,"covered":1,"skipped":0,"pct":100},"statements":{"total":7,"covered":7,"skipped":0,"pct":100},"branches":{"total":2,"covered":2,"skipped":0,"pct":100}}
,"/home/runner/work/European-Parliament-MCP-Server/European-Parliament-MCP-Server/src/tools/getCurrentMEPs.ts": {"lines":{"total":4,"covered":4,"skipped":0,"pct":100},"functions":{"total":1,"covered":1,"skipped":0,"pct":100},"statements":{"total":4,"covered":4,"skipped":0,"pct":100},"branches":{"total":0,"covered":0,"skipped":0,"pct":100}}
,"/home/runner/work/European-Parliament-MCP-Server/European-Parliament-MCP-Server/src/tools/getEvents.ts": {"lines":{"total":10,"covered":8,"skipped":0,"pct":80},"functions":{"total":1,"covered":1,"skipped":0,"pct":100},"statements":{"total":12,"covered":10,"skipped":0,"pct":83.33},"branches":{"total":6,"covered":5,"skipped":0,"pct":83.33}}
,"/home/runner/work/European-Parliament-MCP-Server/European-Parliament-MCP-Server/src/tools/getExternalDocuments.ts": {"lines":{"total":9,"covered":9,"skipped":0,"pct":100},"functions":{"total":1,"covered":1,"skipped":0,"pct":100},"statements":{"total":10,"covered":10,"skipped":0,"pct":100},"branches":{"total":4,"covered":4,"skipped":0,"pct":100}}
,"/home/runner/work/European-Parliament-MCP-Server/European-Parliament-MCP-Server/src/tools/getHomonymMEPs.ts": {"lines":{"total":4,"covered":4,"skipped":0,"pct":100},"functions":{"total":1,"covered":1,"skipped":0,"pct":100},"statements":{"total":4,"covered":4,"skipped":0,"pct":100},"branches":{"total":0,"covered":0,"skipped":0,"pct":100}}
,"/home/runner/work/European-Parliament-MCP-Server/European-Parliament-MCP-Server/src/tools/getIncomingMEPs.ts": {"lines":{"total":4,"covered":4,"skipped":0,"pct":100},"functions":{"total":1,"covered":1,"skipped":0,"pct":100},"statements":{"total":4,"covered":4,"skipped":0,"pct":100},"branches":{"total":0,"covered":0,"skipped":0,"pct":100}}
,"/home/runner/work/European-Parliament-MCP-Server/European-Parliament-MCP-Server/src/tools/getMEPDeclarations.ts": {"lines":{"total":9,"covered":7,"skipped":0,"pct":77.77},"functions":{"total":1,"covered":1,"skipped":0,"pct":100},"statements":{"total":10,"covered":8,"skipped":0,"pct":80},"branches":{"total":4,"covered":3,"skipped":0,"pct":75}}
,"/home/runner/work/European-Parliament-MCP-Server/European-Parliament-MCP-Server/src/tools/getMEPDetails.ts": {"lines":{"total":8,"covered":8,"skipped":0,"pct":100},"functions":{"total":1,"covered":1,"skipped":0,"pct":100},"statements":{"total":8,"covered":8,"skipped":0,"pct":100},"branches":{"total":2,"covered":1,"skipped":0,"pct":50}}
,"/home/runner/work/European-Parliament-MCP-Server/European-Parliament-MCP-Server/src/tools/getMEPs.ts": {"lines":{"total":13,"covered":13,"skipped":0,"pct":100},"functions":{"total":1,"covered":1,"skipped":0,"pct":100},"statements":{"total":16,"covered":16,"skipped":0,"pct":100},"branches":{"total":8,"covered":7,"skipped":0,"pct":87.5}}
,"/home/runner/work/European-Parliament-MCP-Server/European-Parliament-MCP-Server/src/tools/getMeetingActivities.ts": {"lines":{"total":4,"covered":4,"skipped":0,"pct":100},"functions":{"total":1,"covered":1,"skipped":0,"pct":100},"statements":{"total":4,"covered":4,"skipped":0,"pct":100},"branches":{"total":0,"covered":0,"skipped":0,"pct":100}}
,"/home/runner/work/European-Parliament-MCP-Server/European-Parliament-MCP-Server/src/tools/getMeetingDecisions.ts": {"lines":{"total":4,"covered":4,"skipped":0,"pct":100},"functions":{"total":1,"covered":1,"skipped":0,"pct":100},"statements":{"total":4,"covered":4,"skipped":0,"pct":100},"branches":{"total":0,"covered":0,"skipped":0,"pct":100}}
,"/home/runner/work/European-Parliament-MCP-Server/European-Parliament-MCP-Server/src/tools/getMeetingForeseenActivities.ts": {"lines":{"total":4,"covered":4,"skipped":0,"pct":100},"functions":{"total":1,"covered":1,"skipped":0,"pct":100},"statements":{"total":4,"covered":4,"skipped":0,"pct":100},"branches":{"total":0,"covered":0,"skipped":0,"pct":100}}
,"/home/runner/work/European-Parliament-MCP-Server/European-Parliament-MCP-Server/src/tools/getOutgoingMEPs.ts": {"lines":{"total":4,"covered":4,"skipped":0,"pct":100},"functions":{"total":1,"covered":1,"skipped":0,"pct":100},"statements":{"total":4,"covered":4,"skipped":0,"pct":100},"branches":{"total":0,"covered":0,"skipped":0,"pct":100}}
,"/home/runner/work/European-Parliament-MCP-Server/European-Parliament-MCP-Server/src/tools/getParliamentaryQuestions.ts": {"lines":{"total":19,"covered":17,"skipped":0,"pct":89.47},"functions":{"total":1,"covered":1,"skipped":0,"pct":100},"statements":{"total":25,"covered":22,"skipped":0,"pct":88},"branches":{"total":16,"covered":12,"skipped":0,"pct":75}}
,"/home/runner/work/European-Parliament-MCP-Server/European-Parliament-MCP-Server/src/tools/getPlenaryDocuments.ts": {"lines":{"total":9,"covered":9,"skipped":0,"pct":100},"functions":{"total":1,"covered":1,"skipped":0,"pct":100},"statements":{"total":10,"covered":10,"skipped":0,"pct":100},"branches":{"total":4,"covered":4,"skipped":0,"pct":100}}
,"/home/runner/work/European-Parliament-MCP-Server/European-Parliament-MCP-Server/src/tools/getPlenarySessionDocumentItems.ts": {"lines":{"total":4,"covered":4,"skipped":0,"pct":100},"functions":{"total":1,"covered":1,"skipped":0,"pct":100},"statements":{"total":4,"covered":4,"skipped":0,"pct":100},"branches":{"total":0,"covered":0,"skipped":0,"pct":100}}
,"/home/runner/work/European-Parliament-MCP-Server/European-Parliament-MCP-Server/src/tools/getPlenarySessionDocuments.ts": {"lines":{"total":7,"covered":7,"skipped":0,"pct":100},"functions":{"total":1,"covered":1,"skipped":0,"pct":100},"statements":{"total":7,"covered":7,"skipped":0,"pct":100},"branches":{"total":2,"covered":2,"skipped":0,"pct":100}}
,"/home/runner/work/European-Parliament-MCP-Server/European-Parliament-MCP-Server/src/tools/getPlenarySessions.ts": {"lines":{"total":16,"covered":14,"skipped":0,"pct":87.5},"functions":{"total":1,"covered":1,"skipped":0,"pct":100},"statements":{"total":19,"covered":17,"skipped":0,"pct":89.47},"branches":{"total":10,"covered":8,"skipped":0,"pct":80}}
,"/home/runner/work/European-Parliament-MCP-Server/European-Parliament-MCP-Server/src/tools/getProcedureEvents.ts": {"lines":{"total":4,"covered":4,"skipped":0,"pct":100},"functions":{"total":1,"covered":1,"skipped":0,"pct":100},"statements":{"total":4,"covered":4,"skipped":0,"pct":100},"branches":{"total":0,"covered":0,"skipped":0,"pct":100}}
,"/home/runner/work/European-Parliament-MCP-Server/European-Parliament-MCP-Server/src/tools/getProcedures.ts": {"lines":{"total":9,"covered":7,"skipped":0,"pct":77.77},"functions":{"total":1,"covered":1,"skipped":0,"pct":100},"statements":{"total":10,"covered":8,"skipped":0,"pct":80},"branches":{"total":4,"covered":3,"skipped":0,"pct":75}}
,"/home/runner/work/European-Parliament-MCP-Server/European-Parliament-MCP-Server/src/tools/getSpeeches.ts": {"lines":{"total":10,"covered":8,"skipped":0,"pct":80},"functions":{"total":1,"covered":1,"skipped":0,"pct":100},"statements":{"total":12,"covered":10,"skipped":0,"pct":83.33},"branches":{"total":6,"covered":5,"skipped":0,"pct":83.33}}
,"/home/runner/work/European-Parliament-MCP-Server/European-Parliament-MCP-Server/src/tools/getVotingRecords.ts": {"lines":{"total":15,"covered":15,"skipped":0,"pct":100},"functions":{"total":1,"covered":1,"skipped":0,"pct":100},"statements":{"total":20,"covered":20,"skipped":0,"pct":100},"branches":{"total":12,"covered":11,"skipped":0,"pct":91.66}}
,"/home/runner/work/European-Parliament-MCP-Server/European-Parliament-MCP-Server/src/tools/monitorLegislativePipeline.ts": {"lines":{"total":92,"covered":84,"skipped":0,"pct":91.3},"functions":{"total":24,"covered":24,"skipped":0,"pct":100},"statements":{"total":114,"covered":96,"skipped":0,"pct":84.21},"branches":{"total":100,"covered":72,"skipped":0,"pct":72}}
,"/home/runner/work/European-Parliament-MCP-Server/European-Parliament-MCP-Server/src/tools/searchDocuments.ts": {"lines":{"total":17,"covered":16,"skipped":0,"pct":94.11},"functions":{"total":1,"covered":1,"skipped":0,"pct":100},"statements":{"total":21,"covered":20,"skipped":0,"pct":95.23},"branches":{"total":14,"covered":12,"skipped":0,"pct":85.71}}
,"/home/runner/work/European-Parliament-MCP-Server/European-Parliament-MCP-Server/src/tools/trackLegislation.ts": {"lines":{"total":0,"covered":0,"skipped":0,"pct":100},"functions":{"total":0,"covered":0,"skipped":0,"pct":100},"statements":{"total":0,"covered":0,"skipped":0,"pct":100},"branches":{"total":0,"covered":0,"skipped":0,"pct":100}}
,"/home/runner/work/European-Parliament-MCP-Server/European-Parliament-MCP-Server/src/tools/trackMepAttendance.ts": {"lines":{"total":73,"covered":73,"skipped":0,"pct":100},"functions":{"total":18,"covered":18,"skipped":0,"pct":100},"statements":{"total":94,"covered":92,"skipped":0,"pct":97.87},"branches":{"total":72,"covered":67,"skipped":0,"pct":93.05}}
,"/home/runner/work/European-Parliament-MCP-Server/European-Parliament-MCP-Server/src/tools/generateReport/index.ts": {"lines":{"total":9,"covered":9,"skipped":0,"pct":100},"functions":{"total":1,"covered":1,"skipped":0,"pct":100},"statements":{"total":9,"covered":9,"skipped":0,"pct":100},"branches":{"total":2,"covered":1,"skipped":0,"pct":50}}
,"/home/runner/work/European-Parliament-MCP-Server/European-Parliament-MCP-Server/src/tools/generateReport/reportBuilders.ts": {"lines":{"total":20,"covered":16,"skipped":0,"pct":80},"functions":{"total":12,"covered":12,"skipped":0,"pct":100},"statements":{"total":22,"covered":16,"skipped":0,"pct":72.72},"branches":{"total":24,"covered":12,"skipped":0,"pct":50}}
,"/home/runner/work/European-Parliament-MCP-Server/European-Parliament-MCP-Server/src/tools/generateReport/reportGenerators.ts": {"lines":{"total":48,"covered":43,"skipped":0,"pct":89.58},"functions":{"total":10,"covered":10,"skipped":0,"pct":100},"statements":{"total":49,"covered":43,"skipped":0,"pct":87.75},"branches":{"total":54,"covered":45,"skipped":0,"pct":83.33}}
,"/home/runner/work/European-Parliament-MCP-Server/European-Parliament-MCP-Server/src/tools/shared/errorHandler.ts": {"lines":{"total":4,"covered":4,"skipped":0,"pct":100},"functions":{"total":2,"covered":2,"skipped":0,"pct":100},"statements":{"total":4,"covered":4,"skipped":0,"pct":100},"branches":{"total":2,"covered":2,"skipped":0,"pct":100}}
,"/home/runner/work/European-Parliament-MCP-Server/European-Parliament-MCP-Server/src/tools/shared/responseBuilder.ts": {"lines":{"total":7,"covered":7,"skipped":0,"pct":100},"functions":{"total":2,"covered":2,"skipped":0,"pct":100},"statements":{"total":7,"covered":7,"skipped":0,"pct":100},"branches":{"total":4,"covered":4,"skipped":0,"pct":100}}
,"/home/runner/work/European-Parliament-MCP-Server/European-Parliament-MCP-Server/src/tools/trackLegislation/index.ts": {"lines":{"total":15,"covered":15,"skipped":0,"pct":100},"functions":{"total":2,"covered":2,"skipped":0,"pct":100},"statements":{"total":15,"covered":15,"skipped":0,"pct":100},"branches":{"total":8,"covered":7,"skipped":0,"pct":87.5}}
,"/home/runner/work/European-Parliament-MCP-Server/European-Parliament-MCP-Server/src/tools/trackLegislation/procedureTracker.ts": {"lines":{"total":20,"covered":19,"skipped":0,"pct":95},"functions":{"total":5,"covered":5,"skipped":0,"pct":100},"statements":{"total":20,"covered":19,"skipped":0,"pct":95},"branches":{"total":27,"covered":14,"skipped":0,"pct":51.85}}
,"/home/runner/work/European-Parliament-MCP-Server/European-Parliament-MCP-Server/src/utils/auditLogger.ts": {"lines":{"total":15,"covered":15,"skipped":0,"pct":100},"functions":{"total":7,"covered":7,"skipped":0,"pct":100},"statements":{"total":16,"covered":16,"skipped":0,"pct":100},"branches":{"total":10,"covered":8,"skipped":0,"pct":80}}
,"/home/runner/work/European-Parliament-MCP-Server/European-Parliament-MCP-Server/src/utils/performance.ts": {"lines":{"total":47,"covered":45,"skipped":0,"pct":95.74},"functions":{"total":10,"covered":10,"skipped":0,"pct":100},"statements":{"total":51,"covered":48,"skipped":0,"pct":94.11},"branches":{"total":32,"covered":28,"skipped":0,"pct":87.5}}
,"/home/runner/work/European-Parliament-MCP-Server/European-Parliament-MCP-Server/src/utils/rateLimiter.ts": {"lines":{"total":41,"covered":39,"skipped":0,"pct":95.12},"functions":{"total":9,"covered":9,"skipped":0,"pct":100},"statements":{"total":41,"covered":39,"skipped":0,"pct":95.12},"branches":{"total":14,"covered":12,"skipped":0,"pct":85.71}}
,"/home/runner/work/European-Parliament-MCP-Server/European-Parliament-MCP-Server/src/utils/timeout.ts": {"lines":{"total":49,"covered":49,"skipped":0,"pct":100},"functions":{"total":13,"covered":13,"skipped":0,"pct":100},"statements":{"total":51,"covered":51,"skipped":0,"pct":100},"branches":{"total":32,"covered":30,"skipped":0,"pct":93.75}}
}
