{"/home/runner/work/European-Parliament-MCP-Server/European-Parliament-MCP-Server/src/index.ts": {"path":"/home/runner/work/European-Parliament-MCP-Server/European-Parliament-MCP-Server/src/index.ts","statementMap":{"0":{"start":{"line":54,"column":27},"end":{"line":54,"column":null}},"1":{"start":{"line":56,"column":20},"end":{"line":56,"column":null}},"2":{"start":{"line":57,"column":38},"end":{"line":57,"column":null}},"3":{"start":{"line":63,"column":24},"end":{"line":63,"column":null}},"4":{"start":{"line":102,"column":4},"end":{"line":114,"column":null}},"5":{"start":{"line":116,"column":4},"end":{"line":116,"column":null}},"6":{"start":{"line":138,"column":4},"end":{"line":142,"column":null}},"7":{"start":{"line":139,"column":6},"end":{"line":141,"column":null}},"8":{"start":{"line":145,"column":4},"end":{"line":160,"column":null}},"9":{"start":{"line":146,"column":40},"end":{"line":146,"column":null}},"10":{"start":{"line":148,"column":6},"end":{"line":159,"column":null}},"11":{"start":{"line":149,"column":8},"end":{"line":149,"column":null}},"12":{"start":{"line":152,"column":8},"end":{"line":152,"column":null}},"13":{"start":{"line":155,"column":8},"end":{"line":157,"column":null}},"14":{"start":{"line":156,"column":10},"end":{"line":156,"column":null}},"15":{"start":{"line":158,"column":8},"end":{"line":158,"column":null}},"16":{"start":{"line":163,"column":4},"end":{"line":167,"column":null}},"17":{"start":{"line":164,"column":6},"end":{"line":166,"column":null}},"18":{"start":{"line":170,"column":4},"end":{"line":182,"column":null}},"19":{"start":{"line":171,"column":40},"end":{"line":171,"column":null}},"20":{"start":{"line":173,"column":6},"end":{"line":181,"column":null}},"21":{"start":{"line":174,"column":8},"end":{"line":174,"column":null}},"22":{"start":{"line":176,"column":8},"end":{"line":176,"column":null}},"23":{"start":{"line":177,"column":8},"end":{"line":179,"column":null}},"24":{"start":{"line":178,"column":10},"end":{"line":178,"column":null}},"25":{"start":{"line":180,"column":8},"end":{"line":180,"column":null}},"26":{"start":{"line":185,"column":4},"end":{"line":189,"column":null}},"27":{"start":{"line":186,"column":6},"end":{"line":188,"column":null}},"28":{"start":{"line":192,"column":4},"end":{"line":204,"column":null}},"29":{"start":{"line":193,"column":22},"end":{"line":193,"column":null}},"30":{"start":{"line":195,"column":6},"end":{"line":203,"column":null}},"31":{"start":{"line":196,"column":8},"end":{"line":196,"column":null}},"32":{"start":{"line":198,"column":8},"end":{"line":198,"column":null}},"33":{"start":{"line":199,"column":8},"end":{"line":201,"column":null}},"34":{"start":{"line":200,"column":10},"end":{"line":200,"column":null}},"35":{"start":{"line":202,"column":8},"end":{"line":202,"column":null}},"36":{"start":{"line":219,"column":4},"end":{"line":219,"column":null}},"37":{"start":{"line":249,"column":22},"end":{"line":249,"column":null}},"38":{"start":{"line":250,"column":4},"end":{"line":250,"column":null}},"39":{"start":{"line":252,"column":10},"end":{"line":252,"column":null}},"40":{"start":{"line":253,"column":30},"end":{"line":253,"column":null}},"41":{"start":{"line":254,"column":10},"end":{"line":254,"column":null}},"42":{"start":{"line":255,"column":10},"end":{"line":255,"column":null}},"43":{"start":{"line":258,"column":4},"end":{"line":258,"column":null}},"44":{"start":{"line":259,"column":4},"end":{"line":259,"column":null}},"45":{"start":{"line":260,"column":4},"end":{"line":260,"column":null}},"46":{"start":{"line":261,"column":4},"end":{"line":261,"column":null}},"47":{"start":{"line":262,"column":4},"end":{"line":262,"column":null}},"48":{"start":{"line":270,"column":2},"end":{"line":271,"column":null}},"49":{"start":{"line":273,"column":0},"end":{"line":292,"column":null}},"50":{"start":{"line":275,"column":15},"end":{"line":275,"column":null}},"51":{"start":{"line":278,"column":2},"end":{"line":281,"column":null}},"52":{"start":{"line":279,"column":4},"end":{"line":279,"column":null}},"53":{"start":{"line":280,"column":4},"end":{"line":280,"column":null}},"54":{"start":{"line":283,"column":2},"end":{"line":286,"column":null}},"55":{"start":{"line":284,"column":4},"end":{"line":284,"column":null}},"56":{"start":{"line":285,"column":4},"end":{"line":285,"column":null}},"57":{"start":{"line":288,"column":2},"end":{"line":291,"column":null}},"58":{"start":{"line":289,"column":4},"end":{"line":289,"column":null}},"59":{"start":{"line":290,"column":4},"end":{"line":290,"column":null}},"60":{"start":{"line":295,"column":15},"end":{"line":295,"column":null}},"61":{"start":{"line":296,"column":0},"end":{"line":299,"column":null}},"62":{"start":{"line":297,"column":2},"end":{"line":297,"column":null}},"63":{"start":{"line":298,"column":2},"end":{"line":298,"column":null}}},"fnMap":{"0":{"name":"(anonymous_0)","decl":{"start":{"line":99,"column":2},"end":{"line":99,"column":16}},"loc":{"start":{"line":99,"column":16},"end":{"line":117,"column":null}},"line":99},"1":{"name":"(anonymous_1)","decl":{"start":{"line":136,"column":10},"end":{"line":136,"column":32}},"loc":{"start":{"line":136,"column":32},"end":{"line":205,"column":null}},"line":136},"2":{"name":"(anonymous_2)","decl":{"start":{"line":138,"column":58},"end":{"line":138,"column":64}},"loc":{"start":{"line":138,"column":64},"end":{"line":142,"column":5}},"line":138},"3":{"name":"(anonymous_3)","decl":{"start":{"line":145,"column":57},"end":{"line":145,"column":64}},"loc":{"start":{"line":145,"column":76},"end":{"line":160,"column":5}},"line":145},"4":{"name":"(anonymous_4)","decl":{"start":{"line":163,"column":60},"end":{"line":163,"column":66}},"loc":{"start":{"line":163,"column":66},"end":{"line":167,"column":5}},"line":163},"5":{"name":"(anonymous_5)","decl":{"start":{"line":170,"column":58},"end":{"line":170,"column":59}},"loc":{"start":{"line":170,"column":71},"end":{"line":182,"column":5}},"line":170},"6":{"name":"(anonymous_6)","decl":{"start":{"line":185,"column":70},"end":{"line":185,"column":76}},"loc":{"start":{"line":185,"column":76},"end":{"line":189,"column":5}},"line":185},"7":{"name":"(anonymous_7)","decl":{"start":{"line":192,"column":61},"end":{"line":192,"column":68}},"loc":{"start":{"line":192,"column":80},"end":{"line":204,"column":5}},"line":192},"8":{"name":"(anonymous_8)","decl":{"start":{"line":215,"column":16},"end":{"line":215,"column":null}},"loc":{"start":{"line":218,"column":60},"end":{"line":220,"column":null}},"line":218},"9":{"name":"(anonymous_9)","decl":{"start":{"line":248,"column":8},"end":{"line":248,"column":31}},"loc":{"start":{"line":248,"column":31},"end":{"line":263,"column":null}},"line":248},"10":{"name":"(anonymous_10)","decl":{"start":{"line":296,"column":21},"end":{"line":296,"column":22}},"loc":{"start":{"line":296,"column":41},"end":{"line":299,"column":1}},"line":296}},"branchMap":{"0":{"loc":{"start":{"line":155,"column":8},"end":{"line":157,"column":null}},"type":"if","locations":[{"start":{"line":155,"column":8},"end":{"line":157,"column":null}},{"start":{},"end":{}}],"line":155},"1":{"loc":{"start":{"line":177,"column":8},"end":{"line":179,"column":null}},"type":"if","locations":[{"start":{"line":177,"column":8},"end":{"line":179,"column":null}},{"start":{},"end":{}}],"line":177},"2":{"loc":{"start":{"line":199,"column":8},"end":{"line":201,"column":null}},"type":"if","locations":[{"start":{"line":199,"column":8},"end":{"line":201,"column":null}},{"start":{},"end":{}}],"line":199},"3":{"loc":{"start":{"line":270,"column":2},"end":{"line":271,"column":null}},"type":"binary-expr","locations":[{"start":{"line":270,"column":2},"end":{"line":270,"column":null}},{"start":{"line":270,"column":22},"end":{"line":271,"column":null}}],"line":270},"4":{"loc":{"start":{"line":273,"column":0},"end":{"line":292,"column":null}},"type":"if","locations":[{"start":{"line":273,"column":0},"end":{"line":292,"column":null}},{"start":{},"end":{}}],"line":273},"5":{"loc":{"start":{"line":278,"column":2},"end":{"line":281,"column":null}},"type":"if","locations":[{"start":{"line":278,"column":2},"end":{"line":281,"column":null}},{"start":{},"end":{}}],"line":278},"6":{"loc":{"start":{"line":278,"column":6},"end":{"line":278,"column":54}},"type":"binary-expr","locations":[{"start":{"line":278,"column":6},"end":{"line":278,"column":33}},{"start":{"line":278,"column":33},"end":{"line":278,"column":54}}],"line":278},"7":{"loc":{"start":{"line":283,"column":2},"end":{"line":286,"column":null}},"type":"if","locations":[{"start":{"line":283,"column":2},"end":{"line":286,"column":null}},{"start":{},"end":{}}],"line":283},"8":{"loc":{"start":{"line":283,"column":6},"end":{"line":283,"column":57}},"type":"binary-expr","locations":[{"start":{"line":283,"column":6},"end":{"line":283,"column":36}},{"start":{"line":283,"column":36},"end":{"line":283,"column":57}}],"line":283},"9":{"loc":{"start":{"line":288,"column":2},"end":{"line":291,"column":null}},"type":"if","locations":[{"start":{"line":288,"column":2},"end":{"line":291,"column":null}},{"start":{},"end":{}}],"line":288}},"s":{"0":1,"1":1,"2":1,"3":1,"4":1,"5":1,"6":1,"7":0,"8":1,"9":0,"10":0,"11":0,"12":0,"13":0,"14":0,"15":0,"16":1,"17":0,"18":1,"19":0,"20":0,"21":0,"22":0,"23":0,"24":0,"25":0,"26":1,"27":0,"28":1,"29":0,"30":0,"31":0,"32":0,"33":0,"34":0,"35":0,"36":0,"37":1,"38":1,"39":1,"40":1,"41":1,"42":1,"43":1,"44":1,"45":1,"46":1,"47":1,"48":1,"49":1,"50":0,"51":0,"52":0,"53":0,"54":0,"55":0,"56":0,"57":0,"58":0,"59":0,"60":1,"61":1,"62":0,"63":0},"f":{"0":1,"1":1,"2":0,"3":0,"4":0,"5":0,"6":0,"7":0,"8":0,"9":1,"10":0},"b":{"0":[0,0],"1":[0,0],"2":[0,0],"3":[1,1],"4":[0,1],"5":[0,0],"6":[0,0],"7":[0,0],"8":[0,0],"9":[0,0]},"meta":{"lastBranch":10,"lastFunction":11,"lastStatement":64,"seen":{"s:54:27:54:Infinity":0,"s:56:20:56:Infinity":1,"s:57:38:57:Infinity":2,"s:63:24:63:Infinity":3,"f:99:2:99:16":0,"s:102:4:114:Infinity":4,"s:116:4:116:Infinity":5,"f:136:10:136:32":1,"s:138:4:142:Infinity":6,"f:138:58:138:64":2,"s:139:6:141:Infinity":7,"s:145:4:160:Infinity":8,"f:145:57:145:64":3,"s:146:40:146:Infinity":9,"s:148:6:159:Infinity":10,"s:149:8:149:Infinity":11,"s:152:8:152:Infinity":12,"b:155:8:157:Infinity:undefined:undefined:undefined:undefined":0,"s:155:8:157:Infinity":13,"s:156:10:156:Infinity":14,"s:158:8:158:Infinity":15,"s:163:4:167:Infinity":16,"f:163:60:163:66":4,"s:164:6:166:Infinity":17,"s:170:4:182:Infinity":18,"f:170:58:170:59":5,"s:171:40:171:Infinity":19,"s:173:6:181:Infinity":20,"s:174:8:174:Infinity":21,"s:176:8:176:Infinity":22,"b:177:8:179:Infinity:undefined:undefined:undefined:undefined":1,"s:177:8:179:Infinity":23,"s:178:10:178:Infinity":24,"s:180:8:180:Infinity":25,"s:185:4:189:Infinity":26,"f:185:70:185:76":6,"s:186:6:188:Infinity":27,"s:192:4:204:Infinity":28,"f:192:61:192:68":7,"s:193:22:193:Infinity":29,"s:195:6:203:Infinity":30,"s:196:8:196:Infinity":31,"s:198:8:198:Infinity":32,"b:199:8:201:Infinity:undefined:undefined:undefined:undefined":2,"s:199:8:201:Infinity":33,"s:200:10:200:Infinity":34,"s:202:8:202:Infinity":35,"f:215:16:215:Infinity":8,"s:219:4:219:Infinity":36,"f:248:8:248:31":9,"s:249:22:249:Infinity":37,"s:250:4:250:Infinity":38,"s:252:10:252:Infinity":39,"s:253:30:253:Infinity":40,"s:254:10:254:Infinity":41,"s:255:10:255:Infinity":42,"s:258:4:258:Infinity":43,"s:259:4:259:Infinity":44,"s:260:4:260:Infinity":45,"s:261:4:261:Infinity":46,"s:262:4:262:Infinity":47,"s:270:2:271:Infinity":48,"b:270:2:270:Infinity:270:22:271:Infinity":3,"b:273:0:292:Infinity:undefined:undefined:undefined:undefined":4,"s:273:0:292:Infinity":49,"s:275:15:275:Infinity":50,"b:278:2:281:Infinity:undefined:undefined:undefined:undefined":5,"s:278:2:281:Infinity":51,"b:278:6:278:33:278:33:278:54":6,"s:279:4:279:Infinity":52,"s:280:4:280:Infinity":53,"b:283:2:286:Infinity:undefined:undefined:undefined:undefined":7,"s:283:2:286:Infinity":54,"b:283:6:283:36:283:36:283:57":8,"s:284:4:284:Infinity":55,"s:285:4:285:Infinity":56,"b:288:2:291:Infinity:undefined:undefined:undefined:undefined":9,"s:288:2:291:Infinity":57,"s:289:4:289:Infinity":58,"s:290:4:290:Infinity":59,"s:295:15:295:Infinity":60,"s:296:0:299:Infinity":61,"f:296:21:296:22":10,"s:297:2:297:Infinity":62,"s:298:2:298:Infinity":63}}}
,"/home/runner/work/European-Parliament-MCP-Server/European-Parliament-MCP-Server/src/clients/europeanParliamentClient.ts": {"path":"/home/runner/work/European-Parliament-MCP-Server/European-Parliament-MCP-Server/src/clients/europeanParliamentClient.ts","statementMap":{"0":{"start":{"line":72,"column":39},"end":{"line":72,"column":null}},"1":{"start":{"line":74,"column":42},"end":{"line":74,"column":null}},"2":{"start":{"line":76,"column":37},"end":{"line":76,"column":null}},"3":{"start":{"line":78,"column":35},"end":{"line":78,"column":null}},"4":{"start":{"line":80,"column":36},"end":{"line":80,"column":null}},"5":{"start":{"line":82,"column":38},"end":{"line":82,"column":null}},"6":{"start":{"line":84,"column":41},"end":{"line":84,"column":null}},"7":{"start":{"line":86,"column":43},"end":{"line":86,"column":null}},"8":{"start":{"line":133,"column":4},"end":{"line":133,"column":null}},"9":{"start":{"line":130,"column":11},"end":{"line":130,"column":null}},"10":{"start":{"line":131,"column":11},"end":{"line":131,"column":null}},"11":{"start":{"line":134,"column":4},"end":{"line":134,"column":null}},"12":{"start":{"line":379,"column":4},"end":{"line":379,"column":null}},"13":{"start":{"line":382,"column":4},"end":{"line":387,"column":null}},"14":{"start":{"line":390,"column":4},"end":{"line":393,"column":null}},"15":{"start":{"line":396,"column":4},"end":{"line":396,"column":null}},"16":{"start":{"line":397,"column":4},"end":{"line":397,"column":null}},"17":{"start":{"line":398,"column":4},"end":{"line":398,"column":null}},"18":{"start":{"line":458,"column":4},"end":{"line":458,"column":null}},"19":{"start":{"line":461,"column":21},"end":{"line":461,"column":null}},"20":{"start":{"line":464,"column":23},"end":{"line":464,"column":null}},"21":{"start":{"line":465,"column":19},"end":{"line":465,"column":null}},"22":{"start":{"line":466,"column":4},"end":{"line":470,"column":null}},"23":{"start":{"line":467,"column":28},"end":{"line":467,"column":null}},"24":{"start":{"line":468,"column":6},"end":{"line":468,"column":null}},"25":{"start":{"line":469,"column":6},"end":{"line":469,"column":null}},"26":{"start":{"line":473,"column":16},"end":{"line":473,"column":null}},"27":{"start":{"line":474,"column":4},"end":{"line":494,"column":null}},"28":{"start":{"line":475,"column":6},"end":{"line":493,"column":null}},"29":{"start":{"line":476,"column":8},"end":{"line":492,"column":null}},"30":{"start":{"line":479,"column":10},"end":{"line":490,"column":null}},"31":{"start":{"line":480,"column":12},"end":{"line":480,"column":null}},"32":{"start":{"line":481,"column":10},"end":{"line":490,"column":null}},"33":{"start":{"line":482,"column":12},"end":{"line":482,"column":null}},"34":{"start":{"line":483,"column":10},"end":{"line":490,"column":null}},"35":{"start":{"line":484,"column":12},"end":{"line":484,"column":null}},"36":{"start":{"line":485,"column":10},"end":{"line":490,"column":null}},"37":{"start":{"line":486,"column":12},"end":{"line":486,"column":null}},"38":{"start":{"line":489,"column":12},"end":{"line":489,"column":null}},"39":{"start":{"line":491,"column":10},"end":{"line":491,"column":null}},"40":{"start":{"line":497,"column":25},"end":{"line":497,"column":null}},"41":{"start":{"line":499,"column":4},"end":{"line":568,"column":null}},"42":{"start":{"line":501,"column":22},"end":{"line":522,"column":null}},"43":{"start":{"line":503,"column":8},"end":{"line":521,"column":null}},"44":{"start":{"line":505,"column":27},"end":{"line":511,"column":null}},"45":{"start":{"line":513,"column":10},"end":{"line":518,"column":null}},"46":{"start":{"line":514,"column":12},"end":{"line":517,"column":null}},"47":{"start":{"line":520,"column":10},"end":{"line":520,"column":null}},"48":{"start":{"line":525,"column":19},"end":{"line":537,"column":null}},"49":{"start":{"line":531,"column":10},"end":{"line":531,"column":null}},"50":{"start":{"line":531,"column":45},"end":{"line":531,"column":null}},"51":{"start":{"line":532,"column":10},"end":{"line":534,"column":null}},"52":{"start":{"line":533,"column":12},"end":{"line":533,"column":null}},"53":{"start":{"line":535,"column":10},"end":{"line":535,"column":null}},"54":{"start":{"line":540,"column":23},"end":{"line":540,"column":null}},"55":{"start":{"line":541,"column":6},"end":{"line":541,"column":null}},"56":{"start":{"line":544,"column":6},"end":{"line":544,"column":null}},"57":{"start":{"line":546,"column":6},"end":{"line":546,"column":null}},"58":{"start":{"line":549,"column":23},"end":{"line":549,"column":null}},"59":{"start":{"line":550,"column":6},"end":{"line":550,"column":null}},"60":{"start":{"line":553,"column":6},"end":{"line":558,"column":null}},"61":{"start":{"line":554,"column":8},"end":{"line":557,"column":null}},"62":{"start":{"line":560,"column":6},"end":{"line":562,"column":null}},"63":{"start":{"line":561,"column":8},"end":{"line":561,"column":null}},"64":{"start":{"line":563,"column":6},"end":{"line":567,"column":null}},"65":{"start":{"line":591,"column":4},"end":{"line":591,"column":null}},"66":{"start":{"line":625,"column":4},"end":{"line":625,"column":null}},"67":{"start":{"line":654,"column":4},"end":{"line":654,"column":null}},"68":{"start":{"line":688,"column":4},"end":{"line":688,"column":null}},"69":{"start":{"line":784,"column":19},"end":{"line":784,"column":null}},"70":{"start":{"line":786,"column":4},"end":{"line":827,"column":null}},"71":{"start":{"line":788,"column":49},"end":{"line":788,"column":null}},"72":{"start":{"line":791,"column":6},"end":{"line":793,"column":null}},"73":{"start":{"line":792,"column":8},"end":{"line":792,"column":null}},"74":{"start":{"line":794,"column":6},"end":{"line":796,"column":null}},"75":{"start":{"line":795,"column":8},"end":{"line":795,"column":null}},"76":{"start":{"line":797,"column":6},"end":{"line":800,"column":null}},"77":{"start":{"line":799,"column":8},"end":{"line":799,"column":null}},"78":{"start":{"line":803,"column":23},"end":{"line":803,"column":null}},"79":{"start":{"line":806,"column":19},"end":{"line":806,"column":null}},"80":{"start":{"line":806,"column":47},"end":{"line":806,"column":70}},"81":{"start":{"line":808,"column":45},"end":{"line":815,"column":null}},"82":{"start":{"line":817,"column":6},"end":{"line":817,"column":null}},"83":{"start":{"line":819,"column":6},"end":{"line":819,"column":null}},"84":{"start":{"line":821,"column":6},"end":{"line":825,"column":null}},"85":{"start":{"line":826,"column":6},"end":{"line":826,"column":null}},"86":{"start":{"line":898,"column":19},"end":{"line":898,"column":null}},"87":{"start":{"line":899,"column":19},"end":{"line":899,"column":null}},"88":{"start":{"line":902,"column":23},"end":{"line":902,"column":null}},"89":{"start":{"line":903,"column":4},"end":{"line":907,"column":null}},"90":{"start":{"line":904,"column":6},"end":{"line":904,"column":null}},"91":{"start":{"line":905,"column":4},"end":{"line":907,"column":null}},"92":{"start":{"line":906,"column":6},"end":{"line":906,"column":null}},"93":{"start":{"line":909,"column":4},"end":{"line":931,"column":null}},"94":{"start":{"line":911,"column":23},"end":{"line":911,"column":null}},"95":{"start":{"line":914,"column":6},"end":{"line":920,"column":null}},"96":{"start":{"line":915,"column":27},"end":{"line":915,"column":null}},"97":{"start":{"line":917,"column":8},"end":{"line":917,"column":null}},"98":{"start":{"line":919,"column":8},"end":{"line":919,"column":null}},"99":{"start":{"line":923,"column":6},"end":{"line":923,"column":null}},"100":{"start":{"line":925,"column":6},"end":{"line":929,"column":null}},"101":{"start":{"line":930,"column":6},"end":{"line":930,"column":null}},"102":{"start":{"line":966,"column":47},"end":{"line":966,"column":null}},"103":{"start":{"line":968,"column":4},"end":{"line":970,"column":null}},"104":{"start":{"line":969,"column":6},"end":{"line":969,"column":null}},"105":{"start":{"line":971,"column":4},"end":{"line":973,"column":null}},"106":{"start":{"line":972,"column":6},"end":{"line":972,"column":null}},"107":{"start":{"line":974,"column":4},"end":{"line":976,"column":null}},"108":{"start":{"line":975,"column":6},"end":{"line":975,"column":null}},"109":{"start":{"line":977,"column":4},"end":{"line":979,"column":null}},"110":{"start":{"line":978,"column":6},"end":{"line":978,"column":null}},"111":{"start":{"line":981,"column":4},"end":{"line":981,"column":null}},"112":{"start":{"line":1062,"column":19},"end":{"line":1062,"column":null}},"113":{"start":{"line":1064,"column":4},"end":{"line":1093,"column":null}},"114":{"start":{"line":1066,"column":24},"end":{"line":1066,"column":null}},"115":{"start":{"line":1069,"column":23},"end":{"line":1069,"column":null}},"116":{"start":{"line":1072,"column":23},"end":{"line":1072,"column":null}},"117":{"start":{"line":1072,"column":51},"end":{"line":1072,"column":85}},"118":{"start":{"line":1074,"column":56},"end":{"line":1081,"column":null}},"119":{"start":{"line":1083,"column":6},"end":{"line":1083,"column":null}},"120":{"start":{"line":1085,"column":6},"end":{"line":1085,"column":null}},"121":{"start":{"line":1087,"column":6},"end":{"line":1091,"column":null}},"122":{"start":{"line":1092,"column":6},"end":{"line":1092,"column":null}},"123":{"start":{"line":1118,"column":4},"end":{"line":1118,"column":null}},"124":{"start":{"line":1187,"column":19},"end":{"line":1187,"column":null}},"125":{"start":{"line":1189,"column":4},"end":{"line":1229,"column":null}},"126":{"start":{"line":1190,"column":49},"end":{"line":1190,"column":null}},"127":{"start":{"line":1191,"column":6},"end":{"line":1191,"column":null}},"128":{"start":{"line":1191,"column":38},"end":{"line":1191,"column":null}},"129":{"start":{"line":1192,"column":6},"end":{"line":1192,"column":null}},"130":{"start":{"line":1192,"column":39},"end":{"line":1192,"column":null}},"131":{"start":{"line":1194,"column":33},"end":{"line":1194,"column":null}},"132":{"start":{"line":1197,"column":6},"end":{"line":1201,"column":null}},"133":{"start":{"line":1198,"column":8},"end":{"line":1198,"column":null}},"134":{"start":{"line":1200,"column":8},"end":{"line":1200,"column":null}},"135":{"start":{"line":1204,"column":6},"end":{"line":1204,"column":null}},"136":{"start":{"line":1207,"column":21},"end":{"line":1207,"column":null}},"137":{"start":{"line":1208,"column":20},"end":{"line":1208,"column":null}},"138":{"start":{"line":1209,"column":31},"end":{"line":1209,"column":null}},"139":{"start":{"line":1211,"column":54},"end":{"line":1217,"column":null}},"140":{"start":{"line":1219,"column":6},"end":{"line":1219,"column":null}},"141":{"start":{"line":1221,"column":6},"end":{"line":1221,"column":null}},"142":{"start":{"line":1223,"column":6},"end":{"line":1227,"column":null}},"143":{"start":{"line":1228,"column":6},"end":{"line":1228,"column":null}},"144":{"start":{"line":1243,"column":21},"end":{"line":1246,"column":null}},"145":{"start":{"line":1247,"column":4},"end":{"line":1247,"column":null}},"146":{"start":{"line":1247,"column":39},"end":{"line":1247,"column":80}},"147":{"start":{"line":1260,"column":52},"end":{"line":1260,"column":null}},"148":{"start":{"line":1261,"column":4},"end":{"line":1263,"column":null}},"149":{"start":{"line":1262,"column":6},"end":{"line":1262,"column":null}},"150":{"start":{"line":1264,"column":29},"end":{"line":1264,"column":null}},"151":{"start":{"line":1265,"column":36},"end":{"line":1265,"column":null}},"152":{"start":{"line":1266,"column":24},"end":{"line":1266,"column":null}},"153":{"start":{"line":1268,"column":4},"end":{"line":1282,"column":null}},"154":{"start":{"line":1269,"column":12},"end":{"line":1269,"column":null}},"155":{"start":{"line":1270,"column":6},"end":{"line":1270,"column":null}},"156":{"start":{"line":1270,"column":28},"end":{"line":1270,"column":null}},"157":{"start":{"line":1271,"column":6},"end":{"line":1280,"column":null}},"158":{"start":{"line":1272,"column":29},"end":{"line":1275,"column":null}},"159":{"start":{"line":1276,"column":28},"end":{"line":1276,"column":null}},"160":{"start":{"line":1276,"column":60},"end":{"line":1276,"column":101}},"161":{"start":{"line":1277,"column":8},"end":{"line":1277,"column":null}},"162":{"start":{"line":1281,"column":6},"end":{"line":1281,"column":null}},"163":{"start":{"line":1281,"column":41},"end":{"line":1281,"column":null}},"164":{"start":{"line":1283,"column":4},"end":{"line":1283,"column":null}},"165":{"start":{"line":1297,"column":19},"end":{"line":1297,"column":null}},"166":{"start":{"line":1298,"column":4},"end":{"line":1301,"column":null}},"167":{"start":{"line":1299,"column":25},"end":{"line":1299,"column":null}},"168":{"start":{"line":1300,"column":6},"end":{"line":1300,"column":null}},"169":{"start":{"line":1300,"column":38},"end":{"line":1300,"column":80}},"170":{"start":{"line":1302,"column":4},"end":{"line":1305,"column":null}},"171":{"start":{"line":1303,"column":23},"end":{"line":1303,"column":null}},"172":{"start":{"line":1304,"column":6},"end":{"line":1304,"column":null}},"173":{"start":{"line":1304,"column":38},"end":{"line":1304,"column":56}},"174":{"start":{"line":1306,"column":4},"end":{"line":1309,"column":null}},"175":{"start":{"line":1307,"column":21},"end":{"line":1307,"column":null}},"176":{"start":{"line":1308,"column":6},"end":{"line":1308,"column":null}},"177":{"start":{"line":1308,"column":38},"end":{"line":1308,"column":54}},"178":{"start":{"line":1310,"column":4},"end":{"line":1310,"column":null}},"179":{"start":{"line":1328,"column":4},"end":{"line":1328,"column":null}},"180":{"start":{"line":1343,"column":47},"end":{"line":1343,"column":null}},"181":{"start":{"line":1344,"column":4},"end":{"line":1344,"column":null}},"182":{"start":{"line":1344,"column":36},"end":{"line":1344,"column":null}},"183":{"start":{"line":1345,"column":4},"end":{"line":1345,"column":null}},"184":{"start":{"line":1345,"column":37},"end":{"line":1345,"column":null}},"185":{"start":{"line":1346,"column":4},"end":{"line":1354,"column":null}},"186":{"start":{"line":1347,"column":46},"end":{"line":1352,"column":null}},"187":{"start":{"line":1353,"column":6},"end":{"line":1353,"column":null}},"188":{"start":{"line":1355,"column":4},"end":{"line":1357,"column":null}},"189":{"start":{"line":1356,"column":6},"end":{"line":1356,"column":null}},"190":{"start":{"line":1358,"column":4},"end":{"line":1358,"column":null}},"191":{"start":{"line":1372,"column":19},"end":{"line":1372,"column":null}},"192":{"start":{"line":1373,"column":4},"end":{"line":1380,"column":null}},"193":{"start":{"line":1374,"column":27},"end":{"line":1374,"column":null}},"194":{"start":{"line":1375,"column":6},"end":{"line":1379,"column":null}},"195":{"start":{"line":1376,"column":8},"end":{"line":1378,"column":null}},"196":{"start":{"line":1381,"column":4},"end":{"line":1386,"column":null}},"197":{"start":{"line":1382,"column":29},"end":{"line":1382,"column":null}},"198":{"start":{"line":1383,"column":6},"end":{"line":1385,"column":null}},"199":{"start":{"line":1384,"column":8},"end":{"line":1384,"column":null}},"200":{"start":{"line":1387,"column":4},"end":{"line":1387,"column":null}},"201":{"start":{"line":1453,"column":19},"end":{"line":1453,"column":null}},"202":{"start":{"line":1455,"column":4},"end":{"line":1485,"column":null}},"203":{"start":{"line":1456,"column":24},"end":{"line":1456,"column":null}},"204":{"start":{"line":1459,"column":23},"end":{"line":1459,"column":null}},"205":{"start":{"line":1462,"column":22},"end":{"line":1462,"column":null}},"206":{"start":{"line":1462,"column":50},"end":{"line":1462,"column":78}},"207":{"start":{"line":1465,"column":6},"end":{"line":1465,"column":null}},"208":{"start":{"line":1467,"column":61},"end":{"line":1473,"column":null}},"209":{"start":{"line":1475,"column":6},"end":{"line":1475,"column":null}},"210":{"start":{"line":1477,"column":6},"end":{"line":1477,"column":null}},"211":{"start":{"line":1479,"column":6},"end":{"line":1483,"column":null}},"212":{"start":{"line":1484,"column":6},"end":{"line":1484,"column":null}},"213":{"start":{"line":1508,"column":4},"end":{"line":1508,"column":null}},"214":{"start":{"line":1569,"column":19},"end":{"line":1569,"column":null}},"215":{"start":{"line":1571,"column":4},"end":{"line":1583,"column":null}},"216":{"start":{"line":1572,"column":25},"end":{"line":1572,"column":null}},"217":{"start":{"line":1573,"column":24},"end":{"line":1573,"column":null}},"218":{"start":{"line":1574,"column":6},"end":{"line":1574,"column":null}},"219":{"start":{"line":1575,"column":6},"end":{"line":1575,"column":null}},"220":{"start":{"line":1577,"column":6},"end":{"line":1581,"column":null}},"221":{"start":{"line":1582,"column":6},"end":{"line":1582,"column":null}},"222":{"start":{"line":1594,"column":4},"end":{"line":1597,"column":null}},"223":{"start":{"line":1595,"column":27},"end":{"line":1595,"column":null}},"224":{"start":{"line":1596,"column":6},"end":{"line":1596,"column":null}},"225":{"start":{"line":1596,"column":33},"end":{"line":1596,"column":null}},"226":{"start":{"line":1599,"column":18},"end":{"line":1599,"column":null}},"227":{"start":{"line":1600,"column":4},"end":{"line":1600,"column":null}},"228":{"start":{"line":1600,"column":24},"end":{"line":1600,"column":null}},"229":{"start":{"line":1602,"column":4},"end":{"line":1602,"column":null}},"230":{"start":{"line":1612,"column":4},"end":{"line":1619,"column":null}},"231":{"start":{"line":1613,"column":23},"end":{"line":1613,"column":null}},"232":{"start":{"line":1614,"column":6},"end":{"line":1616,"column":null}},"233":{"start":{"line":1615,"column":8},"end":{"line":1615,"column":null}},"234":{"start":{"line":1620,"column":4},"end":{"line":1620,"column":null}},"235":{"start":{"line":1630,"column":48},"end":{"line":1633,"column":null}},"236":{"start":{"line":1634,"column":21},"end":{"line":1634,"column":null}},"237":{"start":{"line":1636,"column":4},"end":{"line":1641,"column":null}},"238":{"start":{"line":1637,"column":24},"end":{"line":1637,"column":null}},"239":{"start":{"line":1638,"column":6},"end":{"line":1640,"column":null}},"240":{"start":{"line":1639,"column":8},"end":{"line":1639,"column":null}},"241":{"start":{"line":1642,"column":4},"end":{"line":1642,"column":null}},"242":{"start":{"line":1668,"column":4},"end":{"line":1668,"column":null}},"243":{"start":{"line":1683,"column":47},"end":{"line":1683,"column":null}},"244":{"start":{"line":1684,"column":4},"end":{"line":1684,"column":null}},"245":{"start":{"line":1684,"column":36},"end":{"line":1684,"column":null}},"246":{"start":{"line":1685,"column":4},"end":{"line":1685,"column":null}},"247":{"start":{"line":1685,"column":37},"end":{"line":1685,"column":null}},"248":{"start":{"line":1686,"column":4},"end":{"line":1687,"column":null}},"249":{"start":{"line":1686,"column":35},"end":{"line":1686,"column":null}},"250":{"start":{"line":1686,"column":60},"end":{"line":1687,"column":null}},"251":{"start":{"line":1687,"column":37},"end":{"line":1687,"column":null}},"252":{"start":{"line":1688,"column":4},"end":{"line":1690,"column":null}},"253":{"start":{"line":1689,"column":6},"end":{"line":1689,"column":null}},"254":{"start":{"line":1691,"column":4},"end":{"line":1691,"column":null}},"255":{"start":{"line":1705,"column":19},"end":{"line":1705,"column":null}},"256":{"start":{"line":1706,"column":4},"end":{"line":1709,"column":null}},"257":{"start":{"line":1707,"column":26},"end":{"line":1707,"column":null}},"258":{"start":{"line":1708,"column":6},"end":{"line":1708,"column":null}},"259":{"start":{"line":1708,"column":38},"end":{"line":1708,"column":82}},"260":{"start":{"line":1710,"column":4},"end":{"line":1713,"column":null}},"261":{"start":{"line":1711,"column":25},"end":{"line":1711,"column":null}},"262":{"start":{"line":1712,"column":6},"end":{"line":1712,"column":null}},"263":{"start":{"line":1712,"column":38},"end":{"line":1712,"column":80}},"264":{"start":{"line":1714,"column":4},"end":{"line":1716,"column":null}},"265":{"start":{"line":1715,"column":6},"end":{"line":1715,"column":null}},"266":{"start":{"line":1715,"column":38},"end":{"line":1715,"column":64}},"267":{"start":{"line":1717,"column":4},"end":{"line":1717,"column":null}},"268":{"start":{"line":1793,"column":19},"end":{"line":1793,"column":null}},"269":{"start":{"line":1795,"column":4},"end":{"line":1825,"column":null}},"270":{"start":{"line":1796,"column":24},"end":{"line":1796,"column":null}},"271":{"start":{"line":1799,"column":23},"end":{"line":1799,"column":null}},"272":{"start":{"line":1802,"column":22},"end":{"line":1802,"column":null}},"273":{"start":{"line":1802,"column":50},"end":{"line":1802,"column":91}},"274":{"start":{"line":1805,"column":6},"end":{"line":1805,"column":null}},"275":{"start":{"line":1807,"column":63},"end":{"line":1813,"column":null}},"276":{"start":{"line":1815,"column":6},"end":{"line":1815,"column":null}},"277":{"start":{"line":1817,"column":6},"end":{"line":1817,"column":null}},"278":{"start":{"line":1819,"column":6},"end":{"line":1823,"column":null}},"279":{"start":{"line":1824,"column":6},"end":{"line":1824,"column":null}},"280":{"start":{"line":1858,"column":4},"end":{"line":1858,"column":null}},"281":{"start":{"line":1898,"column":4},"end":{"line":1902,"column":null}},"282":{"start":{"line":1921,"column":18},"end":{"line":1921,"column":null}},"283":{"start":{"line":1922,"column":19},"end":{"line":1922,"column":null}},"284":{"start":{"line":1924,"column":21},"end":{"line":1928,"column":null}},"285":{"start":{"line":1930,"column":18},"end":{"line":1930,"column":null}},"286":{"start":{"line":1931,"column":17},"end":{"line":1931,"column":null}},"287":{"start":{"line":1931,"column":35},"end":{"line":1931,"column":58}},"288":{"start":{"line":1933,"column":4},"end":{"line":1933,"column":null}},"289":{"start":{"line":1948,"column":18},"end":{"line":1948,"column":null}},"290":{"start":{"line":1949,"column":19},"end":{"line":1949,"column":null}},"291":{"start":{"line":1951,"column":21},"end":{"line":1955,"column":null}},"292":{"start":{"line":1957,"column":18},"end":{"line":1957,"column":null}},"293":{"start":{"line":1958,"column":17},"end":{"line":1958,"column":null}},"294":{"start":{"line":1958,"column":35},"end":{"line":1958,"column":58}},"295":{"start":{"line":1960,"column":4},"end":{"line":1960,"column":null}},"296":{"start":{"line":1975,"column":18},"end":{"line":1975,"column":null}},"297":{"start":{"line":1976,"column":19},"end":{"line":1976,"column":null}},"298":{"start":{"line":1978,"column":21},"end":{"line":1982,"column":null}},"299":{"start":{"line":1984,"column":18},"end":{"line":1984,"column":null}},"300":{"start":{"line":1985,"column":17},"end":{"line":1985,"column":null}},"301":{"start":{"line":1985,"column":35},"end":{"line":1985,"column":58}},"302":{"start":{"line":1987,"column":4},"end":{"line":1987,"column":null}},"303":{"start":{"line":2004,"column":18},"end":{"line":2004,"column":null}},"304":{"start":{"line":2005,"column":19},"end":{"line":2005,"column":null}},"305":{"start":{"line":2007,"column":47},"end":{"line":2011,"column":null}},"306":{"start":{"line":2012,"column":4},"end":{"line":2012,"column":null}},"307":{"start":{"line":2012,"column":39},"end":{"line":2012,"column":null}},"308":{"start":{"line":2013,"column":4},"end":{"line":2013,"column":null}},"309":{"start":{"line":2013,"column":37},"end":{"line":2013,"column":null}},"310":{"start":{"line":2015,"column":21},"end":{"line":2015,"column":null}},"311":{"start":{"line":2017,"column":18},"end":{"line":2017,"column":null}},"312":{"start":{"line":2018,"column":21},"end":{"line":2018,"column":null}},"313":{"start":{"line":2018,"column":39},"end":{"line":2018,"column":65}},"314":{"start":{"line":2020,"column":4},"end":{"line":2020,"column":null}},"315":{"start":{"line":2036,"column":18},"end":{"line":2036,"column":null}},"316":{"start":{"line":2037,"column":19},"end":{"line":2037,"column":null}},"317":{"start":{"line":2039,"column":47},"end":{"line":2043,"column":null}},"318":{"start":{"line":2044,"column":4},"end":{"line":2044,"column":null}},"319":{"start":{"line":2044,"column":35},"end":{"line":2044,"column":null}},"320":{"start":{"line":2046,"column":21},"end":{"line":2046,"column":null}},"321":{"start":{"line":2048,"column":18},"end":{"line":2048,"column":null}},"322":{"start":{"line":2049,"column":23},"end":{"line":2049,"column":null}},"323":{"start":{"line":2049,"column":41},"end":{"line":2049,"column":70}},"324":{"start":{"line":2051,"column":4},"end":{"line":2051,"column":null}},"325":{"start":{"line":2067,"column":4},"end":{"line":2069,"column":null}},"326":{"start":{"line":2068,"column":6},"end":{"line":2068,"column":null}},"327":{"start":{"line":2070,"column":21},"end":{"line":2072,"column":null}},"328":{"start":{"line":2074,"column":22},"end":{"line":2074,"column":null}},"329":{"start":{"line":2075,"column":4},"end":{"line":2077,"column":null}},"330":{"start":{"line":2076,"column":6},"end":{"line":2076,"column":null}},"331":{"start":{"line":2078,"column":4},"end":{"line":2078,"column":null}},"332":{"start":{"line":2094,"column":18},"end":{"line":2094,"column":null}},"333":{"start":{"line":2095,"column":19},"end":{"line":2095,"column":null}},"334":{"start":{"line":2097,"column":47},"end":{"line":2101,"column":null}},"335":{"start":{"line":2102,"column":4},"end":{"line":2102,"column":null}},"336":{"start":{"line":2102,"column":35},"end":{"line":2102,"column":null}},"337":{"start":{"line":2104,"column":21},"end":{"line":2104,"column":null}},"338":{"start":{"line":2106,"column":18},"end":{"line":2106,"column":null}},"339":{"start":{"line":2107,"column":18},"end":{"line":2107,"column":null}},"340":{"start":{"line":2107,"column":36},"end":{"line":2107,"column":67}},"341":{"start":{"line":2109,"column":4},"end":{"line":2109,"column":null}},"342":{"start":{"line":2126,"column":18},"end":{"line":2126,"column":null}},"343":{"start":{"line":2127,"column":19},"end":{"line":2127,"column":null}},"344":{"start":{"line":2129,"column":47},"end":{"line":2133,"column":null}},"345":{"start":{"line":2134,"column":4},"end":{"line":2134,"column":null}},"346":{"start":{"line":2134,"column":39},"end":{"line":2134,"column":null}},"347":{"start":{"line":2135,"column":4},"end":{"line":2135,"column":null}},"348":{"start":{"line":2135,"column":37},"end":{"line":2135,"column":null}},"349":{"start":{"line":2137,"column":21},"end":{"line":2137,"column":null}},"350":{"start":{"line":2139,"column":18},"end":{"line":2139,"column":null}},"351":{"start":{"line":2140,"column":19},"end":{"line":2140,"column":null}},"352":{"start":{"line":2140,"column":37},"end":{"line":2140,"column":62}},"353":{"start":{"line":2142,"column":4},"end":{"line":2142,"column":null}},"354":{"start":{"line":2158,"column":4},"end":{"line":2160,"column":null}},"355":{"start":{"line":2159,"column":6},"end":{"line":2159,"column":null}},"356":{"start":{"line":2161,"column":18},"end":{"line":2161,"column":null}},"357":{"start":{"line":2162,"column":19},"end":{"line":2162,"column":null}},"358":{"start":{"line":2164,"column":21},"end":{"line":2168,"column":null}},"359":{"start":{"line":2170,"column":18},"end":{"line":2170,"column":null}},"360":{"start":{"line":2171,"column":23},"end":{"line":2171,"column":null}},"361":{"start":{"line":2171,"column":41},"end":{"line":2171,"column":76}},"362":{"start":{"line":2173,"column":4},"end":{"line":2173,"column":null}},"363":{"start":{"line":2189,"column":4},"end":{"line":2191,"column":null}},"364":{"start":{"line":2190,"column":6},"end":{"line":2190,"column":null}},"365":{"start":{"line":2192,"column":18},"end":{"line":2192,"column":null}},"366":{"start":{"line":2193,"column":19},"end":{"line":2193,"column":null}},"367":{"start":{"line":2195,"column":21},"end":{"line":2199,"column":null}},"368":{"start":{"line":2201,"column":18},"end":{"line":2201,"column":null}},"369":{"start":{"line":2202,"column":22},"end":{"line":2202,"column":null}},"370":{"start":{"line":2202,"column":40},"end":{"line":2202,"column":68}},"371":{"start":{"line":2204,"column":4},"end":{"line":2204,"column":null}},"372":{"start":{"line":2221,"column":18},"end":{"line":2221,"column":null}},"373":{"start":{"line":2222,"column":19},"end":{"line":2222,"column":null}},"374":{"start":{"line":2224,"column":47},"end":{"line":2228,"column":null}},"375":{"start":{"line":2229,"column":4},"end":{"line":2229,"column":null}},"376":{"start":{"line":2229,"column":35},"end":{"line":2229,"column":null}},"377":{"start":{"line":2231,"column":21},"end":{"line":2231,"column":null}},"378":{"start":{"line":2233,"column":18},"end":{"line":2233,"column":null}},"379":{"start":{"line":2234,"column":25},"end":{"line":2234,"column":null}},"380":{"start":{"line":2234,"column":43},"end":{"line":2234,"column":77}},"381":{"start":{"line":2236,"column":4},"end":{"line":2236,"column":null}},"382":{"start":{"line":2238,"column":4},"end":{"line":2238,"column":null}},"383":{"start":{"line":2254,"column":18},"end":{"line":2254,"column":null}},"384":{"start":{"line":2255,"column":19},"end":{"line":2255,"column":null}},"385":{"start":{"line":2257,"column":47},"end":{"line":2261,"column":null}},"386":{"start":{"line":2262,"column":4},"end":{"line":2262,"column":null}},"387":{"start":{"line":2262,"column":35},"end":{"line":2262,"column":null}},"388":{"start":{"line":2264,"column":21},"end":{"line":2264,"column":null}},"389":{"start":{"line":2266,"column":18},"end":{"line":2266,"column":null}},"390":{"start":{"line":2267,"column":17},"end":{"line":2267,"column":null}},"391":{"start":{"line":2267,"column":35},"end":{"line":2267,"column":63}},"392":{"start":{"line":2269,"column":4},"end":{"line":2269,"column":null}},"393":{"start":{"line":2285,"column":18},"end":{"line":2285,"column":null}},"394":{"start":{"line":2286,"column":19},"end":{"line":2286,"column":null}},"395":{"start":{"line":2288,"column":47},"end":{"line":2292,"column":null}},"396":{"start":{"line":2293,"column":4},"end":{"line":2293,"column":null}},"397":{"start":{"line":2293,"column":35},"end":{"line":2293,"column":null}},"398":{"start":{"line":2295,"column":21},"end":{"line":2295,"column":null}},"399":{"start":{"line":2297,"column":18},"end":{"line":2297,"column":null}},"400":{"start":{"line":2298,"column":17},"end":{"line":2298,"column":null}},"401":{"start":{"line":2298,"column":35},"end":{"line":2298,"column":63}},"402":{"start":{"line":2300,"column":4},"end":{"line":2300,"column":null}},"403":{"start":{"line":2315,"column":18},"end":{"line":2315,"column":null}},"404":{"start":{"line":2316,"column":19},"end":{"line":2316,"column":null}},"405":{"start":{"line":2318,"column":21},"end":{"line":2322,"column":null}},"406":{"start":{"line":2324,"column":18},"end":{"line":2324,"column":null}},"407":{"start":{"line":2325,"column":17},"end":{"line":2325,"column":null}},"408":{"start":{"line":2325,"column":35},"end":{"line":2325,"column":63}},"409":{"start":{"line":2327,"column":4},"end":{"line":2327,"column":null}},"410":{"start":{"line":2342,"column":18},"end":{"line":2342,"column":null}},"411":{"start":{"line":2343,"column":19},"end":{"line":2343,"column":null}},"412":{"start":{"line":2345,"column":21},"end":{"line":2349,"column":null}},"413":{"start":{"line":2351,"column":18},"end":{"line":2351,"column":null}},"414":{"start":{"line":2353,"column":4},"end":{"line":2359,"column":null}},"415":{"start":{"line":2374,"column":18},"end":{"line":2374,"column":null}},"416":{"start":{"line":2375,"column":19},"end":{"line":2375,"column":null}},"417":{"start":{"line":2377,"column":21},"end":{"line":2381,"column":null}},"418":{"start":{"line":2383,"column":18},"end":{"line":2383,"column":null}},"419":{"start":{"line":2384,"column":17},"end":{"line":2384,"column":null}},"420":{"start":{"line":2384,"column":35},"end":{"line":2384,"column":58}},"421":{"start":{"line":2386,"column":4},"end":{"line":2386,"column":null}},"422":{"start":{"line":2401,"column":18},"end":{"line":2401,"column":null}},"423":{"start":{"line":2402,"column":19},"end":{"line":2402,"column":null}},"424":{"start":{"line":2404,"column":21},"end":{"line":2408,"column":null}},"425":{"start":{"line":2410,"column":18},"end":{"line":2410,"column":null}},"426":{"start":{"line":2411,"column":19},"end":{"line":2411,"column":null}},"427":{"start":{"line":2411,"column":37},"end":{"line":2411,"column":70}},"428":{"start":{"line":2413,"column":4},"end":{"line":2413,"column":null}},"429":{"start":{"line":2425,"column":4},"end":{"line":2427,"column":null}},"430":{"start":{"line":2426,"column":6},"end":{"line":2426,"column":null}},"431":{"start":{"line":2428,"column":21},"end":{"line":2430,"column":null}},"432":{"start":{"line":2431,"column":4},"end":{"line":2431,"column":null}},"433":{"start":{"line":2443,"column":4},"end":{"line":2445,"column":null}},"434":{"start":{"line":2444,"column":6},"end":{"line":2444,"column":null}},"435":{"start":{"line":2446,"column":21},"end":{"line":2448,"column":null}},"436":{"start":{"line":2449,"column":4},"end":{"line":2449,"column":null}},"437":{"start":{"line":2465,"column":4},"end":{"line":2467,"column":null}},"438":{"start":{"line":2466,"column":6},"end":{"line":2466,"column":null}},"439":{"start":{"line":2468,"column":18},"end":{"line":2468,"column":null}},"440":{"start":{"line":2469,"column":19},"end":{"line":2469,"column":null}},"441":{"start":{"line":2471,"column":21},"end":{"line":2475,"column":null}},"442":{"start":{"line":2477,"column":18},"end":{"line":2477,"column":null}},"443":{"start":{"line":2478,"column":23},"end":{"line":2478,"column":null}},"444":{"start":{"line":2478,"column":41},"end":{"line":2478,"column":76}},"445":{"start":{"line":2480,"column":4},"end":{"line":2480,"column":null}},"446":{"start":{"line":2492,"column":4},"end":{"line":2494,"column":null}},"447":{"start":{"line":2493,"column":6},"end":{"line":2493,"column":null}},"448":{"start":{"line":2495,"column":21},"end":{"line":2497,"column":null}},"449":{"start":{"line":2498,"column":4},"end":{"line":2498,"column":null}},"450":{"start":{"line":2514,"column":4},"end":{"line":2516,"column":null}},"451":{"start":{"line":2515,"column":6},"end":{"line":2515,"column":null}},"452":{"start":{"line":2517,"column":18},"end":{"line":2517,"column":null}},"453":{"start":{"line":2518,"column":19},"end":{"line":2518,"column":null}},"454":{"start":{"line":2520,"column":21},"end":{"line":2524,"column":null}},"455":{"start":{"line":2526,"column":18},"end":{"line":2526,"column":null}},"456":{"start":{"line":2527,"column":19},"end":{"line":2527,"column":null}},"457":{"start":{"line":2527,"column":37},"end":{"line":2527,"column":62}},"458":{"start":{"line":2529,"column":4},"end":{"line":2529,"column":null}},"459":{"start":{"line":2541,"column":4},"end":{"line":2543,"column":null}},"460":{"start":{"line":2542,"column":6},"end":{"line":2542,"column":null}},"461":{"start":{"line":2544,"column":21},"end":{"line":2546,"column":null}},"462":{"start":{"line":2547,"column":4},"end":{"line":2547,"column":null}},"463":{"start":{"line":2559,"column":4},"end":{"line":2561,"column":null}},"464":{"start":{"line":2560,"column":6},"end":{"line":2560,"column":null}},"465":{"start":{"line":2562,"column":21},"end":{"line":2564,"column":null}},"466":{"start":{"line":2565,"column":4},"end":{"line":2565,"column":null}},"467":{"start":{"line":2577,"column":4},"end":{"line":2579,"column":null}},"468":{"start":{"line":2578,"column":6},"end":{"line":2578,"column":null}},"469":{"start":{"line":2580,"column":21},"end":{"line":2582,"column":null}},"470":{"start":{"line":2583,"column":4},"end":{"line":2583,"column":null}},"471":{"start":{"line":2595,"column":4},"end":{"line":2597,"column":null}},"472":{"start":{"line":2596,"column":6},"end":{"line":2596,"column":null}},"473":{"start":{"line":2598,"column":21},"end":{"line":2600,"column":null}},"474":{"start":{"line":2601,"column":4},"end":{"line":2601,"column":null}},"475":{"start":{"line":2613,"column":4},"end":{"line":2615,"column":null}},"476":{"start":{"line":2614,"column":6},"end":{"line":2614,"column":null}},"477":{"start":{"line":2616,"column":21},"end":{"line":2618,"column":null}},"478":{"start":{"line":2619,"column":4},"end":{"line":2619,"column":null}},"479":{"start":{"line":2631,"column":4},"end":{"line":2633,"column":null}},"480":{"start":{"line":2632,"column":6},"end":{"line":2632,"column":null}},"481":{"start":{"line":2634,"column":21},"end":{"line":2636,"column":null}},"482":{"start":{"line":2637,"column":4},"end":{"line":2637,"column":null}},"483":{"start":{"line":2652,"column":18},"end":{"line":2652,"column":null}},"484":{"start":{"line":2653,"column":19},"end":{"line":2653,"column":null}},"485":{"start":{"line":2655,"column":21},"end":{"line":2659,"column":null}},"486":{"start":{"line":2661,"column":18},"end":{"line":2661,"column":null}},"487":{"start":{"line":2662,"column":17},"end":{"line":2662,"column":null}},"488":{"start":{"line":2662,"column":35},"end":{"line":2662,"column":63}},"489":{"start":{"line":2664,"column":4},"end":{"line":2664,"column":null}},"490":{"start":{"line":2680,"column":18},"end":{"line":2680,"column":null}},"491":{"start":{"line":2681,"column":19},"end":{"line":2681,"column":null}},"492":{"start":{"line":2683,"column":47},"end":{"line":2687,"column":null}},"493":{"start":{"line":2688,"column":4},"end":{"line":2688,"column":null}},"494":{"start":{"line":2688,"column":35},"end":{"line":2688,"column":null}},"495":{"start":{"line":2690,"column":21},"end":{"line":2690,"column":null}},"496":{"start":{"line":2692,"column":18},"end":{"line":2692,"column":null}},"497":{"start":{"line":2693,"column":17},"end":{"line":2693,"column":null}},"498":{"start":{"line":2693,"column":35},"end":{"line":2693,"column":63}},"499":{"start":{"line":2695,"column":4},"end":{"line":2695,"column":null}},"500":{"start":{"line":2707,"column":4},"end":{"line":2709,"column":null}},"501":{"start":{"line":2708,"column":6},"end":{"line":2708,"column":null}},"502":{"start":{"line":2710,"column":21},"end":{"line":2712,"column":null}},"503":{"start":{"line":2713,"column":4},"end":{"line":2713,"column":null}},"504":{"start":{"line":2725,"column":4},"end":{"line":2727,"column":null}},"505":{"start":{"line":2726,"column":6},"end":{"line":2726,"column":null}},"506":{"start":{"line":2728,"column":21},"end":{"line":2730,"column":null}},"507":{"start":{"line":2731,"column":4},"end":{"line":2731,"column":null}},"508":{"start":{"line":2744,"column":4},"end":{"line":2746,"column":null}},"509":{"start":{"line":2745,"column":6},"end":{"line":2745,"column":null}},"510":{"start":{"line":2747,"column":21},"end":{"line":2749,"column":null}},"511":{"start":{"line":2751,"column":24},"end":{"line":2751,"column":null}},"512":{"start":{"line":2752,"column":4},"end":{"line":2752,"column":null}},"513":{"start":{"line":2753,"column":4},"end":{"line":2753,"column":null}},"514":{"start":{"line":2765,"column":4},"end":{"line":2765,"column":null}},"515":{"start":{"line":2775,"column":4},"end":{"line":2775,"column":null}},"516":{"start":{"line":2785,"column":4},"end":{"line":2785,"column":null}},"517":{"start":{"line":2795,"column":4},"end":{"line":2795,"column":null}},"518":{"start":{"line":2805,"column":4},"end":{"line":2805,"column":null}},"519":{"start":{"line":2815,"column":4},"end":{"line":2815,"column":null}},"520":{"start":{"line":2855,"column":24},"end":{"line":2877,"column":null}},"521":{"start":{"line":2857,"column":23},"end":{"line":2857,"column":null}},"522":{"start":{"line":2858,"column":4},"end":{"line":2864,"column":null}},"523":{"start":{"line":2859,"column":22},"end":{"line":2859,"column":null}},"524":{"start":{"line":2860,"column":6},"end":{"line":2863,"column":null}},"525":{"start":{"line":2862,"column":8},"end":{"line":2862,"column":null}},"526":{"start":{"line":2865,"column":4},"end":{"line":2865,"column":null}},"527":{"start":{"line":2868,"column":23},"end":{"line":2868,"column":null}},"528":{"start":{"line":2869,"column":4},"end":{"line":2874,"column":null}},"529":{"start":{"line":2870,"column":21},"end":{"line":2870,"column":null}},"530":{"start":{"line":2871,"column":6},"end":{"line":2873,"column":null}},"531":{"start":{"line":2872,"column":8},"end":{"line":2872,"column":null}},"532":{"start":{"line":2875,"column":4},"end":{"line":2875,"column":null}}},"fnMap":{"0":{"name":"(anonymous_0)","decl":{"start":{"line":128,"column":2},"end":{"line":128,"column":null}},"loc":{"start":{"line":132,"column":4},"end":{"line":135,"column":null}},"line":132},"1":{"name":"(anonymous_1)","decl":{"start":{"line":378,"column":2},"end":{"line":378,"column":14}},"loc":{"start":{"line":378,"column":43},"end":{"line":399,"column":null}},"line":378},"2":{"name":"(anonymous_2)","decl":{"start":{"line":453,"column":16},"end":{"line":453,"column":null}},"loc":{"start":{"line":456,"column":16},"end":{"line":569,"column":null}},"line":456},"3":{"name":"(anonymous_3)","decl":{"start":{"line":475,"column":37},"end":{"line":475,"column":38}},"loc":{"start":{"line":475,"column":55},"end":{"line":493,"column":7}},"line":475},"4":{"name":"(anonymous_4)","decl":{"start":{"line":501,"column":22},"end":{"line":501,"column":46}},"loc":{"start":{"line":501,"column":46},"end":{"line":522,"column":null}},"line":501},"5":{"name":"(anonymous_5)","decl":{"start":{"line":503,"column":41},"end":{"line":503,"column":48}},"loc":{"start":{"line":503,"column":59},"end":{"line":521,"column":11}},"line":503},"6":{"name":"(anonymous_6)","decl":{"start":{"line":529,"column":21},"end":{"line":529,"column":22}},"loc":{"start":{"line":529,"column":32},"end":{"line":536,"column":null}},"line":529},"7":{"name":"(anonymous_7)","decl":{"start":{"line":590,"column":10},"end":{"line":590,"column":22}},"loc":{"start":{"line":590,"column":82},"end":{"line":592,"column":null}},"line":590},"8":{"name":"(anonymous_8)","decl":{"start":{"line":624,"column":10},"end":{"line":624,"column":23}},"loc":{"start":{"line":624,"column":62},"end":{"line":626,"column":null}},"line":624},"9":{"name":"(anonymous_9)","decl":{"start":{"line":653,"column":10},"end":{"line":653,"column":34}},"loc":{"start":{"line":653,"column":84},"end":{"line":655,"column":null}},"line":653},"10":{"name":"(anonymous_10)","decl":{"start":{"line":687,"column":10},"end":{"line":687,"column":30}},"loc":{"start":{"line":687,"column":76},"end":{"line":689,"column":null}},"line":687},"11":{"name":"(anonymous_11)","decl":{"start":{"line":776,"column":8},"end":{"line":776,"column":16}},"loc":{"start":{"line":783,"column":38},"end":{"line":828,"column":null}},"line":783},"12":{"name":"(anonymous_12)","decl":{"start":{"line":806,"column":37},"end":{"line":806,"column":38}},"loc":{"start":{"line":806,"column":47},"end":{"line":806,"column":70}},"line":806},"13":{"name":"(anonymous_13)","decl":{"start":{"line":897,"column":8},"end":{"line":897,"column":22}},"loc":{"start":{"line":897,"column":55},"end":{"line":932,"column":null}},"line":897},"14":{"name":"(anonymous_14)","decl":{"start":{"line":960,"column":10},"end":{"line":960,"column":33}},"loc":{"start":{"line":965,"column":30},"end":{"line":982,"column":null}},"line":965},"15":{"name":"(anonymous_15)","decl":{"start":{"line":1055,"column":8},"end":{"line":1055,"column":27}},"loc":{"start":{"line":1061,"column":49},"end":{"line":1094,"column":null}},"line":1061},"16":{"name":"(anonymous_16)","decl":{"start":{"line":1072,"column":41},"end":{"line":1072,"column":42}},"loc":{"start":{"line":1072,"column":51},"end":{"line":1072,"column":85}},"line":1072},"17":{"name":"(anonymous_17)","decl":{"start":{"line":1117,"column":10},"end":{"line":1117,"column":30}},"loc":{"start":{"line":1117,"column":97},"end":{"line":1119,"column":null}},"line":1117},"18":{"name":"(anonymous_18)","decl":{"start":{"line":1178,"column":8},"end":{"line":1178,"column":25}},"loc":{"start":{"line":1186,"column":47},"end":{"line":1230,"column":null}},"line":1186},"19":{"name":"(anonymous_19)","decl":{"start":{"line":1239,"column":16},"end":{"line":1239,"column":null}},"loc":{"start":{"line":1242,"column":29},"end":{"line":1248,"column":null}},"line":1242},"20":{"name":"(anonymous_20)","decl":{"start":{"line":1247,"column":29},"end":{"line":1247,"column":30}},"loc":{"start":{"line":1247,"column":39},"end":{"line":1247,"column":80}},"line":1247},"21":{"name":"(anonymous_21)","decl":{"start":{"line":1256,"column":16},"end":{"line":1256,"column":51}},"loc":{"start":{"line":1259,"column":30},"end":{"line":1284,"column":null}},"line":1259},"22":{"name":"(anonymous_22)","decl":{"start":{"line":1276,"column":50},"end":{"line":1276,"column":51}},"loc":{"start":{"line":1276,"column":60},"end":{"line":1276,"column":101}},"line":1276},"23":{"name":"(anonymous_23)","decl":{"start":{"line":1293,"column":10},"end":{"line":1293,"column":null}},"loc":{"start":{"line":1296,"column":20},"end":{"line":1311,"column":null}},"line":1296},"24":{"name":"(anonymous_24)","decl":{"start":{"line":1300,"column":33},"end":{"line":1300,"column":38}},"loc":{"start":{"line":1300,"column":38},"end":{"line":1300,"column":80}},"line":1300},"25":{"name":"(anonymous_25)","decl":{"start":{"line":1304,"column":33},"end":{"line":1304,"column":38}},"loc":{"start":{"line":1304,"column":38},"end":{"line":1304,"column":56}},"line":1304},"26":{"name":"(anonymous_26)","decl":{"start":{"line":1308,"column":33},"end":{"line":1308,"column":38}},"loc":{"start":{"line":1308,"column":38},"end":{"line":1308,"column":54}},"line":1308},"27":{"name":"(anonymous_27)","decl":{"start":{"line":1327,"column":10},"end":{"line":1327,"column":28}},"loc":{"start":{"line":1327,"column":83},"end":{"line":1329,"column":null}},"line":1327},"28":{"name":"(anonymous_28)","decl":{"start":{"line":1337,"column":10},"end":{"line":1337,"column":36}},"loc":{"start":{"line":1342,"column":30},"end":{"line":1359,"column":null}},"line":1342},"29":{"name":"(anonymous_29)","decl":{"start":{"line":1368,"column":10},"end":{"line":1368,"column":null}},"loc":{"start":{"line":1371,"column":27},"end":{"line":1388,"column":null}},"line":1371},"30":{"name":"(anonymous_30)","decl":{"start":{"line":1375,"column":33},"end":{"line":1375,"column":null}},"loc":{"start":{"line":1376,"column":8},"end":{"line":1378,"column":null}},"line":1376},"31":{"name":"(anonymous_31)","decl":{"start":{"line":1383,"column":33},"end":{"line":1383,"column":null}},"loc":{"start":{"line":1384,"column":8},"end":{"line":1384,"column":null}},"line":1384},"32":{"name":"(anonymous_32)","decl":{"start":{"line":1444,"column":8},"end":{"line":1444,"column":24}},"loc":{"start":{"line":1452,"column":54},"end":{"line":1486,"column":null}},"line":1452},"33":{"name":"(anonymous_33)","decl":{"start":{"line":1462,"column":40},"end":{"line":1462,"column":41}},"loc":{"start":{"line":1462,"column":50},"end":{"line":1462,"column":78}},"line":1462},"34":{"name":"(anonymous_34)","decl":{"start":{"line":1507,"column":10},"end":{"line":1507,"column":33}},"loc":{"start":{"line":1507,"column":78},"end":{"line":1509,"column":null}},"line":1507},"35":{"name":"(anonymous_35)","decl":{"start":{"line":1565,"column":8},"end":{"line":1565,"column":25}},"loc":{"start":{"line":1568,"column":25},"end":{"line":1584,"column":null}},"line":1568},"36":{"name":"(anonymous_36)","decl":{"start":{"line":1593,"column":16},"end":{"line":1593,"column":33}},"loc":{"start":{"line":1593,"column":73},"end":{"line":1603,"column":null}},"line":1593},"37":{"name":"(anonymous_37)","decl":{"start":{"line":1611,"column":16},"end":{"line":1611,"column":39}},"loc":{"start":{"line":1611,"column":82},"end":{"line":1621,"column":null}},"line":1611},"38":{"name":"(anonymous_38)","decl":{"start":{"line":1629,"column":16},"end":{"line":1629,"column":38}},"loc":{"start":{"line":1629,"column":85},"end":{"line":1643,"column":null}},"line":1629},"39":{"name":"(anonymous_39)","decl":{"start":{"line":1667,"column":10},"end":{"line":1667,"column":41}},"loc":{"start":{"line":1667,"column":98},"end":{"line":1669,"column":null}},"line":1667},"40":{"name":"(anonymous_40)","decl":{"start":{"line":1677,"column":10},"end":{"line":1677,"column":36}},"loc":{"start":{"line":1682,"column":30},"end":{"line":1692,"column":null}},"line":1682},"41":{"name":"(anonymous_41)","decl":{"start":{"line":1701,"column":10},"end":{"line":1701,"column":null}},"loc":{"start":{"line":1704,"column":29},"end":{"line":1718,"column":null}},"line":1704},"42":{"name":"(anonymous_42)","decl":{"start":{"line":1708,"column":33},"end":{"line":1708,"column":38}},"loc":{"start":{"line":1708,"column":38},"end":{"line":1708,"column":82}},"line":1708},"43":{"name":"(anonymous_43)","decl":{"start":{"line":1712,"column":33},"end":{"line":1712,"column":38}},"loc":{"start":{"line":1712,"column":38},"end":{"line":1712,"column":80}},"line":1712},"44":{"name":"(anonymous_44)","decl":{"start":{"line":1715,"column":33},"end":{"line":1715,"column":38}},"loc":{"start":{"line":1715,"column":38},"end":{"line":1715,"column":64}},"line":1715},"45":{"name":"(anonymous_45)","decl":{"start":{"line":1783,"column":8},"end":{"line":1783,"column":34}},"loc":{"start":{"line":1792,"column":56},"end":{"line":1826,"column":null}},"line":1792},"46":{"name":"(anonymous_46)","decl":{"start":{"line":1802,"column":40},"end":{"line":1802,"column":41}},"loc":{"start":{"line":1802,"column":50},"end":{"line":1802,"column":91}},"line":1802},"47":{"name":"(anonymous_47)","decl":{"start":{"line":1857,"column":2},"end":{"line":1857,"column":21}},"loc":{"start":{"line":1857,"column":21},"end":{"line":1859,"column":null}},"line":1857},"48":{"name":"(anonymous_48)","decl":{"start":{"line":1897,"column":2},"end":{"line":1897,"column":70}},"loc":{"start":{"line":1897,"column":70},"end":{"line":1903,"column":null}},"line":1897},"49":{"name":"(anonymous_49)","decl":{"start":{"line":1917,"column":8},"end":{"line":1917,"column":23}},"loc":{"start":{"line":1920,"column":43},"end":{"line":1934,"column":null}},"line":1920},"50":{"name":"(anonymous_50)","decl":{"start":{"line":1931,"column":27},"end":{"line":1931,"column":35}},"loc":{"start":{"line":1931,"column":35},"end":{"line":1931,"column":58}},"line":1931},"51":{"name":"(anonymous_51)","decl":{"start":{"line":1944,"column":8},"end":{"line":1944,"column":24}},"loc":{"start":{"line":1947,"column":43},"end":{"line":1961,"column":null}},"line":1947},"52":{"name":"(anonymous_52)","decl":{"start":{"line":1958,"column":27},"end":{"line":1958,"column":35}},"loc":{"start":{"line":1958,"column":35},"end":{"line":1958,"column":58}},"line":1958},"53":{"name":"(anonymous_53)","decl":{"start":{"line":1971,"column":8},"end":{"line":1971,"column":24}},"loc":{"start":{"line":1974,"column":43},"end":{"line":1988,"column":null}},"line":1974},"54":{"name":"(anonymous_54)","decl":{"start":{"line":1985,"column":27},"end":{"line":1985,"column":35}},"loc":{"start":{"line":1985,"column":35},"end":{"line":1985,"column":58}},"line":1985},"55":{"name":"(anonymous_55)","decl":{"start":{"line":1998,"column":8},"end":{"line":1998,"column":20}},"loc":{"start":{"line":2003,"column":46},"end":{"line":2021,"column":null}},"line":2003},"56":{"name":"(anonymous_56)","decl":{"start":{"line":2018,"column":31},"end":{"line":2018,"column":39}},"loc":{"start":{"line":2018,"column":39},"end":{"line":2018,"column":65}},"line":2018},"57":{"name":"(anonymous_57)","decl":{"start":{"line":2031,"column":8},"end":{"line":2031,"column":22}},"loc":{"start":{"line":2035,"column":49},"end":{"line":2052,"column":null}},"line":2035},"58":{"name":"(anonymous_58)","decl":{"start":{"line":2049,"column":33},"end":{"line":2049,"column":41}},"loc":{"start":{"line":2049,"column":41},"end":{"line":2049,"column":70}},"line":2049},"59":{"name":"(anonymous_59)","decl":{"start":{"line":2066,"column":8},"end":{"line":2066,"column":25}},"loc":{"start":{"line":2066,"column":64},"end":{"line":2079,"column":null}},"line":2066},"60":{"name":"(anonymous_60)","decl":{"start":{"line":2089,"column":8},"end":{"line":2089,"column":24}},"loc":{"start":{"line":2093,"column":51},"end":{"line":2110,"column":null}},"line":2093},"61":{"name":"(anonymous_61)","decl":{"start":{"line":2107,"column":28},"end":{"line":2107,"column":36}},"loc":{"start":{"line":2107,"column":36},"end":{"line":2107,"column":67}},"line":2107},"62":{"name":"(anonymous_62)","decl":{"start":{"line":2120,"column":8},"end":{"line":2120,"column":18}},"loc":{"start":{"line":2125,"column":47},"end":{"line":2143,"column":null}},"line":2125},"63":{"name":"(anonymous_63)","decl":{"start":{"line":2140,"column":29},"end":{"line":2140,"column":37}},"loc":{"start":{"line":2140,"column":37},"end":{"line":2140,"column":62}},"line":2140},"64":{"name":"(anonymous_64)","decl":{"start":{"line":2154,"column":8},"end":{"line":2154,"column":29}},"loc":{"start":{"line":2157,"column":55},"end":{"line":2174,"column":null}},"line":2157},"65":{"name":"(anonymous_65)","decl":{"start":{"line":2171,"column":33},"end":{"line":2171,"column":41}},"loc":{"start":{"line":2171,"column":41},"end":{"line":2171,"column":76}},"line":2171},"66":{"name":"(anonymous_66)","decl":{"start":{"line":2185,"column":8},"end":{"line":2185,"column":28}},"loc":{"start":{"line":2188,"column":59},"end":{"line":2205,"column":null}},"line":2188},"67":{"name":"(anonymous_67)","decl":{"start":{"line":2202,"column":32},"end":{"line":2202,"column":40}},"loc":{"start":{"line":2202,"column":40},"end":{"line":2202,"column":68}},"line":2202},"68":{"name":"(anonymous_68)","decl":{"start":{"line":2216,"column":8},"end":{"line":2216,"column":27}},"loc":{"start":{"line":2220,"column":54},"end":{"line":2239,"column":null}},"line":2220},"69":{"name":"(anonymous_69)","decl":{"start":{"line":2234,"column":35},"end":{"line":2234,"column":43}},"loc":{"start":{"line":2234,"column":43},"end":{"line":2234,"column":77}},"line":2234},"70":{"name":"(anonymous_70)","decl":{"start":{"line":2249,"column":8},"end":{"line":2249,"column":28}},"loc":{"start":{"line":2253,"column":59},"end":{"line":2270,"column":null}},"line":2253},"71":{"name":"(anonymous_71)","decl":{"start":{"line":2267,"column":27},"end":{"line":2267,"column":35}},"loc":{"start":{"line":2267,"column":35},"end":{"line":2267,"column":63}},"line":2267},"72":{"name":"(anonymous_72)","decl":{"start":{"line":2280,"column":8},"end":{"line":2280,"column":30}},"loc":{"start":{"line":2284,"column":59},"end":{"line":2301,"column":null}},"line":2284},"73":{"name":"(anonymous_73)","decl":{"start":{"line":2298,"column":27},"end":{"line":2298,"column":35}},"loc":{"start":{"line":2298,"column":35},"end":{"line":2298,"column":63}},"line":2298},"74":{"name":"(anonymous_74)","decl":{"start":{"line":2311,"column":8},"end":{"line":2311,"column":35}},"loc":{"start":{"line":2314,"column":59},"end":{"line":2328,"column":null}},"line":2314},"75":{"name":"(anonymous_75)","decl":{"start":{"line":2325,"column":27},"end":{"line":2325,"column":35}},"loc":{"start":{"line":2325,"column":35},"end":{"line":2325,"column":63}},"line":2325},"76":{"name":"(anonymous_76)","decl":{"start":{"line":2338,"column":8},"end":{"line":2338,"column":34}},"loc":{"start":{"line":2341,"column":63},"end":{"line":2360,"column":null}},"line":2341},"77":{"name":"(anonymous_77)","decl":{"start":{"line":2370,"column":8},"end":{"line":2370,"column":23}},"loc":{"start":{"line":2373,"column":43},"end":{"line":2387,"column":null}},"line":2373},"78":{"name":"(anonymous_78)","decl":{"start":{"line":2384,"column":27},"end":{"line":2384,"column":35}},"loc":{"start":{"line":2384,"column":35},"end":{"line":2384,"column":58}},"line":2384},"79":{"name":"(anonymous_79)","decl":{"start":{"line":2397,"column":8},"end":{"line":2397,"column":34}},"loc":{"start":{"line":2400,"column":49},"end":{"line":2414,"column":null}},"line":2400},"80":{"name":"(anonymous_80)","decl":{"start":{"line":2411,"column":29},"end":{"line":2411,"column":37}},"loc":{"start":{"line":2411,"column":37},"end":{"line":2411,"column":70}},"line":2411},"81":{"name":"(anonymous_81)","decl":{"start":{"line":2424,"column":8},"end":{"line":2424,"column":21}},"loc":{"start":{"line":2424,"column":56},"end":{"line":2432,"column":null}},"line":2424},"82":{"name":"(anonymous_82)","decl":{"start":{"line":2442,"column":8},"end":{"line":2442,"column":23}},"loc":{"start":{"line":2442,"column":65},"end":{"line":2450,"column":null}},"line":2442},"83":{"name":"(anonymous_83)","decl":{"start":{"line":2461,"column":8},"end":{"line":2461,"column":37}},"loc":{"start":{"line":2464,"column":55},"end":{"line":2481,"column":null}},"line":2464},"84":{"name":"(anonymous_84)","decl":{"start":{"line":2478,"column":33},"end":{"line":2478,"column":41}},"loc":{"start":{"line":2478,"column":41},"end":{"line":2478,"column":76}},"line":2478},"85":{"name":"(anonymous_85)","decl":{"start":{"line":2491,"column":8},"end":{"line":2491,"column":22}},"loc":{"start":{"line":2491,"column":57},"end":{"line":2499,"column":null}},"line":2491},"86":{"name":"(anonymous_86)","decl":{"start":{"line":2510,"column":8},"end":{"line":2510,"column":27}},"loc":{"start":{"line":2513,"column":47},"end":{"line":2530,"column":null}},"line":2513},"87":{"name":"(anonymous_87)","decl":{"start":{"line":2527,"column":29},"end":{"line":2527,"column":37}},"loc":{"start":{"line":2527,"column":37},"end":{"line":2527,"column":62}},"line":2527},"88":{"name":"(anonymous_88)","decl":{"start":{"line":2540,"column":8},"end":{"line":2540,"column":27}},"loc":{"start":{"line":2540,"column":64},"end":{"line":2548,"column":null}},"line":2540},"89":{"name":"(anonymous_89)","decl":{"start":{"line":2558,"column":8},"end":{"line":2558,"column":24}},"loc":{"start":{"line":2558,"column":69},"end":{"line":2566,"column":null}},"line":2558},"90":{"name":"(anonymous_90)","decl":{"start":{"line":2576,"column":8},"end":{"line":2576,"column":33}},"loc":{"start":{"line":2576,"column":78},"end":{"line":2584,"column":null}},"line":2576},"91":{"name":"(anonymous_91)","decl":{"start":{"line":2594,"column":8},"end":{"line":2594,"column":37}},"loc":{"start":{"line":2594,"column":84},"end":{"line":2602,"column":null}},"line":2594},"92":{"name":"(anonymous_92)","decl":{"start":{"line":2612,"column":8},"end":{"line":2612,"column":31}},"loc":{"start":{"line":2612,"column":76},"end":{"line":2620,"column":null}},"line":2612},"93":{"name":"(anonymous_93)","decl":{"start":{"line":2630,"column":8},"end":{"line":2630,"column":38}},"loc":{"start":{"line":2630,"column":83},"end":{"line":2638,"column":null}},"line":2630},"94":{"name":"(anonymous_94)","decl":{"start":{"line":2648,"column":8},"end":{"line":2648,"column":39}},"loc":{"start":{"line":2651,"column":59},"end":{"line":2665,"column":null}},"line":2651},"95":{"name":"(anonymous_95)","decl":{"start":{"line":2662,"column":27},"end":{"line":2662,"column":35}},"loc":{"start":{"line":2662,"column":35},"end":{"line":2662,"column":63}},"line":2662},"96":{"name":"(anonymous_96)","decl":{"start":{"line":2675,"column":8},"end":{"line":2675,"column":29}},"loc":{"start":{"line":2679,"column":59},"end":{"line":2696,"column":null}},"line":2679},"97":{"name":"(anonymous_97)","decl":{"start":{"line":2693,"column":27},"end":{"line":2693,"column":35}},"loc":{"start":{"line":2693,"column":35},"end":{"line":2693,"column":63}},"line":2693},"98":{"name":"(anonymous_98)","decl":{"start":{"line":2706,"column":8},"end":{"line":2706,"column":32}},"loc":{"start":{"line":2706,"column":77},"end":{"line":2714,"column":null}},"line":2706},"99":{"name":"(anonymous_99)","decl":{"start":{"line":2724,"column":8},"end":{"line":2724,"column":36}},"loc":{"start":{"line":2724,"column":85},"end":{"line":2732,"column":null}},"line":2724},"100":{"name":"(anonymous_100)","decl":{"start":{"line":2743,"column":8},"end":{"line":2743,"column":30}},"loc":{"start":{"line":2743,"column":70},"end":{"line":2754,"column":null}},"line":2743},"101":{"name":"(anonymous_101)","decl":{"start":{"line":2764,"column":10},"end":{"line":2764,"column":26}},"loc":{"start":{"line":2764,"column":68},"end":{"line":2766,"column":null}},"line":2764},"102":{"name":"(anonymous_102)","decl":{"start":{"line":2774,"column":10},"end":{"line":2774,"column":29}},"loc":{"start":{"line":2774,"column":74},"end":{"line":2776,"column":null}},"line":2774},"103":{"name":"(anonymous_103)","decl":{"start":{"line":2784,"column":10},"end":{"line":2784,"column":31}},"loc":{"start":{"line":2784,"column":78},"end":{"line":2786,"column":null}},"line":2784},"104":{"name":"(anonymous_104)","decl":{"start":{"line":2794,"column":10},"end":{"line":2794,"column":25}},"loc":{"start":{"line":2794,"column":68},"end":{"line":2796,"column":null}},"line":2794},"105":{"name":"(anonymous_105)","decl":{"start":{"line":2804,"column":10},"end":{"line":2804,"column":35}},"loc":{"start":{"line":2804,"column":86},"end":{"line":2806,"column":null}},"line":2804},"106":{"name":"(anonymous_106)","decl":{"start":{"line":2814,"column":10},"end":{"line":2814,"column":34}},"loc":{"start":{"line":2814,"column":84},"end":{"line":2816,"column":null}},"line":2814},"107":{"name":"(anonymous_107)","decl":{"start":{"line":2856,"column":12},"end":{"line":2856,"column":26}},"loc":{"start":{"line":2856,"column":26},"end":{"line":2866,"column":5}},"line":2856},"108":{"name":"(anonymous_108)","decl":{"start":{"line":2867,"column":14},"end":{"line":2867,"column":28}},"loc":{"start":{"line":2867,"column":28},"end":{"line":2876,"column":5}},"line":2867}},"branchMap":{"0":{"loc":{"start":{"line":378,"column":14},"end":{"line":378,"column":43}},"type":"default-arg","locations":[{"start":{"line":378,"column":39},"end":{"line":378,"column":43}}],"line":378},"1":{"loc":{"start":{"line":379,"column":19},"end":{"line":379,"column":null}},"type":"binary-expr","locations":[{"start":{"line":379,"column":19},"end":{"line":379,"column":37}},{"start":{"line":379,"column":37},"end":{"line":379,"column":null}}],"line":379},"2":{"loc":{"start":{"line":383,"column":11},"end":{"line":383,"column":null}},"type":"binary-expr","locations":[{"start":{"line":383,"column":11},"end":{"line":383,"column":34}},{"start":{"line":383,"column":34},"end":{"line":383,"column":null}}],"line":383},"3":{"loc":{"start":{"line":384,"column":11},"end":{"line":384,"column":null}},"type":"binary-expr","locations":[{"start":{"line":384,"column":11},"end":{"line":384,"column":30}},{"start":{"line":384,"column":30},"end":{"line":384,"column":null}}],"line":384},"4":{"loc":{"start":{"line":390,"column":23},"end":{"line":393,"column":null}},"type":"binary-expr","locations":[{"start":{"line":390,"column":23},"end":{"line":390,"column":45}},{"start":{"line":390,"column":45},"end":{"line":393,"column":null}}],"line":390},"5":{"loc":{"start":{"line":396,"column":21},"end":{"line":396,"column":null}},"type":"binary-expr","locations":[{"start":{"line":396,"column":21},"end":{"line":396,"column":41}},{"start":{"line":396,"column":41},"end":{"line":396,"column":null}}],"line":396},"6":{"loc":{"start":{"line":397,"column":23},"end":{"line":397,"column":null}},"type":"binary-expr","locations":[{"start":{"line":397,"column":23},"end":{"line":397,"column":45}},{"start":{"line":397,"column":45},"end":{"line":397,"column":null}}],"line":397},"7":{"loc":{"start":{"line":398,"column":22},"end":{"line":398,"column":null}},"type":"binary-expr","locations":[{"start":{"line":398,"column":22},"end":{"line":398,"column":43}},{"start":{"line":398,"column":43},"end":{"line":398,"column":null}}],"line":398},"8":{"loc":{"start":{"line":466,"column":4},"end":{"line":470,"column":null}},"type":"if","locations":[{"start":{"line":466,"column":4},"end":{"line":470,"column":null}},{"start":{},"end":{}}],"line":466},"9":{"loc":{"start":{"line":474,"column":4},"end":{"line":494,"column":null}},"type":"if","locations":[{"start":{"line":474,"column":4},"end":{"line":494,"column":null}},{"start":{},"end":{}}],"line":474},"10":{"loc":{"start":{"line":476,"column":8},"end":{"line":492,"column":null}},"type":"if","locations":[{"start":{"line":476,"column":8},"end":{"line":492,"column":null}},{"start":{},"end":{}}],"line":476},"11":{"loc":{"start":{"line":476,"column":12},"end":{"line":476,"column":51}},"type":"binary-expr","locations":[{"start":{"line":476,"column":12},"end":{"line":476,"column":35}},{"start":{"line":476,"column":35},"end":{"line":476,"column":51}}],"line":476},"12":{"loc":{"start":{"line":479,"column":10},"end":{"line":490,"column":null}},"type":"if","locations":[{"start":{"line":479,"column":10},"end":{"line":490,"column":null}},{"start":{"line":481,"column":10},"end":{"line":490,"column":null}}],"line":479},"13":{"loc":{"start":{"line":481,"column":10},"end":{"line":490,"column":null}},"type":"if","locations":[{"start":{"line":481,"column":10},"end":{"line":490,"column":null}},{"start":{"line":483,"column":10},"end":{"line":490,"column":null}}],"line":481},"14":{"loc":{"start":{"line":483,"column":10},"end":{"line":490,"column":null}},"type":"if","locations":[{"start":{"line":483,"column":10},"end":{"line":490,"column":null}},{"start":{"line":485,"column":10},"end":{"line":490,"column":null}}],"line":483},"15":{"loc":{"start":{"line":485,"column":10},"end":{"line":490,"column":null}},"type":"if","locations":[{"start":{"line":485,"column":10},"end":{"line":490,"column":null}},{"start":{"line":487,"column":17},"end":{"line":490,"column":null}}],"line":485},"16":{"loc":{"start":{"line":513,"column":10},"end":{"line":518,"column":null}},"type":"if","locations":[{"start":{"line":513,"column":10},"end":{"line":518,"column":null}},{"start":{},"end":{}}],"line":513},"17":{"loc":{"start":{"line":526,"column":20},"end":{"line":526,"column":null}},"type":"cond-expr","locations":[{"start":{"line":526,"column":39},"end":{"line":526,"column":57}},{"start":{"line":526,"column":57},"end":{"line":526,"column":null}}],"line":526},"18":{"loc":{"start":{"line":531,"column":10},"end":{"line":531,"column":null}},"type":"if","locations":[{"start":{"line":531,"column":10},"end":{"line":531,"column":null}},{"start":{},"end":{}}],"line":531},"19":{"loc":{"start":{"line":532,"column":10},"end":{"line":534,"column":null}},"type":"if","locations":[{"start":{"line":532,"column":10},"end":{"line":534,"column":null}},{"start":{},"end":{}}],"line":532},"20":{"loc":{"start":{"line":533,"column":20},"end":{"line":533,"column":48}},"type":"binary-expr","locations":[{"start":{"line":533,"column":20},"end":{"line":533,"column":40}},{"start":{"line":533,"column":40},"end":{"line":533,"column":48}}],"line":533},"21":{"loc":{"start":{"line":553,"column":6},"end":{"line":558,"column":null}},"type":"if","locations":[{"start":{"line":553,"column":6},"end":{"line":558,"column":null}},{"start":{},"end":{}}],"line":553},"22":{"loc":{"start":{"line":560,"column":6},"end":{"line":562,"column":null}},"type":"if","locations":[{"start":{"line":560,"column":6},"end":{"line":562,"column":null}},{"start":{},"end":{}}],"line":560},"23":{"loc":{"start":{"line":564,"column":33},"end":{"line":564,"column":89}},"type":"cond-expr","locations":[{"start":{"line":564,"column":58},"end":{"line":564,"column":74}},{"start":{"line":564,"column":74},"end":{"line":564,"column":89}}],"line":564},"24":{"loc":{"start":{"line":791,"column":6},"end":{"line":793,"column":null}},"type":"if","locations":[{"start":{"line":791,"column":6},"end":{"line":793,"column":null}},{"start":{},"end":{}}],"line":791},"25":{"loc":{"start":{"line":794,"column":6},"end":{"line":796,"column":null}},"type":"if","locations":[{"start":{"line":794,"column":6},"end":{"line":796,"column":null}},{"start":{},"end":{}}],"line":794},"26":{"loc":{"start":{"line":797,"column":6},"end":{"line":800,"column":null}},"type":"if","locations":[{"start":{"line":797,"column":6},"end":{"line":800,"column":null}},{"start":{},"end":{}}],"line":797},"27":{"loc":{"start":{"line":811,"column":16},"end":{"line":811,"column":38}},"type":"binary-expr","locations":[{"start":{"line":811,"column":16},"end":{"line":811,"column":33}},{"start":{"line":811,"column":33},"end":{"line":811,"column":38}}],"line":811},"28":{"loc":{"start":{"line":812,"column":15},"end":{"line":812,"column":null}},
[...]
,"/home/runner/work/European-Parliament-MCP-Server/European-Parliament-MCP-Server/src/utils/rateLimiter.ts": {"path":"/home/runner/work/European-Parliament-MCP-Server/European-Parliament-MCP-Server/src/utils/rateLimiter.ts","statementMap":{"0":{"start":{"line":50,"column":4},"end":{"line":50,"column":null}},"1":{"start":{"line":51,"column":4},"end":{"line":51,"column":null}},"2":{"start":{"line":52,"column":4},"end":{"line":52,"column":null}},"3":{"start":{"line":55,"column":4},"end":{"line":68,"column":null}},"4":{"start":{"line":57,"column":8},"end":{"line":57,"column":null}},"5":{"start":{"line":58,"column":8},"end":{"line":58,"column":null}},"6":{"start":{"line":60,"column":8},"end":{"line":60,"column":null}},"7":{"start":{"line":61,"column":8},"end":{"line":61,"column":null}},"8":{"start":{"line":63,"column":8},"end":{"line":63,"column":null}},"9":{"start":{"line":64,"column":8},"end":{"line":64,"column":null}},"10":{"start":{"line":66,"column":34},"end":{"line":66,"column":null}},"11":{"start":{"line":67,"column":8},"end":{"line":67,"column":null}},"12":{"start":{"line":75,"column":16},"end":{"line":75,"column":null}},"13":{"start":{"line":76,"column":22},"end":{"line":76,"column":null}},"14":{"start":{"line":77,"column":25},"end":{"line":77,"column":null}},"15":{"start":{"line":79,"column":4},"end":{"line":85,"column":null}},"16":{"start":{"line":80,"column":6},"end":{"line":83,"column":null}},"17":{"start":{"line":84,"column":6},"end":{"line":84,"column":null}},"18":{"start":{"line":96,"column":4},"end":{"line":96,"column":null}},"19":{"start":{"line":98,"column":4},"end":{"line":101,"column":null}},"20":{"start":{"line":99,"column":6},"end":{"line":99,"column":null}},"21":{"start":{"line":100,"column":6},"end":{"line":100,"column":null}},"22":{"start":{"line":104,"column":25},"end":{"line":104,"column":null}},"23":{"start":{"line":105,"column":20},"end":{"line":105,"column":null}},"24":{"start":{"line":109,"column":4},"end":{"line":112,"column":null}},"25":{"start":{"line":122,"column":4},"end":{"line":122,"column":null}},"26":{"start":{"line":124,"column":4},"end":{"line":127,"column":null}},"27":{"start":{"line":125,"column":6},"end":{"line":125,"column":null}},"28":{"start":{"line":126,"column":6},"end":{"line":126,"column":null}},"29":{"start":{"line":129,"column":4},"end":{"line":129,"column":null}},"30":{"start":{"line":136,"column":4},"end":{"line":136,"column":null}},"31":{"start":{"line":137,"column":4},"end":{"line":137,"column":null}},"32":{"start":{"line":144,"column":4},"end":{"line":144,"column":null}},"33":{"start":{"line":145,"column":4},"end":{"line":145,"column":null}},"34":{"start":{"line":153,"column":2},"end":{"line":156,"column":null}}},"fnMap":{"0":{"name":"(anonymous_0)","decl":{"start":{"line":49,"column":2},"end":{"line":49,"column":14}},"loc":{"start":{"line":49,"column":43},"end":{"line":69,"column":null}},"line":49},"1":{"name":"(anonymous_1)","decl":{"start":{"line":74,"column":10},"end":{"line":74,"column":25}},"loc":{"start":{"line":74,"column":25},"end":{"line":86,"column":null}},"line":74},"2":{"name":"(anonymous_2)","decl":{"start":{"line":95,"column":8},"end":{"line":95,"column":21}},"loc":{"start":{"line":95,"column":51},"end":{"line":113,"column":null}},"line":95},"3":{"name":"(anonymous_3)","decl":{"start":{"line":121,"column":2},"end":{"line":121,"column":18}},"loc":{"start":{"line":121,"column":42},"end":{"line":130,"column":null}},"line":121},"4":{"name":"(anonymous_4)","decl":{"start":{"line":135,"column":2},"end":{"line":135,"column":31}},"loc":{"start":{"line":135,"column":31},"end":{"line":138,"column":null}},"line":135},"5":{"name":"(anonymous_5)","decl":{"start":{"line":143,"column":2},"end":{"line":143,"column":16}},"loc":{"start":{"line":143,"column":16},"end":{"line":146,"column":null}},"line":143},"6":{"name":"createStandardRateLimiter","decl":{"start":{"line":152,"column":16},"end":{"line":152,"column":57}},"loc":{"start":{"line":152,"column":57},"end":{"line":157,"column":null}},"line":152}},"branchMap":{"0":{"loc":{"start":{"line":51,"column":18},"end":{"line":51,"column":null}},"type":"binary-expr","locations":[{"start":{"line":51,"column":18},"end":{"line":51,"column":43}},{"start":{"line":51,"column":43},"end":{"line":51,"column":null}}],"line":51},"1":{"loc":{"start":{"line":55,"column":4},"end":{"line":68,"column":null}},"type":"switch","locations":[{"start":{"line":56,"column":6},"end":{"line":58,"column":null}},{"start":{"line":59,"column":6},"end":{"line":61,"column":null}},{"start":{"line":62,"column":6},"end":{"line":64,"column":null}},{"start":{"line":65,"column":6},"end":{"line":67,"column":null}}],"line":55},"2":{"loc":{"start":{"line":79,"column":4},"end":{"line":85,"column":null}},"type":"if","locations":[{"start":{"line":79,"column":4},"end":{"line":85,"column":null}},{"start":{},"end":{}}],"line":79},"3":{"loc":{"start":{"line":98,"column":4},"end":{"line":101,"column":null}},"type":"if","locations":[{"start":{"line":98,"column":4},"end":{"line":101,"column":null}},{"start":{},"end":{}}],"line":98},"4":{"loc":{"start":{"line":124,"column":4},"end":{"line":127,"column":null}},"type":"if","locations":[{"start":{"line":124,"column":4},"end":{"line":127,"column":null}},{"start":{},"end":{}}],"line":124}},"s":{"0":258,"1":258,"2":258,"3":258,"4":8,"5":8,"6":249,"7":249,"8":1,"9":1,"10":0,"11":0,"12":244,"13":244,"14":244,"15":244,"16":36,"17":36,"18":232,"19":232,"20":231,"21":231,"22":1,"23":1,"24":1,"25":4,"26":4,"27":3,"28":3,"29":1,"30":8,"31":8,"32":1,"33":1,"34":1},"f":{"0":258,"1":244,"2":232,"3":4,"4":8,"5":1,"6":1},"b":{"0":[258,257],"1":[8,249,1,0],"2":[36,208],"3":[231,1],"4":[3,1]},"meta":{"lastBranch":5,"lastFunction":7,"lastStatement":35,"seen":{"f:49:2:49:14":0,"s:50:4:50:Infinity":0,"s:51:4:51:Infinity":1,"b:51:18:51:43:51:43:51:Infinity":0,"s:52:4:52:Infinity":2,"b:56:6:58:Infinity:59:6:61:Infinity:62:6:64:Infinity:65:6:67:Infinity":1,"s:55:4:68:Infinity":3,"s:57:8:57:Infinity":4,"s:58:8:58:Infinity":5,"s:60:8:60:Infinity":6,"s:61:8:61:Infinity":7,"s:63:8:63:Infinity":8,"s:64:8:64:Infinity":9,"s:66:34:66:Infinity":10,"s:67:8:67:Infinity":11,"f:74:10:74:25":1,"s:75:16:75:Infinity":12,"s:76:22:76:Infinity":13,"s:77:25:77:Infinity":14,"b:79:4:85:Infinity:undefined:undefined:undefined:undefined":2,"s:79:4:85:Infinity":15,"s:80:6:83:Infinity":16,"s:84:6:84:Infinity":17,"f:95:8:95:21":2,"s:96:4:96:Infinity":18,"b:98:4:101:Infinity:undefined:undefined:undefined:undefined":3,"s:98:4:101:Infinity":19,"s:99:6:99:Infinity":20,"s:100:6:100:Infinity":21,"s:104:25:104:Infinity":22,"s:105:20:105:Infinity":23,"s:109:4:112:Infinity":24,"f:121:2:121:18":3,"s:122:4:122:Infinity":25,"b:124:4:127:Infinity:undefined:undefined:undefined:undefined":4,"s:124:4:127:Infinity":26,"s:125:6:125:Infinity":27,"s:126:6:126:Infinity":28,"s:129:4:129:Infinity":29,"f:135:2:135:31":4,"s:136:4:136:Infinity":30,"s:137:4:137:Infinity":31,"f:143:2:143:16":5,"s:144:4:144:Infinity":32,"s:145:4:145:Infinity":33,"f:152:16:152:57":6,"s:153:2:156:Infinity":34}}}
,"/home/runner/work/European-Parliament-MCP-Server/European-Parliament-MCP-Server/src/utils/timeout.ts": {"path":"/home/runner/work/European-Parliament-MCP-Server/European-Parliament-MCP-Server/src/utils/timeout.ts","statementMap":{"0":{"start":{"line":33,"column":4},"end":{"line":33,"column":null}},"1":{"start":{"line":31,"column":20},"end":{"line":31,"column":null}},"2":{"start":{"line":34,"column":4},"end":{"line":34,"column":null}},"3":{"start":{"line":35,"column":4},"end":{"line":35,"column":null}},"4":{"start":{"line":75,"column":25},"end":{"line":84,"column":null}},"5":{"start":{"line":76,"column":4},"end":{"line":83,"column":null}},"6":{"start":{"line":77,"column":6},"end":{"line":82,"column":null}},"7":{"start":{"line":87,"column":2},"end":{"line":94,"column":null}},"8":{"start":{"line":88,"column":4},"end":{"line":88,"column":null}},"9":{"start":{"line":91,"column":4},"end":{"line":93,"column":null}},"10":{"start":{"line":92,"column":6},"end":{"line":92,"column":null}},"11":{"start":{"line":125,"column":21},"end":{"line":125,"column":null}},"12":{"start":{"line":129,"column":25},"end":{"line":139,"column":null}},"13":{"start":{"line":130,"column":4},"end":{"line":138,"column":null}},"14":{"start":{"line":131,"column":6},"end":{"line":131,"column":null}},"15":{"start":{"line":132,"column":6},"end":{"line":137,"column":null}},"16":{"start":{"line":142,"column":2},"end":{"line":150,"column":null}},"17":{"start":{"line":143,"column":19},"end":{"line":143,"column":null}},"18":{"start":{"line":144,"column":4},"end":{"line":144,"column":null}},"19":{"start":{"line":147,"column":4},"end":{"line":149,"column":null}},"20":{"start":{"line":148,"column":6},"end":{"line":148,"column":null}},"21":{"start":{"line":166,"column":2},"end":{"line":168,"column":null}},"22":{"start":{"line":167,"column":4},"end":{"line":167,"column":null}},"23":{"start":{"line":169,"column":2},"end":{"line":171,"column":null}},"24":{"start":{"line":170,"column":4},"end":{"line":170,"column":null}},"25":{"start":{"line":172,"column":2},"end":{"line":174,"column":null}},"26":{"start":{"line":173,"column":4},"end":{"line":173,"column":null}},"27":{"start":{"line":247,"column":6},"end":{"line":247,"column":null}},"28":{"start":{"line":246,"column":33},"end":{"line":246,"column":null}},"29":{"start":{"line":250,"column":2},"end":{"line":250,"column":null}},"30":{"start":{"line":254,"column":2},"end":{"line":282,"column":null}},"31":{"start":{"line":254,"column":21},"end":{"line":254,"column":24}},"32":{"start":{"line":255,"column":4},"end":{"line":281,"column":null}},"33":{"start":{"line":258,"column":21},"end":{"line":260,"column":null}},"34":{"start":{"line":261,"column":6},"end":{"line":261,"column":null}},"35":{"start":{"line":263,"column":6},"end":{"line":263,"column":null}},"36":{"start":{"line":266,"column":6},"end":{"line":268,"column":null}},"37":{"start":{"line":267,"column":8},"end":{"line":267,"column":null}},"38":{"start":{"line":271,"column":6},"end":{"line":273,"column":null}},"39":{"start":{"line":272,"column":8},"end":{"line":272,"column":null}},"40":{"start":{"line":276,"column":6},"end":{"line":280,"column":null}},"41":{"start":{"line":278,"column":22},"end":{"line":278,"column":null}},"42":{"start":{"line":279,"column":8},"end":{"line":279,"column":null}},"43":{"start":{"line":279,"column":37},"end":{"line":279,"column":63}},"44":{"start":{"line":285,"column":2},"end":{"line":285,"column":null}},"45":{"start":{"line":306,"column":2},"end":{"line":306,"column":null}}},"fnMap":{"0":{"name":"(anonymous_0)","decl":{"start":{"line":29,"column":2},"end":{"line":29,"column":null}},"loc":{"start":{"line":32,"column":4},"end":{"line":36,"column":null}},"line":32},"1":{"name":"withTimeout","decl":{"start":{"line":67,"column":22},"end":{"line":67,"column":null}},"loc":{"start":{"line":71,"column":14},"end":{"line":95,"column":null}},"line":71},"2":{"name":"(anonymous_2)","decl":{"start":{"line":75,"column":44},"end":{"line":75,"column":45}},"loc":{"start":{"line":75,"column":59},"end":{"line":84,"column":3}},"line":75},"3":{"name":"(anonymous_3)","decl":{"start":{"line":76,"column":31},"end":{"line":76,"column":37}},"loc":{"start":{"line":76,"column":37},"end":{"line":83,"column":7}},"line":76},"4":{"name":"withTimeoutAndAbort","decl":{"start":{"line":120,"column":22},"end":{"line":120,"column":null}},"loc":{"start":{"line":124,"column":14},"end":{"line":151,"column":null}},"line":124},"5":{"name":"(anonymous_5)","decl":{"start":{"line":129,"column":44},"end":{"line":129,"column":45}},"loc":{"start":{"line":129,"column":59},"end":{"line":139,"column":3}},"line":129},"6":{"name":"(anonymous_6)","decl":{"start":{"line":130,"column":31},"end":{"line":130,"column":37}},"loc":{"start":{"line":130,"column":37},"end":{"line":138,"column":7}},"line":130},"7":{"name":"validateRetryOptions","decl":{"start":{"line":161,"column":9},"end":{"line":161,"column":null}},"loc":{"start":{"line":165,"column":8},"end":{"line":175,"column":null}},"line":165},"8":{"name":"withRetry","decl":{"start":{"line":231,"column":22},"end":{"line":231,"column":null}},"loc":{"start":{"line":240,"column":14},"end":{"line":286,"column":null}},"line":240},"9":{"name":"(anonymous_9)","decl":{"start":{"line":246,"column":18},"end":{"line":246,"column":33}},"loc":{"start":{"line":246,"column":33},"end":{"line":246,"column":null}},"line":246},"10":{"name":"(anonymous_10)","decl":{"start":{"line":279,"column":26},"end":{"line":279,"column":37}},"loc":{"start":{"line":279,"column":37},"end":{"line":279,"column":63}},"line":279},"11":{"name":"isTimeoutError","decl":{"start":{"line":305,"column":16},"end":{"line":305,"column":31}},"loc":{"start":{"line":305,"column":70},"end":{"line":307,"column":null}},"line":305}},"branchMap":{"0":{"loc":{"start":{"line":79,"column":10},"end":{"line":79,"column":null}},"type":"binary-expr","locations":[{"start":{"line":79,"column":10},"end":{"line":79,"column":26}},{"start":{"line":79,"column":26},"end":{"line":79,"column":null}}],"line":79},"1":{"loc":{"start":{"line":91,"column":4},"end":{"line":93,"column":null}},"type":"if","locations":[{"start":{"line":91,"column":4},"end":{"line":93,"column":null}},{"start":{},"end":{}}],"line":91},"2":{"loc":{"start":{"line":134,"column":10},"end":{"line":134,"column":null}},"type":"binary-expr","locations":[{"start":{"line":134,"column":10},"end":{"line":134,"column":26}},{"start":{"line":134,"column":26},"end":{"line":134,"column":null}}],"line":134},"3":{"loc":{"start":{"line":147,"column":4},"end":{"line":149,"column":null}},"type":"if","locations":[{"start":{"line":147,"column":4},"end":{"line":149,"column":null}},{"start":{},"end":{}}],"line":147},"4":{"loc":{"start":{"line":166,"column":2},"end":{"line":168,"column":null}},"type":"if","locations":[{"start":{"line":166,"column":2},"end":{"line":168,"column":null}},{"start":{},"end":{}}],"line":166},"5":{"loc":{"start":{"line":169,"column":2},"end":{"line":171,"column":null}},"type":"if","locations":[{"start":{"line":169,"column":2},"end":{"line":171,"column":null}},{"start":{},"end":{}}],"line":169},"6":{"loc":{"start":{"line":169,"column":6},"end":{"line":169,"column":49}},"type":"binary-expr","locations":[{"start":{"line":169,"column":6},"end":{"line":169,"column":33}},{"start":{"line":169,"column":33},"end":{"line":169,"column":49}}],"line":169},"7":{"loc":{"start":{"line":172,"column":2},"end":{"line":174,"column":null}},"type":"if","locations":[{"start":{"line":172,"column":2},"end":{"line":174,"column":null}},{"start":{},"end":{}}],"line":172},"8":{"loc":{"start":{"line":244,"column":4},"end":{"line":244,"column":null}},"type":"default-arg","locations":[{"start":{"line":244,"column":19},"end":{"line":244,"column":null}}],"line":244},"9":{"loc":{"start":{"line":246,"column":4},"end":{"line":246,"column":null}},"type":"default-arg","locations":[{"start":{"line":246,"column":18},"end":{"line":246,"column":null}}],"line":246},"10":{"loc":{"start":{"line":258,"column":21},"end":{"line":260,"column":null}},"type":"cond-expr","locations":[{"start":{"line":259,"column":10},"end":{"line":259,"column":null}},{"start":{"line":260,"column":10},"end":{"line":260,"column":null}}],"line":258},"11":{"loc":{"start":{"line":266,"column":6},"end":{"line":268,"column":null}},"type":"if","locations":[{"start":{"line":266,"column":6},"end":{"line":268,"column":null}},{"start":{},"end":{}}],"line":266},"12":{"loc":{"start":{"line":271,"column":6},"end":{"line":273,"column":null}},"type":"if","locations":[{"start":{"line":271,"column":6},"end":{"line":273,"column":null}},{"start":{},"end":{}}],"line":271},"13":{"loc":{"start":{"line":276,"column":6},"end":{"line":280,"column":null}},"type":"if","locations":[{"start":{"line":276,"column":6},"end":{"line":280,"column":null}},{"start":{},"end":{}}],"line":276}},"s":{"0":11,"1":11,"2":11,"3":11,"4":17,"5":17,"6":4,"7":17,"8":17,"9":17,"10":17,"11":229,"12":229,"13":229,"14":2,"15":2,"16":229,"17":229,"18":189,"19":229,"20":229,"21":225,"22":1,"23":224,"24":2,"25":222,"26":2,"27":225,"28":7,"29":225,"30":225,"31":225,"32":236,"33":236,"34":187,"35":46,"36":46,"37":2,"38":44,"39":22,"40":22,"41":16,"42":16,"43":16,"44":22,"45":6},"f":{"0":11,"1":17,"2":17,"3":4,"4":229,"5":229,"6":2,"7":225,"8":225,"9":7,"10":16,"11":6},"b":{"0":[4,3],"1":[17,0],"2":[2,1],"3":[229,0],"4":[1,224],"5":[2,222],"6":[224,10],"7":[2,220],"8":[225],"9":[7],"10":[12,224],"11":[2,44],"12":[22,22],"13":[16,6]},"meta":{"lastBranch":14,"lastFunction":12,"lastStatement":46,"seen":{"f:29:2:29:Infinity":0,"s:33:4:33:Infinity":0,"s:31:20:31:Infinity":1,"s:34:4:34:Infinity":2,"s:35:4:35:Infinity":3,"f:67:22:67:Infinity":1,"s:75:25:84:Infinity":4,"f:75:44:75:45":2,"s:76:4:83:Infinity":5,"f:76:31:76:37":3,"s:77:6:82:Infinity":6,"b:79:10:79:26:79:26:79:Infinity":0,"s:87:2:94:Infinity":7,"s:88:4:88:Infinity":8,"b:91:4:93:Infinity:undefined:undefined:undefined:undefined":1,"s:91:4:93:Infinity":9,"s:92:6:92:Infinity":10,"f:120:22:120:Infinity":4,"s:125:21:125:Infinity":11,"s:129:25:139:Infinity":12,"f:129:44:129:45":5,"s:130:4:138:Infinity":13,"f:130:31:130:37":6,"s:131:6:131:Infinity":14,"s:132:6:137:Infinity":15,"b:134:10:134:26:134:26:134:Infinity":2,"s:142:2:150:Infinity":16,"s:143:19:143:Infinity":17,"s:144:4:144:Infinity":18,"b:147:4:149:Infinity:undefined:undefined:undefined:undefined":3,"s:147:4:149:Infinity":19,"s:148:6:148:Infinity":20,"f:161:9:161:Infinity":7,"b:166:2:168:Infinity:undefined:undefined:undefined:undefined":4,"s:166:2:168:Infinity":21,"s:167:4:167:Infinity":22,"b:169:2:171:Infinity:undefined:undefined:undefined:undefined":5,"s:169:2:171:Infinity":23,"b:169:6:169:33:169:33:169:49":6,"s:170:4:170:Infinity":24,"b:172:2:174:Infinity:undefined:undefined:undefined:undefined":7,"s:172:2:174:Infinity":25,"s:173:4:173:Infinity":26,"f:231:22:231:Infinity":8,"s:247:6:247:Infinity":27,"b:244:19:244:Infinity":8,"b:246:18:246:Infinity":9,"f:246:18:246:33":9,"s:246:33:246:Infinity":28,"s:250:2:250:Infinity":29,"s:254:2:282:Infinity":30,"s:254:21:254:24":31,"s:255:4:281:Infinity":32,"s:258:21:260:Infinity":33,"b:259:10:259:Infinity:260:10:260:Infinity":10,"s:261:6:261:Infinity":34,"s:263:6:263:Infinity":35,"b:266:6:268:Infinity:undefined:undefined:undefined:undefined":11,"s:266:6:268:Infinity":36,"s:267:8:267:Infinity":37,"b:271:6:273:Infinity:undefined:undefined:undefined:undefined":12,"s:271:6:273:Infinity":38,"s:272:8:272:Infinity":39,"b:276:6:280:Infinity:undefined:undefined:undefined:undefined":13,"s:276:6:280:Infinity":40,"s:278:22:278:Infinity":41,"s:279:8:279:Infinity":42,"f:279:26:279:37":10,"s:279:37:279:63":43,"s:285:2:285:Infinity":44,"f:305:16:305:31":11,"s:306:2:306:Infinity":45}}}
}
