TN:
SF:src/index.ts
FN:60,showHelp
FN:114,showVersion
FN:124,getToolMetadataArray
FN:144,showHealth
FN:180,sanitizeUrl
FN:232,(anonymous_5)
FN:269,(anonymous_6)
FN:271,(anonymous_7)
FN:278,(anonymous_8)
FN:304,(anonymous_9)
FN:357,(anonymous_10)
FN:401,(anonymous_11)
FNF:12
FNH:4
FNDA:0,showHelp
FNDA:0,showVersion
FNDA:1,getToolMetadataArray
FNDA:0,showHealth
FNDA:0,sanitizeUrl
FNDA:1,(anonymous_5)
FNDA:1,(anonymous_6)
FNDA:0,(anonymous_7)
FNDA:0,(anonymous_8)
FNDA:0,(anonymous_9)
FNDA:1,(anonymous_10)
FNDA:0,(anonymous_11)
DA:48,1
DA:49,1
DA:55,1
DA:63,0
DA:117,0
DA:125,1
DA:145,0
DA:146,0
DA:148,0
DA:172,0
DA:181,0
DA:182,0
DA:184,0
DA:185,0
DA:187,0
DA:188,0
DA:189,0
DA:192,0
DA:193,0
DA:194,0
DA:235,1
DA:249,1
DA:271,1
DA:272,0
DA:278,1
DA:279,0
DA:281,0
DA:282,0
DA:285,0
DA:288,0
DA:289,0
DA:291,0
DA:308,0
DA:323,0
DA:324,0
DA:325,0
DA:328,0
DA:358,1
DA:359,1
DA:361,1
DA:362,1
DA:365,1
DA:366,1
DA:367,1
DA:375,1
DA:378,1
DA:380,0
DA:383,0
DA:384,0
DA:385,0
DA:388,0
DA:389,0
DA:390,0
DA:393,0
DA:394,0
DA:395,0
DA:400,1
DA:401,1
DA:402,0
DA:403,0
LF:60
LH:19
BRDA:164,0,0,0
BRDA:164,0,1,0
BRDA:165,1,0,0
BRDA:165,1,1,0
BRDA:166,2,0,0
BRDA:166,2,1,0
BRDA:192,3,0,0
BRDA:192,3,1,0
BRDA:193,4,0,0
BRDA:193,4,1,0
BRDA:288,5,0,0
BRDA:288,5,1,0
BRDA:324,6,0,0
BRDA:324,6,1,0
BRDA:375,7,0,1
BRDA:375,7,1,1
BRDA:378,8,0,0
BRDA:378,8,1,1
BRDA:383,9,0,0
BRDA:383,9,1,0
BRDA:383,10,0,0
BRDA:383,10,1,0
BRDA:388,11,0,0
BRDA:388,11,1,0
BRDA:388,12,0,0
BRDA:388,12,1,0
BRDA:393,13,0,0
BRDA:393,13,1,0
BRF:28
BRH:3
end_of_record
TN:
SF:src/clients/europeanParliamentClient.ts
FN:98,(anonymous_0)
FN:348,(anonymous_1)
FN:423,(anonymous_2)
FN:445,(anonymous_3)
FN:471,(anonymous_4)
FN:473,(anonymous_5)
FN:499,(anonymous_6)
FN:560,(anonymous_7)
FN:584,(anonymous_8)
FN:627,(anonymous_9)
FN:685,(anonymous_10)
FN:720,(anonymous_11)
FN:755,(anonymous_12)
FN:808,(anonymous_13)
FN:931,(anonymous_14)
FN:961,(anonymous_15)
FN:1052,(anonymous_16)
FN:1115,(anonymous_17)
FN:1210,(anonymous_18)
FN:1227,(anonymous_19)
FN:1300,(anonymous_20)
FN:1396,(anonymous_21)
FN:1482,(anonymous_22)
FN:1580,(anonymous_23)
FN:1657,(anonymous_24)
FN:1697,(anonymous_25)
FN:1742,(anonymous_26)
FN:1753,(anonymous_27)
FNF:28
FNH:28
FNDA:6,(anonymous_0)
FNDA:45,(anonymous_1)
FNDA:28,(anonymous_2)
FNDA:21,(anonymous_3)
FNDA:29,(anonymous_4)
FNDA:29,(anonymous_5)
FNDA:6,(anonymous_6)
FNDA:28,(anonymous_7)
FNDA:325,(anonymous_8)
FNDA:57,(anonymous_9)
FNDA:15,(anonymous_10)
FNDA:15,(anonymous_11)
FNDA:15,(anonymous_12)
FNDA:6,(anonymous_13)
FNDA:16,(anonymous_14)
FNDA:51,(anonymous_15)
FNDA:6,(anonymous_16)
FNDA:6,(anonymous_17)
FNDA:6,(anonymous_18)
FNDA:15,(anonymous_19)
FNDA:11,(anonymous_20)
FNDA:14,(anonymous_21)
FNDA:8,(anonymous_22)
FNDA:2,(anonymous_23)
FNDA:38,(anonymous_24)
FNDA:2,(anonymous_25)
FNDA:5,(anonymous_26)
FNDA:5,(anonymous_27)
DA:49,5
DA:50,5
DA:51,5
DA:52,5
DA:53,5
DA:54,5
DA:55,5
DA:56,5
DA:100,6
DA:101,6
DA:103,6
DA:104,6
DA:349,45
DA:352,45
DA:360,45
DA:366,45
DA:367,45
DA:368,45
DA:428,28
DA:431,28
DA:434,28
DA:435,28
DA:436,28
DA:437,2
DA:438,2
DA:439,2
DA:443,26
DA:444,26
DA:445,26
DA:446,21
DA:449,21
DA:450,2
DA:451,19
DA:452,19
DA:453,0
DA:454,0
DA:455,0
DA:456,0
DA:459,0
DA:461,21
DA:467,26
DA:469,26
DA:471,26
DA:473,29
DA:475,29
DA:483,28
DA:484,4
DA:490,22
DA:495,26
DA:501,6
DA:502,6
DA:503,4
DA:505,2
DA:510,22
DA:511,22
DA:514,22
DA:516,22
DA:519,4
DA:520,4
DA:523,4
DA:524,1
DA:530,3
DA:531,2
DA:533,1
DA:561,28
DA:585,325
DA:586,306
DA:588,19
DA:589,0
DA:591,19
DA:592,0
DA:594,19
DA:630,57
DA:631,57
DA:632,57
DA:633,57
DA:634,57
DA:636,57
DA:637,57
DA:638,57
DA:639,57
DA:642,57
DA:645,57
DA:647,57
DA:686,15
DA:687,3
DA:690,12
DA:691,12
DA:692,12
DA:693,12
DA:694,12
DA:698,0
DA:721,15
DA:722,13
DA:724,2
DA:725,1
DA:727,1
DA:756,15
DA:757,15
DA:758,15
DA:760,15
DA:761,15
DA:764,15
DA:765,15
DA:766,15
DA:768,15
DA:810,6
DA:813,6
DA:814,6
DA:816,6
DA:817,6
DA:820,6
DA:821,2
DA:822,2
DA:823,2
DA:824,2
DA:825,2
DA:826,0
DA:832,6
DA:939,16
DA:941,16
DA:943,16
DA:946,16
DA:947,15
DA:949,16
DA:950,0
DA:952,16
DA:954,3
DA:958,16
DA:961,51
DA:963,12
DA:972,16
DA:974,16
DA:976,4
DA:981,4
DA:1053,6
DA:1054,6
DA:1057,6
DA:1058,6
DA:1059,3
DA:1060,3
DA:1061,1
DA:1064,6
DA:1066,6
DA:1069,6
DA:1070,6
DA:1072,6
DA:1074,6
DA:1078,0
DA:1080,0
DA:1085,0
DA:1121,6
DA:1123,6
DA:1124,6
DA:1126,6
DA:1127,0
DA:1129,6
DA:1130,0
DA:1132,6
DA:1133,0
DA:1136,6
DA:1217,6
DA:1219,6
DA:1221,6
DA:1224,6
DA:1227,15
DA:1229,6
DA:1238,6
DA:1240,6
DA:1242,0
DA:1247,0
DA:1309,11
DA:1311,11
DA:1312,11
DA:1331,11
DA:1333,11
DA:1335,0
DA:1340,0
DA:1405,14
DA:1407,14
DA:1408,14
DA:1428,14
DA:1430,14
DA:1432,0
DA:1437,0
DA:1486,8
DA:1488,8
DA:1489,8
DA:1503,8
DA:1505,8
DA:1507,0
DA:1512,0
DA:1590,2
DA:1592,2
DA:1593,2
DA:1615,2
DA:1617,2
DA:1619,0
DA:1624,0
DA:1658,38
DA:1698,2
DA:1741,5
DA:1743,5
DA:1744,5
DA:1745,0
DA:1746,0
DA:1748,0
DA:1751,5
DA:1754,5
DA:1755,5
DA:1756,0
DA:1757,0
DA:1758,0
DA:1761,5
LF:214
LH:182
BRDA:348,0,0,45
BRDA:349,1,0,45
BRDA:349,1,1,39
BRDA:353,2,0,45
BRDA:353,2,1,44
BRDA:354,3,0,45
BRDA:354,3,1,44
BRDA:360,4,0,45
BRDA:360,4,1,45
BRDA:366,5,0,45
BRDA:366,5,1,40
BRDA:367,6,0,45
BRDA:367,6,1,44
BRDA:368,7,0,45
BRDA:368,7,1,45
BRDA:436,8,0,2
BRDA:436,8,1,26
BRDA:444,9,0,26
BRDA:444,9,1,0
BRDA:446,10,0,21
BRDA:446,10,1,0
BRDA:446,11,0,21
BRDA:446,11,1,21
BRDA:449,12,0,2
BRDA:449,12,1,19
BRDA:451,13,0,19
BRDA:451,13,1,0
BRDA:453,14,0,0
BRDA:453,14,1,0
BRDA:455,15,0,0
BRDA:455,15,1,0
BRDA:483,16,0,4
BRDA:483,16,1,24
BRDA:496,17,0,25
BRDA:496,17,1,1
BRDA:501,18,0,0
BRDA:501,18,1,6
BRDA:502,19,0,4
BRDA:502,19,1,2
BRDA:503,20,0,4
BRDA:503,20,1,0
BRDA:523,21,0,1
BRDA:523,21,1,3
BRDA:530,22,0,2
BRDA:530,22,1,1
BRDA:534,23,0,1
BRDA:534,23,1,0
BRDA:585,24,0,306
BRDA:585,24,1,19
BRDA:588,25,0,0
BRDA:588,25,1,19
BRDA:591,26,0,0
BRDA:591,26,1,19
BRDA:636,27,0,57
BRDA:636,27,1,2
BRDA:636,27,2,2
BRDA:637,28,0,57
BRDA:637,28,1,2
BRDA:638,29,0,57
BRDA:638,29,1,3
BRDA:639,30,0,57
BRDA:639,30,1,3
BRDA:642,31,0,57
BRDA:642,31,1,2
BRDA:645,32,0,57
BRDA:645,32,1,2
BRDA:648,33,0,57
BRDA:648,33,1,2
BRDA:686,34,0,3
BRDA:686,34,1,12
BRDA:686,35,0,15
BRDA:686,35,1,14
BRDA:690,36,0,12
BRDA:690,36,1,0
BRDA:690,37,0,12
BRDA:690,37,1,12
BRDA:692,38,0,12
BRDA:692,38,1,0
BRDA:694,39,0,12
BRDA:694,39,1,0
BRDA:721,40,0,13
BRDA:721,40,1,2
BRDA:724,41,0,1
BRDA:724,41,1,1
BRDA:758,42,0,15
BRDA:758,42,1,0
BRDA:758,42,2,0
BRDA:765,43,0,15
BRDA:765,43,1,0
BRDA:814,44,0,6
BRDA:814,44,1,4
BRDA:820,45,0,2
BRDA:820,45,1,4
BRDA:822,46,0,2
BRDA:822,46,1,0
BRDA:822,47,0,2
BRDA:822,47,1,2
BRDA:824,48,0,2
BRDA:824,48,1,2
BRDA:825,49,0,0
BRDA:825,49,1,2
BRDA:834,50,0,0
BRDA:834,50,1,6
BRDA:835,51,0,6
BRDA:835,51,1,4
BRDA:946,52,0,15
BRDA:946,52,1,1
BRDA:949,53,0,0
BRDA:949,53,1,16
BRDA:952,54,0,3
BRDA:952,54,1,13
BRDA:966,55,0,12
BRDA:966,55,1,12
BRDA:967,56,0,16
BRDA:967,56,1,1
BRDA:968,57,0,16
BRDA:968,57,1,12
BRDA:969,58,0,16
BRDA:969,58,1,1
BRDA:979,59,0,4
BRDA:979,59,1,0
BRDA:1058,60,0,3
BRDA:1058,60,1,3
BRDA:1060,61,0,1
BRDA:1060,61,1,2
BRDA:1069,62,0,6
BRDA:1069,62,1,0
BRDA:1070,63,0,6
BRDA:1070,63,1,0
BRDA:1083,64,0,0
BRDA:1083,64,1,0
BRDA:1123,65,0,6
BRDA:1123,65,1,0
BRDA:1126,66,0,0
BRDA:1126,66,1,6
BRDA:1129,67,0,0
BRDA:1129,67,1,6
BRDA:1132,68,0,0
BRDA:1132,68,1,6
BRDA:1232,69,0,6
BRDA:1232,69,1,6
BRDA:1233,70,0,6
BRDA:1233,70,1,0
BRDA:1234,71,0,6
BRDA:1234,71,1,6
BRDA:1235,72,0,6
BRDA:1235,72,1,0
BRDA:1245,73,0,0
BRDA:1245,73,1,0
BRDA:1316,74,0,11
BRDA:1316,74,1,10
BRDA:1326,75,0,11
BRDA:1326,75,1,0
BRDA:1327,76,0,11
BRDA:1327,76,1,2
BRDA:1338,77,0,0
BRDA:1338,77,1,0
BRDA:1416,78,0,14
BRDA:1416,78,1,13
BRDA:1423,79,0,14
BRDA:1423,79,1,0
BRDA:1424,80,0,14
BRDA:1424,80,1,2
BRDA:1435,81,0,0
BRDA:1435,81,1,0
BRDA:1490,82,0,8
BRDA:1490,82,1,5
BRDA:1492,83,0,8
BRDA:1492,83,1,2
BRDA:1510,84,0,0
BRDA:1510,84,1,0
BRDA:1597,85,0,2
BRDA:1597,85,1,2
BRDA:1598,86,0,2
BRDA:1598,86,1,2
BRDA:1600,87,0,2
BRDA:1600,87,1,2
BRDA:1602,88,0,2
BRDA:1602,88,1,0
BRDA:1606,89,0,2
BRDA:1606,89,1,2
BRDA:1610,90,0,2
BRDA:1610,90,1,0
BRDA:1611,91,0,2
BRDA:1611,91,1,2
BRDA:1622,92,0,0
BRDA:1622,92,1,0
BRDA:1744,93,0,0
BRDA:1744,93,1,5
BRDA:1746,94,0,0
BRDA:1746,94,1,0
BRDA:1748,95,0,0
BRDA:1748,95,1,0
BRDA:1755,96,0,0
BRDA:1755,96,1,5
BRDA:1755,97,0,5
BRDA:1755,97,1,0
BRDA:1757,98,0,0
BRDA:1757,98,1,0
BRDA:1757,99,0,0
BRDA:1757,99,1,0
BRF:201
BRH:143
end_of_record
TN:
SF:src/di/container.ts
FN:54,(anonymous_0)
FN:76,(anonymous_1)
FN:106,(anonymous_2)
FN:116,(anonymous_3)
FNF:4
FNH:4
FNDA:13,(anonymous_0)
FNDA:12,(anonymous_1)
FNDA:8,(anonymous_2)
FNDA:2,(anonymous_3)
DA:34,11
DA:59,13
DA:77,12
DA:79,12
DA:80,1
DA:84,11
DA:85,2
DA:89,9
DA:92,9
DA:93,7
DA:96,9
DA:107,8
DA:117,2
LF:13
LH:13
BRDA:57,0,0,13
BRDA:79,1,0,1
BRDA:79,1,1,11
BRDA:84,2,0,2
BRDA:84,2,1,9
BRDA:84,3,0,11
BRDA:84,3,1,9
BRDA:92,4,0,7
BRDA:92,4,1,2
BRF:9
BRH:9
end_of_record
TN:
SF:src/schemas/europeanParliament.ts
FN:390,(anonymous_0)
FNF:1
FNH:1
FNDA:51,(anonymous_0)
DA:21,11
DA:29,11
DA:36,11
DA:67,11
DA:77,11
DA:94,11
DA:105,11
DA:120,11
DA:144,11
DA:157,11
DA:191,11
DA:207,11
DA:220,11
DA:252,11
DA:270,11
DA:286,11
DA:300,11
DA:335,11
DA:350,11
DA:365,11
DA:375,11
DA:390,11
DA:399,51
LF:23
LH:23
BRF:0
BRH:0
end_of_record
TN:
SF:src/services/MetricsService.ts
FN:41,(anonymous_0)
FN:53,(anonymous_1)
FN:74,(anonymous_2)
FN:92,(anonymous_3)
FN:132,(anonymous_4)
FN:147,(anonymous_5)
FN:176,(anonymous_6)
FN:184,(anonymous_7)
FN:189,(anonymous_8)
FN:190,(anonymous_9)
FN:203,(anonymous_10)
FN:225,(anonymous_11)
FN:261,(anonymous_12)
FNF:13
FNH:13
FNDA:20,(anonymous_0)
FNDA:13,(anonymous_1)
FNDA:6,(anonymous_2)
FNDA:40,(anonymous_3)
FNDA:21,(anonymous_4)
FNDA:9,(anonymous_5)
FNDA:2,(anonymous_6)
FNDA:89,(anonymous_7)
FNDA:7,(anonymous_8)
FNDA:27,(anonymous_9)
FNDA:18,(anonymous_10)
FNDA:18,(anonymous_11)
FNDA:25,(anonymous_12)
DA:38,20
DA:42,20
DA:54,13
DA:55,13
DA:56,13
DA:58,13
DA:75,6
DA:76,6
DA:93,40
DA:94,40
DA:96,40
DA:98,31
DA:99,31
DA:101,31
DA:102,21
DA:105,10
DA:106,10
DA:107,6
DA:110,31
DA:113,9
DA:133,21
DA:134,21
DA:136,21
DA:155,9
DA:156,9
DA:158,9
DA:159,3
DA:162,6
DA:177,2
DA:185,89
DA:186,69
DA:188,20
DA:189,7
DA:190,27
DA:192,20
DA:204,18
DA:205,0
DA:209,18
DA:210,18
DA:213,18
DA:214,18
DA:226,18
DA:227,18
DA:229,18
DA:230,39
DA:231,14
DA:234,25
DA:235,25
DA:237,25
DA:238,4
DA:241,21
DA:242,3
DA:244,18
DA:248,0
DA:262,25
DA:263,25
DA:264,25
DA:265,25
DA:267,25
DA:268,25
DA:269,127
DA:270,127
DA:271,127
DA:272,42
DA:273,42
DA:277,25
DA:278,25
DA:279,25
DA:280,25
LF:69
LH:67
BRDA:41,0,0,20
BRDA:53,1,0,13
BRDA:56,2,0,3
BRDA:56,2,1,10
BRDA:96,3,0,31
BRDA:96,3,1,9
BRDA:101,4,0,21
BRDA:101,4,1,10
BRDA:106,5,0,6
BRDA:106,5,1,4
BRDA:136,6,0,1
BRDA:136,6,1,20
BRDA:158,7,0,3
BRDA:158,7,1,6
BRDA:158,8,0,9
BRDA:158,8,1,6
BRDA:185,9,0,69
BRDA:185,9,1,20
BRDA:204,10,0,0
BRDA:204,10,1,18
BRDA:230,11,0,14
BRDA:230,11,1,25
BRDA:231,12,0,14
BRDA:231,12,1,0
BRDA:237,13,0,4
BRDA:237,13,1,21
BRDA:238,14,0,4
BRDA:238,14,1,0
BRDA:241,15,0,3
BRDA:241,15,1,18
BRDA:248,16,0,0
BRDA:248,16,1,0
BRDA:262,17,0,25
BRDA:262,17,1,0
BRDA:263,18,0,25
BRDA:263,18,1,0
BRDA:264,19,0,25
BRDA:264,19,1,0
BRDA:269,20,0,127
BRDA:269,20,1,0
BRDA:270,21,0,127
BRDA:270,21,1,0
BRDA:271,22,0,42
BRDA:271,22,1,85
BRDA:277,23,0,25
BRDA:277,23,1,0
BRDA:278,24,0,25
BRDA:278,24,1,0
BRF:48
BRH:36
end_of_record
TN:
SF:src/tools/analyzeVotingPatterns.ts
FN:70,handleAnalyzeVotingPatterns
FNF:1
FNH:1
FNDA:10,handleAnalyzeVotingPatterns
DA:74,10
DA:76,10
DA:78,10
DA:81,6
DA:114,10
DA:122,2
DA:123,2
DA:130,2
LF:8
LH:8
BRDA:85,0,0,6
BRDA:85,0,1,5
BRDA:86,1,0,10
BRDA:86,1,1,5
BRDA:88,2,0,10
BRDA:88,2,1,1
BRDA:95,3,0,10
BRDA:95,3,1,6
BRDA:122,4,0,2
BRDA:122,4,1,0
BRF:10
BRH:9
end_of_record
TN:
SF:src/tools/generateReport.ts
FNF:0
FNH:0
LF:0
LH:0
BRF:0
BRH:0
end_of_record
TN:
SF:src/tools/getCommitteeInfo.ts
FN:34,handleGetCommitteeInfo
FNF:1
FNH:1
FNDA:12,handleGetCommitteeInfo
DA:38,12
DA:40,12
DA:42,12
DA:43,12
DA:44,7
DA:46,7
DA:49,6
DA:52,6
DA:60,1
DA:61,1
DA:68,2
LF:11
LH:11
BRDA:43,0,0,2
BRDA:43,0,1,10
BRDA:44,1,0,6
BRDA:44,1,1,1
BRDA:60,2,0,1
BRDA:60,2,1,0
BRF:6
BRH:5
end_of_record
TN:
SF:src/tools/getMEPDetails.ts
FN:35,handleGetMEPDetails
FNF:1
FNH:1
FNDA:11,handleGetMEPDetails
DA:39,11
DA:41,11
DA:43,11
DA:46,4
DA:49,4
DA:57,1
DA:58,1
DA:65,2
LF:8
LH:8
BRDA:57,0,0,1
BRDA:57,0,1,0
BRF:2
BRH:1
end_of_record
TN:
SF:src/tools/getMEPs.ts
FN:46,handleGetMEPs
FNF:1
FNH:1
FNDA:21,handleGetMEPs
DA:50,21
DA:52,21
DA:54,21
DA:59,21
DA:60,14
DA:61,14
DA:63,14
DA:66,13
DA:67,13
DA:70,13
DA:78,1
DA:79,1
DA:86,2
LF:13
LH:13
BRDA:59,0,0,3
BRDA:59,0,1,18
BRDA:60,1,0,2
BRDA:60,1,1,12
BRDA:61,2,0,1
BRDA:61,2,1,13
BRDA:78,3,0,1
BRDA:78,3,1,0
BRF:8
BRH:7
end_of_record
TN:
SF:src/tools/getParliamentaryQuestions.ts
FN:37,handleGetParliamentaryQuestions
FNF:1
FNH:1
FNDA:12,handleGetParliamentaryQuestions
DA:41,12
DA:43,12
DA:45,12
DA:49,12
DA:50,9
DA:51,9
DA:52,9
DA:53,9
DA:54,9
DA:56,9
DA:59,7
DA:60,7
DA:63,7
DA:71,2
DA:72,2
DA:79,2
LF:16
LH:16
BRDA:49,0,0,1
BRDA:49,0,1,11
BRDA:50,1,0,0
BRDA:50,1,1,9
BRDA:51,2,0,0
BRDA:51,2,1,9
BRDA:52,3,0,1
BRDA:52,3,1,8
BRDA:53,4,0,1
BRDA:53,4,1,8
BRDA:54,5,0,1
BRDA:54,5,1,8
BRDA:71,6,0,2
BRDA:71,6,1,0
BRF:14
BRH:11
end_of_record
TN:
SF:src/tools/getPlenarySessions.ts
FN:36,handleGetPlenarySessions
FNF:1
FNH:1
FNDA:16,handleGetPlenarySessions
DA:40,16
DA:42,16
DA:44,16
DA:48,16
DA:49,11
DA:50,11
DA:52,11
DA:55,10
DA:56,10
DA:59,10
DA:67,1
DA:68,1
DA:75,2
LF:13
LH:13
BRDA:48,0,0,1
BRDA:48,0,1,15
BRDA:49,1,0,1
BRDA:49,1,1,10
BRDA:50,2,0,1
BRDA:50,2,1,10
BRDA:67,3,0,1
BRDA:67,3,1,0
BRF:8
BRH:7
end_of_record
TN:
SF:src/tools/getVotingRecords.ts
FN:37,handleGetVotingRecords
FNF:1
FNH:1
FNDA:14,handleGetVotingRecords
DA:41,14
DA:43,14
DA:45,14
DA:49,14
DA:50,10
DA:51,10
DA:52,10
DA:53,10
DA:55,10
DA:58,9
DA:59,9
DA:62,9
DA:70,1
DA:71,1
DA:78,2
LF:15
LH:15
BRDA:49,0,0,1
BRDA:49,0,1,13
BRDA:50,1,0,1
BRDA:50,1,1,9
BRDA:51,2,0,1
BRDA:51,2,1,9
BRDA:52,3,0,1
BRDA:52,3,1,9
BRDA:53,4,0,1
BRDA:53,4,1,9
BRDA:70,5,0,1
BRDA:70,5,1,0
BRF:12
BRH:11
end_of_record
TN:
SF:src/tools/searchDocuments.ts
FN:37,handleSearchDocuments
FNF:1
FNH:1
FNDA:24,handleSearchDocuments
DA:41,24
DA:43,24
DA:45,24
DA:50,24
DA:51,13
DA:52,13
DA:53,13
DA:55,13
DA:58,12
DA:59,12
DA:62,12
DA:70,1
DA:71,1
DA:78,2
LF:14
LH:14
BRDA:50,0,0,2
BRDA:50,0,1,22
BRDA:51,1,0,2
BRDA:51,1,1,11
BRDA:52,2,0,2
BRDA:52,2,1,11
BRDA:53,3,0,1
BRDA:53,3,1,12
BRDA:70,4,0,1
BRDA:70,4,1,0
BRF:10
BRH:9
end_of_record
TN:
SF:src/tools/trackLegislation.ts
FNF:0
FNH:0
LF:0
LH:0
BRF:0
BRH:0
end_of_record
TN:
SF:src/tools/generateReport/index.ts
FN:64,handleGenerateReport
FNF:1
FNH:1
FNDA:16,handleGenerateReport
DA:40,2
DA:68,16
DA:70,16
DA:72,16
DA:73,16
DA:76,11
DA:84,2
DA:85,2
DA:92,2
LF:9
LH:9
BRDA:84,0,0,2
BRDA:84,0,1,0
BRF:2
BRH:1
end_of_record
TN:
SF:src/tools/generateReport/reportBuilders.ts
FN:14,createVotingSection
FN:34,createCommitteeSection
FN:49,createParliamentaryQuestionsSection
FN:60,createMeetingActivitySection
FN:71,createLegislativeOutputSection
FN:82,createMemberParticipationSection
FN:93,createOverallVotingSection
FN:104,createAdoptionRatesSection
FN:115,createPoliticalGroupSection
FN:126,createNewProposalsSection
FN:137,createCompletedProceduresSection
FN:148,createOngoingProceduresSection
FNF:12
FNH:12
FNDA:3,createVotingSection
FNDA:3,createCommitteeSection
FNDA:3,createParliamentaryQuestionsSection
FNDA:1,createMeetingActivitySection
FNDA:1,createLegislativeOutputSection
FNDA:1,createMemberParticipationSection
FNDA:6,createOverallVotingSection
FNDA:6,createAdoptionRatesSection
FNDA:6,createPoliticalGroupSection
FNDA:1,createNewProposalsSection
FNDA:1,createCompletedProceduresSection
FNDA:1,createOngoingProceduresSection
DA:18,3
DA:23,3
DA:24,2
DA:27,3
DA:38,3
DA:50,3
DA:61,1
DA:72,1
DA:83,1
DA:94,6
DA:105,6
DA:116,6
DA:127,1
DA:138,1
DA:149,1
LF:15
LH:15
BRDA:23,0,0,2
BRDA:23,0,1,1
BRF:2
BRH:2
end_of_record
TN:
SF:src/tools/generateReport/reportGenerators.ts
FN:31,extractMEPData
FN:54,generateMEPActivityReport
FN:94,generateCommitteePerformanceReport
FN:133,generateVotingStatisticsReport
FN:167,generateLegislationProgressReport
FNF:5
FNH:5
FNDA:3,extractMEPData
FNDA:4,generateMEPActivityReport
FNDA:2,generateCommitteePerformanceReport
FNDA:6,generateVotingStatisticsReport
FNDA:1,generateLegislationProgressReport
DA:41,3
DA:57,4
DA:60,4
DA:62,4
DA:97,2
DA:100,2
DA:101,2
DA:102,2
DA:103,2
DA:105,2
DA:136,6
DA:137,6
DA:139,6
DA:170,1
DA:171,1
DA:173,1
LF:16
LH:16
BRDA:42,0,0,3
BRDA:42,0,1,0
BRDA:43,1,0,3
BRDA:43,1,1,3
BRDA:44,2,0,3
BRDA:44,2,1,3
BRDA:45,3,0,3
BRDA:45,3,1,1
BRDA:46,4,0,3
BRDA:46,4,1,0
BRDA:57,5,0,4
BRDA:57,5,1,0
BRDA:77,6,0,4
BRDA:77,6,1,1
BRDA:78,7,0,4
BRDA:78,7,1,1
BRDA:97,8,0,2
BRDA:97,8,1,0
BRDA:100,9,0,2
BRDA:100,9,1,0
BRDA:101,10,0,2
BRDA:101,10,1,1
BRDA:102,11,0,2
BRDA:102,11,1,1
BRDA:103,12,0,2
BRDA:103,12,1,0
BRDA:136,13,0,6
BRDA:136,13,1,5
BRDA:137,14,0,6
BRDA:137,14,1,5
BRDA:170,15,0,1
BRDA:170,15,1,1
BRDA:171,16,0,1
BRDA:171,16,1,1
BRF:34
BRH:28
end_of_record
TN:
SF:src/tools/trackLegislation/index.ts
FN:36,handleTrackLegislation
FNF:1
FNH:1
FNDA:16,handleTrackLegislation
DA:40,16
DA:42,16
DA:45,16
DA:48,16
DA:56,0
DA:57,0
DA:64,2
LF:7
LH:5
BRDA:56,0,0,0
BRDA:56,0,1,0
BRF:2
BRH:0
end_of_record
TN:
SF:src/tools/trackLegislation/procedureTracker.ts
FN:20,buildCommitteeAssignments
FN:39,buildAmendmentStats
FN:51,buildVotingRecords
FN:68,buildDocumentReferences
FN:91,createMockProcedure
FNF:5
FNH:5
FNDA:16,buildCommitteeAssignments
FNDA:16,buildAmendmentStats
FNDA:16,buildVotingRecords
FNDA:16,buildDocumentReferences
FNDA:16,createMockProcedure
DA:21,16
DA:40,16
DA:52,16
DA:69,16
DA:92,16
LF:5
LH:5
BRF:0
BRH:0
end_of_record
TN:
SF:src/tools/trackLegislation/timelineBuilder.ts
FN:13,buildProcedureTimeline
FN:46,buildNextSteps
FNF:2
FNH:2
FNDA:16,buildProcedureTimeline
FNDA:16,buildNextSteps
DA:14,16
DA:47,16
LF:2
LH:2
BRF:0
BRH:0
end_of_record
TN:
SF:src/utils/auditLogger.ts
FN:83,(anonymous_0)
FN:103,(anonymous_1)
FN:128,(anonymous_2)
FN:148,(anonymous_3)
FN:155,(anonymous_4)
FNF:5
FNH:5
FNDA:79,(anonymous_0)
FNDA:60,(anonymous_1)
FNDA:5,(anonymous_2)
FNDA:12,(anonymous_3)
FNDA:1,(anonymous_4)
DA:76,17
DA:84,79
DA:89,79
DA:92,79
DA:109,60
DA:134,5
DA:149,12
DA:156,1
DA:163,6
LF:9
LH:9
BRDA:116,0,0,60
BRDA:116,0,1,0
BRDA:141,1,0,5
BRDA:141,1,1,0
BRF:4
BRH:2
end_of_record
TN:
SF:src/utils/performance.ts
FN:72,(anonymous_0)
FN:92,(anonymous_1)
FN:128,(anonymous_2)
FN:136,(anonymous_3)
FN:140,(anonymous_4)
FN:170,(anonymous_5)
FN:209,(anonymous_6)
FN:226,(anonymous_7)
FN:240,(anonymous_8)
FN:270,withPerformanceTracking
FNF:10
FNH:10
FNDA:43,(anonymous_0)
FNDA:319,(anonymous_1)
FNDA:23,(anonymous_2)
FNDA:262,(anonymous_3)
FNDA:277,(anonymous_4)
FNDA:57,(anonymous_5)
FNDA:3,(anonymous_6)
FNDA:1,(anonymous_7)
FNDA:2,(anonymous_8)
FNDA:6,withPerformanceTracking
DA:64,43
DA:73,43
DA:74,5
DA:76,38
DA:93,319
DA:95,319
DA:96,30
DA:97,30
DA:100,319
DA:105,319
DA:106,5
DA:107,5
DA:129,23
DA:131,23
DA:132,4
DA:136,262
DA:137,19
DA:140,277
DA:141,19
DA:142,19
DA:144,19
DA:145,0
DA:148,19
DA:171,57
DA:173,57
DA:174,57
DA:176,33
DA:177,33
DA:178,33
DA:179,33
DA:181,33
DA:182,5
DA:185,28
DA:186,28
DA:188,28
DA:189,0
DA:192,28
DA:210,3
DA:227,1
DA:241,2
DA:275,6
DA:277,6
DA:278,6
DA:280,6
DA:281,6
DA:302,6
LF:46
LH:44
BRDA:72,0,0,43
BRDA:73,1,0,5
BRDA:73,1,1,38
BRDA:73,2,0,43
BRDA:73,2,1,41
BRDA:73,2,2,40
BRDA:95,3,0,30
BRDA:95,3,1,289
BRDA:105,4,0,5
BRDA:105,4,1,314
BRDA:131,5,0,4
BRDA:131,5,1,19
BRDA:131,6,0,23
BRDA:131,6,1,19
BRDA:144,7,0,0
BRDA:144,7,1,19
BRDA:144,8,0,19
BRDA:144,8,1,19
BRDA:171,9,0,0
BRDA:171,9,1,57
BRDA:174,10,0,24
BRDA:174,10,1,33
BRDA:174,11,0,57
BRDA:174,11,1,24
BRDA:181,12,0,5
BRDA:181,12,1,28
BRDA:182,13,0,5
BRDA:182,13,1,0
BRDA:188,14,0,0
BRDA:188,14,1,28
BRDA:188,15,0,28
BRDA:188,15,1,28
BRF:32
BRH:28
end_of_record
TN:
SF:src/utils/rateLimiter.ts
FN:49,(anonymous_0)
FN:74,(anonymous_1)
FN:95,(anonymous_2)
FN:121,(anonymous_3)
FN:135,(anonymous_4)
FN:143,(anonymous_5)
FN:152,createStandardRateLimiter
FNF:7
FNH:7
FNDA:56,(anonymous_0)
FNDA:57,(anonymous_1)
FNDA:45,(anonymous_2)
FNDA:4,(anonymous_3)
FNDA:8,(anonymous_4)
FNDA:1,(anonymous_5)
FNDA:1,createStandardRateLimiter
DA:50,56
DA:51,56
DA:52,56
DA:55,56
DA:57,8
DA:58,8
DA:60,47
DA:61,47
DA:63,1
DA:64,1
DA:66,0
DA:67,0
DA:75,57
DA:76,57
DA:77,57
DA:79,57
DA:80,8
DA:84,8
DA:96,45
DA:98,45
DA:99,44
DA:100,44
DA:104,1
DA:105,1
DA:109,1
DA:122,4
DA:124,4
DA:125,3
DA:126,3
DA:129,1
DA:136,8
DA:137,8
DA:144,1
DA:145,1
DA:153,1
LF:35
LH:33
BRDA:51,0,0,56
BRDA:51,0,1,55
BRDA:55,1,0,8
BRDA:55,1,1,47
BRDA:55,1,2,1
BRDA:55,1,3,0
BRDA:79,2,0,8
BRDA:79,2,1,49
BRDA:98,3,0,44
BRDA:98,3,1,1
BRDA:124,4,0,3
BRDA:124,4,1,1
BRF:12
BRH:11
end_of_record
TN:
SF:src/utils/timeout.ts
FN:29,(anonymous_0)
FN:67,withTimeout
FN:75,(anonymous_2)
FN:76,(anonymous_3)
FN:120,withTimeoutAndAbort
FN:129,(anonymous_5)
FN:130,(anonymous_6)
FN:161,validateRetryOptions
FN:231,withRetry
FN:246,(anonymous_9)
FN:279,(anonymous_10)
FN:305,isTimeoutError
FNF:12
FNH:12
FNDA:11,(anonymous_0)
FNDA:17,withTimeout
FNDA:17,(anonymous_2)
FNDA:4,(anonymous_3)
FNDA:35,withTimeoutAndAbort
FNDA:35,(anonymous_5)
FNDA:2,(anonymous_6)
FNDA:38,validateRetryOptions
FNDA:38,withRetry
FNDA:7,(anonymous_9)
FNDA:9,(anonymous_10)
FNDA:6,isTimeoutError
DA:31,11
DA:33,11
DA:34,11
DA:35,11
DA:75,17
DA:76,17
DA:77,4
DA:87,17
DA:88,17
DA:91,17
DA:92,17
DA:125,35
DA:129,35
DA:130,35
DA:131,2
DA:132,2
DA:142,35
DA:143,35
DA:144,25
DA:147,35
DA:148,35
DA:166,38
DA:167,1
DA:169,37
DA:170,2
DA:172,35
DA:173,2
DA:246,7
DA:247,38
DA:250,38
DA:254,38
DA:255,42
DA:258,42
DA:261,23
DA:263,16
DA:266,16
DA:267,2
DA:271,14
DA:272,2
DA:276,12
DA:278,9
DA:279,9
DA:285,12
DA:306,6
LF:44
LH:44
BRDA:79,0,0,4
BRDA:79,0,1,3
BRDA:91,1,0,17
BRDA:91,1,1,0
BRDA:134,2,0,2
BRDA:134,2,1,1
BRDA:147,3,0,35
BRDA:147,3,1,0
BRDA:166,4,0,1
BRDA:166,4,1,37
BRDA:169,5,0,2
BRDA:169,5,1,35
BRDA:169,6,0,37
BRDA:169,6,1,10
BRDA:172,7,0,2
BRDA:172,7,1,33
BRDA:244,8,0,38
BRDA:246,9,0,7
BRDA:258,10,0,12
BRDA:258,10,1,30
BRDA:266,11,0,2
BRDA:266,11,1,14
BRDA:271,12,0,2
BRDA:271,12,1,12
BRDA:276,13,0,9
BRDA:276,13,1,3
BRF:26
BRH:24
end_of_record
