TN:
SF:src/index.ts
FN:106,showHelp
FN:160,showVersion
FN:170,getToolMetadataArray
FN:224,showHealth
FN:269,sanitizeUrl
FN:321,(anonymous_5)
FN:358,(anonymous_6)
FN:360,(anonymous_7)
FN:367,(anonymous_8)
FN:385,(anonymous_9)
FN:392,(anonymous_10)
FN:407,(anonymous_11)
FN:414,(anonymous_12)
FN:437,(anonymous_13)
FN:524,(anonymous_14)
FN:572,(anonymous_15)
FNF:16
FNH:5
FNDA:0,showHelp
FNDA:0,showVersion
FNDA:17,getToolMetadataArray
FNDA:0,showHealth
FNDA:9,sanitizeUrl
FNDA:1,(anonymous_5)
FNDA:1,(anonymous_6)
FNDA:0,(anonymous_7)
FNDA:0,(anonymous_8)
FNDA:0,(anonymous_9)
FNDA:0,(anonymous_10)
FNDA:0,(anonymous_11)
FNDA:0,(anonymous_12)
FNDA:0,(anonymous_13)
FNDA:1,(anonymous_14)
FNDA:0,(anonymous_15)
DA:92,1
DA:94,1
DA:95,1
DA:101,1
DA:109,0
DA:163,0
DA:171,17
DA:225,0
DA:226,0
DA:227,0
DA:228,0
DA:230,0
DA:260,0
DA:270,9
DA:271,9
DA:273,9
DA:274,9
DA:276,9
DA:277,9
DA:278,9
DA:281,3
DA:282,3
DA:283,3
DA:324,1
DA:338,1
DA:360,1
DA:361,0
DA:367,1
DA:368,0
DA:370,0
DA:371,0
DA:374,0
DA:377,0
DA:378,0
DA:380,0
DA:385,1
DA:386,0
DA:392,1
DA:393,0
DA:395,0
DA:396,0
DA:398,0
DA:399,0
DA:400,0
DA:402,0
DA:407,1
DA:408,0
DA:414,1
DA:415,0
DA:417,0
DA:418,0
DA:420,0
DA:421,0
DA:422,0
DA:424,0
DA:441,0
DA:490,0
DA:491,0
DA:492,0
DA:495,0
DA:525,1
DA:526,1
DA:528,1
DA:529,1
DA:530,1
DA:531,1
DA:534,1
DA:535,1
DA:536,1
DA:537,1
DA:538,1
DA:546,1
DA:549,1
DA:551,0
DA:554,0
DA:555,0
DA:556,0
DA:559,0
DA:560,0
DA:561,0
DA:564,0
DA:565,0
DA:566,0
DA:571,1
DA:572,1
DA:573,0
DA:574,0
LF:87
LH:38
BRDA:252,0,0,0
BRDA:252,0,1,0
BRDA:253,1,0,0
BRDA:253,1,1,0
BRDA:254,2,0,0
BRDA:254,2,1,0
BRDA:281,3,0,3
BRDA:281,3,1,0
BRDA:282,4,0,3
BRDA:282,4,1,0
BRDA:377,5,0,0
BRDA:377,5,1,0
BRDA:399,6,0,0
BRDA:399,6,1,0
BRDA:421,7,0,0
BRDA:421,7,1,0
BRDA:491,8,0,0
BRDA:491,8,1,0
BRDA:546,9,0,1
BRDA:546,9,1,1
BRDA:549,10,0,0
BRDA:549,10,1,1
BRDA:554,11,0,0
BRDA:554,11,1,0
BRDA:554,12,0,0
BRDA:554,12,1,0
BRDA:559,13,0,0
BRDA:559,13,1,0
BRDA:559,14,0,0
BRDA:559,14,1,0
BRDA:564,15,0,0
BRDA:564,15,1,0
BRF:32
BRH:5
end_of_record
TN:
SF:src/clients/europeanParliamentClient.ts
FN:114,(anonymous_0)
FN:364,(anonymous_1)
FN:439,(anonymous_2)
FN:461,(anonymous_3)
FN:487,(anonymous_4)
FN:489,(anonymous_5)
FN:515,(anonymous_6)
FN:576,(anonymous_7)
FN:600,(anonymous_8)
FN:643,(anonymous_9)
FN:702,(anonymous_10)
FN:737,(anonymous_11)
FN:772,(anonymous_12)
FN:825,(anonymous_13)
FN:950,(anonymous_14)
FN:980,(anonymous_15)
FN:1071,(anonymous_16)
FN:1134,(anonymous_17)
FN:1229,(anonymous_18)
FN:1246,(anonymous_19)
FN:1291,(anonymous_20)
FN:1314,(anonymous_21)
FN:1332,(anonymous_22)
FN:1404,(anonymous_23)
FN:1465,(anonymous_24)
FN:1473,(anonymous_25)
FN:1482,(anonymous_26)
FN:1502,(anonymous_27)
FN:1519,(anonymous_28)
FN:1526,(anonymous_29)
FN:1530,(anonymous_30)
FN:1534,(anonymous_31)
FN:1553,(anonymous_32)
FN:1583,(anonymous_33)
FN:1599,(anonymous_34)
FN:1602,(anonymous_35)
FN:1611,(anonymous_36)
FN:1613,(anonymous_37)
FN:1622,(anonymous_38)
FN:1653,(anonymous_39)
FN:1660,(anonymous_40)
FN:1668,(anonymous_41)
FN:1684,(anonymous_42)
FN:1712,(anonymous_43)
FN:1739,(anonymous_44)
FN:1761,(anonymous_45)
FN:1831,(anonymous_46)
FN:1849,(anonymous_47)
FN:1894,(anonymous_48)
FN:1973,(anonymous_49)
FN:2001,(anonymous_50)
FN:2019,(anonymous_51)
FN:2037,(anonymous_52)
FN:2075,(anonymous_53)
FN:2094,(anonymous_54)
FN:2120,(anonymous_55)
FN:2133,(anonymous_56)
FN:2151,(anonymous_57)
FN:2175,(anonymous_58)
FN:2182,(anonymous_59)
FN:2186,(anonymous_60)
FN:2189,(anonymous_61)
FN:2257,(anonymous_62)
FN:2276,(anonymous_63)
FN:2331,(anonymous_64)
FN:2371,(anonymous_65)
FN:2391,(anonymous_66)
FN:2405,(anonymous_67)
FN:2418,(anonymous_68)
FN:2432,(anonymous_69)
FN:2445,(anonymous_70)
FN:2459,(anonymous_71)
FN:2472,(anonymous_72)
FN:2492,(anonymous_73)
FN:2505,(anonymous_74)
FN:2523,(anonymous_75)
FN:2536,(anonymous_76)
FN:2554,(anonymous_77)
FN:2572,(anonymous_78)
FN:2585,(anonymous_79)
FN:2605,(anonymous_80)
FN:2619,(anonymous_81)
FN:2636,(anonymous_82)
FN:2650,(anonymous_83)
FN:2667,(anonymous_84)
FN:2681,(anonymous_85)
FN:2699,(anonymous_86)
FN:2714,(anonymous_87)
FN:2732,(anonymous_88)
FN:2745,(anonymous_89)
FN:2763,(anonymous_90)
FN:2776,(anonymous_91)
FN:2790,(anonymous_92)
FN:2803,(anonymous_93)
FN:2835,(anonymous_94)
FN:2849,(anonymous_95)
FN:2862,(anonymous_96)
FN:2876,(anonymous_97)
FN:2889,(anonymous_98)
FN:2907,(anonymous_99)
FN:2926,(anonymous_100)
FN:2943,(anonymous_101)
FN:2956,(anonymous_102)
FN:2975,(anonymous_103)
FN:2992,(anonymous_104)
FN:3005,(anonymous_105)
FN:3023,(anonymous_106)
FN:3041,(anonymous_107)
FN:3059,(anonymous_108)
FN:3077,(anonymous_109)
FN:3095,(anonymous_110)
FN:3113,(anonymous_111)
FN:3127,(anonymous_112)
FN:3140,(anonymous_113)
FN:3158,(anonymous_114)
FN:3171,(anonymous_115)
FN:3189,(anonymous_116)
FN:3208,(anonymous_117)
FN:3229,(anonymous_118)
FN:3249,(anonymous_119)
FN:3277,(anonymous_120)
FN:3290,(anonymous_121)
FN:3308,(anonymous_122)
FN:3327,(anonymous_123)
FN:3347,(anonymous_124)
FN:3365,(anonymous_125)
FN:3369,(anonymous_126)
FN:3376,(anonymous_127)
FN:3418,(anonymous_128)
FN:3429,(anonymous_129)
FNF:130
FNH:130
FNDA:66,(anonymous_0)
FNDA:247,(anonymous_1)
FNDA:215,(anonymous_2)
FNDA:409,(anonymous_3)
FNDA:223,(anonymous_4)
FNDA:223,(anonymous_5)
FNDA:36,(anonymous_6)
FNDA:215,(anonymous_7)
FNDA:1933,(anonymous_8)
FNDA:80,(anonymous_9)
FNDA:51,(anonymous_10)
FNDA:17,(anonymous_11)
FNDA:17,(anonymous_12)
FNDA:6,(anonymous_13)
FNDA:16,(anonymous_14)
FNDA:51,(anonymous_15)
FNDA:6,(anonymous_16)
FNDA:6,(anonymous_17)
FNDA:6,(anonymous_18)
FNDA:15,(anonymous_19)
FNDA:34,(anonymous_20)
FNDA:34,(anonymous_21)
FNDA:102,(anonymous_22)
FNDA:10,(anonymous_23)
FNDA:7,(anonymous_24)
FNDA:28,(anonymous_25)
FNDA:3,(anonymous_26)
FNDA:6,(anonymous_27)
FNDA:10,(anonymous_28)
FNDA:2,(anonymous_29)
FNDA:4,(anonymous_30)
FNDA:1,(anonymous_31)
FNDA:87,(anonymous_32)
FNDA:904,(anonymous_33)
FNDA:87,(anonymous_34)
FNDA:93,(anonymous_35)
FNDA:87,(anonymous_36)
FNDA:446,(anonymous_37)
FNDA:13,(anonymous_38)
FNDA:13,(anonymous_39)
FNDA:49,(anonymous_40)
FNDA:2,(anonymous_41)
FNDA:277,(anonymous_42)
FNDA:351,(anonymous_43)
FNDA:264,(anonymous_44)
FNDA:17,(anonymous_45)
FNDA:13,(anonymous_46)
FNDA:49,(anonymous_47)
FNDA:17,(anonymous_48)
FNDA:14,(anonymous_49)
FNDA:14,(anonymous_50)
FNDA:14,(anonymous_51)
FNDA:4,(anonymous_52)
FNDA:91,(anonymous_53)
FNDA:91,(anonymous_54)
FNDA:91,(anonymous_55)
FNDA:119,(anonymous_56)
FNDA:21,(anonymous_57)
FNDA:21,(anonymous_58)
FNDA:2,(anonymous_59)
FNDA:2,(anonymous_60)
FNDA:4,(anonymous_61)
FNDA:21,(anonymous_62)
FNDA:89,(anonymous_63)
FNDA:243,(anonymous_64)
FNDA:2,(anonymous_65)
FNDA:4,(anonymous_66)
FNDA:8,(anonymous_67)
FNDA:3,(anonymous_68)
FNDA:4,(anonymous_69)
FNDA:3,(anonymous_70)
FNDA:5,(anonymous_71)
FNDA:8,(anonymous_72)
FNDA:17,(anonymous_73)
FNDA:12,(anonymous_74)
FNDA:12,(anonymous_75)
FNDA:4,(anonymous_76)
FNDA:5,(anonymous_77)
FNDA:6,(anonymous_78)
FNDA:6,(anonymous_79)
FNDA:6,(anonymous_80)
FNDA:8,(anonymous_81)
FNDA:7,(anonymous_82)
FNDA:5,(anonymous_83)
FNDA:4,(anonymous_84)
FNDA:7,(anonymous_85)
FNDA:7,(anonymous_86)
FNDA:4,(anonymous_87)
FNDA:5,(anonymous_88)
FNDA:4,(anonymous_89)
FNDA:5,(anonymous_90)
FNDA:3,(anonymous_91)
FNDA:4,(anonymous_92)
FNDA:4,(anonymous_93)
FNDA:4,(anonymous_94)
FNDA:6,(anonymous_95)
FNDA:4,(anonymous_96)
FNDA:3,(anonymous_97)
FNDA:4,(anonymous_98)
FNDA:4,(anonymous_99)
FNDA:5,(anonymous_100)
FNDA:4,(anonymous_101)
FNDA:4,(anonymous_102)
FNDA:5,(anonymous_103)
FNDA:4,(anonymous_104)
FNDA:4,(anonymous_105)
FNDA:4,(anonymous_106)
FNDA:4,(anonymous_107)
FNDA:4,(anonymous_108)
FNDA:4,(anonymous_109)
FNDA:4,(anonymous_110)
FNDA:4,(anonymous_111)
FNDA:5,(anonymous_112)
FNDA:5,(anonymous_113)
FNDA:5,(anonymous_114)
FNDA:4,(anonymous_115)
FNDA:4,(anonymous_116)
FNDA:4,(anonymous_117)
FNDA:19,(anonymous_118)
FNDA:14,(anonymous_119)
FNDA:56,(anonymous_120)
FNDA:8,(anonymous_121)
FNDA:12,(anonymous_122)
FNDA:11,(anonymous_123)
FNDA:9,(anonymous_124)
FNDA:14,(anonymous_125)
FNDA:13,(anonymous_126)
FNDA:13,(anonymous_127)
FNDA:2,(anonymous_128)
FNDA:2,(anonymous_129)
DA:58,2
DA:60,2
DA:62,2
DA:64,2
DA:66,2
DA:68,2
DA:70,2
DA:72,2
DA:116,66
DA:117,66
DA:119,66
DA:120,66
DA:365,247
DA:368,247
DA:376,247
DA:382,247
DA:383,247
DA:384,247
DA:444,215
DA:447,215
DA:450,215
DA:451,215
DA:452,215
DA:453,2
DA:454,2
DA:455,2
DA:459,213
DA:460,213
DA:461,213
DA:462,409
DA:465,409
DA:466,141
DA:467,268
DA:468,268
DA:469,0
DA:470,0
DA:471,0
DA:472,0
DA:475,0
DA:477,409
DA:483,213
DA:485,213
DA:487,213
DA:489,223
DA:491,223
DA:499,221
DA:500,26
DA:506,186
DA:511,213
DA:517,36
DA:518,36
DA:519,26
DA:521,10
DA:526,186
DA:527,186
DA:530,186
DA:532,186
DA:535,27
DA:536,27
DA:539,27
DA:540,1
DA:546,26
DA:547,22
DA:549,4
DA:577,215
DA:601,1933
DA:602,1878
DA:604,55
DA:605,0
DA:607,55
DA:608,0
DA:610,55
DA:646,80
DA:647,80
DA:648,80
DA:649,80
DA:650,80
DA:652,80
DA:653,80
DA:654,80
DA:655,80
DA:658,80
DA:661,80
DA:663,80
DA:703,51
DA:704,4
DA:707,47
DA:708,47
DA:709,47
DA:710,47
DA:711,47
DA:715,0
DA:738,17
DA:739,13
DA:741,4
DA:742,1
DA:744,3
DA:773,17
DA:774,17
DA:775,17
DA:777,17
DA:778,17
DA:781,17
DA:782,17
DA:783,17
DA:785,17
DA:827,6
DA:830,6
DA:831,6
DA:833,6
DA:834,6
DA:837,6
DA:838,2
DA:839,2
DA:840,2
DA:841,2
DA:842,2
DA:843,0
DA:849,6
DA:958,16
DA:960,16
DA:962,16
DA:965,16
DA:966,15
DA:968,16
DA:969,0
DA:971,16
DA:973,3
DA:977,16
DA:980,51
DA:982,12
DA:991,16
DA:993,16
DA:995,4
DA:1000,4
DA:1072,6
DA:1073,6
DA:1076,6
DA:1077,6
DA:1078,3
DA:1079,3
DA:1080,1
DA:1083,6
DA:1085,6
DA:1088,6
DA:1089,6
DA:1091,6
DA:1093,6
DA:1097,0
DA:1099,0
DA:1104,0
DA:1140,6
DA:1142,6
DA:1143,6
DA:1145,6
DA:1146,0
DA:1148,6
DA:1149,0
DA:1151,6
DA:1152,0
DA:1155,6
DA:1236,6
DA:1238,6
DA:1240,6
DA:1243,6
DA:1246,15
DA:1248,6
DA:1257,6
DA:1259,6
DA:1261,0
DA:1266,0
DA:1292,34
DA:1293,34
DA:1294,34
DA:1296,34
DA:1297,34
DA:1298,34
DA:1300,34
DA:1301,34
DA:1303,34
DA:1315,34
DA:1316,34
DA:1317,34
DA:1333,102
DA:1334,102
DA:1335,0
DA:1336,0
DA:1337,0
DA:1339,0
DA:1340,0
DA:1341,0
DA:1342,0
DA:1344,0
DA:1413,10
DA:1415,10
DA:1416,10
DA:1417,10
DA:1418,10
DA:1420,10
DA:1423,10
DA:1424,7
DA:1426,3
DA:1430,10
DA:1433,10
DA:1434,10
DA:1435,10
DA:1437,10
DA:1445,10
DA:1447,10
DA:1449,0
DA:1454,0
DA:1469,7
DA:1473,28
DA:1486,3
DA:1487,3
DA:1488,1
DA:1490,3
DA:1491,3
DA:1492,3
DA:1494,3
DA:1495,4
DA:1496,4
DA:1497,4
DA:1498,4
DA:1502,6
DA:1503,3
DA:1507,4
DA:1509,3
DA:1523,10
DA:1524,10
DA:1525,1
DA:1526,2
DA:1528,10
DA:1529,2
DA:1530,4
DA:1532,10
DA:1533,1
DA:1534,1
DA:1536,10
DA:1554,87
DA:1555,87
DA:1556,87
DA:1557,87
DA:1558,87
DA:1559,87
DA:1561,87
DA:1570,87
DA:1571,76
DA:1573,87
DA:1584,904
DA:1585,1065
DA:1586,1065
DA:1587,826
DA:1590,78
DA:1600,87
DA:1601,87
DA:1602,93
DA:1612,87
DA:1613,446
DA:1628,13
DA:1629,13
DA:1630,13
DA:1631,13
DA:1632,4
DA:1638,4
DA:1640,13
DA:1641,1
DA:1643,13
DA:1657,13
DA:1658,13
DA:1659,13
DA:1660,13
DA:1661,49
DA:1666,13
DA:1667,1
DA:1668,1
DA:1669,2
DA:1672,13
DA:1685,277
DA:1686,264
DA:1687,216
DA:1688,216
DA:1690,48
DA:1691,48
DA:1692,48
DA:1693,48
DA:1694,48
DA:1697,0
DA:1713,351
DA:1714,337
DA:1715,264
DA:1717,264
DA:1718,264
DA:1721,0
DA:1722,0
DA:1723,0
DA:1724,0
DA:1727,0
DA:1740,264
DA:1741,264
DA:1742,264
DA:1743,264
DA:1744,264
DA:1745,264
DA:1746,264
DA:1747,0
DA:1749,0
DA:1762,17
DA:1763,17
DA:1765,17
DA:1766,26
DA:1767,0
DA:1768,26
DA:1769,26
DA:1770,26
DA:1771,26
DA:1774,17
DA:1840,13
DA:1842,13
DA:1843,13
DA:1846,13
DA:1849,49
DA:1852,13
DA:1854,13
DA:1862,13
DA:1864,13
DA:1866,0
DA:1871,0
DA:1895,17
DA:1896,17
DA:1897,17
DA:1898,17
DA:1900,17
DA:1901,0
DA:1904,17
DA:1905,17
DA:1906,17
DA:1908,17
DA:1977,14
DA:1979,14
DA:1980,14
DA:1981,14
DA:1982,13
DA:1983,13
DA:1985,1
DA:1990,1
DA:2002,14
DA:2003,14
DA:2004,14
DA:2007,4
DA:2008,4
DA:2010,1
DA:2020,14
DA:2021,14
DA:2022,10
DA:2023,10
DA:2028,4
DA:2038,4
DA:2042,4
DA:2044,4
DA:2045,4
DA:2046,4
DA:2047,3
DA:2050,1
DA:2076,91
DA:2077,91
DA:2078,91
DA:2079,91
DA:2080,91
DA:2081,91
DA:2082,91
DA:2084,91
DA:2098,91
DA:2107,91
DA:2108,13
DA:2109,13
DA:2111,91
DA:2121,91
DA:2122,3
DA:2124,88
DA:2134,119
DA:2135,5
DA:2136,0
DA:2138,5
DA:2139,0
DA:2140,0
DA:2142,5
DA:2157,21
DA:2158,21
DA:2159,21
DA:2160,21
DA:2161,1
DA:2162,21
DA:2163,1
DA:2165,21
DA:2179,21
DA:2180,21
DA:2181,1
DA:2182,2
DA:2184,21
DA:2185,1
DA:2186,2
DA:2188,21
DA:2189,4
DA:2191,21
DA:2267,21
DA:2269,21
DA:2270,21
DA:2273,21
DA:2276,89
DA:2279,21
DA:2281,21
DA:2289,21
DA:2291,21
DA:2293,0
DA:2298,0
DA:2332,243
DA:2372,2
DA:2395,4
DA:2396,4
DA:2398,4
DA:2404,3
DA:2405,8
DA:2407,4
DA:2422,3
DA:2423,3
DA:2425,3
DA:2431,2
DA:2432,4
DA:2434,3
DA:2449,3
DA:2450,3
DA:2452,3
DA:2458,2
DA:2459,5
DA:2461,3
DA:2478,8
DA:2479,8
DA:2481,8
DA:2486,8
DA:2487,8
DA:2489,8
DA:2491,7
DA:2492,17
DA:2494,8
DA:2510,12
DA:2511,12
DA:2513,12
DA:2518,12
DA:2520,12
DA:2522,11
DA:2523,12
DA:2525,12
DA:2537,4
DA:2538,2
DA:2540,2
DA:2543,2
DA:2559,5
DA:2560,5
DA:2562,5
DA:2567,5
DA:2569,5
DA:2571,4
DA:2572,6
DA:2574,5
DA:2591,6
DA:2592,6
DA:2594,6
DA:2599,6
DA:2600,6
DA:2602,6
DA:2604,5
DA:2605,6
DA:2607,6
DA:2623,8
DA:2624,2
DA:2626,6
DA:2627,8
DA:2629,8
DA:2635,5
DA:2636,8
DA:2638,8
DA:2654,5
DA:2655,2
DA:2657,3
DA:2658,5
DA:2660,5
DA:2666,2
DA:2667,5
DA:2669,5
DA:2686,7
DA:2687,7
DA:2689,7
DA:2694,7
DA:2696,7
DA:2698,6
DA:2699,7
DA:2701,7
DA:2703,7
DA:2719,4
DA:2720,4
DA:2722,4
DA:2727,4
DA:2729,4
DA:2731,3
DA:2732,5
DA:2734,4
DA:2750,4
DA:2751,4
DA:2753,4
DA:2758,4
DA:2760,4
DA:2762,3
DA:2763,5
DA:2765,4
DA:2780,3
DA:2781,3
DA:2783,3
DA:2789,2
DA:2790,4
DA:2792,3
DA:2807,4
DA:2808,4
DA:2810,4
DA:2816,3
DA:2818,4
DA:2839,4
DA:2840,4
DA:2842,4
DA:2848,3
DA:2849,6
DA:2851,4
DA:2866,4
DA:2867,4
DA:2869,4
DA:2875,3
DA:2876,4
DA:2878,4
DA:2890,4
DA:2891,2
DA:2893,2
DA:2896,2
DA:2908,4
DA:2909,2
DA:2911,2
DA:2914,2
DA:2930,5
DA:2931,2
DA:2933,3
DA:2934,5
DA:2936,5
DA:2942,3
DA:2943,5
DA:2945,5
DA:2957,4
DA:2958,2
DA:2960,2
DA:2963,2
DA:2979,5
DA:2980,2
DA:2982,3
DA:2983,5
DA:2985,5
DA:2991,3
DA:2992,5
DA:2994,5
DA:3006,4
DA:3007,2
DA:3009,2
DA:3012,2
DA:3024,4
DA:3025,2
DA:3027,2
DA:3030,2
DA:3042,4
DA:3043,2
DA:3045,2
DA:3048,2
DA:3060,4
DA:3061,2
DA:3063,2
DA:3066,2
DA:3078,4
DA:3079,2
DA:3081,2
DA:3084,2
DA:3096,4
DA:3097,2
DA:3099,2
DA:3102,2
DA:3117,4
DA:3118,4
DA:3120,4
DA:3126,3
DA:3127,5
DA:3129,4
DA:3145,5
DA:3146,5
DA:3148,5
DA:3153,5
DA:3155,5
DA:3157,4
DA:3158,5
DA:3160,5
DA:3172,4
DA:3173,2
DA:3175,2
DA:3178,2
DA:3190,4
DA:3191,2
DA:3193,2
DA:3196,2
DA:3209,4
DA:3210,2
DA:3212,2
DA:3216,2
DA:3217,2
DA:3218,2
DA:3230,19
DA:3250,14
DA:3251,14
DA:3252,14
DA:3253,14
DA:3254,14
DA:3278,56
DA:3279,96
DA:3281,28
DA:3291,8
DA:3309,12
DA:3328,11
DA:3329,11
DA:3330,11
DA:3348,9
DA:3366,14
DA:3367,10
DA:3368,9
DA:3369,9
DA:3370,13
DA:3371,3
DA:3372,3
DA:3373,3
DA:3375,0
DA:3376,13
DA:3378,0
DA:3417,2
DA:3419,2
DA:3420,2
DA:3421,0
DA:3422,0
DA:3424,0
DA:3427,2
DA:3430,2
DA:3431,2
DA:3432,0
DA:3433,0
DA:3434,0
DA:3437,2
LF:657
LH:604
BRDA:364,0,0,247
BRDA:365,1,0,247
BRDA:365,1,1,244
BRDA:369,2,0,247
BRDA:369,2,1,246
BRDA:370,3,0,247
BRDA:370,3,1,246
BRDA:376,4,0,247
BRDA:376,4,1,247
BRDA:382,5,0,247
BRDA:382,5,1,245
BRDA:383,6,0,247
BRDA:383,6,1,246
BRDA:384,7,0,247
BRDA:384,7,1,247
BRDA:452,8,0,2
BRDA:452,8,1,213
BRDA:460,9,0,213
BRDA:460,9,1,0
BRDA:462,10,0,409
BRDA:462,10,1,0
BRDA:462,11,0,409
BRDA:462,11,1,409
BRDA:465,12,0,141
BRDA:465,12,1,268
BRDA:467,13,0,268
BRDA:467,13,1,0
BRDA:469,14,0,0
BRDA:469,14,1,0
BRDA:471,15,0,0
BRDA:471,15,1,0
BRDA:499,16,0,26
BRDA:499,16,1,195
BRDA:512,17,0,212
BRDA:512,17,1,1
BRDA:517,18,0,0
BRDA:517,18,1,36
BRDA:518,19,0,26
BRDA:518,19,1,10
BRDA:519,20,0,26
BRDA:519,20,1,0
BRDA:539,21,0,1
BRDA:539,21,1,26
BRDA:546,22,0,22
BRDA:546,22,1,4
BRDA:550,23,0,4
BRDA:550,23,1,0
BRDA:601,24,0,1878
BRDA:601,24,1,55
BRDA:604,25,0,0
BRDA:604,25,1,55
BRDA:607,26,0,0
BRDA:607,26,1,55
BRDA:652,27,0,80
BRDA:652,27,1,2
BRDA:652,27,2,2
BRDA:653,28,0,80
BRDA:653,28,1,2
BRDA:654,29,0,80
BRDA:654,29,1,3
BRDA:655,30,0,80
BRDA:655,30,1,3
BRDA:658,31,0,80
BRDA:658,31,1,2
BRDA:661,32,0,80
BRDA:661,32,1,2
BRDA:664,33,0,80
BRDA:664,33,1,2
BRDA:703,34,0,4
BRDA:703,34,1,47
BRDA:703,35,0,51
BRDA:703,35,1,50
BRDA:707,36,0,47
BRDA:707,36,1,0
BRDA:707,37,0,47
BRDA:707,37,1,47
BRDA:709,38,0,47
BRDA:709,38,1,0
BRDA:711,39,0,47
BRDA:711,39,1,0
BRDA:738,40,0,13
BRDA:738,40,1,4
BRDA:741,41,0,1
BRDA:741,41,1,3
BRDA:775,42,0,17
BRDA:775,42,1,0
BRDA:775,42,2,0
BRDA:782,43,0,17
BRDA:782,43,1,2
BRDA:831,44,0,6
BRDA:831,44,1,4
BRDA:837,45,0,2
BRDA:837,45,1,4
BRDA:839,46,0,2
BRDA:839,46,1,0
BRDA:839,47,0,2
BRDA:839,47,1,2
BRDA:841,48,0,2
BRDA:841,48,1,2
BRDA:842,49,0,0
BRDA:842,49,1,2
BRDA:851,50,0,0
BRDA:851,50,1,6
BRDA:852,51,0,6
BRDA:852,51,1,4
BRDA:965,52,0,15
BRDA:965,52,1,1
BRDA:968,53,0,0
BRDA:968,53,1,16
BRDA:971,54,0,3
BRDA:971,54,1,13
BRDA:985,55,0,12
BRDA:985,55,1,12
BRDA:986,56,0,16
BRDA:986,56,1,1
BRDA:987,57,0,16
BRDA:987,57,1,12
BRDA:988,58,0,16
BRDA:988,58,1,1
BRDA:998,59,0,4
BRDA:998,59,1,0
BRDA:1077,60,0,3
BRDA:1077,60,1,3
BRDA:1079,61,0,1
BRDA:1079,61,1,2
BRDA:1088,62,0,6
BRDA:1088,62,1,0
BRDA:1089,63,0,6
BRDA:1089,63,1,0
BRDA:1102,64,0,0
BRDA:1102,64,1,0
BRDA:1142,65,0,6
BRDA:1142,65,1,0
BRDA:1145,66,0,0
BRDA:1145,66,1,6
BRDA:1148,67,0,0
BRDA:1148,67,1,6
BRDA:1151,68,0,0
BRDA:1151,68,1,6
BRDA:1251,69,0,6
BRDA:1251,69,1,6
BRDA:1252,70,0,6
BRDA:1252,70,1,0
BRDA:1253,71,0,6
BRDA:1253,71,1,6
BRDA:1254,72,0,6
BRDA:1254,72,1,0
BRDA:1264,73,0,0
BRDA:1264,73,1,0
BRDA:1292,74,0,34
BRDA:1292,74,1,0
BRDA:1292,74,2,0
BRDA:1294,75,0,34
BRDA:1294,75,1,0
BRDA:1294,75,2,0
BRDA:1296,76,0,34
BRDA:1296,76,1,34
BRDA:1297,77,0,34
BRDA:1297,77,1,34
BRDA:1298,78,0,34
BRDA:1298,78,1,34
BRDA:1300,79,0,34
BRDA:1300,79,1,34
BRDA:1315,80,0,0
BRDA:1315,80,1,34
BRDA:1315,81,0,34
BRDA:1315,81,1,34
BRDA:1316,82,0,0
BRDA:1316,82,1,34
BRDA:1317,83,0,34
BRDA:1317,83,1,0
BRDA:1333,84,0,0
BRDA:1333,84,1,102
BRDA:1333,85,0,102
BRDA:1333,85,1,102
BRDA:1334,86,0,102
BRDA:1334,86,1,0
BRDA:1335,87,0,0
BRDA:1335,87,1,0
BRDA:1337,88,0,0
BRDA:1337,88,1,0
BRDA:1339,89,0,0
BRDA:1339,89,1,0
BRDA:1341,90,0,0
BRDA:1341,90,1,0
BRDA:1417,91,0,7
BRDA:1417,91,1,3
BRDA:1418,92,0,2
BRDA:1418,92,1,8
BRDA:1420,93,0,10
BRDA:1420,93,1,3
BRDA:1423,94,0,7
BRDA:1423,94,1,3
BRDA:1433,95,0,10
BRDA:1433,95,1,8
BRDA:1434,96,0,10
BRDA:1434,96,1,3
BRDA:1452,97,0,0
BRDA:1452,97,1,0
BRDA:1487,98,0,1
BRDA:1487,98,1,2
BRDA:1487,99,0,3
BRDA:1487,99,1,1
BRDA:1492,100,0,3
BRDA:1492,100,1,0
BRDA:1495,101,0,4
BRDA:1495,101,1,0
BRDA:1495,101,2,0
BRDA:1496,102,0,0
BRDA:1496,102,1,4
BRDA:1507,103,0,0
BRDA:1507,103,1,4
BRDA:1524,104,0,1
BRDA:1524,104,1,9
BRDA:1524,105,0,10
BRDA:1524,105,1,1
BRDA:1528,106,0,2
BRDA:1528,106,1,8
BRDA:1528,107,0,10
BRDA:1528,107,1,2
BRDA:1532,108,0,1
BRDA:1532,108,1,9
BRDA:1532,109,0,10
BRDA:1532,109,1,1
BRDA:1555,110,0,87
BRDA:1555,110,1,0
BRDA:1555,110,2,0
BRDA:1557,111,0,87
BRDA:1557,111,1,5
BRDA:1557,111,2,5
BRDA:1564,112,0,87
BRDA:1564,112,1,0
BRDA:1570,113,0,76
BRDA:1570,113,1,11
BRDA:1586,114,0,826
BRDA:1586,114,1,239
BRDA:1586,115,0,1065
BRDA:1586,115,1,826
BRDA:1600,116,0,82
BRDA:1600,116,1,5
BRDA:1602,117,0,87
BRDA:1602,117,1,1
BRDA:1613,118,0,87
BRDA:1613,118,1,11
BRDA:1629,119,0,13
BRDA:1629,119,1,0
BRDA:1630,120,0,1
BRDA:1630,120,1,12
BRDA:1631,121,0,4
BRDA:1631,121,1,9
BRDA:1631,122,0,13
BRDA:1631,122,1,4
BRDA:1638,123,0,4
BRDA:1638,123,1,0
BRDA:1640,124,0,1
BRDA:1640,124,1,12
BRDA:1640,125,0,13
BRDA:1640,125,1,1
BRDA:1658,126,0,13
BRDA:1658,126,1,0
BRDA:1658,127,0,13
BRDA:1658,127,1,13
BRDA:1661,128,0,49
BRDA:1661,128,1,7
BRDA:1661,128,2,7
BRDA:1666,129,0,1
BRDA:1666,129,1,12
BRDA:1666,130,0,13
BRDA:1666,130,1,1
BRDA:1685,131,0,13
BRDA:1685,131,1,264
BRDA:1685,132,0,277
BRDA:1685,132,1,277
BRDA:1686,133,0,216
BRDA:1686,133,1,48
BRDA:1688,134,0,216
BRDA:1688,134,1,0
BRDA:1690,135,0,48
BRDA:1690,135,1,0
BRDA:1690,136,0,48
BRDA:1690,136,1,48
BRDA:1692,137,0,48
BRDA:1692,137,1,0
BRDA:1694,138,0,48
BRDA:1694,138,1,0
BRDA:1713,139,0,14
BRDA:1713,139,1,337
BRDA:1713,140,0,351
BRDA:1713,140,1,351
BRDA:1714,141,0,73
BRDA:1714,141,1,264
BRDA:1715,142,0,0
BRDA:1715,142,1,264
BRDA:1715,143,0,264
BRDA:1715,143,1,264
BRDA:1717,144,0,264
BRDA:1717,144,1,0
BRDA:1721,145,0,0
BRDA:1721,145,1,0
BRDA:1723,146,0,0
BRDA:1723,146,1,0
BRDA:1723,146,2,0
BRDA:1742,147,0,0
BRDA:1742,147,1,264
BRDA:1742,148,0,264
BRDA:1742,148,1,264
BRDA:1746,149,0,264
BRDA:1746,149,1,0
BRDA:1746,150,0,264
BRDA:1746,150,1,0
BRDA:1747,151,0,0
BRDA:1747,151,1,0
BRDA:1763,152,0,0
BRDA:1763,152,1,17
BRDA:1766,153,0,0
BRDA:1766,153,1,26
BRDA:1768,154,0,26
BRDA:1768,154,1,0
BRDA:1768,155,0,26
BRDA:1768,155,1,26
BRDA:1770,156,0,26
BRDA:1770,156,1,0
BRDA:1770,156,2,0
BRDA:1771,157,0,26
BRDA:1771,157,1,0
BRDA:1856,158,0,13
BRDA:1856,158,1,12
BRDA:1857,159,0,13
BRDA:1857,159,1,0
BRDA:1858,160,0,13
BRDA:1858,160,1,12
BRDA:1859,161,0,13
BRDA:1859,161,1,0
BRDA:1869,162,0,0
BRDA:1869,162,1,0
BRDA:1896,163,0,17
BRDA:1896,163,1,1
BRDA:1896,163,2,1
BRDA:1897,164,0,17
BRDA:1897,164,1,0
BRDA:1898,165,0,17
BRDA:1898,165,1,0
BRDA:1900,166,0,0
BRDA:1900,166,1,17
BRDA:1904,167,0,17
BRDA:1904,167,1,0
BRDA:1906,168,0,17
BRDA:1906,168,1,0
BRDA:1910,169,0,16
BRDA:1910,169,1,1
BRDA:1913,170,0,17
BRDA:1913,170,1,4
BRDA:1980,171,0,14
BRDA:1980,171,1,2
BRDA:1980,171,2,0
BRDA:1988,172,0,1
BRDA:1988,172,1,0
BRDA:2002,173,0,14
BRDA:2002,173,1,0
BRDA:2004,174,0,10
BRDA:2004,174,1,4
BRDA:2008,175,0,3
BRDA:2008,175,1,1
BRDA:2010,176,0,1
BRDA:2010,176,1,0
BRDA:2022,177,0,10
BRDA:2022,177,1,0
BRDA:2023,178,0,10
BRDA:2023,178,1,0
BRDA:2046,179,0,3
BRDA:2046,179,1,1
BRDA:2046,180,0,4
BRDA:2046,180,1,1
BRDA:2078,181,0,91
BRDA:2078,181,1,2
BRDA:2078,181,2,2
BRDA:2079,182,0,91
BRDA:2079,182,1,1
BRDA:2079,182,2,1
BRDA:2080,183,0,91
BRDA:2080,183,1,1
BRDA:2080,183,2,1
BRDA:2081,184,0,91
BRDA:2081,184,1,90
BRDA:2082,185,0,90
BRDA:2082,185,1,1
BRDA:2101,186,0,89
BRDA:2101,186,1,2
BRDA:2105,187,0,13
BRDA:2105,187,1,78
BRDA:2107,188,0,13
BRDA:2107,188,1,78
BRDA:2121,189,0,3
BRDA:2121,189,1,88
BRDA:2121,190,0,91
BRDA:2121,190,1,90
BRDA:2121,190,2,89
BRDA:2134,191,0,114
BRDA:2134,191,1,5
BRDA:2135,192,0,0
BRDA:2135,192,1,5
BRDA:2135,193,0,5
BRDA:2135,193,1,0
BRDA:2138,194,0,0
BRDA:2138,194,1,5
BRDA:2138,195,0,5
BRDA:2138,195,1,0
BRDA:2140,196,0,0
BRDA:2140,196,1,0
BRDA:2158,197,0,21
BRDA:2158,197,1,0
BRDA:2159,198,0,1
BRDA:2159,198,1,20
BRDA:2160,199,0,2
BRDA:2160,199,1,19
BRDA:2160,200,0,1
BRDA:2160,200,1,18
BRDA:2162,201,0,1
BRDA:2162,201,1,20
BRDA:2162,202,0,21
BRDA:2162,202,1,1
BRDA:2180,203,0,1
BRDA:2180,203,1,20
BRDA:2180,204,0,21
BRDA:2180,204,1,1
BRDA:2184,205,0,1
BRDA:2184,205,1,20
BRDA:2184,206,0,21
BRDA:2184,206,1,1
BRDA:2188,207,0,2
BRDA:2188,207,1,19
BRDA:2283,208,0,21
BRDA:2283,208,1,20
BRDA:2284,209,0,21
BRDA:2284,209,1,0
BRDA:2285,210,0,21
BRDA:2285,210,1,20
BRDA:2286,211,0,21
BRDA:2286,211,1,0
BRDA:2296,212,0,0
BRDA:2296,212,1,0
BRDA:2391,213,0,4
BRDA:2395,214,0,4
BRDA:2395,214,1,2
BRDA:2396,215,0,4
BRDA:2396,215,1,4
BRDA:2404,216,0,3
BRDA:2404,216,1,0
BRDA:2418,217,0,3
BRDA:2422,218,0,3
BRDA:2422,218,1,2
BRDA:2423,219,0,3
BRDA:2423,219,1,3
BRDA:2431,220,0,2
BRDA:2431,220,1,0
BRDA:2445,221,0,3
BRDA:2449,222,0,3
BRDA:2449,222,1,2
BRDA:2450,223,0,3
BRDA:2450,223,1,3
BRDA:2458,224,0,2
BRDA:2458,224,1,0
BRDA:2472,225,0,8
BRDA:2478,226,0,8
BRDA:2478,226,1,3
BRDA:2479,227,0,8
BRDA:2479,227,1,8
BRDA:2486,228,0,1
BRDA:2486,228,1,7
BRDA:2487,229,0,1
BRDA:2487,229,1,7
BRDA:2491,230,0,7
BRDA:2491,230,1,0
BRDA:2505,231,0,12
BRDA:2510,232,0,12
BRDA:2510,232,1,3
BRDA:2511,233,0,12
BRDA:2511,233,1,12
BRDA:2518,234,0,1
BRDA:2518,234,1,11
BRDA:2522,235,0,11
BRDA:2522,235,1,0
BRDA:2537,236,0,2
BRDA:2537,236,1,2
BRDA:2554,237,0,5
BRDA:2559,238,0,5
BRDA:2559,238,1,2
BRDA:2560,239,0,5
BRDA:2560,239,1,5
BRDA:2567,240,0,1
BRDA:2567,240,1,4
BRDA:2571,241,0,4
BRDA:2571,241,1,0
BRDA:2585,242,0,6
BRDA:2591,243,0,6
BRDA:2591,243,1,3
BRDA:2592,244,0,6
BRDA:2592,244,1,6
BRDA:2599,245,0,1
BRDA:2599,245,1,5
BRDA:2600,246,0,1
BRDA:2600,246,1,5
BRDA:2604,247,0,5
BRDA:2604,247,1,0
BRDA:2619,248,0,8
BRDA:2623,249,0,2
BRDA:2623,249,1,6
BRDA:2626,250,0,6
BRDA:2626,250,1,2
BRDA:2627,251,0,8
BRDA:2627,251,1,6
BRDA:2635,252,0,5
BRDA:2635,252,1,0
BRDA:2650,253,0,5
BRDA:2654,254,0,2
BRDA:2654,254,1,3
BRDA:2657,255,0,3
BRDA:2657,255,1,2
BRDA:2658,256,0,5
BRDA:2658,256,1,3
BRDA:2666,257,0,2
BRDA:2666,257,1,0
BRDA:2681,258,0,7
BRDA:2686,259,0,7
BRDA:2686,259,1,3
BRDA:2687,260,0,7
BRDA:2687,260,1,7
BRDA:2694,261,0,1
BRDA:2694,261,1,6
BRDA:2698,262,0,6
BRDA:2698,262,1,0
BRDA:2714,263,0,4
BRDA:2719,264,0,4
BRDA:2719,264,1,3
BRDA:2720,265,0,4
BRDA:2720,265,1,4
BRDA:2727,266,0,1
BRDA:2727,266,1,3
BRDA:2731,267,0,3
BRDA:2731,267,1,0
BRDA:2745,268,0,4
BRDA:2750,269,0,4
BRDA:2750,269,1,3
BRDA:2751,270,0,4
BRDA:2751,270,1,4
BRDA:2758,271,0,1
BRDA:2758,271,1,3
BRDA:2762,272,0,3
BRDA:2762,272,1,0
BRDA:2776,273,0,3
BRDA:2780,274,0,3
BRDA:2780,274,1,2
BRDA:2781,275,0,3
BRDA:2781,275,1,3
BRDA:2789,276,0,2
BRDA:2789,276,1,0
BRDA:2803,277,0,4
BRDA:2807,278,0,4
BRDA:2807,278,1,3
BRDA:2808,279,0,4
BRDA:2808,279,1,4
BRDA:2816,280,0,3
BRDA:2816,280,1,0
BRDA:2835,281,0,4
BRDA:2839,282,0,4
BRDA:2839,282,1,2
BRDA:2840,283,0,4
BRDA:2840,283,1,4
BRDA:2848,284,0,3
BRDA:2848,284,1,0
BRDA:2862,285,0,4
BRDA:2866,286,0,4
BRDA:2866,286,1,3
BRDA:2867,287,0,4
BRDA:2867,287,1,4
BRDA:2875,288,0,3
BRDA:2875,288,1,0
BRDA:2890,289,0,2
BRDA:2890,289,1,2
BRDA:2908,290,0,2
BRDA:2908,290,1,2
BRDA:2926,291,0,5
BRDA:2930,292,0,2
BRDA:2930,292,1,3
BRDA:2933,293,0,3
BRDA:2933,293,1,2
BRDA:2934,294,0,5
BRDA:2934,294,1,3
BRDA:2942,295,0,3
BRDA:2942,295,1,0
BRDA:2957,296,0,2
BRDA:2957,296,1,2
BRDA:2975,297,0,5
BRDA:2979,298,0,2
BRDA:2979,298,1,3
BRDA:2982,299,0,3
BRDA:2982,299,1,2
BRDA:2983,300,0,5
BRDA:2983,300,1,3
BRDA:2991,301,0,3
BRDA:2991,301,1,0
BRDA:3006,302,0,2
BRDA:3006,302,1,2
BRDA:3024,303,0,2
BRDA:3024,303,1,2
BRDA:3042,304,0,2
BRDA:3042,304,1,2
BRDA:3060,305,0,2
BRDA:3060,305,1,2
BRDA:3078,306,0,2
BRDA:3078,306,1,2
BRDA:3096,307,0,2
BRDA:3096,307,1,2
BRDA:3113,308,0,4
BRDA:3117,309,0,4
BRDA:3117,309,1,3
BRDA:3118,310,0,4
BRDA:3118,310,1,4
BRDA:3126,311,0,3
BRDA:3126,311,1,0
BRDA:3140,312,0,5
BRDA:3145,313,0,5
BRDA:3145,313,1,4
BRDA:3146,314,0,5
BRDA:3146,314,1,5
BRDA:3153,315,0,1
BRDA:3153,315,1,4
BRDA:3157,316,0,4
BRDA:3157,316,1,0
BRDA:3172,317,0,2
BRDA:3172,317,1,2
BRDA:3190,318,0,2
BRDA:3190,318,1,2
BRDA:3209,319,0,2
BRDA:3209,319,1,2
BRDA:3232,320,0,19
BRDA:3232,320,1,2
BRDA:3232,320,2,1
BRDA:3233,321,0,19
BRDA:3233,321,1,2
BRDA:3234,322,0,19
BRDA:3234,322,1,2
BRDA:3235,323,0,19
BRDA:3235,323,1,2
BRDA:3238,324,0,19
BRDA:3238,324,1,2
BRDA:3238,324,2,2
BRDA:3266,325,0,14
BRDA:3266,325,1,4
BRDA:3279,326,0,28
BRDA:3279,326,1,68
BRDA:3293,327,0,8
BRDA:3293,327,1,0
BRDA:3293,327,2,0
BRDA:3296,328,0,8
BRDA:3296,328,1,1
BRDA:3296,328,2,1
BRDA:3298,329,0,8
BRDA:3298,329,1,1
BRDA:3298,329,2,1
BRDA:3311,330,0,12
BRDA:3311,330,1,0
BRDA:3311,330,2,0
BRDA:3312,331,0,12
BRDA:3312,331,1,1
BRDA:3312,331,2,1
BRDA:3313,332,0,12
BRDA:3313,332,1,2
BRDA:3328,333,0,11
BRDA:3328,333,1,1
BRDA:3329,334,0,10
BRDA:3329,334,1,1
BRDA:3332,335,0,11
BRDA:3332,335,1,1
BRDA:3332,335,2,1
BRDA:3334,336,0,11
BRDA:3334,336,1,1
BRDA:3350,337,0,9
BRDA:3350,337,1,1
BRDA:3350,337,2,1
BRDA:3351,338,0,9
BRDA:3351,338,1,1
BRDA:3352,339,0,9
BRDA:3352,339,1,2
BRDA:3354,340,0,9
BRDA:3354,340,1,2
BRDA:3354,340,2,2
BRDA:3366,341,0,4
BRDA:3366,341,1,10
BRDA:3366,342,0,14
BRDA:3366,342,1,14
BRDA:3367,343,0,1
BRDA:3367,343,1,9
BRDA:3368,344,0,9
BRDA:3368,344,1,0
BRDA:3370,345,0,10
BRDA:3370,345,1,3
BRDA:3371,346,0,3
BRDA:3371,346,1,0
BRDA:3371,347,0,3
BRDA:3371,347,1,3
BRDA:3373,348,0,3
BRDA:3373,348,1,1
BRDA:3373,348,2,0
BRDA:3420,349,0,0
BRDA:3420,349,1,2
BRDA:3422,350,0,0
BRDA:3422,350,1,0
BRDA:3424,351,0,0
BRDA:3424,351,1,0
BRDA:3431,352,0,0
BRDA:3431,352,1,2
BRDA:3431,353,0,2
BRDA:3431,353,1,0
BRDA:3433,354,0,0
BRDA:3433,354,1,0
BRDA:3433,355,0,0
BRDA:3433,355,1,0
BRF:718
BRH:568
end_of_record
TN:
SF:src/di/container.ts
FN:54,(anonymous_0)
FN:76,(anonymous_1)
FN:106,(anonymous_2)
FN:116,(anonymous_3)
FNF:4
FNH:4
FNDA:13,(anonymous_0)
FNDA:12,(anonymous_1)
FNDA:8,(anonymous_2)
FNDA:2,(anonymous_3)
DA:34,11
DA:59,13
DA:77,12
DA:79,12
DA:80,1
DA:84,11
DA:85,2
DA:89,9
DA:92,9
DA:93,7
DA:96,9
DA:107,8
DA:117,2
LF:13
LH:13
BRDA:57,0,0,13
BRDA:79,1,0,1
BRDA:79,1,1,11
BRDA:84,2,0,2
BRDA:84,2,1,9
BRDA:84,3,0,11
BRDA:84,3,1,9
BRDA:92,4,0,7
BRDA:92,4,1,2
BRF:9
BRH:9
end_of_record
TN:
SF:src/prompts/index.ts
FN:122,generateMepBriefing
FN:164,generateCoalitionAnalysis
FN:205,generateLegislativeTracking
FN:255,generateGroupComparison
FN:295,generateCommitteeActivity
FN:334,generateVotingAnalysis
FN:374,getPromptMetadataArray
FN:393,handleGetPrompt
FN:416,(anonymous_8)
FN:419,(anonymous_9)
FN:420,(anonymous_10)
FN:424,(anonymous_11)
FNF:12
FNH:12
FNDA:3,generateMepBriefing
FNDA:2,generateCoalitionAnalysis
FNDA:3,generateLegislativeTracking
FNDA:1,generateGroupComparison
FNDA:1,generateCommitteeActivity
FNDA:2,generateVotingAnalysis
FNDA:19,getPromptMetadataArray
FNDA:16,handleGetPrompt
FNDA:43,(anonymous_8)
FNDA:25,(anonymous_9)
FNDA:6,(anonymous_10)
FNDA:2,(anonymous_11)
DA:55,2
DA:64,2
DA:73,2
DA:82,2
DA:90,2
DA:98,2
DA:109,2
DA:123,3
DA:124,3
DA:126,3
DA:165,2
DA:166,2
DA:168,2
DA:206,3
DA:207,3
DA:208,3
DA:209,3
DA:210,1
DA:212,3
DA:213,1
DA:215,3
DA:219,3
DA:256,1
DA:258,1
DA:296,1
DA:298,1
DA:335,2
DA:336,2
DA:337,2
DA:339,2
DA:375,19
DA:397,16
DA:401,16
DA:410,16
DA:411,16
DA:412,1
DA:416,43
DA:417,14
DA:418,14
DA:419,25
DA:421,6
DA:422,6
DA:424,2
DA:426,14
DA:427,2
DA:433,12
LF:46
LH:46
BRDA:123,0,0,3
BRDA:123,0,1,0
BRDA:124,1,0,3
BRDA:124,1,1,2
BRDA:165,2,0,2
BRDA:165,2,1,1
BRDA:166,3,0,2
BRDA:166,3,1,2
BRDA:209,4,0,1
BRDA:209,4,1,2
BRDA:212,5,0,1
BRDA:212,5,1,2
BRDA:215,6,0,2
BRDA:215,6,1,1
BRDA:256,7,0,1
BRDA:256,7,1,0
BRDA:296,8,0,1
BRDA:296,8,1,0
BRDA:335,9,0,2
BRDA:335,9,1,1
BRDA:337,10,0,1
BRDA:337,10,1,1
BRDA:350,11,0,1
BRDA:350,11,1,1
BRDA:397,12,0,13
BRDA:397,12,1,3
BRDA:411,13,0,1
BRDA:411,13,1,15
BRDA:417,14,0,14
BRDA:417,14,1,0
BRDA:422,15,0,6
BRDA:422,15,1,4
BRDA:422,15,2,4
BRDA:426,16,0,2
BRDA:426,16,1,12
BRF:35
BRH:31
end_of_record
TN:
SF:src/resources/index.ts
FN:99,matchMepUri
FN:113,matchOtherUri
FN:133,matchCommitteeUri
FN:143,matchVoteUri
FN:153,parseResourceUri
FN:183,handleMepDetail
FN:203,handleMepList
FN:223,handleCommitteeDetail
FN:243,handlePlenarySessions
FN:263,handleVotingRecord
FN:283,handlePoliticalGroups
FN:295,(anonymous_11)
FN:317,getResourceTemplateArray
FN:331,requireParam
FN:346,handleReadResource
FNF:15
FNH:15
FNDA:15,matchMepUri
FNDA:11,matchOtherUri
FNDA:2,matchCommitteeUri
FNDA:2,matchVoteUri
FNDA:18,parseResourceUri
FNDA:1,handleMepDetail
FNDA:1,handleMepList
FNDA:1,handleCommitteeDetail
FNDA:1,handlePlenarySessions
FNDA:1,handleVotingRecord
FNDA:1,handlePoliticalGroups
FNDA:2,(anonymous_11)
FNDA:4,getResourceTemplateArray
FNDA:3,requireParam
FNDA:9,handleReadResource
DA:50,2
DA:57,2
DA:64,2
DA:71,2
DA:78,2
DA:85,2
DA:94,2
DA:100,15
DA:101,5
DA:102,2
DA:104,3
DA:105,2
DA:107,1
DA:114,11
DA:115,11
DA:116,2
DA:118,9
DA:119,2
DA:121,7
DA:122,2
DA:124,5
DA:125,2
DA:127,3
DA:134,2
DA:135,2
DA:137,0
DA:144,2
DA:145,2
DA:147,0
DA:155,18
DA:156,2
DA:159,16
DA:160,16
DA:162,16
DA:163,1
DA:166,15
DA:167,15
DA:169,11
DA:170,11
DA:172,3
DA:184,1
DA:185,1
DA:187,1
DA:204,1
DA:206,1
DA:224,1
DA:225,1
DA:227,1
DA:244,1
DA:246,1
DA:264,1
DA:265,1
DA:267,1
DA:284,1
DA:287,1
DA:288,1
DA:289,1
DA:290,2
DA:291,2
DA:295,2
DA:300,1
DA:318,4
DA:332,3
DA:333,3
DA:334,0
DA:336,3
DA:347,9
DA:351,9
DA:353,1
DA:354,1
DA:356,1
DA:357,1
DA:359,1
DA:360,1
DA:362,1
DA:363,1
DA:365,1
DA:366,1
DA:368,1
DA:369,1
DA:371,0
DA:374,6
LF:82
LH:78
BRDA:100,0,0,10
BRDA:100,0,1,5
BRDA:101,1,0,2
BRDA:101,1,1,3
BRDA:101,2,0,5
BRDA:101,2,1,3
BRDA:102,3,0,2
BRDA:102,3,1,0
BRDA:104,4,0,2
BRDA:104,4,1,1
BRDA:115,5,0,2
BRDA:115,5,1,9
BRDA:118,6,0,2
BRDA:118,6,1,7
BRDA:118,7,0,9
BRDA:118,7,1,2
BRDA:121,8,0,2
BRDA:121,8,1,5
BRDA:124,9,0,2
BRDA:124,9,1,3
BRDA:124,10,0,5
BRDA:124,10,1,2
BRDA:134,11,0,2
BRDA:134,11,1,0
BRDA:134,12,0,2
BRDA:134,12,1,2
BRDA:135,13,0,2
BRDA:135,13,1,0
BRDA:144,14,0,2
BRDA:144,14,1,0
BRDA:144,15,0,2
BRDA:144,15,1,2
BRDA:145,16,0,2
BRDA:145,16,1,0
BRDA:155,17,0,2
BRDA:155,17,1,16
BRDA:162,18,0,1
BRDA:162,18,1,15
BRDA:162,19,0,16
BRDA:162,19,1,16
BRDA:167,20,0,4
BRDA:167,20,1,11
BRDA:170,21,0,8
BRDA:170,21,1,3
BRDA:288,22,0,1
BRDA:288,22,1,0
BRDA:290,23,0,2
BRDA:290,23,1,0
BRDA:291,24,0,2
BRDA:291,24,1,2
BRDA:333,25,0,0
BRDA:333,25,1,3
BRDA:333,26,0,3
BRDA:333,26,1,3
BRDA:351,27,0,1
BRDA:351,27,1,1
BRDA:351,27,2,1
BRDA:351,27,3,1
BRDA:351,27,4,1
BRDA:351,27,5,1
BRDA:351,27,6,0
BRF:61
BRH:52
end_of_record
TN:
SF:src/schemas/europeanParliament.ts
FN:466,(anonymous_0)
FN:529,(anonymous_1)
FNF:2
FNH:2
FNDA:17,(anonymous_0)
FNDA:51,(anonymous_1)
DA:21,36
DA:29,36
DA:36,36
DA:67,36
DA:77,36
DA:94,36
DA:105,36
DA:120,36
DA:149,36
DA:162,36
DA:196,36
DA:212,36
DA:225,36
DA:263,36
DA:281,36
DA:301,36
DA:315,36
DA:355,36
DA:370,36
DA:385,36
DA:395,36
DA:414,36
DA:429,36
DA:447,36
DA:466,17
DA:473,36
DA:493,36
DA:507,36
DA:529,36
DA:538,51
DA:553,36
DA:570,36
DA:596,36
DA:624,36
DA:652,36
DA:678,36
DA:699,36
DA:720,36
DA:752,36
DA:769,36
DA:786,36
DA:803,36
DA:831,36
DA:859,36
DA:881,36
DA:898,36
DA:920,36
DA:948,36
DA:969,36
LF:49
LH:49
BRDA:466,0,0,17
BRDA:466,0,1,10
BRF:2
BRH:2
end_of_record
TN:
SF:src/services/MetricsService.ts
FN:41,(anonymous_0)
FN:53,(anonymous_1)
FN:74,(anonymous_2)
FN:92,(anonymous_3)
FN:132,(anonymous_4)
FN:147,(anonymous_5)
FN:176,(anonymous_6)
FN:184,(anonymous_7)
FN:189,(anonymous_8)
FN:190,(anonymous_9)
FN:203,(anonymous_10)
FN:225,(anonymous_11)
FN:261,(anonymous_12)
FNF:13
FNH:13
FNDA:20,(anonymous_0)
FNDA:13,(anonymous_1)
FNDA:6,(anonymous_2)
FNDA:40,(anonymous_3)
FNDA:21,(anonymous_4)
FNDA:9,(anonymous_5)
FNDA:2,(anonymous_6)
FNDA:89,(anonymous_7)
FNDA:7,(anonymous_8)
FNDA:27,(anonymous_9)
FNDA:18,(anonymous_10)
FNDA:18,(anonymous_11)
FNDA:26,(anonymous_12)
DA:38,20
DA:42,20
DA:54,13
DA:55,13
DA:56,13
DA:58,13
DA:75,6
DA:76,6
DA:93,40
DA:94,40
DA:96,40
DA:98,31
DA:99,31
DA:101,31
DA:102,21
DA:105,10
DA:106,10
DA:107,5
DA:110,31
DA:113,9
DA:133,21
DA:134,21
DA:136,21
DA:155,9
DA:156,9
DA:158,9
DA:159,3
DA:162,6
DA:177,2
DA:185,89
DA:186,69
DA:188,20
DA:189,7
DA:190,27
DA:192,20
DA:204,18
DA:205,0
DA:209,18
DA:210,18
DA:213,18
DA:214,18
DA:226,18
DA:227,18
DA:229,18
DA:230,38
DA:231,12
DA:234,26
DA:235,26
DA:237,26
DA:238,6
DA:241,20
DA:242,2
DA:244,18
DA:248,0
DA:262,26
DA:263,26
DA:264,26
DA:265,26
DA:267,26
DA:268,26
DA:269,101
DA:270,101
DA:271,101
DA:272,36
DA:273,36
DA:277,26
DA:278,26
DA:279,26
DA:280,26
LF:69
LH:67
BRDA:41,0,0,20
BRDA:53,1,0,13
BRDA:56,2,0,3
BRDA:56,2,1,10
BRDA:96,3,0,31
BRDA:96,3,1,9
BRDA:101,4,0,21
BRDA:101,4,1,10
BRDA:106,5,0,5
BRDA:106,5,1,5
BRDA:136,6,0,1
BRDA:136,6,1,20
BRDA:158,7,0,3
BRDA:158,7,1,6
BRDA:158,8,0,9
BRDA:158,8,1,6
BRDA:185,9,0,69
BRDA:185,9,1,20
BRDA:204,10,0,0
BRDA:204,10,1,18
BRDA:230,11,0,12
BRDA:230,11,1,26
BRDA:231,12,0,12
BRDA:231,12,1,0
BRDA:237,13,0,6
BRDA:237,13,1,20
BRDA:238,14,0,6
BRDA:238,14,1,0
BRDA:241,15,0,2
BRDA:241,15,1,18
BRDA:248,16,0,0
BRDA:248,16,1,0
BRDA:262,17,0,26
BRDA:262,17,1,0
BRDA:263,18,0,26
BRDA:263,18,1,0
BRDA:264,19,0,26
BRDA:264,19,1,0
BRDA:269,20,0,101
BRDA:269,20,1,0
BRDA:270,21,0,101
BRDA:270,21,1,0
BRDA:271,22,0,36
BRDA:271,22,1,65
BRDA:277,23,0,26
BRDA:277,23,1,0
BRDA:278,24,0,26
BRDA:278,24,1,0
BRF:48
BRH:36
end_of_record
TN:
SF:src/tools/analyzeCoalitionDynamics.ts
FN:63,classifyUnityTrend
FN:72,classifyCohesionTrend
FN:81,computeGroupCohesion
FN:118,computePairCohesion
FN:139,buildGroupMetrics
FN:143,(anonymous_5)
FN:177,buildCoalitionPairs
FN:193,classifyStressSeverity
FN:201,computeStressIndicators
FN:203,(anonymous_9)
FN:204,(anonymous_10)
FN:214,computeFragmentationMetrics
FN:218,(anonymous_12)
FN:219,(anonymous_13)
FN:220,(anonymous_14)
FN:223,(anonymous_15)
FN:224,(anonymous_16)
FN:233,buildDominantCoalition
FN:252,buildCoalitionComputedAttrs
FN:268,handleAnalyzeCoalitionDynamics
FN:277,(anonymous_20)
FNF:21
FNH:21
FNDA:24,classifyUnityTrend
FNDA:35,classifyCohesionTrend
FNDA:24,computeGroupCohesion
FNDA:35,computePairCohesion
FNDA:11,buildGroupMetrics
FNDA:48,(anonymous_5)
FNDA:10,buildCoalitionPairs
FNDA:24,classifyStressSeverity
FNDA:10,computeStressIndicators
FNDA:24,(anonymous_9)
FNDA:24,(anonymous_10)
FNDA:10,computeFragmentationMetrics
FNDA:24,(anonymous_12)
FNDA:24,(anonymous_13)
FNDA:24,(anonymous_14)
FNDA:11,(anonymous_15)
FNDA:18,(anonymous_16)
FNDA:10,buildDominantCoalition
FNDA:10,buildCoalitionComputedAttrs
FNDA:12,handleAnalyzeCoalitionDynamics
FNDA:98,(anonymous_20)
DA:58,2
DA:64,24
DA:65,24
DA:66,1
DA:73,35
DA:74,26
DA:75,9
DA:86,24
DA:87,0
DA:90,24
DA:91,24
DA:92,24
DA:94,24
DA:95,48
DA:96,48
DA:97,48
DA:98,48
DA:99,48
DA:103,24
DA:104,24
DA:105,24
DA:106,24
DA:108,24
DA:124,35
DA:125,35
DA:126,35
DA:127,35
DA:129,35
DA:140,11
DA:141,11
DA:142,25
DA:143,48
DA:152,24
DA:156,24
DA:171,10
DA:178,10
DA:179,10
DA:180,24
DA:181,35
DA:182,35
DA:183,35
DA:184,35
DA:187,10
DA:194,24
DA:195,24
DA:202,10
DA:203,24
DA:204,24
DA:218,24
DA:219,24
DA:220,24
DA:221,10
DA:223,11
DA:224,18
DA:225,10
DA:227,10
DA:238,10
DA:239,10
DA:240,2
DA:242,8
DA:256,10
DA:257,10
DA:271,12
DA:273,12
DA:274,12
DA:275,12
DA:276,10
DA:277,98
DA:278,10
DA:279,10
DA:281,10
DA:292,12
DA:294,1
DA:295,1
DA:302,2
LF:75
LH:74
BRDA:64,0,0,0
BRDA:64,0,1,24
BRDA:65,1,0,23
BRDA:65,1,1,1
BRDA:73,2,0,9
BRDA:73,2,1,26
BRDA:74,3,0,17
BRDA:74,3,1,9
BRDA:86,4,0,0
BRDA:86,4,1,24
BRDA:96,5,0,48
BRDA:96,5,1,0
BRDA:104,6,0,24
BRDA:104,6,1,0
BRDA:105,7,0,24
BRDA:105,7,1,0
BRDA:181,8,0,35
BRDA:181,8,1,0
BRDA:182,9,0,35
BRDA:182,9,1,0
BRDA:194,10,0,0
BRDA:194,10,1,24
BRDA:219,11,0,24
BRDA:219,11,1,0
BRDA:221,12,0,10
BRDA:221,12,1,0
BRDA:223,13,0,10
BRDA:223,13,1,1
BRDA:224,14,0,10
BRDA:224,14,1,3
BRDA:239,15,0,2
BRDA:239,15,1,8
BRDA:256,16,0,10
BRDA:256,16,1,2
BRDA:274,17,0,12
BRDA:274,17,1,1
BRDA:282,18,0,10
BRDA:282,18,1,9
BRDA:282,19,0,12
BRDA:282,19,1,9
BRDA:288,20,0,1
BRDA:288,20,1,9
BRDA:294,21,0,1
BRDA:294,21,1,0
BRF:44
BRH:33
end_of_record
TN:
SF:src/tools/analyzeCommitteeActivity.ts
FN:75,computeWorkloadIntensity
FN:86,computeEngagementLevel
FN:95,computePolicyImpactRating
FN:105,buildAnalysis
FN:171,handleAnalyzeCommitteeActivity
FNF:5
FNH:5
FNDA:14,computeWorkloadIntensity
FNDA:14,computeEngagementLevel
FNDA:14,computePolicyImpactRating
FNDA:15,buildAnalysis
FNDA:18,handleAnalyzeCommitteeActivity
DA:24,2
DA:76,14
DA:77,14
DA:78,11
DA:79,10
DA:80,3
DA:87,14
DA:88,11
DA:89,0
DA:96,14
DA:97,14
DA:98,11
DA:99,10
DA:110,15
DA:114,14
DA:119,15
DA:120,15
DA:121,15
DA:122,15
DA:123,15
DA:124,15
DA:125,15
DA:126,15
DA:127,15
DA:128,15
DA:132,15
DA:165,15
DA:174,18
DA:176,18
DA:177,18
DA:182,18
DA:184,18
DA:190,14
DA:203,2
LF:34
LH:33
BRDA:77,0,0,3
BRDA:77,0,1,11
BRDA:78,1,0,1
BRDA:78,1,1,10
BRDA:79,2,0,7
BRDA:79,2,1,3
BRDA:87,3,0,3
BRDA:87,3,1,11
BRDA:88,4,0,11
BRDA:88,4,1,0
BRDA:97,5,0,3
BRDA:97,5,1,11
BRDA:98,6,0,1
BRDA:98,6,1,10
BRDA:114,7,0,14
BRDA:114,7,1,0
BRDA:177,8,0,18
BRDA:177,8,1,14
BRDA:177,8,2,0
BRDA:182,9,0,18
BRDA:182,9,1,14
BRDA:182,9,2,0
BRF:22
BRH:18
end_of_record
TN:
SF:src/tools/analyzeCountryDelegation.ts
FN:82,computeGroupDistribution
FN:93,(anonymous_1)
FN:98,(anonymous_2)
FN:104,computeFragmentation
FN:105,(anonymous_4)
FN:123,computeInfluence
FN:133,computeDataConfidence
FN:142,computeEngagement
FN:151,computeCohesionLevel
FN:160,fetchMepDetails
FN:170,(anonymous_10)
FN:184,computeCommitteePresence
FN:203,buildDelegationAnalysis
FN:224,(anonymous_13)
FN:225,(anonymous_14)
FN:228,(anonymous_15)
FN:271,handleAnalyzeCountryDelegation
FNF:17
FNH:17
FNDA:15,computeGroupDistribution
FNDA:28,(anonymous_1)
FNDA:14,(anonymous_2)
FNDA:15,computeFragmentation
FNDA:28,(anonymous_4)
FNDA:15,computeInfluence
FNDA:15,computeDataConfidence
FNDA:15,computeEngagement
FNDA:15,computeCohesionLevel
FNDA:15,fetchMepDetails
FNDA:90,(anonymous_10)
FNDA:15,computeCommitteePresence
FNDA:16,buildDelegationAnalysis
FNDA:88,(anonymous_13)
FNDA:88,(anonymous_14)
FNDA:85,(anonymous_15)
FNDA:20,handleAnalyzeCountryDelegation
DA:25,2
DA:85,15
DA:86,15
DA:87,136
DA:88,136
DA:91,15
DA:92,15
DA:93,28
DA:98,14
DA:105,28
DA:106,15
DA:108,14
DA:109,14
DA:110,28
DA:111,28
DA:113,14
DA:115,14
DA:116,13
DA:117,3
DA:124,15
DA:125,15
DA:126,14
DA:127,14
DA:134,15
DA:135,4
DA:136,3
DA:143,15
DA:144,2
DA:145,2
DA:152,15
DA:153,2
DA:154,2
DA:163,15
DA:164,15
DA:165,15
DA:167,15
DA:168,23
DA:169,23
DA:170,90
DA:172,23
DA:173,90
DA:174,88
DA:178,23
DA:187,15
DA:188,15
DA:189,15
DA:190,88
DA:191,138
DA:193,88
DA:194,50
DA:197,15
DA:208,16
DA:213,15
DA:214,16
DA:216,16
DA:218,15
DA:223,15
DA:224,88
DA:225,88
DA:227,15
DA:228,85
DA:231,16
DA:234,16
DA:235,16
DA:238,16
DA:240,16
DA:274,20
DA:276,20
DA:277,20
DA:282,20
DA:284,20
DA:290,15
DA:303,2
LF:73
LH:73
BRDA:88,0,0,136
BRDA:88,0,1,28
BRDA:106,1,0,1
BRDA:106,1,1,14
BRDA:115,2,0,1
BRDA:115,2,1,13
BRDA:116,3,0,10
BRDA:116,3,1,3
BRDA:125,4,0,1
BRDA:125,4,1,14
BRDA:126,5,0,0
BRDA:126,5,1,14
BRDA:134,6,0,11
BRDA:134,6,1,4
BRDA:135,7,0,1
BRDA:135,7,1,3
BRDA:143,8,0,13
BRDA:143,8,1,2
BRDA:144,9,0,0
BRDA:144,9,1,2
BRDA:152,10,0,13
BRDA:152,10,1,2
BRDA:153,11,0,0
BRDA:153,11,1,2
BRDA:173,12,0,88
BRDA:173,12,1,2
BRDA:193,13,0,50
BRDA:193,13,1,38
BRDA:213,14,0,15
BRDA:213,14,1,0
BRDA:227,15,0,13
BRDA:227,15,1,2
BRDA:234,16,0,16
BRDA:234,16,1,1
BRDA:238,17,0,14
BRDA:238,17,1,1
BRDA:277,18,0,20
BRDA:277,18,1,15
BRDA:277,18,2,0
BRDA:282,19,0,20
BRDA:282,19,1,15
BRDA:282,19,2,0
BRF:42
BRH:36
end_of_record
TN:
SF:src/tools/analyzeLegislativeEffectiveness.ts
FN:57,classifyEffectivenessRank
FN:67,classifyConfidence
FN:76,computeMetrics
FN:81,(anonymous_3)
FN:109,computeScores
FN:132,fetchMepSubjectData
FN:155,fetchCommitteeSubjectData
FN:177,handleAnalyzeLegislativeEffectiveness
FN:189,(anonymous_8)
FNF:9
FNH:9
FNDA:14,classifyEffectivenessRank
FNDA:14,classifyConfidence
FNDA:14,computeMetrics
FNDA:20,(anonymous_3)
FNDA:14,computeScores
FNDA:14,fetchMepSubjectData
FNDA:2,fetchCommitteeSubjectData
FNDA:18,handleAnalyzeLegislativeEffectiveness
FNDA:20,(anonymous_8)
DA:58,14
DA:59,4
DA:60,4
DA:61,2
DA:68,14
DA:69,4
DA:70,2
DA:81,20
DA:82,14
DA:83,14
DA:84,14
DA:85,14
DA:86,14
DA:87,14
DA:91,14
DA:110,14
DA:111,14
DA:112,14
DA:117,14
DA:121,14
DA:140,14
DA:141,13
DA:142,14
DA:163,2
DA:164,1
DA:180,18
DA:182,18
DA:183,18
DA:185,18
DA:189,20
DA:190,1
DA:191,1
DA:196,1
DA:197,1
DA:198,1
DA:199,18
DA:201,18
DA:222,18
DA:224,2
DA:225,2
DA:232,2
LF:41
LH:41
BRDA:58,0,0,10
BRDA:58,0,1,4
BRDA:59,1,0,0
BRDA:59,1,1,4
BRDA:60,2,0,2
BRDA:60,2,1,2
BRDA:68,3,0,10
BRDA:68,3,1,4
BRDA:69,4,0,2
BRDA:69,4,1,2
BRDA:87,5,0,13
BRDA:87,5,1,1
BRDA:141,6,0,13
BRDA:141,6,1,0
BRDA:145,7,0,14
BRDA:145,7,1,0
BRDA:183,8,0,18
BRDA:183,8,1,15
BRDA:183,9,0,18
BRDA:183,9,1,15
BRDA:185,10,0,14
BRDA:185,10,1,2
BRDA:198,11,0,11
BRDA:198,11,1,3
BRDA:212,12,0,14
BRDA:212,12,1,0
BRDA:224,13,0,2
BRDA:224,13,1,0
BRF:28
BRH:23
end_of_record
TN:
SF:src/tools/analyzeVotingPatterns.ts
FN:57,computeGroupAlignment
FN:74,computeCrossPartyVoting
FN:87,computeConfidence
FN:109,handleAnalyzeVotingPatterns
FNF:4
FNH:4
FNDA:8,computeGroupAlignment
FNDA:8,computeCrossPartyVoting
FNDA:8,computeConfidence
FNDA:12,handleAnalyzeVotingPatterns
DA:61,8
DA:62,8
DA:65,8
DA:66,8
DA:77,8
DA:78,8
DA:81,8
DA:88,8
DA:89,1
DA:90,1
DA:113,12
DA:115,12
DA:117,12
DA:119,8
DA:127,12
DA:147,12
DA:155,2
DA:156,2
DA:163,2
LF:19
LH:19
BRDA:62,0,0,7
BRDA:62,0,1,1
BRDA:78,1,0,7
BRDA:78,1,1,1
BRDA:88,2,0,7
BRDA:88,2,1,1
BRDA:89,3,0,0
BRDA:89,3,1,1
BRDA:119,4,0,8
BRDA:119,4,1,1
BRDA:131,5,0,12
BRDA:131,5,1,7
BRDA:132,6,0,12
BRDA:132,6,1,7
BRDA:135,7,0,12
BRDA:135,7,1,8
BRDA:155,8,0,2
BRDA:155,8,1,0
BRF:18
BRH:16
end_of_record
TN:
SF:src/tools/assessMepInfluence.ts
FN:66,computeVotingActivityScore
FN:86,computeLegislativeOutputScore
FN:90,(anonymous_2)
FN:91,(anonymous_3)
FN:110,computeCommitteeEngagementScore
FN:114,(anonymous_5)
FN:135,computeOversightScore
FN:156,computeCoalitionScore
FN:181,getRankLabel
FN:203,buildDimensions
FN:212,(anonymous_10)
FN:224,getConfidenceLevel
FN:233,handleAssessMepInfluence
FN:256,(anonymous_13)
FNF:14
FNH:14
FNDA:13,computeVotingActivityScore
FNDA:13,computeLegislativeOutputScore
FNDA:24,(anonymous_2)
FNDA:24,(anonymous_3)
FNDA:13,computeCommitteeEngagementScore
FNDA:24,(anonymous_5)
FNDA:13,computeOversightScore
FNDA:13,computeCoalitionScore
FNDA:13,getRankLabel
FNDA:13,buildDimensions
FNDA:65,(anonymous_10)
FNDA:13,getConfidenceLevel
FNDA:15,handleAssessMepInfluence
FNDA:65,(anonymous_13)
DA:21,2
DA:70,13
DA:71,13
DA:72,13
DA:73,13
DA:90,24
DA:91,13
DA:92,24
DA:94,13
DA:95,13
DA:96,13
DA:97,13
DA:114,13
DA:115,24
DA:119,13
DA:120,13
DA:121,13
DA:122,13
DA:139,13
DA:140,13
DA:141,13
DA:142,13
DA:143,13
DA:160,13
DA:161,13
DA:164,13
DA:167,13
DA:168,13
DA:182,13
DA:183,13
DA:184,1
DA:185,1
DA:186,1
DA:204,13
DA:212,65
DA:225,13
DA:226,1
DA:227,1
DA:236,15
DA:238,15
DA:239,15
DA:240,13
DA:244,15
DA:245,15
DA:246,15
DA:247,15
DA:248,15
DA:250,15
DA:255,15
DA:256,65
DA:259,15
DA:260,15
DA:264,15
DA:287,15
DA:294,1
DA:295,1
DA:302,2
LF:57
LH:57
BRDA:92,0,0,24
BRDA:92,0,1,12
BRDA:115,1,0,24
BRDA:115,1,1,12
BRDA:115,1,2,12
BRDA:161,2,0,12
BRDA:161,2,1,1
BRDA:164,3,0,12
BRDA:164,3,1,1
BRDA:182,4,0,0
BRDA:182,4,1,13
BRDA:183,5,0,12
BRDA:183,5,1,1
BRDA:184,6,0,0
BRDA:184,6,1,1
BRDA:185,7,0,0
BRDA:185,7,1,1
BRDA:217,8,0,10
BRDA:217,8,1,55
BRDA:225,9,0,12
BRDA:225,9,1,1
BRDA:226,10,0,0
BRDA:226,10,1,1
BRDA:240,11,0,13
BRDA:240,11,1,1
BRDA:245,12,0,15
BRDA:245,12,1,1
BRDA:246,13,0,15
BRDA:246,13,1,1
BRDA:260,14,0,12
BRDA:260,14,1,1
BRDA:270,15,0,15
BRDA:270,15,1,12
BRDA:271,16,0,15
BRDA:271,16,1,12
BRDA:294,17,0,1
BRDA:294,17,1,0
BRF:37
BRH:32
end_of_record
TN:
SF:src/tools/comparePoliticalGroups.ts
FN:68,computeGroupDimensions
FN:106,calculateOverallScore
FN:119,buildGroupMetrics
FN:121,(anonymous_3)
FN:146,updateRelativeMetrics
FN:147,(anonymous_5)
FN:148,(anonymous_6)
FN:163,buildRankings
FN:167,(anonymous_8)
FN:170,(anonymous_9)
FN:171,(anonymous_10)
FN:178,topByDimension
FN:179,(anonymous_12)
FN:185,handleComparePoliticalGroups
FN:195,(anonymous_14)
FN:195,(anonymous_15)
FN:200,(anonymous_16)
FN:202,(anonymous_17)
FN:203,(anonymous_18)
FN:206,(anonymous_19)
FN:207,(anonymous_20)
FN:208,(anonymous_21)
FNF:22
FNH:22
FNDA:25,computeGroupDimensions
FNDA:25,calculateOverallScore
FNDA:13,buildGroupMetrics
FNDA:28,(anonymous_3)
FNDA:11,updateRelativeMetrics
FNDA:24,(anonymous_5)
FNDA:24,(anonymous_6)
FNDA:11,buildRankings
FNDA:52,(anonymous_8)
FNDA:62,(anonymous_9)
FNDA:114,(anonymous_10)
FNDA:44,topByDimension
FNDA:52,(anonymous_12)
FNDA:15,handleComparePoliticalGroups
FNDA:2,(anonymous_14)
FNDA:2,(anonymous_15)
FNDA:13,(anonymous_16)
FNDA:24,(anonymous_17)
FNDA:24,(anonymous_18)
FNDA:24,(anonymous_19)
FNDA:24,(anonymous_20)
FNDA:24,(anonymous_21)
DA:54,2
DA:57,2
DA:72,25
DA:73,25
DA:74,25
DA:75,25
DA:77,25
DA:78,43
DA:79,43
DA:80,43
DA:81,43
DA:84,25
DA:85,25
DA:86,25
DA:87,25
DA:88,25
DA:89,25
DA:91,25
DA:107,25
DA:120,13
DA:122,28
DA:123,25
DA:124,25
DA:126,25
DA:140,11
DA:147,24
DA:148,24
DA:150,11
DA:151,24
DA:154,24
DA:167,52
DA:170,62
DA:171,114
DA:179,52
DA:188,15
DA:190,15
DA:191,15
DA:192,11
DA:194,11
DA:195,2
DA:198,15
DA:199,15
DA:200,13
DA:202,24
DA:203,24
DA:204,15
DA:206,24
DA:207,24
DA:208,24
DA:209,15
DA:211,15
DA:229,15
DA:231,2
DA:232,2
DA:239,2
LF:55
LH:55
BRDA:84,0,0,25
BRDA:84,0,1,2
BRDA:87,1,0,23
BRDA:87,1,1,2
BRDA:151,2,0,22
BRDA:151,2,1,2
BRDA:154,3,0,24
BRDA:154,3,1,0
BRDA:179,4,0,44
BRDA:179,4,1,0
BRDA:194,5,0,1
BRDA:194,5,1,10
BRDA:199,6,0,15
BRDA:199,6,1,0
BRDA:212,7,0,15
BRDA:212,7,1,11
BRDA:212,8,0,15
BRDA:212,8,1,11
BRDA:225,9,0,2
BRDA:225,9,1,9
BRDA:231,10,0,1
BRDA:231,10,1,1
BRF:22
BRH:19
end_of_record
TN:
SF:src/tools/detectVotingAnomalies.ts
FN:45,classifyAttendanceSeverity
FN:52,classifyAbstentionSeverity
FN:59,classifyDefectionSeverity
FN:68,classifyDefectionTrend
FN:77,classifyRiskLevel
FN:87,getDataVolumeConfidence
FN:96,checkAttendanceAnomaly
FN:121,checkAbstentionAnomaly
FN:145,checkDefectionAnomaly
FN:170,detectMepAnomalies
FN:191,detectSingleMepAnomalies
FN:208,detectGroupAnomalies
FN:240,handleDetectVotingAnomalies
FN:252,(anonymous_13)
FN:253,(anonymous_14)
FN:254,(anonymous_15)
FNF:16
FNH:16
FNDA:8,classifyAttendanceSeverity
FNDA:1,classifyAbstentionSeverity
FNDA:11,classifyDefectionSeverity
FNDA:14,classifyDefectionTrend
FNDA:14,classifyRiskLevel
FNDA:14,getDataVolumeConfidence
FNDA:14,checkAttendanceAnomaly
FNDA:14,checkAbstentionAnomaly
FNDA:14,checkDefectionAnomaly
FNDA:14,detectMepAnomalies
FNDA:9,detectSingleMepAnomalies
FNDA:6,detectGroupAnomalies
FNDA:17,handleDetectVotingAnomalies
FNDA:20,(anonymous_13)
FNDA:20,(anonymous_14)
FNDA:20,(anonymous_15)
DA:46,8
DA:53,1
DA:60,11
DA:61,4
DA:62,4
DA:69,14
DA:70,14
DA:71,7
DA:78,14
DA:79,14
DA:80,14
DA:81,7
DA:88,14
DA:89,6
DA:90,1
DA:102,14
DA:104,14
DA:105,8
DA:115,6
DA:127,14
DA:128,14
DA:129,1
DA:139,13
DA:151,14
DA:152,14
DA:153,14
DA:154,11
DA:164,3
DA:176,14
DA:178,14
DA:179,14
DA:180,14
DA:181,14
DA:182,14
DA:183,14
DA:184,14
DA:185,14
DA:194,9
DA:195,8
DA:196,8
DA:202,8
DA:211,6
DA:212,6
DA:213,1
DA:215,6
DA:216,6
DA:217,6
DA:219,6
DA:220,6
DA:232,6
DA:234,6
DA:243,17
DA:245,17
DA:246,17
DA:248,17
DA:252,20
DA:253,20
DA:254,20
DA:255,6
DA:259,17
DA:274,17
DA:276,1
DA:277,1
DA:284,2
LF:64
LH:64
BRDA:46,0,0,0
BRDA:46,0,1,8
BRDA:53,1,0,0
BRDA:53,1,1,1
BRDA:60,2,0,7
BRDA:60,2,1,4
BRDA:61,3,0,0
BRDA:61,3,1,4
BRDA:69,4,0,0
BRDA:69,4,1,14
BRDA:70,5,0,7
BRDA:70,5,1,7
BRDA:78,6,0,0
BRDA:78,6,1,14
BRDA:79,7,0,0
BRDA:79,7,1,14
BRDA:80,8,0,7
BRDA:80,8,1,7
BRDA:88,9,0,8
BRDA:88,9,1,6
BRDA:89,10,0,5
BRDA:89,10,1,1
BRDA:104,11,0,8
BRDA:104,11,1,6
BRDA:128,12,0,1
BRDA:128,12,1,13
BRDA:152,13,0,14
BRDA:152,13,1,0
BRDA:153,14,0,11
BRDA:153,14,1,3
BRDA:176,15,0,0
BRDA:176,15,1,14
BRDA:176,16,0,14
BRDA:176,16,1,14
BRDA:180,17,0,8
BRDA:180,17,1,6
BRDA:182,18,0,1
BRDA:182,18,1,13
BRDA:184,19,0,11
BRDA:184,19,1,3
BRDA:212,20,0,1
BRDA:212,20,1,5
BRDA:215,21,0,1
BRDA:215,21,1,5
BRDA:246,22,0,17
BRDA:246,22,1,15
BRDA:246,23,0,17
BRDA:246,23,1,15
BRDA:248,24,0,9
BRDA:248,24,1,6
BRDA:255,25,0,11
BRDA:255,25,1,3
BRDA:276,26,0,1
BRDA:276,26,1,0
BRF:54
BRH:45
end_of_record
TN:
SF:src/tools/generatePoliticalLandscape.ts
FN:82,classifyBloc
FN:96,computeFragmentation
FN:105,computeMajorityType
FN:114,computePoliticalBalance
FN:127,computeEngagement
FN:136,aggregateByGroup
FN:158,(anonymous_6)
FN:164,(anonymous_7)
FN:172,computePowerDynamics
FN:200,buildLandscape
FN:252,handleGeneratePoliticalLandscape
FNF:11
FNH:11
FNDA:54,classifyBloc
FNDA:14,computeFragmentation
FNDA:14,computeMajorityType
FNDA:14,computePoliticalBalance
FNDA:14,computeEngagement
FNDA:14,aggregateByGroup
FNDA:54,(anonymous_6)
FNDA:41,(anonymous_7)
FNDA:14,computePowerDynamics
FNDA:15,buildLandscape
FNDA:16,handleGeneratePoliticalLandscape
DA:26,2
DA:83,54
DA:84,54
DA:85,25
DA:87,29
DA:88,15
DA:90,14
DA:97,14
DA:98,13
DA:99,13
DA:106,14
DA:107,14
DA:108,12
DA:118,14
DA:119,14
DA:120,3
DA:121,1
DA:128,14
DA:129,13
DA:130,0
DA:139,14
DA:140,14
DA:141,14
DA:143,14
DA:144,66
DA:145,66
DA:146,66
DA:147,12
DA:148,12
DA:150,54
DA:157,14
DA:158,54
DA:164,41
DA:166,14
DA:176,14
DA:177,14
DA:178,14
DA:180,14
DA:181,14
DA:182,14
DA:183,54
DA:184,54
DA:185,54
DA:188,14
DA:204,15
DA:205,14
DA:207,15
DA:211,15
DA:212,15
DA:213,15
DA:217,15
DA:255,16
DA:257,16
DA:258,16
DA:263,16
DA:265,16
DA:267,14
DA:280,2
LF:58
LH:57
BRDA:84,0,0,25
BRDA:84,0,1,29
BRDA:84,1,0,54
BRDA:84,1,1,43
BRDA:84,1,2,42
BRDA:87,2,0,15
BRDA:87,2,1,14
BRDA:87,3,0,29
BRDA:87,3,1,16
BRDA:87,3,2,14
BRDA:97,4,0,1
BRDA:97,4,1,13
BRDA:98,5,0,0
BRDA:98,5,1,13
BRDA:106,6,0,0
BRDA:106,6,1,14
BRDA:107,7,0,2
BRDA:107,7,1,12
BRDA:119,8,0,11
BRDA:119,8,1,3
BRDA:120,9,0,2
BRDA:120,9,1,1
BRDA:128,10,0,1
BRDA:128,10,1,13
BRDA:129,11,0,13
BRDA:129,11,1,0
BRDA:146,12,0,12
BRDA:146,12,1,54
BRDA:176,13,0,14
BRDA:176,13,1,1
BRDA:178,14,0,14
BRDA:178,14,1,1
BRDA:178,15,0,14
BRDA:178,15,1,1
BRDA:184,16,0,25
BRDA:184,16,1,29
BRDA:185,17,0,15
BRDA:185,17,1,39
BRDA:205,18,0,14
BRDA:205,18,1,0
BRDA:212,19,0,15
BRDA:212,19,1,1
BRDA:240,20,0,0
BRDA:240,20,1,14
BRDA:258,21,0,16
BRDA:258,21,1,14
BRDA:258,21,2,0
BRDA:263,22,0,16
BRDA:263,22,1,14
BRDA:263,22,2,0
BRF:50
BRH:43
end_of_record
TN:
SF:src/tools/generateReport.ts
FNF:0
FNH:0
LF:0
LH:0
BRF:0
BRH:0
end_of_record
TN:
SF:src/tools/getAdoptedTexts.ts
FN:30,handleGetAdoptedTexts
FNF:1
FNH:1
FNDA:15,handleGetAdoptedTexts
DA:33,15
DA:35,15
DA:36,0
DA:37,0
DA:45,9
DA:49,9
DA:51,9
DA:53,8
DA:62,2
LF:9
LH:7
BRDA:35,0,0,0
BRDA:35,0,1,15
BRDA:49,1,0,2
BRDA:49,1,1,7
BRF:4
BRH:3
end_of_record
TN:
SF:src/tools/getCommitteeDocuments.ts
FN:28,handleGetCommitteeDocuments
FNF:1
FNH:1
FNDA:18,handleGetCommitteeDocuments
DA:31,18
DA:33,18
DA:34,3
DA:35,2
DA:43,10
DA:47,10
DA:49,10
DA:51,9
DA:60,2
LF:9
LH:9
BRDA:33,0,0,3
BRDA:33,0,1,15
BRDA:47,1,0,1
BRDA:47,1,1,9
BRF:4
BRH:4
end_of_record
TN:
SF:src/tools/getCommitteeInfo.ts
FN:34,handleGetCommitteeInfo
FNF:1
FNH:1
FNDA:12,handleGetCommitteeInfo
DA:38,12
DA:40,12
DA:42,12
DA:43,0
DA:44,0
DA:53,7
DA:54,7
DA:55,7
DA:57,7
DA:60,6
DA:63,6
DA:71,1
DA:72,1
DA:79,2
LF:14
LH:12
BRDA:42,0,0,0
BRDA:42,0,1,12
BRDA:54,1,0,2
BRDA:54,1,1,5
BRDA:55,2,0,6
BRDA:55,2,1,1
BRDA:71,3,0,1
BRDA:71,3,1,0
BRF:8
BRH:6
end_of_record
TN:
SF:src/tools/getControlledVocabularies.ts
FN:28,handleGetControlledVocabularies
FNF:1
FNH:1
FNDA:17,handleGetControlledVocabularies
DA:31,17
DA:33,17
DA:34,3
DA:35,2
DA:43,9
DA:48,8
DA:57,2
LF:7
LH:7
BRDA:33,0,0,3
BRDA:33,0,1,14
BRF:2
BRH:2
end_of_record
TN:
SF:src/tools/getCurrentMEPs.ts
FN:24,handleGetCurrentMEPs
FNF:1
FNH:1
FNDA:14,handleGetCurrentMEPs
DA:27,14
DA:29,14
DA:34,8
DA:43,2
LF:4
LH:4
BRF:0
BRH:0
end_of_record
TN:
SF:src/tools/getEvents.ts
FN:29,handleGetEvents
FNF:1
FNH:1
FNDA:14,handleGetEvents
DA:32,14
DA:34,14
DA:35,0
DA:36,0
DA:44,9
DA:48,9
DA:49,9
DA:51,9
DA:53,8
DA:62,2
LF:10
LH:8
BRDA:34,0,0,0
BRDA:34,0,1,14
BRDA:48,1,0,2
BRDA:48,1,1,7
BRDA:49,2,0,2
BRDA:49,2,1,7
BRF:6
BRH:5
end_of_record
TN:
SF:src/tools/getExternalDocuments.ts
FN:29,handleGetExternalDocuments
FNF:1
FNH:1
FNDA:18,handleGetExternalDocuments
DA:32,18
DA:34,18
DA:35,3
DA:36,2
DA:44,10
DA:48,10
DA:50,10
DA:52,9
DA:61,2
LF:9
LH:9
BRDA:34,0,0,3
BRDA:34,0,1,15
BRDA:48,1,0,1
BRDA:48,1,1,9
BRF:4
BRH:4
end_of_record
TN:
SF:src/tools/getHomonymMEPs.ts
FN:26,handleGetHomonymMEPs
FNF:1
FNH:1
FNDA:14,handleGetHomonymMEPs
DA:29,14
DA:31,14
DA:36,8
DA:45,2
LF:4
LH:4
BRF:0
BRH:0
end_of_record
TN:
SF:src/tools/getIncomingMEPs.ts
FN:26,handleGetIncomingMEPs
FNF:1
FNH:1
FNDA:14,handleGetIncomingMEPs
DA:29,14
DA:31,14
DA:36,8
DA:45,2
LF:4
LH:4
BRF:0
BRH:0
end_of_record
TN:
SF:src/tools/getMEPDeclarations.ts
FN:30,handleGetMEPDeclarations
FNF:1
FNH:1
FNDA:15,handleGetMEPDeclarations
DA:33,15
DA:35,15
DA:36,0
DA:37,0
DA:45,9
DA:49,9
DA:51,9
DA:53,8
DA:62,2
LF:9
LH:7
BRDA:35,0,0,0
BRDA:35,0,1,15
BRDA:49,1,0,2
BRDA:49,1,1,7
BRF:4
BRH:3
end_of_record
TN:
SF:src/tools/getMEPDetails.ts
FN:35,handleGetMEPDetails
FNF:1
FNH:1
FNDA:11,handleGetMEPDetails
DA:39,11
DA:41,11
DA:43,11
DA:46,4
DA:49,4
DA:57,1
DA:58,1
DA:65,2
LF:8
LH:8
BRDA:57,0,0,1
BRDA:57,0,1,0
BRF:2
BRH:1
end_of_record
TN:
SF:src/tools/getMEPs.ts
FN:46,handleGetMEPs
FNF:1
FNH:1
FNDA:21,handleGetMEPs
DA:50,21
DA:52,21
DA:54,21
DA:59,21
DA:60,14
DA:61,14
DA:63,14
DA:66,13
DA:67,13
DA:70,13
DA:78,1
DA:79,1
DA:86,2
LF:13
LH:13
BRDA:59,0,0,3
BRDA:59,0,1,18
BRDA:60,1,0,2
BRDA:60,1,1,12
BRDA:61,2,0,1
BRDA:61,2,1,13
BRDA:78,3,0,1
BRDA:78,3,1,0
BRF:8
BRH:7
end_of_record
TN:
SF:src/tools/getMeetingActivities.ts
FN:24,handleGetMeetingActivities
FNF:1
FNH:1
FNDA:14,handleGetMeetingActivities
DA:27,14
DA:29,14
DA:34,7
DA:43,2
LF:4
LH:4
BRF:0
BRH:0
end_of_record
TN:
SF:src/tools/getMeetingDecisions.ts
FN:24,handleGetMeetingDecisions
FNF:1
FNH:1
FNDA:14,handleGetMeetingDecisions
DA:27,14
DA:29,14
DA:34,7
DA:43,2
LF:4
LH:4
BRF:0
BRH:0
end_of_record
TN:
SF:src/tools/getMeetingForeseenActivities.ts
FN:26,handleGetMeetingForeseenActivities
FNF:1
FNH:1
FNDA:16,handleGetMeetingForeseenActivities
DA:29,16
DA:31,16
DA:36,8
DA:45,2
LF:4
LH:4
BRF:0
BRH:0
end_of_record
TN:
SF:src/tools/getOutgoingMEPs.ts
FN:26,handleGetOutgoingMEPs
FNF:1
FNH:1
FNDA:14,handleGetOutgoingMEPs
DA:29,14
DA:31,14
DA:36,8
DA:45,2
LF:4
LH:4
BRF:0
BRH:0
end_of_record
TN:
SF:src/tools/getParliamentaryQuestions.ts
FN:37,handleGetParliamentaryQuestions
FNF:1
FNH:1
FNDA:12,handleGetParliamentaryQuestions
DA:41,12
DA:43,12
DA:45,12
DA:46,0
DA:47,0
DA:56,9
DA:60,9
DA:61,9
DA:62,9
DA:63,9
DA:64,9
DA:65,9
DA:67,9
DA:70,7
DA:71,7
DA:74,7
DA:82,2
DA:83,2
DA:90,2
LF:19
LH:17
BRDA:45,0,0,0
BRDA:45,0,1,12
BRDA:60,1,0,1
BRDA:60,1,1,8
BRDA:61,2,0,0
BRDA:61,2,1,9
BRDA:62,3,0,0
BRDA:62,3,1,9
BRDA:63,4,0,1
BRDA:63,4,1,8
BRDA:64,5,0,1
BRDA:64,5,1,8
BRDA:65,6,0,1
BRDA:65,6,1,8
BRDA:82,7,0,2
BRDA:82,7,1,0
BRF:16
BRH:12
end_of_record
TN:
SF:src/tools/getPlenaryDocuments.ts
FN:28,handleGetPlenaryDocuments
FNF:1
FNH:1
FNDA:18,handleGetPlenaryDocuments
DA:31,18
DA:33,18
DA:34,3
DA:35,2
DA:43,10
DA:47,10
DA:49,10
DA:51,9
DA:60,2
LF:9
LH:9
BRDA:33,0,0,3
BRDA:33,0,1,15
BRDA:47,1,0,1
BRDA:47,1,1,9
BRF:4
BRH:4
end_of_record
TN:
SF:src/tools/getPlenarySessionDocumentItems.ts
FN:26,handleGetPlenarySessionDocumentItems
FNF:1
FNH:1
FNDA:14,handleGetPlenarySessionDocumentItems
DA:29,14
DA:31,14
DA:36,8
DA:45,2
LF:4
LH:4
BRF:0
BRH:0
end_of_record
TN:
SF:src/tools/getPlenarySessionDocuments.ts
FN:28,handleGetPlenarySessionDocuments
FNF:1
FNH:1
FNDA:17,handleGetPlenarySessionDocuments
DA:31,17
DA:33,17
DA:34,3
DA:35,2
DA:43,9
DA:48,8
DA:57,2
LF:7
LH:7
BRDA:33,0,0,3
BRDA:33,0,1,14
BRF:2
BRH:2
end_of_record
TN:
SF:src/tools/getPlenarySessions.ts
FN:36,handleGetPlenarySessions
FNF:1
FNH:1
FNDA:16,handleGetPlenarySessions
DA:40,16
DA:42,16
DA:44,16
DA:45,0
DA:46,0
DA:55,11
DA:59,11
DA:60,11
DA:61,11
DA:63,11
DA:66,10
DA:67,10
DA:70,10
DA:78,1
DA:79,1
DA:86,2
LF:16
LH:14
BRDA:44,0,0,0
BRDA:44,0,1,16
BRDA:59,1,0,1
BRDA:59,1,1,10
BRDA:60,2,0,1
BRDA:60,2,1,10
BRDA:61,3,0,1
BRDA:61,3,1,10
BRDA:78,4,0,1
BRDA:78,4,1,0
BRF:10
BRH:8
end_of_record
TN:
SF:src/tools/getProcedureEvents.ts
FN:27,handleGetProcedureEvents
FNF:1
FNH:1
FNDA:16,handleGetProcedureEvents
DA:30,16
DA:32,16
DA:37,8
DA:46,2
LF:4
LH:4
BRF:0
BRH:0
end_of_record
TN:
SF:src/tools/getProcedures.ts
FN:29,handleGetProcedures
FNF:1
FNH:1
FNDA:15,handleGetProcedures
DA:32,15
DA:34,15
DA:35,0
DA:36,0
DA:44,9
DA:48,9
DA:50,9
DA:52,8
DA:61,2
LF:9
LH:7
BRDA:34,0,0,0
BRDA:34,0,1,15
BRDA:48,1,0,2
BRDA:48,1,1,7
BRF:4
BRH:3
end_of_record
TN:
SF:src/tools/getSpeeches.ts
FN:29,handleGetSpeeches
FNF:1
FNH:1
FNDA:14,handleGetSpeeches
DA:32,14
DA:34,14
DA:35,0
DA:36,0
DA:44,9
DA:48,9
DA:49,9
DA:51,9
DA:53,8
DA:62,2
LF:10
LH:8
BRDA:34,0,0,0
BRDA:34,0,1,14
BRDA:48,1,0,2
BRDA:48,1,1,7
BRDA:49,2,0,2
BRDA:49,2,1,7
BRF:6
BRH:5
end_of_record
TN:
SF:src/tools/getVotingRecords.ts
FN:37,handleGetVotingRecords
FNF:1
FNH:1
FNDA:14,handleGetVotingRecords
DA:41,14
DA:43,14
DA:45,14
DA:49,14
DA:50,10
DA:51,10
DA:52,10
DA:53,10
DA:55,10
DA:58,9
DA:59,9
DA:62,9
DA:70,1
DA:71,1
DA:78,2
LF:15
LH:15
BRDA:49,0,0,1
BRDA:49,0,1,13
BRDA:50,1,0,1
BRDA:50,1,1,9
BRDA:51,2,0,1
BRDA:51,2,1,9
BRDA:52,3,0,1
BRDA:52,3,1,9
BRDA:53,4,0,1
BRDA:53,4,1,9
BRDA:70,5,0,1
BRDA:70,5,1,0
BRF:12
BRH:11
end_of_record
TN:
SF:src/tools/monitorLegislativePipeline.ts
FN:76,classifyComplexity
FN:85,classifyBottleneckRisk
FN:94,classifyBottleneckSeverity
FN:103,classifyMomentum
FN:113,getProcedureType
FN:121,getNextAction
FN:130,createPipelineItem
FN:166,matchesStatusFilter
FN:177,matchesCommitteeFilter
FN:185,generatePipelineItems
FN:207,detectBottlenecks
FN:218,(anonymous_11)
FN:224,(anonymous_12)
FN:230,computePipelineSummary
FN:236,(anonymous_14)
FN:237,(anonymous_15)
FN:238,(anonymous_16)
FN:239,(anonymous_17)
FN:247,buildSessionParams
FN:261,computeHealthMetrics
FN:277,handleMonitorLegislativePipeline
FNF:21
FNH:21
FNDA:65,classifyComplexity
FNDA:65,classifyBottleneckRisk
FNDA:16,classifyBottleneckSeverity
FNDA:13,classifyMomentum
FNDA:65,getProcedureType
FNDA:65,getNextAction
FNDA:65,createPipelineItem
FNDA:65,matchesStatusFilter
FNDA:19,matchesCommitteeFilter
FNDA:13,generatePipelineItems
FNDA:13,detectBottlenecks
FNDA:16,(anonymous_11)
FNDA:12,(anonymous_12)
FNDA:13,computePipelineSummary
FNDA:19,(anonymous_14)
FNDA:19,(anonymous_15)
FNDA:19,(anonymous_16)
FNDA:19,(anonymous_17)
FNDA:14,buildSessionParams
FNDA:13,computeHealthMetrics
FNDA:15,handleMonitorLegislativePipeline
DA:68,2
DA:77,65
DA:78,13
DA:79,13
DA:86,65
DA:87,13
DA:88,13
DA:95,16
DA:96,16
DA:97,16
DA:104,13
DA:105,4
DA:106,4
DA:107,4
DA:114,65
DA:115,65
DA:122,65
DA:123,52
DA:124,52
DA:133,65
DA:134,65
DA:135,65
DA:136,65
DA:137,65
DA:138,65
DA:139,65
DA:140,65
DA:144,65
DA:167,65
DA:168,50
DA:169,5
DA:170,0
DA:171,0
DA:178,19
DA:179,0
DA:190,13
DA:191,13
DA:192,26
DA:193,26
DA:194,65
DA:195,65
DA:196,65
DA:197,19
DA:201,13
DA:208,13
DA:209,13
DA:210,19
DA:211,16
DA:212,16
DA:213,16
DA:214,16
DA:217,13
DA:218,16
DA:224,12
DA:236,19
DA:237,19
DA:238,19
DA:239,19
DA:240,13
DA:241,13
DA:252,14
DA:253,14
DA:254,14
DA:255,14
DA:266,13
DA:267,13
DA:268,13
DA:271,13
DA:280,15
DA:282,15
DA:283,15
DA:284,15
DA:286,13
DA:287,13
DA:288,13
DA:289,13
DA:290,13
DA:292,13
DA:316,15
DA:318,1
DA:319,1
DA:326,2
LF:82
LH:79
BRDA:77,0,0,52
BRDA:77,0,1,13
BRDA:78,1,0,0
BRDA:78,1,1,13
BRDA:86,2,0,52
BRDA:86,2,1,13
BRDA:87,3,0,0
BRDA:87,3,1,13
BRDA:95,4,0,0
BRDA:95,4,1,16
BRDA:96,5,0,0
BRDA:96,5,1,16
BRDA:104,6,0,9
BRDA:104,6,1,4
BRDA:105,7,0,0
BRDA:105,7,1,4
BRDA:106,8,0,0
BRDA:106,8,1,4
BRDA:115,9,0,65
BRDA:115,9,1,0
BRDA:122,10,0,13
BRDA:122,10,1,52
BRDA:124,11,0,52
BRDA:124,11,1,0
BRDA:134,12,0,65
BRDA:134,12,1,0
BRDA:137,13,0,65
BRDA:137,13,1,52
BRDA:139,14,0,52
BRDA:139,14,1,13
BRDA:149,15,0,39
BRDA:149,15,1,26
BRDA:167,16,0,15
BRDA:167,16,1,50
BRDA:168,17,0,45
BRDA:168,17,1,5
BRDA:168,18,0,45
BRDA:168,18,1,9
BRDA:169,19,0,5
BRDA:169,19,1,0
BRDA:170,20,0,0
BRDA:170,20,1,0
BRDA:178,21,0,19
BRDA:178,21,1,0
BRDA:194,22,0,65
BRDA:194,22,1,0
BRDA:196,23,0,19
BRDA:196,23,1,46
BRDA:196,24,0,65
BRDA:196,24,1,19
BRDA:210,25,0,16
BRDA:210,25,1,3
BRDA:211,26,0,16
BRDA:211,26,1,16
BRDA:236,27,0,19
BRDA:236,27,1,3
BRDA:240,28,0,4
BRDA:240,28,1,9
BRDA:253,29,0,1
BRDA:253,29,1,13
BRDA:254,30,0,1
BRDA:254,30,1,13
BRDA:266,31,0,4
BRDA:266,31,1,9
BRDA:268,32,0,4
BRDA:268,32,1,9
BRDA:293,33,0,13
BRDA:293,33,1,12
BRDA:293,34,0,15
BRDA:293,34,1,12
BRDA:294,35,0,1
BRDA:294,35,1,12
BRDA:312,36,0,0
BRDA:312,36,1,13
BRDA:318,37,0,1
BRDA:318,37,1,0
BRF:76
BRH:60
end_of_record
TN:
SF:src/tools/searchDocuments.ts
FN:41,handleSearchDocuments
FNF:1
FNH:1
FNDA:24,handleSearchDocuments
DA:45,24
DA:47,24
DA:49,24
DA:50,1
DA:51,0
DA:60,13
DA:65,24
DA:66,13
DA:67,13
DA:68,13
DA:70,13
DA:73,12
DA:74,12
DA:77,12
DA:85,2
DA:86,2
DA:93,2
LF:17
LH:16
BRDA:49,0,0,1
BRDA:49,0,1,23
BRDA:61,1,0,13
BRDA:61,1,1,0
BRDA:65,2,0,2
BRDA:65,2,1,22
BRDA:66,3,0,2
BRDA:66,3,1,11
BRDA:67,4,0,2
BRDA:67,4,1,11
BRDA:68,5,0,1
BRDA:68,5,1,12
BRDA:85,6,0,2
BRDA:85,6,1,0
BRF:14
BRH:12
end_of_record
TN:
SF:src/tools/trackLegislation.ts
FNF:0
FNH:0
LF:0
LH:0
BRF:0
BRH:0
end_of_record
TN:
SF:src/tools/trackMepAttendance.ts
FN:96,classifyAttendance
FN:105,determineTrend
FN:115,computeEngagement
FN:124,computeAbsenteeismRisk
FN:135,buildAttendanceRecord
FN:168,buildSingleMepAnalysis
FN:201,computeConfidence
FN:210,fetchMepDetailsBatched
FN:218,(anonymous_8)
FN:232,buildGroupAnalysis
FN:253,(anonymous_10)
FN:254,(anonymous_11)
FN:258,(anonymous_12)
FN:260,(anonymous_13)
FN:261,(anonymous_14)
FN:262,(anonymous_15)
FN:269,(anonymous_16)
FN:298,handleTrackMepAttendance
FNF:18
FNH:18
FNDA:36,classifyAttendance
FNDA:36,determineTrend
FNDA:24,computeEngagement
FNDA:13,computeAbsenteeismRisk
FNDA:37,buildAttendanceRecord
FNDA:12,buildSingleMepAnalysis
FNDA:13,computeConfidence
FNDA:13,fetchMepDetailsBatched
FNDA:27,(anonymous_8)
FNDA:13,buildGroupAnalysis
FNDA:26,(anonymous_10)
FNDA:14,(anonymous_11)
FNDA:26,(anonymous_12)
FNDA:26,(anonymous_13)
FNDA:26,(anonymous_14)
FNDA:26,(anonymous_15)
FNDA:26,(anonymous_16)
FNDA:26,handleTrackMepAttendance
DA:25,2
DA:97,36
DA:98,34
DA:99,9
DA:106,36
DA:107,34
DA:108,10
DA:109,6
DA:116,24
DA:117,22
DA:118,6
DA:125,13
DA:126,12
DA:127,12
DA:128,10
DA:129,10
DA:147,37
DA:148,37
DA:149,37
DA:150,37
DA:152,37
DA:173,12
DA:174,11
DA:176,11
DA:202,13
DA:203,1
DA:204,1
DA:214,13
DA:215,13
DA:216,12
DA:217,12
DA:218,27
DA:220,12
DA:221,27
DA:222,26
DA:226,12
DA:237,13
DA:238,13
DA:239,2
DA:241,13
DA:242,2
DA:245,13
DA:246,13
DA:248,13
DA:253,26
DA:254,14
DA:256,13
DA:257,13
DA:258,26
DA:260,26
DA:261,26
DA:262,26
DA:264,13
DA:265,13
DA:266,13
DA:267,13
DA:269,26
DA:270,13
DA:272,13
DA:301,26
DA:303,26
DA:304,26
DA:309,26
DA:313,26
DA:314,12
DA:316,13
DA:319,13
DA:320,2
DA:322,13
DA:323,2
DA:325,13
DA:328,24
DA:341,2
LF:73
LH:73
BRDA:97,0,0,2
BRDA:97,0,1,34
BRDA:98,1,0,25
BRDA:98,1,1,9
BRDA:106,2,0,2
BRDA:106,2,1,34
BRDA:107,3,0,24
BRDA:107,3,1,10
BRDA:108,4,0,4
BRDA:108,4,1,6
BRDA:116,5,0,2
BRDA:116,5,1,22
BRDA:117,6,0,16
BRDA:117,6,1,6
BRDA:125,7,0,1
BRDA:125,7,1,12
BRDA:127,8,0,2
BRDA:127,8,1,10
BRDA:128,9,0,0
BRDA:128,9,1,10
BRDA:148,10,0,37
BRDA:148,10,1,1
BRDA:149,11,0,37
BRDA:149,11,1,1
BRDA:160,12,0,36
BRDA:160,12,1,1
BRDA:161,13,0,36
BRDA:161,13,1,1
BRDA:183,14,0,1
BRDA:183,14,1,10
BRDA:184,15,0,7
BRDA:184,15,1,4
BRDA:185,16,0,2
BRDA:185,16,1,9
BRDA:190,17,0,2
BRDA:190,17,1,9
BRDA:202,18,0,12
BRDA:202,18,1,1
BRDA:203,19,0,0
BRDA:203,19,1,1
BRDA:221,20,0,26
BRDA:221,20,1,1
BRDA:238,21,0,2
BRDA:238,21,1,11
BRDA:241,22,0,2
BRDA:241,22,1,11
BRDA:246,23,0,13
BRDA:246,23,1,0
BRDA:257,24,0,12
BRDA:257,24,1,1
BRDA:265,25,0,2
BRDA:265,25,1,11
BRDA:266,26,0,2
BRDA:266,26,1,11
BRDA:267,27,0,3
BRDA:267,27,1,10
BRDA:270,28,0,12
BRDA:270,28,1,1
BRDA:285,29,0,10
BRDA:285,29,1,3
BRDA:304,30,0,26
BRDA:304,30,1,23
BRDA:304,30,2,0
BRDA:309,31,0,26
BRDA:309,31,1,23
BRDA:309,31,2,0
BRDA:313,32,0,12
BRDA:313,32,1,13
BRDA:319,33,0,2
BRDA:319,33,1,11
BRDA:322,34,0,2
BRDA:322,34,1,11
BRF:72
BRH:67
end_of_record
TN:
SF:src/tools/generateReport/index.ts
FN:64,handleGenerateReport
FNF:1
FNH:1
FNDA:16,handleGenerateReport
DA:40,2
DA:68,16
DA:70,16
DA:72,16
DA:73,16
DA:76,11
DA:84,2
DA:85,2
DA:92,2
LF:9
LH:9
BRDA:84,0,0,2
BRDA:84,0,1,0
BRF:2
BRH:1
end_of_record
TN:
SF:src/tools/generateReport/reportBuilders.ts
FN:14,createVotingSection
FN:34,createCommitteeSection
FN:49,createParliamentaryQuestionsSection
FN:60,createMeetingActivitySection
FN:71,createLegislativeOutputSection
FN:82,createMemberParticipationSection
FN:93,createOverallVotingSection
FN:104,createAdoptionRatesSection
FN:115,createPoliticalGroupSection
FN:126,createNewProposalsSection
FN:137,createCompletedProceduresSection
FN:148,createOngoingProceduresSection
FNF:12
FNH:12
FNDA:3,createVotingSection
FNDA:3,createCommitteeSection
FNDA:3,createParliamentaryQuestionsSection
FNDA:1,createMeetingActivitySection
FNDA:1,createLegislativeOutputSection
FNDA:1,createMemberParticipationSection
FNDA:6,createOverallVotingSection
FNDA:6,createAdoptionRatesSection
FNDA:6,createPoliticalGroupSection
FNDA:1,createNewProposalsSection
FNDA:1,createCompletedProceduresSection
FNDA:1,createOngoingProceduresSection
DA:18,3
DA:23,3
DA:24,2
DA:27,3
DA:38,3
DA:50,3
DA:61,1
DA:72,1
DA:83,1
DA:94,6
DA:105,6
DA:116,6
DA:127,1
DA:138,1
DA:149,1
LF:15
LH:15
BRDA:23,0,0,2
BRDA:23,0,1,1
BRF:2
BRH:2
end_of_record
TN:
SF:src/tools/generateReport/reportGenerators.ts
FN:31,extractMEPData
FN:54,generateMEPActivityReport
FN:94,generateCommitteePerformanceReport
FN:133,generateVotingStatisticsReport
FN:167,generateLegislationProgressReport
FNF:5
FNH:5
FNDA:3,extractMEPData
FNDA:4,generateMEPActivityReport
FNDA:2,generateCommitteePerformanceReport
FNDA:6,generateVotingStatisticsReport
FNDA:1,generateLegislationProgressReport
DA:41,3
DA:57,4
DA:60,4
DA:62,4
DA:97,2
DA:100,2
DA:101,2
DA:102,2
DA:103,2
DA:105,2
DA:136,6
DA:137,6
DA:139,6
DA:170,1
DA:171,1
DA:173,1
LF:16
LH:16
BRDA:42,0,0,3
BRDA:42,0,1,0
BRDA:43,1,0,3
BRDA:43,1,1,3
BRDA:44,2,0,3
BRDA:44,2,1,3
BRDA:45,3,0,3
BRDA:45,3,1,1
BRDA:46,4,0,3
BRDA:46,4,1,0
BRDA:57,5,0,4
BRDA:57,5,1,0
BRDA:77,6,0,4
BRDA:77,6,1,1
BRDA:78,7,0,4
BRDA:78,7,1,1
BRDA:97,8,0,2
BRDA:97,8,1,0
BRDA:100,9,0,2
BRDA:100,9,1,0
BRDA:101,10,0,2
BRDA:101,10,1,1
BRDA:102,11,0,2
BRDA:102,11,1,1
BRDA:103,12,0,2
BRDA:103,12,1,0
BRDA:136,13,0,6
BRDA:136,13,1,5
BRDA:137,14,0,6
BRDA:137,14,1,5
BRDA:170,15,0,1
BRDA:170,15,1,1
BRDA:171,16,0,1
BRDA:171,16,1,1
BRF:34
BRH:28
end_of_record
TN:
SF:src/tools/trackLegislation/index.ts
FN:41,handleTrackLegislation
FNF:1
FNH:1
FNDA:16,handleTrackLegislation
DA:45,16
DA:47,16
DA:50,16
DA:53,16
DA:61,0
DA:62,0
DA:69,2
LF:7
LH:5
BRDA:61,0,0,0
BRDA:61,0,1,0
BRF:2
BRH:0
end_of_record
TN:
SF:src/tools/trackLegislation/procedureTracker.ts
FN:20,buildCommitteeAssignments
FN:39,buildAmendmentStats
FN:51,buildVotingRecords
FN:68,buildDocumentReferences
FN:93,createMockProcedure
FNF:5
FNH:5
FNDA:16,buildCommitteeAssignments
FNDA:16,buildAmendmentStats
FNDA:16,buildVotingRecords
FNDA:16,buildDocumentReferences
FNDA:16,createMockProcedure
DA:21,16
DA:40,16
DA:52,16
DA:69,16
DA:94,16
LF:5
LH:5
BRF:0
BRH:0
end_of_record
TN:
SF:src/tools/trackLegislation/timelineBuilder.ts
FN:13,buildProcedureTimeline
FN:46,buildNextSteps
FNF:2
FNH:2
FNDA:16,buildProcedureTimeline
FNDA:16,buildNextSteps
DA:14,16
DA:47,16
LF:2
LH:2
BRF:0
BRH:0
end_of_record
TN:
SF:src/utils/auditLogger.ts
FN:83,(anonymous_0)
FN:103,(anonymous_1)
FN:128,(anonymous_2)
FN:148,(anonymous_3)
FN:155,(anonymous_4)
FNF:5
FNH:5
FNDA:110,(anonymous_0)
FNDA:90,(anonymous_1)
FNDA:6,(anonymous_2)
FNDA:12,(anonymous_3)
FNDA:1,(anonymous_4)
DA:76,14
DA:84,110
DA:89,110
DA:92,110
DA:109,90
DA:134,6
DA:149,12
DA:156,1
DA:163,3
LF:9
LH:9
BRDA:116,0,0,90
BRDA:116,0,1,0
BRDA:141,1,0,6
BRDA:141,1,1,0
BRF:4
BRH:2
end_of_record
TN:
SF:src/utils/performance.ts
FN:72,(anonymous_0)
FN:92,(anonymous_1)
FN:128,(anonymous_2)
FN:136,(anonymous_3)
FN:140,(anonymous_4)
FN:170,(anonymous_5)
FN:209,(anonymous_6)
FN:226,(anonymous_7)
FN:240,(anonymous_8)
FN:270,withPerformanceTracking
FNF:10
FNH:10
FNDA:40,(anonymous_0)
FNDA:506,(anonymous_1)
FNDA:23,(anonymous_2)
FNDA:260,(anonymous_3)
FNDA:277,(anonymous_4)
FNDA:57,(anonymous_5)
FNDA:3,(anonymous_6)
FNDA:1,(anonymous_7)
FNDA:2,(anonymous_8)
FNDA:6,withPerformanceTracking
DA:64,40
DA:73,40
DA:74,5
DA:76,35
DA:93,506
DA:95,506
DA:96,30
DA:97,30
DA:100,506
DA:105,506
DA:106,5
DA:107,5
DA:129,23
DA:131,23
DA:132,4
DA:136,260
DA:137,19
DA:140,277
DA:141,19
DA:142,19
DA:144,19
DA:145,0
DA:148,19
DA:171,57
DA:173,57
DA:174,57
DA:176,33
DA:177,33
DA:178,33
DA:179,33
DA:181,33
DA:182,5
DA:185,28
DA:186,28
DA:188,28
DA:189,0
DA:192,28
DA:210,3
DA:227,1
DA:241,2
DA:275,6
DA:277,6
DA:278,6
DA:280,6
DA:281,6
DA:302,3
LF:46
LH:44
BRDA:72,0,0,40
BRDA:73,1,0,5
BRDA:73,1,1,35
BRDA:73,2,0,40
BRDA:73,2,1,38
BRDA:73,2,2,37
BRDA:95,3,0,30
BRDA:95,3,1,476
BRDA:105,4,0,5
BRDA:105,4,1,501
BRDA:131,5,0,4
BRDA:131,5,1,19
BRDA:131,6,0,23
BRDA:131,6,1,19
BRDA:144,7,0,0
BRDA:144,7,1,19
BRDA:144,8,0,19
BRDA:144,8,1,19
BRDA:171,9,0,0
BRDA:171,9,1,57
BRDA:174,10,0,24
BRDA:174,10,1,33
BRDA:174,11,0,57
BRDA:174,11,1,24
BRDA:181,12,0,5
BRDA:181,12,1,28
BRDA:182,13,0,5
BRDA:182,13,1,0
BRDA:188,14,0,0
BRDA:188,14,1,28
BRDA:188,15,0,28
BRDA:188,15,1,28
BRF:32
BRH:28
end_of_record
TN:
SF:src/utils/rateLimiter.ts
FN:49,(anonymous_0)
FN:74,(anonymous_1)
FN:95,(anonymous_2)
FN:121,(anonymous_3)
FN:135,(anonymous_4)
FN:143,(anonymous_5)
FN:152,createStandardRateLimiter
FNF:7
FNH:7
FNDA:258,(anonymous_0)
FNDA:244,(anonymous_1)
FNDA:232,(anonymous_2)
FNDA:4,(anonymous_3)
FNDA:8,(anonymous_4)
FNDA:1,(anonymous_5)
FNDA:1,createStandardRateLimiter
DA:50,258
DA:51,258
DA:52,258
DA:55,258
DA:57,8
DA:58,8
DA:60,249
DA:61,249
DA:63,1
DA:64,1
DA:66,0
DA:67,0
DA:75,244
DA:76,244
DA:77,244
DA:79,244
DA:80,32
DA:84,32
DA:96,232
DA:98,232
DA:99,231
DA:100,231
DA:104,1
DA:105,1
DA:109,1
DA:122,4
DA:124,4
DA:125,3
DA:126,3
DA:129,1
DA:136,8
DA:137,8
DA:144,1
DA:145,1
DA:153,1
LF:35
LH:33
BRDA:51,0,0,258
BRDA:51,0,1,257
BRDA:55,1,0,8
BRDA:55,1,1,249
BRDA:55,1,2,1
BRDA:55,1,3,0
BRDA:79,2,0,32
BRDA:79,2,1,212
BRDA:98,3,0,231
BRDA:98,3,1,1
BRDA:124,4,0,3
BRDA:124,4,1,1
BRF:12
BRH:11
end_of_record
TN:
SF:src/utils/timeout.ts
FN:29,(anonymous_0)
FN:67,withTimeout
FN:75,(anonymous_2)
FN:76,(anonymous_3)
FN:120,withTimeoutAndAbort
FN:129,(anonymous_5)
FN:130,(anonymous_6)
FN:161,validateRetryOptions
FN:231,withRetry
FN:246,(anonymous_9)
FN:279,(anonymous_10)
FN:305,isTimeoutError
FNF:12
FNH:12
FNDA:11,(anonymous_0)
FNDA:17,withTimeout
FNDA:17,(anonymous_2)
FNDA:4,(anonymous_3)
FNDA:229,withTimeoutAndAbort
FNDA:229,(anonymous_5)
FNDA:2,(anonymous_6)
FNDA:225,validateRetryOptions
FNDA:225,withRetry
FNDA:7,(anonymous_9)
FNDA:16,(anonymous_10)
FNDA:6,isTimeoutError
DA:31,11
DA:33,11
DA:34,11
DA:35,11
DA:75,17
DA:76,17
DA:77,4
DA:87,17
DA:88,17
DA:91,17
DA:92,17
DA:125,229
DA:129,229
DA:130,229
DA:131,2
DA:132,2
DA:142,229
DA:143,229
DA:144,189
DA:147,229
DA:148,229
DA:166,225
DA:167,1
DA:169,224
DA:170,2
DA:172,222
DA:173,2
DA:246,7
DA:247,225
DA:250,225
DA:254,225
DA:255,236
DA:258,236
DA:261,187
DA:263,46
DA:266,46
DA:267,2
DA:271,44
DA:272,22
DA:276,22
DA:278,16
DA:279,16
DA:285,22
DA:306,6
LF:44
LH:44
BRDA:79,0,0,4
BRDA:79,0,1,3
BRDA:91,1,0,17
BRDA:91,1,1,0
BRDA:134,2,0,2
BRDA:134,2,1,1
BRDA:147,3,0,229
BRDA:147,3,1,0
BRDA:166,4,0,1
BRDA:166,4,1,224
BRDA:169,5,0,2
BRDA:169,5,1,222
BRDA:169,6,0,224
BRDA:169,6,1,10
BRDA:172,7,0,2
BRDA:172,7,1,220
BRDA:244,8,0,225
BRDA:246,9,0,7
BRDA:258,10,0,12
BRDA:258,10,1,224
BRDA:266,11,0,2
BRDA:266,11,1,44
BRDA:271,12,0,22
BRDA:271,12,1,22
BRDA:276,13,0,16
BRDA:276,13,1,6
BRF:26
BRH:24
end_of_record
